#
# A fatal error has been detected by the Java Runtime Environment:
#
#  SIGSEGV (0xb) at pc=0x00007ff9c3032d24, pid=14335, tid=0x00007ff981545700
#
# JRE version: Java(TM) SE Runtime Environment (8.0_111-b14) (build 1.8.0_111-b14)
# Java VM: Java HotSpot(TM) 64-Bit Server VM (25.111-b14 mixed mode linux-amd64 compressed oops)
# Problematic frame:
# C  [ld-linux-x86-64.so.2+0x9d24]
#
# Failed to write core dump. Core dumps have been disabled. To enable core dumping, try "ulimit -c unlimited" before starting Java again
#
# If you would like to submit a bug report, please visit:
#   http://bugreport.java.com/bugreport/crash.jsp
# The crash happened outside the Java Virtual Machine in native code.
# See problematic frame for where to report the bug.
#

---------------  T H R E A D  ---------------

Current thread (0x00007ff96818a000):  JavaThread "Secondary finalizer" [_thread_in_native, id=14377, stack(0x00007ff981445000,0x00007ff981546000)]

siginfo: si_signo: 11 (SIGSEGV), si_code: 1 (SEGV_MAPERR), si_addr: 0x0000000000000068

Registers:
RAX=0x0000000000000040, RBX=0x00007ff9c32329f0, RCX=0x000000000000003d, RDX=0x00000000000003f3
RSP=0x00007ff981543a10, RBP=0x0000000000000002, RSI=0x0000000000041204, RDI=0x00007ff98c000b40
R8 =0x00007ff981543b70, R9 =0x00007ff9780a8038, R10=0x00007ff9c324f040, R11=0x0000000000000001
R12=0x0000000000000003, R13=0x0000000000000000, R14=0x00007ff978047040, R15=0x0000000000000000
RIP=0x00007ff9c3032d24, EFLAGS=0x0000000000010202, CSGSFS=0x0000000000000033, ERR=0x0000000000000004
  TRAPNO=0x000000000000000e

Top of Stack: (sp=0x00007ff981543a10)
0x00007ff981543a10:   00000000000002c8 00007ff98c000b40
0x00007ff981543a20:   0000000000000000 00007ff981543a98
0x00007ff981543a30:   00000000bc8b46fd 0000000002f22d1b
0x00007ff981543a40:   00007ff90000003d 00007ff981543b70
0x00007ff981543a50:   00007ff9c2639ff8 00007ff9c262cd80
0x00007ff981543a60:   00007ff981543a94 00007ff981543b60
0x00007ff981543a70:   00007ff9780060d6 00007ff981544366
0x00007ff981543a80:   00007ff981544340 00007ff9c1f6880b
0x00007ff981543a90:   0000000000000000 0000000000000000
0x00007ff981543aa0:   000000009f32d4c1 00007ff9780a8108
0x00007ff981543ab0:   00007ff981543c00 0000000000000000
0x00007ff981543ac0:   0000000000000000 00007ff9780a7d80
0x00007ff981543ad0:   00007ff981543c48 00007ff9c303394f
0x00007ff981543ae0:   0000000000000000 0000000000000000
0x00007ff981543af0:   0000000000000002 0000000000000000
0x00007ff981543b00:   0000000000000000 00007ff9780a7d80
0x00007ff981543b10:   0000000000000034 00007ff9bc016048
0x00007ff981543b20:   00007ff981543c70 0000000000000000
0x00007ff981543b30:   00007ff9780a8108 00007ff981543b70
0x00007ff981543b40:   0000000081543cb8 00007ff981543b60
0x00007ff981543b50:   00000000bc8b46fd 00007ff98c000b40
0x00007ff981543b60:   00000000ffffffff 0000000000000000
0x00007ff981543b70:   0000000000000000 0000000000000000
0x00007ff981543b80:   00007ff981544440 00007ff9c1f6880b
0x00007ff981543b90:   0000006684215570 0000000000000000
0x00007ff981543ba0:   00007ff9bc016048 00007ff981543be0
0x00007ff981543bb0:   0000000000000330 00007ff981543bd0
0x00007ff981543bc0:   000000009f32d4c1 00007ff98c000b10
0x00007ff981543bd0:   00000000ffffffff 00007ff98c000b40
0x00007ff981543be0:   0000000001f7b180 00007ff9c324eca0
0x00007ff981543bf0:   0000000000000000 00007ff9780a7d80
0x00007ff981543c00:   00007ff981543cc0 00007ff9c276bcc3 

Instructions: (pc=0x00007ff9c3032d24)
0x00007ff9c3032d04:   24 50 48 8d 84 24 88 00 00 00 48 89 44 24 18 89
0x00007ff9c3032d14:   f0 83 e0 3f 89 44 24 30 0f 1f 40 00 49 8b 04 ee
0x00007ff9c3032d24:   48 8b 58 28 4c 39 eb 0f 84 ef 00 00 00 45 85 ff
0x00007ff9c3032d34:   74 0d f6 83 14 03 00 00 03 0f 84 dd 00 00 00 f6 

Register to memory mapping:

RAX=0x0000000000000040 is an unknown value
RBX=0x00007ff9c32329f0 is an unknown value
RCX=0x000000000000003d is an unknown value
RDX=0x00000000000003f3 is an unknown value
RSP=0x00007ff981543a10 is pointing into the stack for thread: 0x00007ff96818a000
RBP=0x0000000000000002 is an unknown value
RSI=0x0000000000041204 is an unknown value
RDI=0x00007ff98c000b40 is an unknown value
R8 =0x00007ff981543b70 is pointing into the stack for thread: 0x00007ff96818a000
R9 =0x00007ff9780a8038 is an unknown value
R10=0x00007ff9c324f040: _rtld_global+0 in /lib64/ld-linux-x86-64.so.2 at 0x00007ff9c3029000
R11=0x0000000000000001 is an unknown value
R12=0x0000000000000003 is an unknown value
R13=0x0000000000000000 is an unknown value
R14=0x00007ff978047040 is an unknown value
R15=0x0000000000000000 is an unknown value


Stack: [0x00007ff981445000,0x00007ff981546000],  sp=0x00007ff981543a10,  free space=1018k
Native frames: (J=compiled Java code, j=interpreted, Vv=VM code, C=native code)
C  [ld-linux-x86-64.so.2+0x9d24]

Java frames: (J=compiled Java code, j=interpreted, Vv=VM code)
J 301  java.lang.ClassLoader$NativeLibrary.find(Ljava/lang/String;)J (0 bytes) @ 0x00007ff9ad1b6e0c [0x00007ff9ad1b6dc0+0x4c]
j  java.lang.ClassLoader.findNative(Ljava/lang/ClassLoader;Ljava/lang/String;)J+49
v  ~StubRoutines::call_stub
j  org.sqlite.core.NativeDB.free_functions()V+0
j  org.sqlite.core.DB.close()V+102
j  org.sqlite.core.CoreConnection.close()V+26
j  org.sqlite.core.CoreConnection.finalize()V+1
j  java.lang.System$2.invokeFinalize(Ljava/lang/Object;)V+1
j  java.lang.ref.Finalizer.runFinalizer(Lsun/misc/JavaLangAccess;)V+46
j  java.lang.ref.Finalizer.access$100(Ljava/lang/ref/Finalizer;Lsun/misc/JavaLangAccess;)V+2
j  java.lang.ref.Finalizer$3.run()V+58
j  java.lang.Thread.run()V+11
v  ~StubRoutines::call_stub

---------------  P R O C E S S  ---------------

Java Threads: ( => current thread )
=>0x00007ff96818a000 JavaThread "Secondary finalizer" [_thread_in_native, id=14377, stack(0x00007ff981445000,0x00007ff981546000)]
  0x00007ff968171800 JavaThread "TC Event Thread" daemon [_thread_blocked, id=14361, stack(0x00007ff981041000,0x00007ff981142000)]
  0x00007ff9bc009800 JavaThread "DestroyJavaVM" [_thread_blocked, id=14337, stack(0x00007ff9c312e000,0x00007ff9c322f000)]
  0x00007ff9bc28e800 JavaThread "AWT-EventQueue-0" [_thread_blocked, id=14354, stack(0x00007ff982511000,0x00007ff982612000)]
  0x00007ff9bc244800 JavaThread "AWT-Shutdown" [_thread_blocked, id=14353, stack(0x00007ff982812000,0x00007ff982913000)]
  0x00007ff9bc229000 JavaThread "AWT-XAWT" daemon [_thread_in_native, id=14352, stack(0x00007ff982913000,0x00007ff982a14000)]
  0x00007ff9bc209800 JavaThread "Java2D Disposer" daemon [_thread_blocked, id=14351, stack(0x00007ff982e24000,0x00007ff982f25000)]
  0x00007ff9bc0b9800 JavaThread "Service Thread" daemon [_thread_blocked, id=14349, stack(0x00007ff9a8c65000,0x00007ff9a8d66000)]
  0x00007ff9bc0b6800 JavaThread "C1 CompilerThread1" daemon [_thread_blocked, id=14348, stack(0x00007ff9a8d66000,0x00007ff9a8e67000)]
  0x00007ff9bc0b4000 JavaThread "C2 CompilerThread0" daemon [_thread_blocked, id=14347, stack(0x00007ff9a8e67000,0x00007ff9a8f68000)]
  0x00007ff9bc0b2800 JavaThread "Signal Dispatcher" daemon [_thread_blocked, id=14346, stack(0x00007ff9a8f68000,0x00007ff9a9069000)]
  0x00007ff9bc07f800 JavaThread "Finalizer" daemon [_thread_blocked, id=14345, stack(0x00007ff9a9343000,0x00007ff9a9444000)]
  0x00007ff9bc07b000 JavaThread "Reference Handler" daemon [_thread_blocked, id=14344, stack(0x00007ff9a9444000,0x00007ff9a9545000)]

Other Threads:
  0x00007ff9bc073000 VMThread [stack: 0x00007ff9a9545000,0x00007ff9a9646000] [id=14343]
  0x00007ff9bc0bc800 WatcherThread [stack: 0x00007ff9a8b64000,0x00007ff9a8c65000] [id=14350]

VM state:not at safepoint (normal execution)

VM Mutex/Monitor currently owned by a thread: None

Heap:
 PSYoungGen      total 17920K, used 17448K [0x00000000ec380000, 0x00000000ee680000, 0x0000000100000000)
  eden space 15360K, 96% used [0x00000000ec380000,0x00000000ed20a900,0x00000000ed280000)
  from space 2560K, 99% used [0x00000000ed280000,0x00000000ed4ffa28,0x00000000ed500000)
  to   space 2560K, 0% used [0x00000000ee400000,0x00000000ee400000,0x00000000ee680000)
 ParOldGen       total 40960K, used 4352K [0x00000000c4a00000, 0x00000000c7200000, 0x00000000ec380000)
  object space 40960K, 10% used [0x00000000c4a00000,0x00000000c4e40200,0x00000000c7200000)
 Metaspace       used 15264K, capacity 15556K, committed 15616K, reserved 1062912K
  class space    used 1701K, capacity 1772K, committed 1792K, reserved 1048576K

Card table byte_map: [0x00007ff9c00b7000,0x00007ff9c0293000] byte_map_base: 0x00007ff9bfa92000

Marking Bits: (ParMarkBitMap*) 0x00007ff9c25fc220
 Begin Bits: [0x00007ff9aab51000, 0x00007ff9aba29000)
 End Bits:   [0x00007ff9aba29000, 0x00007ff9ac901000)

Polling page: 0x00007ff9c324b000

CodeCache: size=245760Kb used=5545Kb max_used=5553Kb free=240214Kb
 bounds [0x00007ff9ad000000, 0x00007ff9ad580000, 0x00007ff9bc000000]
 total_blobs=1875 nmethods=1313 adapters=477
 compilation: enabled

Compilation events (10 events):
Event: 60,646 Thread 0x00007ff9bc0b6800 1309       3       totalcross.ui.ScrollPosition::onEvent (72 bytes)
Event: 60,648 Thread 0x00007ff9bc0b6800 nmethod 1309 0x00007ff9ad56a0d0 code [0x00007ff9ad56a2e0, 0x00007ff9ad56ae18]
Event: 60,655 Thread 0x00007ff9bc0b4000 1310       4       java.util.TreeMap::getEntry (84 bytes)
Event: 60,655 Thread 0x00007ff9bc0b6800 1311   !   3       java.awt.KeyboardFocusManager::getFocusOwner (42 bytes)
Event: 60,656 Thread 0x00007ff9bc0b6800 nmethod 1311 0x00007ff9ad56c0d0 code [0x00007ff9ad56c260, 0x00007ff9ad56c6a8]
Event: 60,659 Thread 0x00007ff9bc0b4000 nmethod 1310 0x00007ff9ad56d0d0 code [0x00007ff9ad56d220, 0x00007ff9ad56d398]
Event: 61,528 Thread 0x00007ff9bc0b6800 1312       3       java.util.zip.InflaterInputStream::<init> (79 bytes)
Event: 61,529 Thread 0x00007ff9bc0b6800 nmethod 1312 0x00007ff9ad56f750 code [0x00007ff9ad56f900, 0x00007ff9ad56ffd8]
Event: 61,533 Thread 0x00007ff9bc0b6800 1313       3       java.util.LinkedHashMap$LinkedHashIterator::hasNext (13 bytes)
Event: 61,533 Thread 0x00007ff9bc0b6800 nmethod 1313 0x00007ff9ad56bd50 code [0x00007ff9ad56bec0, 0x00007ff9ad56c070]

GC Heap History (2 events):
Event: 1,342 GC heap before
{Heap before GC invocations=1 (full 0):
 PSYoungGen      total 17920K, used 15360K [0x00000000ec380000, 0x00000000ed780000, 0x0000000100000000)
  eden space 15360K, 100% used [0x00000000ec380000,0x00000000ed280000,0x00000000ed280000)
  from space 2560K, 0% used [0x00000000ed500000,0x00000000ed500000,0x00000000ed780000)
  to   space 2560K, 0% used [0x00000000ed280000,0x00000000ed280000,0x00000000ed500000)
 ParOldGen       total 40960K, used 0K [0x00000000c4a00000, 0x00000000c7200000, 0x00000000ec380000)
  object space 40960K, 0% used [0x00000000c4a00000,0x00000000c4a00000,0x00000000c7200000)
 Metaspace       used 12331K, capacity 12536K, committed 12800K, reserved 1060864K
  class space    used 1452K, capacity 1514K, committed 1536K, reserved 1048576K
Event: 1,373 GC heap after
Heap after GC invocations=1 (full 0):
 PSYoungGen      total 17920K, used 2558K [0x00000000ec380000, 0x00000000ee680000, 0x0000000100000000)
  eden space 15360K, 0% used [0x00000000ec380000,0x00000000ec380000,0x00000000ed280000)
  from space 2560K, 99% used [0x00000000ed280000,0x00000000ed4ffa28,0x00000000ed500000)
  to   space 2560K, 0% used [0x00000000ee400000,0x00000000ee400000,0x00000000ee680000)
 ParOldGen       total 40960K, used 4352K [0x00000000c4a00000, 0x00000000c7200000, 0x00000000ec380000)
  object space 40960K, 10% used [0x00000000c4a00000,0x00000000c4e40200,0x00000000c7200000)
 Metaspace       used 12331K, capacity 12536K, committed 12800K, reserved 1060864K
  class space    used 1452K, capacity 1514K, committed 1536K, reserved 1048576K
}

Deoptimization events (7 events):
Event: 1,078 Thread 0x00007ff9bc009800 Uncommon trap: reason=unstable_if action=reinterpret pc=0x00007ff9ad1fb914 method=java.lang.String.<init>([CII)V @ 18
Event: 1,772 Thread 0x00007ff968171800 Uncommon trap: reason=unstable_if action=reinterpret pc=0x00007ff9ad226728 method=java.lang.String.indexOf([CII[CIII)I @ 3
Event: 8,282 Thread 0x00007ff968171800 Uncommon trap: reason=unstable_if action=reinterpret pc=0x00007ff9ad357130 method=totalcross.ui.gfx.Graphics.setPixel(III)V @ 81
Event: 14,451 Thread 0x00007ff968171800 Uncommon trap: reason=unstable_if action=reinterpret pc=0x00007ff9ad37543c method=totalcross.ui.gfx.Graphics.drawText(Ljava/lang/String;III)V @ 208
Event: 14,451 Thread 0x00007ff968171800 Uncommon trap: reason=unstable_if action=reinterpret pc=0x00007ff9ad36d014 method=totalcross.ui.gfx.Graphics.drawText(Ljava/lang/String;III)V @ 1097
Event: 14,451 Thread 0x00007ff968171800 Uncommon trap: reason=predicate action=maybe_recompile pc=0x00007ff9ad410ad4 method=totalcross.ui.gfx.Graphics.drawDottedLine(IIIIII)V @ 193
Event: 14,451 Thread 0x00007ff968171800 Uncommon trap: reason=unstable_if action=reinterpret pc=0x00007ff9ad35f7c4 method=totalcross.ui.gfx.Graphics.setPixel(III)V @ 19

Internal exceptions (10 events):
Event: 60,441 Thread 0x00007ff9bc48c800 Exception <a 'java/lang/InterruptedException': sleep interrupted> (0x00000000ed1345c0) thrown at [/HUDSON3/workspace/8-2-build-linux-amd64/jdk8u111/7883/hotspot/src/share/vm/prims/jvm.cpp, line 3224]
Event: 60,461 Thread 0x00007ff9bc48c800 Exception <a 'java/lang/InterruptedException': sleep interrupted> (0x00000000ed134870) thrown at [/HUDSON3/workspace/8-2-build-linux-amd64/jdk8u111/7883/hotspot/src/share/vm/prims/jvm.cpp, line 3224]
Event: 60,481 Thread 0x00007ff9bc48c800 Exception <a 'java/lang/InterruptedException': sleep interrupted> (0x00000000ed134b20) thrown at [/HUDSON3/workspace/8-2-build-linux-amd64/jdk8u111/7883/hotspot/src/share/vm/prims/jvm.cpp, line 3224]
Event: 60,501 Thread 0x00007ff9bc48c800 Exception <a 'java/lang/InterruptedException': sleep interrupted> (0x00000000ed134dd0) thrown at [/HUDSON3/workspace/8-2-build-linux-amd64/jdk8u111/7883/hotspot/src/share/vm/prims/jvm.cpp, line 3224]
Event: 60,648 Thread 0x00007ff9bc48c800 Exception <a 'java/lang/InterruptedException': sleep interrupted> (0x00000000ed135080) thrown at [/HUDSON3/workspace/8-2-build-linux-amd64/jdk8u111/7883/hotspot/src/share/vm/prims/jvm.cpp, line 3224]
Event: 61,148 Thread 0x00007ff9bc48c800 Exception <a 'java/lang/InterruptedException': sleep interrupted> (0x00000000ed135330) thrown at [/HUDSON3/workspace/8-2-build-linux-amd64/jdk8u111/7883/hotspot/src/share/vm/prims/jvm.cpp, line 3224]
Event: 61,530 Thread 0x00007ff968171800 Exception <a 'java/io/FileNotFoundException'> (0x00000000ed1cd008) thrown at [/HUDSON3/workspace/8-2-build-linux-amd64/jdk8u111/7883/hotspot/src/share/vm/prims/jni.cpp, line 709]
Event: 61,530 Thread 0x00007ff968171800 Exception <a 'java/io/FileNotFoundException'> (0x00000000ed1cdaf0) thrown at [/HUDSON3/workspace/8-2-build-linux-amd64/jdk8u111/7883/hotspot/src/share/vm/prims/jni.cpp, line 709]
Event: 61,530 Thread 0x00007ff968171800 Exception <a 'java/io/FileNotFoundException'> (0x00000000ed1ce970) thrown at [/HUDSON3/workspace/8-2-build-linux-amd64/jdk8u111/7883/hotspot/src/share/vm/prims/jni.cpp, line 709]
Event: 61,530 Thread 0x00007ff9bc48c800 Exception <a 'java/lang/InterruptedException': sleep interrupted> (0x00000000ed135588) thrown at [/HUDSON3/workspace/8-2-build-linux-amd64/jdk8u111/7883/hotspot/src/share/vm/prims/jvm.cpp, line 3224]

Events (10 events):
Event: 61,533 Thread 0x00007ff96818a000 Thread exited: 0x00007ff96818a000
Event: 61,533 loading class java/lang/ref/Finalizer$3
Event: 61,533 loading class java/lang/ref/Finalizer$3 done
Event: 61,534 Thread 0x00007ff96818a000 Thread added: 0x00007ff96818a000
Event: 61,534 Executing VM operation: RevokeBias
Event: 61,534 Executing VM operation: RevokeBias done
Event: 61,534 Executing VM operation: RevokeBias
Event: 61,534 Executing VM operation: RevokeBias done
Event: 61,534 Executing VM operation: RevokeBias
Event: 61,534 Executing VM operation: RevokeBias done


Dynamic libraries:
00400000-00401000 r-xp 00000000 08:06 1839400                            /usr/lib/jvm/java-8-oracle/bin/java
00600000-00601000 rw-p 00000000 08:06 1839400                            /usr/lib/jvm/java-8-oracle/bin/java
01f7b000-0222a000 rw-p 00000000 00:00 0                                  [heap]
c4a00000-c7200000 rw-p 00000000 00:00 0 
c7200000-ec380000 ---p 00000000 00:00 0 
ec380000-ee680000 rw-p 00000000 00:00 0 
ee680000-100000000 ---p 00000000 00:00 0 
100000000-1001c0000 rw-p 00000000 00:00 0 
1001c0000-140000000 ---p 00000000 00:00 0 
7ff968000000-7ff9682a9000 rw-p 00000000 00:00 0 
7ff9682a9000-7ff96c000000 ---p 00000000 00:00 0 
7ff970000000-7ff9700ac000 rw-p 00000000 00:00 0 
7ff9700ac000-7ff974000000 ---p 00000000 00:00 0 
7ff974000000-7ff974097000 rw-p 00000000 00:00 0 
7ff974097000-7ff978000000 ---p 00000000 00:00 0 
7ff978000000-7ff9780c9000 rw-p 00000000 00:00 0 
7ff9780c9000-7ff97c000000 ---p 00000000 00:00 0 
7ff97c000000-7ff97c023000 rw-p 00000000 00:00 0 
7ff97c023000-7ff980000000 ---p 00000000 00:00 0 
7ff9808f0000-7ff980986000 rw-s 00000000 00:05 12746792                   /SYSV00000000 (deleted)
7ff980986000-7ff980989000 ---p 00000000 00:00 0 
7ff980989000-7ff980a87000 rw-p 00000000 00:00 0 
7ff980d40000-7ff980ec0000 rw-p 00000000 00:00 0 
7ff980ec0000-7ff980f43000 ---p 00000000 00:00 0 
7ff980f43000-7ff981041000 rw-p 00000000 00:00 0 
7ff981041000-7ff981044000 ---p 00000000 00:00 0 
7ff981044000-7ff981142000 rw-p 00000000 00:00 0 
7ff981142000-7ff981145000 ---p 00000000 00:00 0 
7ff981145000-7ff981243000 rw-p 00000000 00:00 0 
7ff981243000-7ff981246000 ---p 00000000 00:00 0 
7ff981246000-7ff981344000 rw-p 00000000 00:00 0 
7ff981344000-7ff981347000 ---p 00000000 00:00 0 
7ff981347000-7ff981445000 rw-p 00000000 00:00 0 
7ff981445000-7ff981448000 ---p 00000000 00:00 0 
7ff981448000-7ff981746000 rw-p 00000000 00:00 0 
7ff981746000-7ff9817af000 r-xp 00000000 08:06 1839539                    /usr/lib/jvm/java-8-oracle/jre/lib/amd64/libt2k.so
7ff9817af000-7ff9819af000 ---p 00069000 08:06 1839539                    /usr/lib/jvm/java-8-oracle/jre/lib/amd64/libt2k.so
7ff9819af000-7ff9819b6000 rw-p 00069000 08:06 1839539                    /usr/lib/jvm/java-8-oracle/jre/lib/amd64/libt2k.so
7ff9819b6000-7ff9819c6000 rw-p 00000000 00:00 0 
7ff9819c6000-7ff9819d7000 r-xp 00000000 08:06 1839507                    /usr/lib/jvm/java-8-oracle/jre/lib/amd64/libnio.so
7ff9819d7000-7ff981bd6000 ---p 00011000 08:06 1839507                    /usr/lib/jvm/java-8-oracle/jre/lib/amd64/libnio.so
7ff981bd6000-7ff981bd7000 rw-p 00010000 08:06 1839507                    /usr/lib/jvm/java-8-oracle/jre/lib/amd64/libnio.so
7ff981bd7000-7ff981bee000 r-xp 00000000 08:06 1584375                    /lib/x86_64-linux-gnu/libresolv-2.23.so
7ff981bee000-7ff981dee000 ---p 00017000 08:06 1584375                    /lib/x86_64-linux-gnu/libresolv-2.23.so
7ff981dee000-7ff981def000 r--p 00017000 08:06 1584375                    /lib/x86_64-linux-gnu/libresolv-2.23.so
7ff981def000-7ff981df0000 rw-p 00018000 08:06 1584375                    /lib/x86_64-linux-gnu/libresolv-2.23.so
7ff981df0000-7ff981df2000 rw-p 00000000 00:00 0 
7ff981df2000-7ff981df7000 r-xp 00000000 08:06 1584382                    /lib/x86_64-linux-gnu/libnss_dns-2.23.so
7ff981df7000-7ff981ff7000 ---p 00005000 08:06 1584382                    /lib/x86_64-linux-gnu/libnss_dns-2.23.so
7ff981ff7000-7ff981ff8000 r--p 00005000 08:06 1584382                    /lib/x86_64-linux-gnu/libnss_dns-2.23.so
7ff981ff8000-7ff981ff9000 rw-p 00006000 08:06 1584382                    /lib/x86_64-linux-gnu/libnss_dns-2.23.so
7ff981ff9000-7ff9822fa000 rw-p 00000000 00:00 0 
7ff9822fa000-7ff982310000 r-xp 00000000 08:06 1839482                    /usr/lib/jvm/java-8-oracle/jre/lib/amd64/libnet.so
7ff982310000-7ff982510000 ---p 00016000 08:06 1839482                    /usr/lib/jvm/java-8-oracle/jre/lib/amd64/libnet.so
7ff982510000-7ff982511000 rw-p 00016000 08:06 1839482                    /usr/lib/jvm/java-8-oracle/jre/lib/amd64/libnet.so
7ff982511000-7ff982514000 ---p 00000000 00:00 0 
7ff982514000-7ff982812000 rw-p 00000000 00:00 0 
7ff982812000-7ff982815000 ---p 00000000 00:00 0 
7ff982815000-7ff982913000 rw-p 00000000 00:00 0 
7ff982913000-7ff982916000 ---p 00000000 00:00 0 
7ff982916000-7ff982a14000 rw-p 00000000 00:00 0 
7ff982a14000-7ff982a19000 r-xp 00000000 08:06 1836467                    /usr/lib/x86_64-linux-gnu/libXfixes.so.3.1.0
7ff982a19000-7ff982c18000 ---p 00005000 08:06 1836467                    /usr/lib/x86_64-linux-gnu/libXfixes.so.3.1.0
7ff982c18000-7ff982c19000 r--p 00004000 08:06 1836467                    /usr/lib/x86_64-linux-gnu/libXfixes.so.3.1.0
7ff982c19000-7ff982c1a000 rw-p 00005000 08:06 1836467                    /usr/lib/x86_64-linux-gnu/libXfixes.so.3.1.0
7ff982c1a000-7ff982c23000 r-xp 00000000 08:06 1836459                    /usr/lib/x86_64-linux-gnu/libXcursor.so.1.0.2
7ff982c23000-7ff982e22000 ---p 00009000 08:06 1836459                    /usr/lib/x86_64-linux-gnu/libXcursor.so.1.0.2
7ff982e22000-7ff982e23000 r--p 00008000 08:06 1836459                    /usr/lib/x86_64-linux-gnu/libXcursor.so.1.0.2
7ff982e23000-7ff982e24000 rw-p 00009000 08:06 1836459                    /usr/lib/x86_64-linux-gnu/libXcursor.so.1.0.2
7ff982e24000-7ff982e27000 ---p 00000000 00:00 0 
7ff982e27000-7ff982f25000 rw-p 00000000 00:00 0 
7ff982f25000-7ff982f3b000 r-xp 00000000 08:06 1574880                    /lib/x86_64-linux-gnu/libgcc_s.so.1
7ff982f3b000-7ff98313a000 ---p 00016000 08:06 1574880                    /lib/x86_64-linux-gnu/libgcc_s.so.1
7ff98313a000-7ff98313b000 rw-p 00015000 08:06 1574880                    /lib/x86_64-linux-gnu/libgcc_s.so.1
7ff98313b000-7ff9831a0000 r-xp 00000000 08:06 1839501                    /usr/lib/jvm/java-8-oracle/jre/lib/amd64/libfontmanager.so
7ff9831a0000-7ff98339f000 ---p 00065000 08:06 1839501                    /usr/lib/jvm/java-8-oracle/jre/lib/amd64/libfontmanager.so
7ff98339f000-7ff9833a4000 rw-p 00064000 08:06 1839501                    /usr/lib/jvm/java-8-oracle/jre/lib/amd64/libfontmanager.so
7ff9833a4000-7ff9833b4000 rw-p 00000000 00:00 0 
7ff9833b4000-7ff9833b9000 r-xp 00000000 08:06 1836463                    /usr/lib/x86_64-linux-gnu/libXdmcp.so.6.0.0
7ff9833b9000-7ff9835b8000 ---p 00005000 08:06 1836463                    /usr/lib/x86_64-linux-gnu/libXdmcp.so.6.0.0
7ff9835b8000-7ff9835b9000 r--p 00004000 08:06 1836463                    /usr/lib/x86_64-linux-gnu/libXdmcp.so.6.0.0
7ff9835b9000-7ff9835ba000 rw-p 00005000 08:06 1836463                    /usr/lib/x86_64-linux-gnu/libXdmcp.so.6.0.0
7ff9835ba000-7ff9835bc000 r-xp 00000000 08:06 1836452                    /usr/lib/x86_64-linux-gnu/libXau.so.6.0.0
7ff9835bc000-7ff9837bc000 ---p 00002000 08:06 1836452                    /usr/lib/x86_64-linux-gnu/libXau.so.6.0.0
7ff9837bc000-7ff9837bd000 r--p 00002000 08:06 1836452                    /usr/lib/x86_64-linux-gnu/libXau.so.6.0.0
7ff9837bd000-7ff9837be000 rw-p 00003000 08:06 1836452                    /usr/lib/x86_64-linux-gnu/libXau.so.6.0.0
7ff9837be000-7ff9837df000 r-xp 00000000 08:06 1837502                    /usr/lib/x86_64-linux-gnu/libxcb.so.1.1.0
7ff9837df000-7ff9839de000 ---p 00021000 08:06 1837502                    /usr/lib/x86_64-linux-gnu/libxcb.so.1.1.0
7ff9839de000-7ff9839df000 r--p 00020000 08:06 1837502                    /usr/lib/x86_64-linux-gnu/libxcb.so.1.1.0
7ff9839df000-7ff9839e0000 rw-p 00021000 08:06 1837502                    /usr/lib/x86_64-linux-gnu/libxcb.so.1.1.0
7ff9839e0000-7ff9839ef000 r-xp 00000000 08:06 1836473                    /usr/lib/x86_64-linux-gnu/libXi.so.6.1.0
7ff9839ef000-7ff983bee000 ---p 0000f000 08:06 1836473                    /usr/lib/x86_64-linux-gnu/libXi.so.6.1.0
7ff983bee000-7ff983bef000 r--p 0000e000 08:06 1836473                    /usr/lib/x86_64-linux-gnu/libXi.so.6.1.0
7ff983bef000-7ff983bf0000 rw-p 0000f000 08:06 1836473                    /usr/lib/x86_64-linux-gnu/libXi.so.6.1.0
7ff983bf0000-7ff983bf5000 r-xp 00000000 08:06 1836491                    /usr/lib/x86_64-linux-gnu/libXtst.so.6.1.0
7ff983bf5000-7ff983df4000 ---p 00005000 08:06 1836491                    /usr/lib/x86_64-linux-gnu/libXtst.so.6.1.0
7ff983df4000-7ff983df5000 r--p 00004000 08:06 1836491                    /usr/lib/x86_64-linux-gnu/libXtst.so.6.1.0
7ff983df5000-7ff983df6000 rw-p 00005000 08:06 1836491                    /usr/lib/x86_64-linux-gnu/libXtst.so.6.1.0
7ff983df6000-7ff983dff000 r-xp 00000000 08:06 1836485                    /usr/lib/x86_64-linux-gnu/libXrender.so.1.3.0
7ff983dff000-7ff983ffe000 ---p 00009000 08:06 1836485                    /usr/lib/x86_64-linux-gnu/libXrender.so.1.3.0
7ff983ffe000-7ff983fff000 r--p 00008000 08:06 1836485                    /usr/lib/x86_64-linux-gnu/libXrender.so.1.3.0
7ff983fff000-7ff984000000 rw-p 00009000 08:06 1836485                    /usr/lib/x86_64-linux-gnu/libXrender.so.1.3.0
7ff984000000-7ff984878000 rw-p 00000000 00:00 0 
7ff984878000-7ff988000000 ---p 00000000 00:00 0 
7ff988000000-7ff988021000 rw-p 00000000 00:00 0 
7ff988021000-7ff98c000000 ---p 00000000 00:00 0 
7ff98c000000-7ff98c021000 rw-p 00000000 00:00 0 
7ff98c021000-7ff990000000 ---p 00000000 00:00 0 
7ff990000000-7ff9906e1000 rw-p 00000000 00:00 0 
7ff9906e1000-7ff994000000 ---p 00000000 00:00 0 
7ff994000000-7ff994021000 rw-p 00000000 00:00 0 
7ff994021000-7ff998000000 ---p 00000000 00:00 0 
7ff998000000-7ff998021000 rw-p 00000000 00:00 0 
7ff998021000-7ff99c000000 ---p 00000000 00:00 0 
7ff99c000000-7ff99c021000 rw-p 00000000 00:00 0 
7ff99c021000-7ff9a0000000 ---p 00000000 00:00 0 
7ff9a0000000-7ff9a0021000 rw-p 00000000 00:00 0 
7ff9a0021000-7ff9a4000000 ---p 00000000 00:00 0 
7ff9a4000000-7ff9a4021000 rw-p 00000000 00:00 0 
7ff9a4021000-7ff9a8000000 ---p 00000000 00:00 0 
7ff9a80a9000-7ff9a80b3000 r--s 00116000 08:06 1839562                    /usr/lib/jvm/java-8-oracle/jre/lib/ext/localedata.jar
7ff9a80b3000-7ff9a80d4000 r--p 00000000 08:06 2111345                    /usr/share/locale-langpack/pt_BR/LC_MESSAGES/libc.mo
7ff9a80d4000-7ff9a8209000 r-xp 00000000 08:06 1836448                    /usr/lib/x86_64-linux-gnu/libX11.so.6.3.0
7ff9a8209000-7ff9a8409000 ---p 00135000 08:06 1836448                    /usr/lib/x86_64-linux-gnu/libX11.so.6.3.0
7ff9a8409000-7ff9a840a000 r--p 00135000 08:06 1836448                    /usr/lib/x86_64-linux-gnu/libX11.so.6.3.0
7ff9a840a000-7ff9a840e000 rw-p 00136000 08:06 1836448                    /usr/lib/x86_64-linux-gnu/libX11.so.6.3.0
7ff9a840e000-7ff9a841f000 r-xp 00000000 08:06 1836465                    /usr/lib/x86_64-linux-gnu/libXext.so.6.4.0
7ff9a841f000-7ff9a861e000 ---p 00011000 08:06 1836465                    /usr/lib/x86_64-linux-gnu/libXext.so.6.4.0
7ff9a861e000-7ff9a861f000 r--p 00010000 08:06 1836465                    /usr/lib/x86_64-linux-gnu/libXext.so.6.4.0
7ff9a861f000-7ff9a8620000 rw-p 00011000 08:06 1836465                    /usr/lib/x86_64-linux-gnu/libXext.so.6.4.0
7ff9a8626000-7ff9a8639000 r--s 00345000 08:06 1849281                    /usr/lib/jvm/java-8-oracle/jre/lib/resources.jar
7ff9a8639000-7ff9a868d000 r-xp 00000000 08:06 1839509                    /usr/lib/jvm/java-8-oracle/jre/lib/amd64/libawt_xawt.so
7ff9a868d000-7ff9a888d000 ---p 00054000 08:06 1839509                    /usr/lib/jvm/java-8-oracle/jre/lib/amd64/libawt_xawt.so
7ff9a888d000-7ff9a8891000 rw-p 00054000 08:06 1839509                    /usr/lib/jvm/java-8-oracle/jre/lib/amd64/libawt_xawt.so
7ff9a8891000-7ff9a8892000 rw-p 00000000 00:00 0 
7ff9a8892000-7ff9a8934000 r-xp 00000000 08:06 1839542                    /usr/lib/jvm/java-8-oracle/jre/lib/amd64/libawt.so
7ff9a8934000-7ff9a8b34000 ---p 000a2000 08:06 1839542                    /usr/lib/jvm/java-8-oracle/jre/lib/amd64/libawt.so
7ff9a8b34000-7ff9a8b40000 rw-p 000a2000 08:06 1839542                    /usr/lib/jvm/java-8-oracle/jre/lib/amd64/libawt.so
7ff9a8b40000-7ff9a8b64000 rw-p 00000000 00:00 0 
7ff9a8b64000-7ff9a8b65000 ---p 00000000 00:00 0 
7ff9a8b65000-7ff9a8c65000 rw-p 00000000 00:00 0 
7ff9a8c65000-7ff9a8c68000 ---p 00000000 00:00 0 
7ff9a8c68000-7ff9a8d66000 rw-p 00000000 00:00 0 
7ff9a8d66000-7ff9a8d69000 ---p 00000000 00:00 0 
7ff9a8d69000-7ff9a8e67000 rw-p 00000000 00:00 0 
7ff9a8e67000-7ff9a8e6a000 ---p 00000000 00:00 0 
7ff9a8e6a000-7ff9a8f68000 rw-p 00000000 00:00 0 
7ff9a8f68000-7ff9a8f6b000 ---p 00000000 00:00 0 
7ff9a8f6b000-7ff9a9069000 rw-p 00000000 00:00 0 
7ff9a9069000-7ff9a9343000 r--p 00000000 08:06 1831582                    /usr/lib/locale/locale-archive
7ff9a9343000-7ff9a9346000 ---p 00000000 00:00 0 
7ff9a9346000-7ff9a9444000 rw-p 00000000 00:00 0 
7ff9a9444000-7ff9a9447000 ---p 00000000 00:00 0 
7ff9a9447000-7ff9a9545000 rw-p 00000000 00:00 0 
7ff9a9545000-7ff9a9546000 ---p 00000000 00:00 0 
7ff9a9546000-7ff9a9f9e000 rw-p 00000000 00:00 0 
7ff9a9f9e000-7ff9aa176000 r--s 03d2a000 08:06 1839474                    /usr/lib/jvm/java-8-oracle/jre/lib/rt.jar
7ff9aa176000-7ff9ac901000 rw-p 00000000 00:00 0 
7ff9ac901000-7ff9ac902000 ---p 00000000 00:00 0 
7ff9ac902000-7ff9aca02000 rw-p 00000000 00:00 0 
7ff9aca02000-7ff9aca03000 ---p 00000000 00:00 0 
7ff9aca03000-7ff9acb17000 rw-p 00000000 00:00 0 
7ff9acb17000-7ff9acc40000 ---p 00000000 00:00 0 
7ff9acc40000-7ff9acc56000 rw-p 00000000 00:00 0 
7ff9acc56000-7ff9ad000000 ---p 00000000 00:00 0 
7ff9ad000000-7ff9ad580000 rwxp 00000000 00:00 0 
7ff9ad580000-7ff9bc000000 ---p 00000000 00:00 0 
7ff9bc000000-7ff9bc5c9000 rw-p 00000000 00:00 0 
7ff9bc5c9000-7ff9c0000000 ---p 00000000 00:00 0 
7ff9c0003000-7ff9c0020000 r--s 00653000 08:06 2376266                    /usr/lib/jvm/TotalCross3/dist/tc.jar
7ff9c0020000-7ff9c00cb000 rw-p 00000000 00:00 0 
7ff9c00cb000-7ff9c01f3000 ---p 00000000 00:00 0 
7ff9c01f3000-7ff9c0206000 rw-p 00000000 00:00 0 
7ff9c0206000-7ff9c0292000 ---p 00000000 00:00 0 
7ff9c0292000-7ff9c0293000 rw-p 00000000 00:00 0 
7ff9c0293000-7ff9c02ad000 r-xp 00000000 08:06 1839505                    /usr/lib/jvm/java-8-oracle/jre/lib/amd64/libzip.so
7ff9c02ad000-7ff9c04ad000 ---p 0001a000 08:06 1839505                    /usr/lib/jvm/java-8-oracle/jre/lib/amd64/libzip.so
7ff9c04ad000-7ff9c04ae000 rw-p 0001a000 08:06 1839505                    /usr/lib/jvm/java-8-oracle/jre/lib/amd64/libzip.so
7ff9c04ae000-7ff9c04b9000 r-xp 00000000 08:06 1584364                    /lib/x86_64-linux-gnu/libnss_files-2.23.so
7ff9c04b9000-7ff9c06b8000 ---p 0000b000 08:06 1584364                    /lib/x86_64-linux-gnu/libnss_files-2.23.so
7ff9c06b8000-7ff9c06b9000 r--p 0000a000 08:06 1584364                    /lib/x86_64-linux-gnu/libnss_files-2.23.so
7ff9c06b9000-7ff9c06ba000 rw-p 0000b000 08:06 1584364                    /lib/x86_64-linux-gnu/libnss_files-2.23.so
7ff9c06ba000-7ff9c06c0000 rw-p 00000000 00:00 0 
7ff9c06c0000-7ff9c06cb000 r-xp 00000000 08:06 1584361                    /lib/x86_64-linux-gnu/libnss_nis-2.23.so
7ff9c06cb000-7ff9c08ca000 ---p 0000b000 08:06 1584361                    /lib/x86_64-linux-gnu/libnss_nis-2.23.so
7ff9c08ca000-7ff9c08cb000 r--p 0000a000 08:06 1584361                    /lib/x86_64-linux-gnu/libnss_nis-2.23.so
7ff9c08cb000-7ff9c08cc000 rw-p 0000b000 08:06 1584361                    /lib/x86_64-linux-gnu/libnss_nis-2.23.so
7ff9c08cc000-7ff9c08e2000 r-xp 00000000 08:06 1584358                    /lib/x86_64-linux-gnu/libnsl-2.23.so
7ff9c08e2000-7ff9c0ae1000 ---p 00016000 08:06 1584358                    /lib/x86_64-linux-gnu/libnsl-2.23.so
7ff9c0ae1000-7ff9c0ae2000 r--p 00015000 08:06 1584358                    /lib/x86_64-linux-gnu/libnsl-2.23.so
7ff9c0ae2000-7ff9c0ae3000 rw-p 00016000 08:06 1584358                    /lib/x86_64-linux-gnu/libnsl-2.23.so
7ff9c0ae3000-7ff9c0ae5000 rw-p 00000000 00:00 0 
7ff9c0ae5000-7ff9c0aed000 r-xp 00000000 08:06 1584254                    /lib/x86_64-linux-gnu/libnss_compat-2.23.so
7ff9c0aed000-7ff9c0cec000 ---p 00008000 08:06 1584254                    /lib/x86_64-linux-gnu/libnss_compat-2.23.so
7ff9c0cec000-7ff9c0ced000 r--p 00007000 08:06 1584254                    /lib/x86_64-linux-gnu/libnss_compat-2.23.so
7ff9c0ced000-7ff9c0cee000 rw-p 00008000 08:06 1584254                    /lib/x86_64-linux-gnu/libnss_compat-2.23.so
7ff9c0cee000-7ff9c0d19000 r-xp 00000000 08:06 1839532                    /usr/lib/jvm/java-8-oracle/jre/lib/amd64/libjava.so
7ff9c0d19000-7ff9c0f18000 ---p 0002b000 08:06 1839532                    /usr/lib/jvm/java-8-oracle/jre/lib/amd64/libjava.so
7ff9c0f18000-7ff9c0f1a000 rw-p 0002a000 08:06 1839532                    /usr/lib/jvm/java-8-oracle/jre/lib/amd64/libjava.so
7ff9c0f1a000-7ff9c0f27000 r-xp 00000000 08:06 1839483                    /usr/lib/jvm/java-8-oracle/jre/lib/amd64/libverify.so
7ff9c0f27000-7ff9c1126000 ---p 0000d000 08:06 1839483                    /usr/lib/jvm/java-8-oracle/jre/lib/amd64/libverify.so
7ff9c1126000-7ff9c1128000 rw-p 0000c000 08:06 1839483                    /usr/lib/jvm/java-8-oracle/jre/lib/amd64/libverify.so
7ff9c1128000-7ff9c112f000 r-xp 00000000 08:06 1584379                    /lib/x86_64-linux-gnu/librt-2.23.so
7ff9c112f000-7ff9c132e000 ---p 00007000 08:06 1584379                    /lib/x86_64-linux-gnu/librt-2.23.so
7ff9c132e000-7ff9c132f000 r--p 00006000 08:06 1584379                    /lib/x86_64-linux-gnu/librt-2.23.so
7ff9c132f000-7ff9c1330000 rw-p 00007000 08:06 1584379                    /lib/x86_64-linux-gnu/librt-2.23.so
7ff9c1330000-7ff9c1438000 r-xp 00000000 08:06 1584376                    /lib/x86_64-linux-gnu/libm-2.23.so
7ff9c1438000-7ff9c1637000 ---p 00108000 08:06 1584376                    /lib/x86_64-linux-gnu/libm-2.23.so
7ff9c1637000-7ff9c1638000 r--p 00107000 08:06 1584376                    /lib/x86_64-linux-gnu/libm-2.23.so
7ff9c1638000-7ff9c1639000 rw-p 00108000 08:06 1584376                    /lib/x86_64-linux-gnu/libm-2.23.so
7ff9c1639000-7ff9c2306000 r-xp 00000000 08:06 1839536                    /usr/lib/jvm/java-8-oracle/jre/lib/amd64/server/libjvm.so
7ff9c2306000-7ff9c2505000 ---p 00ccd000 08:06 1839536                    /usr/lib/jvm/java-8-oracle/jre/lib/amd64/server/libjvm.so
7ff9c2505000-7ff9c25de000 rw-p 00ccc000 08:06 1839536                    /usr/lib/jvm/java-8-oracle/jre/lib/amd64/server/libjvm.so
7ff9c25de000-7ff9c2629000 rw-p 00000000 00:00 0 
7ff9c2629000-7ff9c27e8000 r-xp 00000000 08:06 1584384                    /lib/x86_64-linux-gnu/libc-2.23.so
7ff9c27e8000-7ff9c29e8000 ---p 001bf000 08:06 1584384                    /lib/x86_64-linux-gnu/libc-2.23.so
7ff9c29e8000-7ff9c29ec000 r--p 001bf000 08:06 1584384                    /lib/x86_64-linux-gnu/libc-2.23.so
7ff9c29ec000-7ff9c29ee000 rw-p 001c3000 08:06 1584384                    /lib/x86_64-linux-gnu/libc-2.23.so
7ff9c29ee000-7ff9c29f2000 rw-p 00000000 00:00 0 
7ff9c29f2000-7ff9c29f5000 r-xp 00000000 08:06 1584385                    /lib/x86_64-linux-gnu/libdl-2.23.so
7ff9c29f5000-7ff9c2bf4000 ---p 00003000 08:06 1584385                    /lib/x86_64-linux-gnu/libdl-2.23.so
7ff9c2bf4000-7ff9c2bf5000 r--p 00002000 08:06 1584385                    /lib/x86_64-linux-gnu/libdl-2.23.so
7ff9c2bf5000-7ff9c2bf6000 rw-p 00003000 08:06 1584385                    /lib/x86_64-linux-gnu/libdl-2.23.so
7ff9c2bf6000-7ff9c2c0b000 r-xp 00000000 08:06 1838510                    /usr/lib/jvm/java-8-oracle/lib/amd64/jli/libjli.so
7ff9c2c0b000-7ff9c2e0b000 ---p 00015000 08:06 1838510                    /usr/lib/jvm/java-8-oracle/lib/amd64/jli/libjli.so
7ff9c2e0b000-7ff9c2e0c000 rw-p 00015000 08:06 1838510                    /usr/lib/jvm/java-8-oracle/lib/amd64/jli/libjli.so
7ff9c2e0c000-7ff9c2e24000 r-xp 00000000 08:06 1584383                    /lib/x86_64-linux-gnu/libpthread-2.23.so
7ff9c2e24000-7ff9c3023000 ---p 00018000 08:06 1584383                    /lib/x86_64-linux-gnu/libpthread-2.23.so
7ff9c3023000-7ff9c3024000 r--p 00017000 08:06 1584383                    /lib/x86_64-linux-gnu/libpthread-2.23.so
7ff9c3024000-7ff9c3025000 rw-p 00018000 08:06 1584383                    /lib/x86_64-linux-gnu/libpthread-2.23.so
7ff9c3025000-7ff9c3029000 rw-p 00000000 00:00 0 
7ff9c3029000-7ff9c304f000 r-xp 00000000 08:06 1584380                    /lib/x86_64-linux-gnu/ld-2.23.so
7ff9c3052000-7ff9c3056000 r--s 00097000 08:06 1839426                    /usr/lib/jvm/java-8-oracle/jre/lib/jsse.jar
7ff9c3056000-7ff9c312e000 rw-p 00000000 00:00 0 
7ff9c312e000-7ff9c3131000 ---p 00000000 00:00 0 
7ff9c3131000-7ff9c3233000 rw-p 00000000 00:00 0 
7ff9c3233000-7ff9c3236000 r--s 0001a000 08:06 1849311                    /usr/lib/jvm/java-8-oracle/jre/lib/jce.jar
7ff9c3236000-7ff9c323d000 r--s 00000000 08:06 1982217                    /usr/lib/x86_64-linux-gnu/gconv/gconv-modules.cache
7ff9c323d000-7ff9c3242000 r--s 002f9000 08:06 1839427                    /usr/lib/jvm/java-8-oracle/jre/lib/charsets.jar
7ff9c3242000-7ff9c324a000 rw-s 00000000 08:06 1574501                    /tmp/hsperfdata_root/14335
7ff9c324a000-7ff9c324b000 rw-p 00000000 00:00 0 
7ff9c324b000-7ff9c324c000 r--p 00000000 00:00 0 
7ff9c324c000-7ff9c324e000 rw-p 00000000 00:00 0 
7ff9c324e000-7ff9c324f000 r--p 00025000 08:06 1584380                    /lib/x86_64-linux-gnu/ld-2.23.so
7ff9c324f000-7ff9c3250000 rw-p 00026000 08:06 1584380                    /lib/x86_64-linux-gnu/ld-2.23.so
7ff9c3250000-7ff9c3251000 rw-p 00000000 00:00 0 
7fff43a99000-7fff43aba000 rw-p 00000000 00:00 0                          [stack]
7fff43bc4000-7fff43bc6000 r--p 00000000 00:00 0                          [vvar]
7fff43bc6000-7fff43bc8000 r-xp 00000000 00:00 0                          [vdso]
ffffffffff600000-ffffffffff601000 r-xp 00000000 00:00 0                  [vsyscall]

VM Arguments:
jvm_args: -Dfile.encoding=UTF-8 
java_command: totalcross.Launcher /scr android /r 54435354004303E26A1D9E0F com.softsite.tccrud.view.Main
java_class_path (initial): /root/workspace/TCCRUDRenanAdam/bin:/usr/lib/jvm/TotalCross3/dist/tc.jar
Launcher Type: SUN_STANDARD

Environment Variables:
JAVA_HOME=/usr/lib/jvm/java-8-oracle
PATH=/usr/local/sbin:/usr/local/bin:/usr/sbin:/usr/bin:/sbin:/bin:/snap/bin
USERNAME=root
SHELL=/bin/bash
DISPLAY=:0.0

Signal Handlers:
SIGSEGV: [libjvm.so+0xac64b0], sa_mask[0]=11111111011111111101111111111110, sa_flags=SA_RESTART|SA_SIGINFO
SIGBUS: [libjvm.so+0xac64b0], sa_mask[0]=11111111011111111101111111111110, sa_flags=SA_RESTART|SA_SIGINFO
SIGFPE: [libjvm.so+0x91f950], sa_mask[0]=11111111011111111101111111111110, sa_flags=SA_RESTART|SA_SIGINFO
SIGPIPE: [libjvm.so+0x91f950], sa_mask[0]=11111111011111111101111111111110, sa_flags=SA_RESTART|SA_SIGINFO
SIGXFSZ: [libjvm.so+0x91f950], sa_mask[0]=11111111011111111101111111111110, sa_flags=SA_RESTART|SA_SIGINFO
SIGILL: [libjvm.so+0x91f950], sa_mask[0]=11111111011111111101111111111110, sa_flags=SA_RESTART|SA_SIGINFO
SIGUSR1: SIG_DFL, sa_mask[0]=00000000000000000000000000000000, sa_flags=none
SIGUSR2: [libjvm.so+0x920f80], sa_mask[0]=00100000000000000000000000000000, sa_flags=SA_RESTART|SA_SIGINFO
SIGHUP: [libjvm.so+0x922380], sa_mask[0]=11111111011111111101111111111110, sa_flags=SA_RESTART|SA_SIGINFO
SIGINT: [libjvm.so+0x922380], sa_mask[0]=11111111011111111101111111111110, sa_flags=SA_RESTART|SA_SIGINFO
SIGTERM: [libjvm.so+0x922380], sa_mask[0]=11111111011111111101111111111110, sa_flags=SA_RESTART|SA_SIGINFO
SIGQUIT: [libjvm.so+0x922380], sa_mask[0]=11111111011111111101111111111110, sa_flags=SA_RESTART|SA_SIGINFO


---------------  S Y S T E M  ---------------

OS:DISTRIB_ID=Ubuntu
DISTRIB_RELEASE=16.04
DISTRIB_CODENAME=xenial
DISTRIB_DESCRIPTION="Ubuntu 16.04.1 LTS"

uname:Linux 4.4.0-47-generic #68-Ubuntu SMP Wed Oct 26 19:39:52 UTC 2016 x86_64
libc:glibc 2.23 NPTL 2.23 
rlimit: STACK 8192k, CORE 0k, NPROC 15014, NOFILE 65536, AS infinity
load average:0,28 0,27 0,29

/proc/meminfo:
MemTotal:        3884020 kB
MemFree:          170540 kB
MemAvailable:     857180 kB
Buffers:           65640 kB
Cached:           927768 kB
SwapCached:         8468 kB
Active:          2410860 kB
Inactive:        1156972 kB
Active(anon):    1826060 kB
Inactive(anon):   877944 kB
Active(file):     584800 kB
Inactive(file):   279028 kB
Unevictable:          32 kB
Mlocked:              32 kB
SwapTotal:       1429500 kB
SwapFree:        1348412 kB
Dirty:               100 kB
Writeback:             0 kB
AnonPages:       2569372 kB
Mapped:           317536 kB
Shmem:            129620 kB
Slab:              80388 kB
SReclaimable:      54864 kB
SUnreclaim:        25524 kB
KernelStack:        7824 kB
PageTables:        28000 kB
NFS_Unstable:          0 kB
Bounce:                0 kB
WritebackTmp:          0 kB
CommitLimit:     3371508 kB
Committed_AS:    5128572 kB
VmallocTotal:   34359738367 kB
VmallocUsed:           0 kB
VmallocChunk:          0 kB
HardwareCorrupted:     0 kB
AnonHugePages:   1910784 kB
CmaTotal:              0 kB
CmaFree:               0 kB
HugePages_Total:       0
HugePages_Free:        0
HugePages_Rsvd:        0
HugePages_Surp:        0
Hugepagesize:       2048 kB
DirectMap4k:       93612 kB
DirectMap2M:     3936256 kB


CPU:total 2 (2 cores per cpu, 1 threads per core) family 6 model 23 stepping 10, cmov, cx8, fxsr, mmx, sse, sse2, sse3, ssse3, sse4.1, tsc

/proc/cpuinfo:
processor	: 0
vendor_id	: GenuineIntel
cpu family	: 6
model		: 23
model name	: Intel(R) Core(TM)2 Duo CPU     T6600  @ 2.20GHz
stepping	: 10
microcode	: 0xa07
cpu MHz		: 1600.000
cache size	: 2048 KB
physical id	: 0
siblings	: 2
core id		: 0
cpu cores	: 2
apicid		: 0
initial apicid	: 0
fpu		: yes
fpu_exception	: yes
cpuid level	: 13
wp		: yes
flags		: fpu vme de pse tsc msr pae mce cx8 apic sep mtrr pge mca cmov pat pse36 clflush dts acpi mmx fxsr sse sse2 ss ht tm pbe syscall nx lm constant_tsc arch_perfmon pebs bts rep_good nopl aperfmperf pni dtes64 monitor ds_cpl est tm2 ssse3 cx16 xtpr pdcm sse4_1 xsave lahf_lm dtherm
bugs		:
bogomips	: 4385.98
clflush size	: 64
cache_alignment	: 64
address sizes	: 36 bits physical, 48 bits virtual
power management:

processor	: 1
vendor_id	: GenuineIntel
cpu family	: 6
model		: 23
model name	: Intel(R) Core(TM)2 Duo CPU     T6600  @ 2.20GHz
stepping	: 10
microcode	: 0xa07
cpu MHz		: 2200.000
cache size	: 2048 KB
physical id	: 0
siblings	: 2
core id		: 1
cpu cores	: 2
apicid		: 1
initial apicid	: 1
fpu		: yes
fpu_exception	: yes
cpuid level	: 13
wp		: yes
flags		: fpu vme de pse tsc msr pae mce cx8 apic sep mtrr pge mca cmov pat pse36 clflush dts acpi mmx fxsr sse sse2 ss ht tm pbe syscall nx lm constant_tsc arch_perfmon pebs bts rep_good nopl aperfmperf pni dtes64 monitor ds_cpl est tm2 ssse3 cx16 xtpr pdcm sse4_1 xsave lahf_lm dtherm
bugs		:
bogomips	: 4385.98
clflush size	: 64
cache_alignment	: 64
address sizes	: 36 bits physical, 48 bits virtual
power management:



Memory: 4k page, physical 3884020k(170540k free), swap 1429500k(1348412k free)

vm_info: Java HotSpot(TM) 64-Bit Server VM (25.111-b14) for linux-amd64 JRE (1.8.0_111-b14), built on Sep 22 2016 16:14:03 by "java_re" with gcc 4.3.0 20080428 (Red Hat 4.3.0-8)

time: Mon Nov 28 03:20:06 2016
elapsed time: 61 seconds (0d 0h 1m 1s)

