#
# A fatal error has been detected by the Java Runtime Environment:
#
#  SIGSEGV (0xb) at pc=0x00007fdfdd01fd24, pid=19028, tid=0x00007fdf8a993700
#
# JRE version: Java(TM) SE Runtime Environment (8.0_111-b14) (build 1.8.0_111-b14)
# Java VM: Java HotSpot(TM) 64-Bit Server VM (25.111-b14 mixed mode linux-amd64 compressed oops)
# Problematic frame:
# C  [ld-linux-x86-64.so.2+0x9d24]
#
# Failed to write core dump. Core dumps have been disabled. To enable core dumping, try "ulimit -c unlimited" before starting Java again
#
# If you would like to submit a bug report, please visit:
#   http://bugreport.java.com/bugreport/crash.jsp
# The crash happened outside the Java Virtual Machine in native code.
# See problematic frame for where to report the bug.
#

---------------  T H R E A D  ---------------

Current thread (0x00007fdf9803d000):  JavaThread "Secondary finalizer" daemon [_thread_in_native, id=19060, stack(0x00007fdf8a893000,0x00007fdf8a994000)]

siginfo: si_signo: 11 (SIGSEGV), si_code: 1 (SEGV_MAPERR), si_addr: 0x0000000000000068

Registers:
RAX=0x0000000000000040, RBX=0x00007fdfdd21f9f0, RCX=0x000000000000003d, RDX=0x00000000000003f3
RSP=0x00007fdf8a991890, RBP=0x0000000000000002, RSI=0x0000000000041204, RDI=0x00007fdfa4000be0
R8 =0x00007fdf8a9919f0, R9 =0x00007fdfd45fdc48, R10=0x00007fdfdd23c040, R11=0x0000000000000001
R12=0x0000000000000003, R13=0x0000000000000000, R14=0x00007fdfd4300490, R15=0x0000000000000000
RIP=0x00007fdfdd01fd24, EFLAGS=0x0000000000010202, CSGSFS=0x0000000000000033, ERR=0x0000000000000004
  TRAPNO=0x000000000000000e

Top of Stack: (sp=0x00007fdf8a991890)
0x00007fdf8a991890:   00000000000002c8 00007fdfa4000be0
0x00007fdf8a9918a0:   0000000000000000 00007fdf8a991918
0x00007fdf8a9918b0:   00000000bc8b46fd 0000000002f22d1b
0x00007fdf8a9918c0:   ffffffff0000003d 00007fdf8a9919f0
0x00007fdf8a9918d0:   00007fdfdc626ff8 00007fdfdc619d80
0x00007fdf8a9918e0:   00007fdf8a991914 00007fdf8a9919e0
0x00007fdf8a9918f0:   00007fdfd4598996 00007fdf8a9921e6
0x00007fdf8a991900:   00007fdf8a9921c0 00007fdfdbf5580b
0x00007fdf8a991910:   000000008a9920f0 0000000000000000
0x00007fdf8a991920:   000000119f32d4c1 00007fdfd45fdd18
0x00007fdf8a991930:   00007fdf8a991a80 0000000000000000
0x00007fdf8a991940:   0000000000000000 00007fdfd45fd990
0x00007fdf8a991950:   00007fdf8a991ac8 00007fdfdd02094f
0x00007fdf8a991960:   0000000000000000 0000000000000000
0x00007fdf8a991970:   0000000000000002 0000000000000000
0x00007fdf8a991980:   0000000000000000 00007fdfd45fd990
0x00007fdf8a991990:   00007fdfdd0851de 00007fdf8a9922d0
0x00007fdf8a9919a0:   00007fdfdd0851eb 0000000000000000
0x00007fdf8a9919b0:   00007fdfd45fdd18 00007fdf8a9919f0
0x00007fdf8a9919c0:   000000003030305f 00007fdf8a9919e0
0x00007fdf8a9919d0:   00000000bc8b46fd 00007fdfa4000be0
0x00007fdf8a9919e0:   00000000ffffffff 00007fdf8a992450
0x00007fdf8a9919f0:   0000000000000000 0000000000000000
0x00007fdf8a991a00:   00007fdf8a9922c0 00007fdfdbf5580b
0x00007fdf8a991a10:   0000000000d7e180 0000000000000000
0x00007fdf8a991a20:   00007fdfd4016048 00007fdf8a991a60
0x00007fdf8a991a30:   000000008a991af0 00007fdf8a991a50
0x00007fdf8a991a40:   000000009f32d4c1 00007fdfa4000ad0
0x00007fdf8a991a50:   00000000ffffffff 00007fdfa4000be0
0x00007fdf8a991a60:   0000000000d7e180 00007fdfdd23bca0
0x00007fdf8a991a70:   0000000000000000 00007fdfd45fd990
0x00007fdf8a991a80:   00007fdf8a991b40 00007fdfdc758cc3 

Instructions: (pc=0x00007fdfdd01fd24)
0x00007fdfdd01fd04:   24 50 48 8d 84 24 88 00 00 00 48 89 44 24 18 89
0x00007fdfdd01fd14:   f0 83 e0 3f 89 44 24 30 0f 1f 40 00 49 8b 04 ee
0x00007fdfdd01fd24:   48 8b 58 28 4c 39 eb 0f 84 ef 00 00 00 45 85 ff
0x00007fdfdd01fd34:   74 0d f6 83 14 03 00 00 03 0f 84 dd 00 00 00 f6 

Register to memory mapping:

RAX=0x0000000000000040 is an unknown value
RBX=0x00007fdfdd21f9f0 is an unknown value
RCX=0x000000000000003d is an unknown value
RDX=0x00000000000003f3 is an unknown value
RSP=0x00007fdf8a991890 is pointing into the stack for thread: 0x00007fdf9803d000
RBP=0x0000000000000002 is an unknown value
RSI=0x0000000000041204 is an unknown value
RDI=0x00007fdfa4000be0 is an unknown value
R8 =0x00007fdf8a9919f0 is pointing into the stack for thread: 0x00007fdf9803d000
R9 =0x00007fdfd45fdc48 is an unknown value
R10=0x00007fdfdd23c040: _rtld_global+0 in /lib64/ld-linux-x86-64.so.2 at 0x00007fdfdd016000
R11=0x0000000000000001 is an unknown value
R12=0x0000000000000003 is an unknown value
R13=0x0000000000000000 is an unknown value
R14=0x00007fdfd4300490 is an unknown value
R15=0x0000000000000000 is an unknown value


Stack: [0x00007fdf8a893000,0x00007fdf8a994000],  sp=0x00007fdf8a991890,  free space=1018k
Native frames: (J=compiled Java code, j=interpreted, Vv=VM code, C=native code)
C  [ld-linux-x86-64.so.2+0x9d24]

Java frames: (J=compiled Java code, j=interpreted, Vv=VM code)
J 304  java.lang.ClassLoader$NativeLibrary.find(Ljava/lang/String;)J (0 bytes) @ 0x00007fdfc51b86cc [0x00007fdfc51b8680+0x4c]
j  java.lang.ClassLoader.findNative(Ljava/lang/ClassLoader;Ljava/lang/String;)J+49
v  ~StubRoutines::call_stub
j  org.sqlite.core.NativeDB.free_functions()V+0
j  org.sqlite.core.DB.close()V+102
j  org.sqlite.core.CoreConnection.close()V+26
j  org.sqlite.core.CoreConnection.finalize()V+1
j  java.lang.System$2.invokeFinalize(Ljava/lang/Object;)V+1
j  java.lang.ref.Finalizer.runFinalizer(Lsun/misc/JavaLangAccess;)V+46
j  java.lang.ref.Finalizer.access$100(Ljava/lang/ref/Finalizer;Lsun/misc/JavaLangAccess;)V+2
j  java.lang.ref.Finalizer$3.run()V+58
j  java.lang.Thread.run()V+11
v  ~StubRoutines::call_stub

---------------  P R O C E S S  ---------------

Java Threads: ( => current thread )
=>0x00007fdf9803d000 JavaThread "Secondary finalizer" daemon [_thread_in_native, id=19060, stack(0x00007fdf8a893000,0x00007fdf8a994000)]
  0x00007fdf84183000 JavaThread "TC Event Thread" daemon [_thread_blocked, id=19054, stack(0x00007fdf8aa95000,0x00007fdf8ab96000)]
  0x00007fdfd4009800 JavaThread "DestroyJavaVM" [_thread_blocked, id=19030, stack(0x00007fdfdd11b000,0x00007fdfdd21c000)]
  0x00007fdfd4287000 JavaThread "AWT-EventQueue-0" [_thread_blocked, id=19047, stack(0x00007fdfc050b000,0x00007fdfc060c000)]
  0x00007fdfd4234800 JavaThread "AWT-Shutdown" [_thread_blocked, id=19046, stack(0x00007fdfc080c000,0x00007fdfc090d000)]
  0x00007fdfd4219000 JavaThread "AWT-XAWT" daemon [_thread_in_native, id=19045, stack(0x00007fdfc090d000,0x00007fdfc0a0e000)]
  0x00007fdfd41fa000 JavaThread "Java2D Disposer" daemon [_thread_blocked, id=19044, stack(0x00007fdfc0e1e000,0x00007fdfc0f1f000)]
  0x00007fdfd40cb800 JavaThread "Service Thread" daemon [_thread_blocked, id=19042, stack(0x00007fdfc2b72000,0x00007fdfc2c73000)]
  0x00007fdfd40b6800 JavaThread "C1 CompilerThread1" daemon [_thread_blocked, id=19041, stack(0x00007fdfc2c73000,0x00007fdfc2d74000)]
  0x00007fdfd40b4000 JavaThread "C2 CompilerThread0" daemon [_thread_in_native, id=19040, stack(0x00007fdfc2d74000,0x00007fdfc2e75000)]
  0x00007fdfd40b2800 JavaThread "Signal Dispatcher" daemon [_thread_blocked, id=19039, stack(0x00007fdfc2e75000,0x00007fdfc2f76000)]
  0x00007fdfd407f800 JavaThread "Finalizer" daemon [_thread_blocked, id=19038, stack(0x00007fdfd8100000,0x00007fdfd8201000)]
  0x00007fdfd407b000 JavaThread "Reference Handler" daemon [_thread_blocked, id=19037, stack(0x00007fdfd8201000,0x00007fdfd8302000)]

Other Threads:
  0x00007fdfd4073000 VMThread [stack: 0x00007fdfd8302000,0x00007fdfd8403000] [id=19036]
  0x00007fdfd40ce800 WatcherThread [stack: 0x00007fdfc2a71000,0x00007fdfc2b72000] [id=19043]

VM state:not at safepoint (normal execution)

VM Mutex/Monitor currently owned by a thread: None

Heap:
 PSYoungGen      total 17920K, used 14590K [0x00000000ec380000, 0x00000000ee680000, 0x0000000100000000)
  eden space 15360K, 78% used [0x00000000ec380000,0x00000000ecf40200,0x00000000ed280000)
  from space 2560K, 99% used [0x00000000ed280000,0x00000000ed4ff750,0x00000000ed500000)
  to   space 2560K, 0% used [0x00000000ee400000,0x00000000ee400000,0x00000000ee680000)
 ParOldGen       total 40960K, used 4253K [0x00000000c4a00000, 0x00000000c7200000, 0x00000000ec380000)
  object space 40960K, 10% used [0x00000000c4a00000,0x00000000c4e274c8,0x00000000c7200000)
 Metaspace       used 14949K, capacity 15172K, committed 15360K, reserved 1062912K
  class space    used 1699K, capacity 1772K, committed 1792K, reserved 1048576K

Card table byte_map: [0x00007fdfd9ce4000,0x00007fdfd9ec0000] byte_map_base: 0x00007fdfd96bf000

Marking Bits: (ParMarkBitMap*) 0x00007fdfdc5e9220
 Begin Bits: [0x00007fdfc3250000, 0x00007fdfc4128000)
 End Bits:   [0x00007fdfc4128000, 0x00007fdfc5000000)

Polling page: 0x00007fdfdd238000

CodeCache: size=245760Kb used=4379Kb max_used=4379Kb free=241380Kb
 bounds [0x00007fdfc5000000, 0x00007fdfc5450000, 0x00007fdfd4000000]
 total_blobs=1527 nmethods=965 adapters=477
 compilation: enabled

Compilation events (10 events):
Event: 16,037 Thread 0x00007fdfd40b6800  963       3       java.awt.Toolkit::notifyAWTEventListeners (36 bytes)
Event: 16,038 Thread 0x00007fdfd40b6800 nmethod 963 0x00007fdfc5445a10 code [0x00007fdfc5445bc0, 0x00007fdfc5446168]
Event: 16,038 Thread 0x00007fdfd40b6800  964       3       java.awt.Component::eventTypeEnabled (487 bytes)
Event: 16,039 Thread 0x00007fdfd40b6800 nmethod 964 0x00007fdfc5446310 code [0x00007fdfc54464c0, 0x00007fdfc5446f10]
Event: 16,057 Thread 0x00007fdfd40b6800  967       3       java.util.LinkedHashMap$LinkedHashIterator::hasNext (13 bytes)
Event: 16,057 Thread 0x00007fdfd40b6800 nmethod 967 0x00007fdfc5446f90 code [0x00007fdfc5447100, 0x00007fdfc54472b0]
Event: 16,066 Thread 0x00007fdfd40b6800  968   !   3       java.util.zip.ZipFile$ZipFileInputStream::close (110 bytes)
Event: 16,067 Thread 0x00007fdfd40b6800 nmethod 968 0x00007fdfc5447310 code [0x00007fdfc54474c0, 0x00007fdfc5447cd8]
Event: 16,068 Thread 0x00007fdfd40b6800  969       1       java.lang.ref.Finalizer::access$400 (5 bytes)
Event: 16,068 Thread 0x00007fdfd40b6800 nmethod 969 0x00007fdfc5448050 code [0x00007fdfc54481a0, 0x00007fdfc5448290]

GC Heap History (2 events):
Event: 1,453 GC heap before
{Heap before GC invocations=1 (full 0):
 PSYoungGen      total 17920K, used 15360K [0x00000000ec380000, 0x00000000ed780000, 0x0000000100000000)
  eden space 15360K, 100% used [0x00000000ec380000,0x00000000ed280000,0x00000000ed280000)
  from space 2560K, 0% used [0x00000000ed500000,0x00000000ed500000,0x00000000ed780000)
  to   space 2560K, 0% used [0x00000000ed280000,0x00000000ed280000,0x00000000ed500000)
 ParOldGen       total 40960K, used 0K [0x00000000c4a00000, 0x00000000c7200000, 0x00000000ec380000)
  object space 40960K, 0% used [0x00000000c4a00000,0x00000000c4a00000,0x00000000c7200000)
 Metaspace       used 12335K, capacity 12536K, committed 12800K, reserved 1060864K
  class space    used 1452K, capacity 1514K, committed 1536K, reserved 1048576K
Event: 1,479 GC heap after
Heap after GC invocations=1 (full 0):
 PSYoungGen      total 17920K, used 2557K [0x00000000ec380000, 0x00000000ee680000, 0x0000000100000000)
  eden space 15360K, 0% used [0x00000000ec380000,0x00000000ec380000,0x00000000ed280000)
  from space 2560K, 99% used [0x00000000ed280000,0x00000000ed4ff750,0x00000000ed500000)
  to   space 2560K, 0% used [0x00000000ee400000,0x00000000ee400000,0x00000000ee680000)
 ParOldGen       total 40960K, used 4253K [0x00000000c4a00000, 0x00000000c7200000, 0x00000000ec380000)
  object space 40960K, 10% used [0x00000000c4a00000,0x00000000c4e274c8,0x00000000c7200000)
 Metaspace       used 12335K, capacity 12536K, committed 12800K, reserved 1060864K
  class space    used 1452K, capacity 1514K, committed 1536K, reserved 1048576K
}

Deoptimization events (3 events):
Event: 1,107 Thread 0x00007fdfd4009800 Uncommon trap: reason=unstable_if action=reinterpret pc=0x00007fdfc5209a94 method=java.lang.String.<init>([CII)V @ 18
Event: 1,685 Thread 0x00007fdfd4009800 Uncommon trap: reason=unstable_if action=reinterpret pc=0x00007fdfc5228468 method=java.lang.String.indexOf([CII[CIII)I @ 3
Event: 14,002 Thread 0x00007fdf84183000 Uncommon trap: reason=unstable_if action=reinterpret pc=0x00007fdfc53e1748 method=totalcross.ui.gfx.Graphics.drawSurface([ILjava/lang/Object;IIIIIIZIIII)V @ 358

Internal exceptions (10 events):
Event: 14,670 Thread 0x00007fdfd4485000 Exception <a 'java/lang/InterruptedException': sleep interrupted> (0x00000000eca7a9a8) thrown at [/HUDSON3/workspace/8-2-build-linux-amd64/jdk8u111/7883/hotspot/src/share/vm/prims/jvm.cpp, line 3224]
Event: 14,695 Thread 0x00007fdfd4485000 Exception <a 'java/lang/InterruptedException': sleep interrupted> (0x00000000eca7acb0) thrown at [/HUDSON3/workspace/8-2-build-linux-amd64/jdk8u111/7883/hotspot/src/share/vm/prims/jvm.cpp, line 3224]
Event: 14,706 Thread 0x00007fdfd4485000 Exception <a 'java/lang/InterruptedException': sleep interrupted> (0x00000000eca7af08) thrown at [/HUDSON3/workspace/8-2-build-linux-amd64/jdk8u111/7883/hotspot/src/share/vm/prims/jvm.cpp, line 3224]
Event: 14,938 Thread 0x00007fdfd4485000 Exception <a 'java/lang/InterruptedException': sleep interrupted> (0x00000000eca7b1b8) thrown at [/HUDSON3/workspace/8-2-build-linux-amd64/jdk8u111/7883/hotspot/src/share/vm/prims/jvm.cpp, line 3224]
Event: 15,438 Thread 0x00007fdfd4485000 Exception <a 'java/lang/InterruptedException': sleep interrupted> (0x00000000eca7b468) thrown at [/HUDSON3/workspace/8-2-build-linux-amd64/jdk8u111/7883/hotspot/src/share/vm/prims/jvm.cpp, line 3224]
Event: 15,940 Thread 0x00007fdfd4485000 Exception <a 'java/lang/InterruptedException': sleep interrupted> (0x00000000eca7b718) thrown at [/HUDSON3/workspace/8-2-build-linux-amd64/jdk8u111/7883/hotspot/src/share/vm/prims/jvm.cpp, line 3224]
Event: 16,046 Thread 0x00007fdf84183000 Exception <a 'java/io/FileNotFoundException'> (0x00000000ece6e058) thrown at [/HUDSON3/workspace/8-2-build-linux-amd64/jdk8u111/7883/hotspot/src/share/vm/prims/jni.cpp, line 709]
Event: 16,046 Thread 0x00007fdf84183000 Exception <a 'java/io/FileNotFoundException'> (0x00000000ece6eb40) thrown at [/HUDSON3/workspace/8-2-build-linux-amd64/jdk8u111/7883/hotspot/src/share/vm/prims/jni.cpp, line 709]
Event: 16,046 Thread 0x00007fdf84183000 Exception <a 'java/io/FileNotFoundException'> (0x00000000ece6f9c0) thrown at [/HUDSON3/workspace/8-2-build-linux-amd64/jdk8u111/7883/hotspot/src/share/vm/prims/jni.cpp, line 709]
Event: 16,047 Thread 0x00007fdfd4485000 Exception <a 'java/lang/InterruptedException': sleep interrupted> (0x00000000eca7b970) thrown at [/HUDSON3/workspace/8-2-build-linux-amd64/jdk8u111/7883/hotspot/src/share/vm/prims/jvm.cpp, line 3224]

Events (10 events):
Event: 16,057 loading class java/lang/ref/Finalizer$3
Event: 16,057 loading class java/lang/ref/Finalizer$3 done
Event: 16,057 Thread 0x00007fdf9803e000 Thread exited: 0x00007fdf9803e000
Event: 16,065 Thread 0x00007fdf9803d000 Thread added: 0x00007fdf9803d000
Event: 16,065 Executing VM operation: RevokeBias
Event: 16,065 Executing VM operation: RevokeBias done
Event: 16,065 Executing VM operation: RevokeBias
Event: 16,065 Executing VM operation: RevokeBias done
Event: 16,065 Executing VM operation: RevokeBias
Event: 16,066 Executing VM operation: RevokeBias done


Dynamic libraries:
00400000-00401000 r-xp 00000000 08:06 1839400                            /usr/lib/jvm/java-8-oracle/bin/java
00600000-00601000 rw-p 00000000 08:06 1839400                            /usr/lib/jvm/java-8-oracle/bin/java
00d7e000-00d9f000 rw-p 00000000 00:00 0                                  [heap]
c4a00000-c7200000 rw-p 00000000 00:00 0 
c7200000-ec380000 ---p 00000000 00:00 0 
ec380000-ee680000 rw-p 00000000 00:00 0 
ee680000-100000000 ---p 00000000 00:00 0 
100000000-1001c0000 rw-p 00000000 00:00 0 
1001c0000-140000000 ---p 00000000 00:00 0 
7fdf84000000-7fdf8425b000 rw-p 00000000 00:00 0 
7fdf8425b000-7fdf88000000 ---p 00000000 00:00 0 
7fdf8a893000-7fdf8a896000 ---p 00000000 00:00 0 
7fdf8a896000-7fdf8a994000 rw-p 00000000 00:00 0 
7fdf8a994000-7fdf8a997000 ---p 00000000 00:00 0 
7fdf8a997000-7fdf8aa95000 rw-p 00000000 00:00 0 
7fdf8aa95000-7fdf8aa98000 ---p 00000000 00:00 0 
7fdf8aa98000-7fdf8acd6000 rw-p 00000000 00:00 0 
7fdf8acd6000-7fdf8ad96000 ---p 00000000 00:00 0 
7fdf8b04f000-7fdf8b052000 ---p 00000000 00:00 0 
7fdf8b052000-7fdf8b150000 rw-p 00000000 00:00 0 
7fdf8b150000-7fdf8b153000 ---p 00000000 00:00 0 
7fdf8b153000-7fdf8b251000 rw-p 00000000 00:00 0 
7fdf8b251000-7fdf8b254000 ---p 00000000 00:00 0 
7fdf8b254000-7fdf8b352000 rw-p 00000000 00:00 0 
7fdf8b352000-7fdf8b355000 ---p 00000000 00:00 0 
7fdf8b355000-7fdf8b653000 rw-p 00000000 00:00 0 
7fdf8b653000-7fdf8b6bc000 r-xp 00000000 08:06 1839539                    /usr/lib/jvm/java-8-oracle/jre/lib/amd64/libt2k.so
7fdf8b6bc000-7fdf8b8bc000 ---p 00069000 08:06 1839539                    /usr/lib/jvm/java-8-oracle/jre/lib/amd64/libt2k.so
7fdf8b8bc000-7fdf8b8c3000 rw-p 00069000 08:06 1839539                    /usr/lib/jvm/java-8-oracle/jre/lib/amd64/libt2k.so
7fdf8b8c3000-7fdf8b8d3000 rw-p 00000000 00:00 0 
7fdf8b8d3000-7fdf8b8e4000 r-xp 00000000 08:06 1839507                    /usr/lib/jvm/java-8-oracle/jre/lib/amd64/libnio.so
7fdf8b8e4000-7fdf8bae3000 ---p 00011000 08:06 1839507                    /usr/lib/jvm/java-8-oracle/jre/lib/amd64/libnio.so
7fdf8bae3000-7fdf8bae4000 rw-p 00010000 08:06 1839507                    /usr/lib/jvm/java-8-oracle/jre/lib/amd64/libnio.so
7fdf8bae4000-7fdf8bafb000 r-xp 00000000 08:06 1584375                    /lib/x86_64-linux-gnu/libresolv-2.23.so
7fdf8bafb000-7fdf8bcfb000 ---p 00017000 08:06 1584375                    /lib/x86_64-linux-gnu/libresolv-2.23.so
7fdf8bcfb000-7fdf8bcfc000 r--p 00017000 08:06 1584375                    /lib/x86_64-linux-gnu/libresolv-2.23.so
7fdf8bcfc000-7fdf8bcfd000 rw-p 00018000 08:06 1584375                    /lib/x86_64-linux-gnu/libresolv-2.23.so
7fdf8bcfd000-7fdf8c000000 rw-p 00000000 00:00 0 
7fdf8c000000-7fdf8c0a1000 rw-p 00000000 00:00 0 
7fdf8c0a1000-7fdf90000000 ---p 00000000 00:00 0 
7fdf90000000-7fdf9028f000 rw-p 00000000 00:00 0 
7fdf9028f000-7fdf94000000 ---p 00000000 00:00 0 
7fdf94000000-7fdf94021000 rw-p 00000000 00:00 0 
7fdf94021000-7fdf98000000 ---p 00000000 00:00 0 
7fdf98000000-7fdf98045000 rw-p 00000000 00:00 0 
7fdf98045000-7fdf9c000000 ---p 00000000 00:00 0 
7fdf9c000000-7fdf9c878000 rw-p 00000000 00:00 0 
7fdf9c878000-7fdfa0000000 ---p 00000000 00:00 0 
7fdfa0000000-7fdfa0021000 rw-p 00000000 00:00 0 
7fdfa0021000-7fdfa4000000 ---p 00000000 00:00 0 
7fdfa4000000-7fdfa4021000 rw-p 00000000 00:00 0 
7fdfa4021000-7fdfa8000000 ---p 00000000 00:00 0 
7fdfa8000000-7fdfa874e000 rw-p 00000000 00:00 0 
7fdfa874e000-7fdfac000000 ---p 00000000 00:00 0 
7fdfac000000-7fdfac021000 rw-p 00000000 00:00 0 
7fdfac021000-7fdfb0000000 ---p 00000000 00:00 0 
7fdfb0000000-7fdfb0021000 rw-p 00000000 00:00 0 
7fdfb0021000-7fdfb4000000 ---p 00000000 00:00 0 
7fdfb4000000-7fdfb4021000 rw-p 00000000 00:00 0 
7fdfb4021000-7fdfb8000000 ---p 00000000 00:00 0 
7fdfb8000000-7fdfb8021000 rw-p 00000000 00:00 0 
7fdfb8021000-7fdfbc000000 ---p 00000000 00:00 0 
7fdfbc000000-7fdfbc021000 rw-p 00000000 00:00 0 
7fdfbc021000-7fdfc0000000 ---p 00000000 00:00 0 
7fdfc00ed000-7fdfc00f2000 r-xp 00000000 08:06 1584382                    /lib/x86_64-linux-gnu/libnss_dns-2.23.so
7fdfc00f2000-7fdfc02f2000 ---p 00005000 08:06 1584382                    /lib/x86_64-linux-gnu/libnss_dns-2.23.so
7fdfc02f2000-7fdfc02f3000 r--p 00005000 08:06 1584382                    /lib/x86_64-linux-gnu/libnss_dns-2.23.so
7fdfc02f3000-7fdfc02f4000 rw-p 00006000 08:06 1584382                    /lib/x86_64-linux-gnu/libnss_dns-2.23.so
7fdfc02f4000-7fdfc030a000 r-xp 00000000 08:06 1839482                    /usr/lib/jvm/java-8-oracle/jre/lib/amd64/libnet.so
7fdfc030a000-7fdfc050a000 ---p 00016000 08:06 1839482                    /usr/lib/jvm/java-8-oracle/jre/lib/amd64/libnet.so
7fdfc050a000-7fdfc050b000 rw-p 00016000 08:06 1839482                    /usr/lib/jvm/java-8-oracle/jre/lib/amd64/libnet.so
7fdfc050b000-7fdfc050e000 ---p 00000000 00:00 0 
7fdfc050e000-7fdfc080c000 rw-p 00000000 00:00 0 
7fdfc080c000-7fdfc080f000 ---p 00000000 00:00 0 
7fdfc080f000-7fdfc090d000 rw-p 00000000 00:00 0 
7fdfc090d000-7fdfc0910000 ---p 00000000 00:00 0 
7fdfc0910000-7fdfc0a0e000 rw-p 00000000 00:00 0 
7fdfc0a0e000-7fdfc0a13000 r-xp 00000000 08:06 1836467                    /usr/lib/x86_64-linux-gnu/libXfixes.so.3.1.0
7fdfc0a13000-7fdfc0c12000 ---p 00005000 08:06 1836467                    /usr/lib/x86_64-linux-gnu/libXfixes.so.3.1.0
7fdfc0c12000-7fdfc0c13000 r--p 00004000 08:06 1836467                    /usr/lib/x86_64-linux-gnu/libXfixes.so.3.1.0
7fdfc0c13000-7fdfc0c14000 rw-p 00005000 08:06 1836467                    /usr/lib/x86_64-linux-gnu/libXfixes.so.3.1.0
7fdfc0c14000-7fdfc0c1d000 r-xp 00000000 08:06 1836459                    /usr/lib/x86_64-linux-gnu/libXcursor.so.1.0.2
7fdfc0c1d000-7fdfc0e1c000 ---p 00009000 08:06 1836459                    /usr/lib/x86_64-linux-gnu/libXcursor.so.1.0.2
7fdfc0e1c000-7fdfc0e1d000 r--p 00008000 08:06 1836459                    /usr/lib/x86_64-linux-gnu/libXcursor.so.1.0.2
7fdfc0e1d000-7fdfc0e1e000 rw-p 00009000 08:06 1836459                    /usr/lib/x86_64-linux-gnu/libXcursor.so.1.0.2
7fdfc0e1e000-7fdfc0e21000 ---p 00000000 00:00 0 
7fdfc0e21000-7fdfc0f1f000 rw-p 00000000 00:00 0 
7fdfc0f1f000-7fdfc0f35000 r-xp 00000000 08:06 1574880                    /lib/x86_64-linux-gnu/libgcc_s.so.1
7fdfc0f35000-7fdfc1134000 ---p 00016000 08:06 1574880                    /lib/x86_64-linux-gnu/libgcc_s.so.1
7fdfc1134000-7fdfc1135000 rw-p 00015000 08:06 1574880                    /lib/x86_64-linux-gnu/libgcc_s.so.1
7fdfc1135000-7fdfc119a000 r-xp 00000000 08:06 1839501                    /usr/lib/jvm/java-8-oracle/jre/lib/amd64/libfontmanager.so
7fdfc119a000-7fdfc1399000 ---p 00065000 08:06 1839501                    /usr/lib/jvm/java-8-oracle/jre/lib/amd64/libfontmanager.so
7fdfc1399000-7fdfc139e000 rw-p 00064000 08:06 1839501                    /usr/lib/jvm/java-8-oracle/jre/lib/amd64/libfontmanager.so
7fdfc139e000-7fdfc13ae000 rw-p 00000000 00:00 0 
7fdfc13ae000-7fdfc13b3000 r-xp 00000000 08:06 1836463                    /usr/lib/x86_64-linux-gnu/libXdmcp.so.6.0.0
7fdfc13b3000-7fdfc15b2000 ---p 00005000 08:06 1836463                    /usr/lib/x86_64-linux-gnu/libXdmcp.so.6.0.0
7fdfc15b2000-7fdfc15b3000 r--p 00004000 08:06 1836463                    /usr/lib/x86_64-linux-gnu/libXdmcp.so.6.0.0
7fdfc15b3000-7fdfc15b4000 rw-p 00005000 08:06 1836463                    /usr/lib/x86_64-linux-gnu/libXdmcp.so.6.0.0
7fdfc15b4000-7fdfc15b6000 r-xp 00000000 08:06 1836452                    /usr/lib/x86_64-linux-gnu/libXau.so.6.0.0
7fdfc15b6000-7fdfc17b6000 ---p 00002000 08:06 1836452                    /usr/lib/x86_64-linux-gnu/libXau.so.6.0.0
7fdfc17b6000-7fdfc17b7000 r--p 00002000 08:06 1836452                    /usr/lib/x86_64-linux-gnu/libXau.so.6.0.0
7fdfc17b7000-7fdfc17b8000 rw-p 00003000 08:06 1836452                    /usr/lib/x86_64-linux-gnu/libXau.so.6.0.0
7fdfc17b8000-7fdfc17d9000 r-xp 00000000 08:06 1837502                    /usr/lib/x86_64-linux-gnu/libxcb.so.1.1.0
7fdfc17d9000-7fdfc19d8000 ---p 00021000 08:06 1837502                    /usr/lib/x86_64-linux-gnu/libxcb.so.1.1.0
7fdfc19d8000-7fdfc19d9000 r--p 00020000 08:06 1837502                    /usr/lib/x86_64-linux-gnu/libxcb.so.1.1.0
7fdfc19d9000-7fdfc19da000 rw-p 00021000 08:06 1837502                    /usr/lib/x86_64-linux-gnu/libxcb.so.1.1.0
7fdfc19da000-7fdfc19e9000 r-xp 00000000 08:06 1836473                    /usr/lib/x86_64-linux-gnu/libXi.so.6.1.0
7fdfc19e9000-7fdfc1be8000 ---p 0000f000 08:06 1836473                    /usr/lib/x86_64-linux-gnu/libXi.so.6.1.0
7fdfc1be8000-7fdfc1be9000 r--p 0000e000 08:06 1836473                    /usr/lib/x86_64-linux-gnu/libXi.so.6.1.0
7fdfc1be9000-7fdfc1bea000 rw-p 0000f000 08:06 1836473                    /usr/lib/x86_64-linux-gnu/libXi.so.6.1.0
7fdfc1bea000-7fdfc1bef000 r-xp 00000000 08:06 1836491                    /usr/lib/x86_64-linux-gnu/libXtst.so.6.1.0
7fdfc1bef000-7fdfc1dee000 ---p 00005000 08:06 1836491                    /usr/lib/x86_64-linux-gnu/libXtst.so.6.1.0
7fdfc1dee000-7fdfc1def000 r--p 00004000 08:06 1836491                    /usr/lib/x86_64-linux-gnu/libXtst.so.6.1.0
7fdfc1def000-7fdfc1df0000 rw-p 00005000 08:06 1836491                    /usr/lib/x86_64-linux-gnu/libXtst.so.6.1.0
7fdfc1df0000-7fdfc1df9000 r-xp 00000000 08:06 1836485                    /usr/lib/x86_64-linux-gnu/libXrender.so.1.3.0
7fdfc1df9000-7fdfc1ff8000 ---p 00009000 08:06 1836485                    /usr/lib/x86_64-linux-gnu/libXrender.so.1.3.0
7fdfc1ff8000-7fdfc1ff9000 r--p 00008000 08:06 1836485                    /usr/lib/x86_64-linux-gnu/libXrender.so.1.3.0
7fdfc1ff9000-7fdfc1ffa000 rw-p 00009000 08:06 1836485                    /usr/lib/x86_64-linux-gnu/libXrender.so.1.3.0
7fdfc1ffa000-7fdfc212f000 r-xp 00000000 08:06 1836448                    /usr/lib/x86_64-linux-gnu/libX11.so.6.3.0
7fdfc212f000-7fdfc232f000 ---p 00135000 08:06 1836448                    /usr/lib/x86_64-linux-gnu/libX11.so.6.3.0
7fdfc232f000-7fdfc2330000 r--p 00135000 08:06 1836448                    /usr/lib/x86_64-linux-gnu/libX11.so.6.3.0
7fdfc2330000-7fdfc2334000 rw-p 00136000 08:06 1836448                    /usr/lib/x86_64-linux-gnu/libX11.so.6.3.0
7fdfc2334000-7fdfc2345000 r-xp 00000000 08:06 1836465                    /usr/lib/x86_64-linux-gnu/libXext.so.6.4.0
7fdfc2345000-7fdfc2544000 ---p 00011000 08:06 1836465                    /usr/lib/x86_64-linux-gnu/libXext.so.6.4.0
7fdfc2544000-7fdfc2545000 r--p 00010000 08:06 1836465                    /usr/lib/x86_64-linux-gnu/libXext.so.6.4.0
7fdfc2545000-7fdfc2546000 rw-p 00011000 08:06 1836465                    /usr/lib/x86_64-linux-gnu/libXext.so.6.4.0
7fdfc2546000-7fdfc259a000 r-xp 00000000 08:06 1839509                    /usr/lib/jvm/java-8-oracle/jre/lib/amd64/libawt_xawt.so
7fdfc259a000-7fdfc279a000 ---p 00054000 08:06 1839509                    /usr/lib/jvm/java-8-oracle/jre/lib/amd64/libawt_xawt.so
7fdfc279a000-7fdfc279e000 rw-p 00054000 08:06 1839509                    /usr/lib/jvm/java-8-oracle/jre/lib/amd64/libawt_xawt.so
7fdfc279e000-7fdfc279f000 rw-p 00000000 00:00 0 
7fdfc279f000-7fdfc2841000 r-xp 00000000 08:06 1839542                    /usr/lib/jvm/java-8-oracle/jre/lib/amd64/libawt.so
7fdfc2841000-7fdfc2a41000 ---p 000a2000 08:06 1839542                    /usr/lib/jvm/java-8-oracle/jre/lib/amd64/libawt.so
7fdfc2a41000-7fdfc2a4d000 rw-p 000a2000 08:06 1839542                    /usr/lib/jvm/java-8-oracle/jre/lib/amd64/libawt.so
7fdfc2a4d000-7fdfc2a71000 rw-p 00000000 00:00 0 
7fdfc2a71000-7fdfc2a72000 ---p 00000000 00:00 0 
7fdfc2a72000-7fdfc2b72000 rw-p 00000000 00:00 0 
7fdfc2b72000-7fdfc2b75000 ---p 00000000 00:00 0 
7fdfc2b75000-7fdfc2c73000 rw-p 00000000 00:00 0 
7fdfc2c73000-7fdfc2c76000 ---p 00000000 00:00 0 
7fdfc2c76000-7fdfc2d74000 rw-p 00000000 00:00 0 
7fdfc2d74000-7fdfc2d77000 ---p 00000000 00:00 0 
7fdfc2d77000-7fdfc2e75000 rw-p 00000000 00:00 0 
7fdfc2e75000-7fdfc2e78000 ---p 00000000 00:00 0 
7fdfc2e78000-7fdfc2f76000 rw-p 00000000 00:00 0 
7fdfc2f76000-7fdfc3250000 r--p 00000000 08:06 1831582                    /usr/lib/locale/locale-archive
7fdfc3250000-7fdfc5000000 rw-p 00000000 00:00 0 
7fdfc5000000-7fdfc5450000 rwxp 00000000 00:00 0 
7fdfc5450000-7fdfd4000000 ---p 00000000 00:00 0 
7fdfd4000000-7fdfd4664000 rw-p 00000000 00:00 0 
7fdfd4664000-7fdfd8000000 ---p 00000000 00:00 0 
7fdfd800f000-7fdfd80a5000 rw-s 00000000 00:05 20119582                   /SYSV00000000 (deleted)
7fdfd80a5000-7fdfd80af000 r--s 00116000 08:06 1839562                    /usr/lib/jvm/java-8-oracle/jre/lib/ext/localedata.jar
7fdfd80af000-7fdfd80c2000 r--s 00345000 08:06 1849281                    /usr/lib/jvm/java-8-oracle/jre/lib/resources.jar
7fdfd80c2000-7fdfd80e3000 r--p 00000000 08:06 2111345                    /usr/share/locale-langpack/pt_BR/LC_MESSAGES/libc.mo
7fdfd80e3000-7fdfd8100000 r--s 00653000 08:06 2376266                    /usr/lib/jvm/TotalCross3/dist/tc.jar
7fdfd8100000-7fdfd8103000 ---p 00000000 00:00 0 
7fdfd8103000-7fdfd8201000 rw-p 00000000 00:00 0 
7fdfd8201000-7fdfd8204000 ---p 00000000 00:00 0 
7fdfd8204000-7fdfd8302000 rw-p 00000000 00:00 0 
7fdfd8302000-7fdfd8303000 ---p 00000000 00:00 0 
7fdfd8303000-7fdfd8d7c000 rw-p 00000000 00:00 0 
7fdfd8d7c000-7fdfd8f54000 r--s 03d2a000 08:06 1839474                    /usr/lib/jvm/java-8-oracle/jre/lib/rt.jar
7fdfd8f54000-7fdfd99a5000 rw-p 00000000 00:00 0 
7fdfd99a5000-7fdfd99a6000 ---p 00000000 00:00 0 
7fdfd99a6000-7fdfd9aa6000 rw-p 00000000 00:00 0 
7fdfd9aa6000-7fdfd9aa7000 ---p 00000000 00:00 0 
7fdfd9aa7000-7fdfd9bbb000 rw-p 00000000 00:00 0 
7fdfd9bbb000-7fdfd9ce4000 ---p 00000000 00:00 0 
7fdfd9ce4000-7fdfd9cf8000 rw-p 00000000 00:00 0 
7fdfd9cf8000-7fdfd9e20000 ---p 00000000 00:00 0 
7fdfd9e20000-7fdfd9e33000 rw-p 00000000 00:00 0 
7fdfd9e33000-7fdfd9ebf000 ---p 00000000 00:00 0 
7fdfd9ebf000-7fdfd9ed2000 rw-p 00000000 00:00 0 
7fdfd9ed2000-7fdfda280000 ---p 00000000 00:00 0 
7fdfda280000-7fdfda29a000 r-xp 00000000 08:06 1839505                    /usr/lib/jvm/java-8-oracle/jre/lib/amd64/libzip.so
7fdfda29a000-7fdfda49a000 ---p 0001a000 08:06 1839505                    /usr/lib/jvm/java-8-oracle/jre/lib/amd64/libzip.so
7fdfda49a000-7fdfda49b000 rw-p 0001a000 08:06 1839505                    /usr/lib/jvm/java-8-oracle/jre/lib/amd64/libzip.so
7fdfda49b000-7fdfda4a6000 r-xp 00000000 08:06 1584364                    /lib/x86_64-linux-gnu/libnss_files-2.23.so
7fdfda4a6000-7fdfda6a5000 ---p 0000b000 08:06 1584364                    /lib/x86_64-linux-gnu/libnss_files-2.23.so
7fdfda6a5000-7fdfda6a6000 r--p 0000a000 08:06 1584364                    /lib/x86_64-linux-gnu/libnss_files-2.23.so
7fdfda6a6000-7fdfda6a7000 rw-p 0000b000 08:06 1584364                    /lib/x86_64-linux-gnu/libnss_files-2.23.so
7fdfda6a7000-7fdfda6ad000 rw-p 00000000 00:00 0 
7fdfda6ad000-7fdfda6b8000 r-xp 00000000 08:06 1584361                    /lib/x86_64-linux-gnu/libnss_nis-2.23.so
7fdfda6b8000-7fdfda8b7000 ---p 0000b000 08:06 1584361                    /lib/x86_64-linux-gnu/libnss_nis-2.23.so
7fdfda8b7000-7fdfda8b8000 r--p 0000a000 08:06 1584361                    /lib/x86_64-linux-gnu/libnss_nis-2.23.so
7fdfda8b8000-7fdfda8b9000 rw-p 0000b000 08:06 1584361                    /lib/x86_64-linux-gnu/libnss_nis-2.23.so
7fdfda8b9000-7fdfda8cf000 r-xp 00000000 08:06 1584358                    /lib/x86_64-linux-gnu/libnsl-2.23.so
7fdfda8cf000-7fdfdaace000 ---p 00016000 08:06 1584358                    /lib/x86_64-linux-gnu/libnsl-2.23.so
7fdfdaace000-7fdfdaacf000 r--p 00015000 08:06 1584358                    /lib/x86_64-linux-gnu/libnsl-2.23.so
7fdfdaacf000-7fdfdaad0000 rw-p 00016000 08:06 1584358                    /lib/x86_64-linux-gnu/libnsl-2.23.so
7fdfdaad0000-7fdfdaad2000 rw-p 00000000 00:00 0 
7fdfdaad2000-7fdfdaada000 r-xp 00000000 08:06 1584254                    /lib/x86_64-linux-gnu/libnss_compat-2.23.so
7fdfdaada000-7fdfdacd9000 ---p 00008000 08:06 1584254                    /lib/x86_64-linux-gnu/libnss_compat-2.23.so
7fdfdacd9000-7fdfdacda000 r--p 00007000 08:06 1584254                    /lib/x86_64-linux-gnu/libnss_compat-2.23.so
7fdfdacda000-7fdfdacdb000 rw-p 00008000 08:06 1584254                    /lib/x86_64-linux-gnu/libnss_compat-2.23.so
7fdfdacdb000-7fdfdad06000 r-xp 00000000 08:06 1839532                    /usr/lib/jvm/java-8-oracle/jre/lib/amd64/libjava.so
7fdfdad06000-7fdfdaf05000 ---p 0002b000 08:06 1839532                    /usr/lib/jvm/java-8-oracle/jre/lib/amd64/libjava.so
7fdfdaf05000-7fdfdaf07000 rw-p 0002a000 08:06 1839532                    /usr/lib/jvm/java-8-oracle/jre/lib/amd64/libjava.so
7fdfdaf07000-7fdfdaf14000 r-xp 00000000 08:06 1839483                    /usr/lib/jvm/java-8-oracle/jre/lib/amd64/libverify.so
7fdfdaf14000-7fdfdb113000 ---p 0000d000 08:06 1839483                    /usr/lib/jvm/java-8-oracle/jre/lib/amd64/libverify.so
7fdfdb113000-7fdfdb115000 rw-p 0000c000 08:06 1839483                    /usr/lib/jvm/java-8-oracle/jre/lib/amd64/libverify.so
7fdfdb115000-7fdfdb11c000 r-xp 00000000 08:06 1584379                    /lib/x86_64-linux-gnu/librt-2.23.so
7fdfdb11c000-7fdfdb31b000 ---p 00007000 08:06 1584379                    /lib/x86_64-linux-gnu/librt-2.23.so
7fdfdb31b000-7fdfdb31c000 r--p 00006000 08:06 1584379                    /lib/x86_64-linux-gnu/librt-2.23.so
7fdfdb31c000-7fdfdb31d000 rw-p 00007000 08:06 1584379                    /lib/x86_64-linux-gnu/librt-2.23.so
7fdfdb31d000-7fdfdb425000 r-xp 00000000 08:06 1584376                    /lib/x86_64-linux-gnu/libm-2.23.so
7fdfdb425000-7fdfdb624000 ---p 00108000 08:06 1584376                    /lib/x86_64-linux-gnu/libm-2.23.so
7fdfdb624000-7fdfdb625000 r--p 00107000 08:06 1584376                    /lib/x86_64-linux-gnu/libm-2.23.so
7fdfdb625000-7fdfdb626000 rw-p 00108000 08:06 1584376                    /lib/x86_64-linux-gnu/libm-2.23.so
7fdfdb626000-7fdfdc2f3000 r-xp 00000000 08:06 1839536                    /usr/lib/jvm/java-8-oracle/jre/lib/amd64/server/libjvm.so
7fdfdc2f3000-7fdfdc4f2000 ---p 00ccd000 08:06 1839536                    /usr/lib/jvm/java-8-oracle/jre/lib/amd64/server/libjvm.so
7fdfdc4f2000-7fdfdc5cb000 rw-p 00ccc000 08:06 1839536                    /usr/lib/jvm/java-8-oracle/jre/lib/amd64/server/libjvm.so
7fdfdc5cb000-7fdfdc616000 rw-p 00000000 00:00 0 
7fdfdc616000-7fdfdc7d5000 r-xp 00000000 08:06 1584384                    /lib/x86_64-linux-gnu/libc-2.23.so
7fdfdc7d5000-7fdfdc9d5000 ---p 001bf000 08:06 1584384                    /lib/x86_64-linux-gnu/libc-2.23.so
7fdfdc9d5000-7fdfdc9d9000 r--p 001bf000 08:06 1584384                    /lib/x86_64-linux-gnu/libc-2.23.so
7fdfdc9d9000-7fdfdc9db000 rw-p 001c3000 08:06 1584384                    /lib/x86_64-linux-gnu/libc-2.23.so
7fdfdc9db000-7fdfdc9df000 rw-p 00000000 00:00 0 
7fdfdc9df000-7fdfdc9e2000 r-xp 00000000 08:06 1584385                    /lib/x86_64-linux-gnu/libdl-2.23.so
7fdfdc9e2000-7fdfdcbe1000 ---p 00003000 08:06 1584385                    /lib/x86_64-linux-gnu/libdl-2.23.so
7fdfdcbe1000-7fdfdcbe2000 r--p 00002000 08:06 1584385                    /lib/x86_64-linux-gnu/libdl-2.23.so
7fdfdcbe2000-7fdfdcbe3000 rw-p 00003000 08:06 1584385                    /lib/x86_64-linux-gnu/libdl-2.23.so
7fdfdcbe3000-7fdfdcbf8000 r-xp 00000000 08:06 1838510                    /usr/lib/jvm/java-8-oracle/lib/amd64/jli/libjli.so
7fdfdcbf8000-7fdfdcdf8000 ---p 00015000 08:06 1838510                    /usr/lib/jvm/java-8-oracle/lib/amd64/jli/libjli.so
7fdfdcdf8000-7fdfdcdf9000 rw-p 00015000 08:06 1838510                    /usr/lib/jvm/java-8-oracle/lib/amd64/jli/libjli.so
7fdfdcdf9000-7fdfdce11000 r-xp 00000000 08:06 1584383                    /lib/x86_64-linux-gnu/libpthread-2.23.so
7fdfdce11000-7fdfdd010000 ---p 00018000 08:06 1584383                    /lib/x86_64-linux-gnu/libpthread-2.23.so
7fdfdd010000-7fdfdd011000 r--p 00017000 08:06 1584383                    /lib/x86_64-linux-gnu/libpthread-2.23.so
7fdfdd011000-7fdfdd012000 rw-p 00018000 08:06 1584383                    /lib/x86_64-linux-gnu/libpthread-2.23.so
7fdfdd012000-7fdfdd016000 rw-p 00000000 00:00 0 
7fdfdd016000-7fdfdd03c000 r-xp 00000000 08:06 1584380                    /lib/x86_64-linux-gnu/ld-2.23.so
7fdfdd03f000-7fdfdd043000 r--s 00097000 08:06 1839426                    /usr/lib/jvm/java-8-oracle/jre/lib/jsse.jar
7fdfdd043000-7fdfdd11b000 rw-p 00000000 00:00 0 
7fdfdd11b000-7fdfdd11e000 ---p 00000000 00:00 0 
7fdfdd11e000-7fdfdd220000 rw-p 00000000 00:00 0 
7fdfdd220000-7fdfdd223000 r--s 0001a000 08:06 1849311                    /usr/lib/jvm/java-8-oracle/jre/lib/jce.jar
7fdfdd223000-7fdfdd22a000 r--s 00000000 08:06 1982217                    /usr/lib/x86_64-linux-gnu/gconv/gconv-modules.cache
7fdfdd22a000-7fdfdd22f000 r--s 002f9000 08:06 1839427                    /usr/lib/jvm/java-8-oracle/jre/lib/charsets.jar
7fdfdd22f000-7fdfdd237000 rw-s 00000000 08:06 1574604                    /tmp/hsperfdata_root/19028
7fdfdd237000-7fdfdd238000 rw-p 00000000 00:00 0 
7fdfdd238000-7fdfdd239000 r--p 00000000 00:00 0 
7fdfdd239000-7fdfdd23b000 rw-p 00000000 00:00 0 
7fdfdd23b000-7fdfdd23c000 r--p 00025000 08:06 1584380                    /lib/x86_64-linux-gnu/ld-2.23.so
7fdfdd23c000-7fdfdd23d000 rw-p 00026000 08:06 1584380                    /lib/x86_64-linux-gnu/ld-2.23.so
7fdfdd23d000-7fdfdd23e000 rw-p 00000000 00:00 0 
7ffe51698000-7ffe516b9000 rw-p 00000000 00:00 0                          [stack]
7ffe516cf000-7ffe516d1000 r--p 00000000 00:00 0                          [vvar]
7ffe516d1000-7ffe516d3000 r-xp 00000000 00:00 0                          [vdso]
ffffffffff600000-ffffffffff601000 r-xp 00000000 00:00 0                  [vsyscall]

VM Arguments:
jvm_args: -Dfile.encoding=UTF-8 
java_command: totalcross.Launcher /scr android /r 54435354004303E26A1D9E0F com.softsite.tccrud.view.Main
java_class_path (initial): /root/workspace/TCCRUDRenanAdam/bin:/usr/lib/jvm/TotalCross3/dist/tc.jar
Launcher Type: SUN_STANDARD

Environment Variables:
JAVA_HOME=/usr/lib/jvm/java-8-oracle
PATH=/usr/local/sbin:/usr/local/bin:/usr/sbin:/usr/bin:/sbin:/bin:/snap/bin
USERNAME=root
SHELL=/bin/bash
DISPLAY=:0.0

Signal Handlers:
SIGSEGV: [libjvm.so+0xac64b0], sa_mask[0]=11111111011111111101111111111110, sa_flags=SA_RESTART|SA_SIGINFO
SIGBUS: [libjvm.so+0xac64b0], sa_mask[0]=11111111011111111101111111111110, sa_flags=SA_RESTART|SA_SIGINFO
SIGFPE: [libjvm.so+0x91f950], sa_mask[0]=11111111011111111101111111111110, sa_flags=SA_RESTART|SA_SIGINFO
SIGPIPE: [libjvm.so+0x91f950], sa_mask[0]=11111111011111111101111111111110, sa_flags=SA_RESTART|SA_SIGINFO
SIGXFSZ: [libjvm.so+0x91f950], sa_mask[0]=11111111011111111101111111111110, sa_flags=SA_RESTART|SA_SIGINFO
SIGILL: [libjvm.so+0x91f950], sa_mask[0]=11111111011111111101111111111110, sa_flags=SA_RESTART|SA_SIGINFO
SIGUSR1: SIG_DFL, sa_mask[0]=00000000000000000000000000000000, sa_flags=none
SIGUSR2: [libjvm.so+0x920f80], sa_mask[0]=00100000000000000000000000000000, sa_flags=SA_RESTART|SA_SIGINFO
SIGHUP: [libjvm.so+0x922380], sa_mask[0]=11111111011111111101111111111110, sa_flags=SA_RESTART|SA_SIGINFO
SIGINT: [libjvm.so+0x922380], sa_mask[0]=11111111011111111101111111111110, sa_flags=SA_RESTART|SA_SIGINFO
SIGTERM: [libjvm.so+0x922380], sa_mask[0]=11111111011111111101111111111110, sa_flags=SA_RESTART|SA_SIGINFO
SIGQUIT: [libjvm.so+0x922380], sa_mask[0]=11111111011111111101111111111110, sa_flags=SA_RESTART|SA_SIGINFO


---------------  S Y S T E M  ---------------

OS:DISTRIB_ID=Ubuntu
DISTRIB_RELEASE=16.04
DISTRIB_CODENAME=xenial
DISTRIB_DESCRIPTION="Ubuntu 16.04.1 LTS"

uname:Linux 4.4.0-47-generic #68-Ubuntu SMP Wed Oct 26 19:39:52 UTC 2016 x86_64
libc:glibc 2.23 NPTL 2.23 
rlimit: STACK 8192k, CORE 0k, NPROC 15014, NOFILE 65536, AS infinity
load average:1,48 1,22 0,93

/proc/meminfo:
MemTotal:        3884020 kB
MemFree:          129740 kB
MemAvailable:     626580 kB
Buffers:           56612 kB
Cached:           735300 kB
SwapCached:        31856 kB
Active:          2382372 kB
Inactive:        1226892 kB
Active(anon):    1998576 kB
Inactive(anon):   936040 kB
Active(file):     383796 kB
Inactive(file):   290852 kB
Unevictable:          32 kB
Mlocked:              32 kB
SwapTotal:       1429500 kB
SwapFree:        1288352 kB
Dirty:               204 kB
Writeback:             0 kB
AnonPages:       2787040 kB
Mapped:           297116 kB
Shmem:            117304 kB
Slab:              79268 kB
SReclaimable:      53624 kB
SUnreclaim:        25644 kB
KernelStack:        8144 kB
PageTables:        28880 kB
NFS_Unstable:          0 kB
Bounce:                0 kB
WritebackTmp:          0 kB
CommitLimit:     3371508 kB
Committed_AS:    5351504 kB
VmallocTotal:   34359738367 kB
VmallocUsed:           0 kB
VmallocChunk:          0 kB
HardwareCorrupted:     0 kB
AnonHugePages:   1863680 kB
CmaTotal:              0 kB
CmaFree:               0 kB
HugePages_Total:       0
HugePages_Free:        0
HugePages_Rsvd:        0
HugePages_Surp:        0
Hugepagesize:       2048 kB
DirectMap4k:       93612 kB
DirectMap2M:     3936256 kB


CPU:total 2 (2 cores per cpu, 1 threads per core) family 6 model 23 stepping 10, cmov, cx8, fxsr, mmx, sse, sse2, sse3, ssse3, sse4.1, tsc

/proc/cpuinfo:
processor	: 0
vendor_id	: GenuineIntel
cpu family	: 6
model		: 23
model name	: Intel(R) Core(TM)2 Duo CPU     T6600  @ 2.20GHz
stepping	: 10
microcode	: 0xa07
cpu MHz		: 2200.000
cache size	: 2048 KB
physical id	: 0
siblings	: 2
core id		: 0
cpu cores	: 2
apicid		: 0
initial apicid	: 0
fpu		: yes
fpu_exception	: yes
cpuid level	: 13
wp		: yes
flags		: fpu vme de pse tsc msr pae mce cx8 apic sep mtrr pge mca cmov pat pse36 clflush dts acpi mmx fxsr sse sse2 ss ht tm pbe syscall nx lm constant_tsc arch_perfmon pebs bts rep_good nopl aperfmperf pni dtes64 monitor ds_cpl est tm2 ssse3 cx16 xtpr pdcm sse4_1 xsave lahf_lm dtherm
bugs		:
bogomips	: 4385.98
clflush size	: 64
cache_alignment	: 64
address sizes	: 36 bits physical, 48 bits virtual
power management:

processor	: 1
vendor_id	: GenuineIntel
cpu family	: 6
model		: 23
model name	: Intel(R) Core(TM)2 Duo CPU     T6600  @ 2.20GHz
stepping	: 10
microcode	: 0xa07
cpu MHz		: 2200.000
cache size	: 2048 KB
physical id	: 0
siblings	: 2
core id		: 1
cpu cores	: 2
apicid		: 1
initial apicid	: 1
fpu		: yes
fpu_exception	: yes
cpuid level	: 13
wp		: yes
flags		: fpu vme de pse tsc msr pae mce cx8 apic sep mtrr pge mca cmov pat pse36 clflush dts acpi mmx fxsr sse sse2 ss ht tm pbe syscall nx lm constant_tsc arch_perfmon pebs bts rep_good nopl aperfmperf pni dtes64 monitor ds_cpl est tm2 ssse3 cx16 xtpr pdcm sse4_1 xsave lahf_lm dtherm
bugs		:
bogomips	: 4385.98
clflush size	: 64
cache_alignment	: 64
address sizes	: 36 bits physical, 48 bits virtual
power management:



Memory: 4k page, physical 3884020k(129740k free), swap 1429500k(1288352k free)

vm_info: Java HotSpot(TM) 64-Bit Server VM (25.111-b14) for linux-amd64 JRE (1.8.0_111-b14), built on Sep 22 2016 16:14:03 by "java_re" with gcc 4.3.0 20080428 (Red Hat 4.3.0-8)

time: Mon Nov 28 05:46:28 2016
elapsed time: 16 seconds (0d 0h 0m 16s)

