#
# A fatal error has been detected by the Java Runtime Environment:
#
#  SIGSEGV (0xb) at pc=0x00007f2e1ee10d24, pid=12189, tid=0x00007f2ddd30c700
#
# JRE version: Java(TM) SE Runtime Environment (8.0_111-b14) (build 1.8.0_111-b14)
# Java VM: Java HotSpot(TM) 64-Bit Server VM (25.111-b14 mixed mode linux-amd64 compressed oops)
# Problematic frame:
# C  [ld-linux-x86-64.so.2+0x9d24]
#
# Failed to write core dump. Core dumps have been disabled. To enable core dumping, try "ulimit -c unlimited" before starting Java again
#
# If you would like to submit a bug report, please visit:
#   http://bugreport.java.com/bugreport/crash.jsp
# The crash happened outside the Java Virtual Machine in native code.
# See problematic frame for where to report the bug.
#

---------------  T H R E A D  ---------------

Current thread (0x00007f2dc409e000):  JavaThread "Secondary finalizer" [_thread_in_native, id=12222, stack(0x00007f2ddd20c000,0x00007f2ddd30d000)]

siginfo: si_signo: 11 (SIGSEGV), si_code: 1 (SEGV_MAPERR), si_addr: 0x0000000000000068

Registers:
RAX=0x0000000000000040, RBX=0x00007f2e1f0109f0, RCX=0x000000000000003d, RDX=0x00000000000003f3
RSP=0x00007f2ddd30a910, RBP=0x0000000000000002, RSI=0x0000000000041204, RDI=0x00007f2de8000b40
R8 =0x00007f2ddd30aa70, R9 =0x00007f2dd40518e8, R10=0x00007f2e1f02d040, R11=0x0000000000000001
R12=0x0000000000000003, R13=0x0000000000000000, R14=0x00007f2dd4040a90, R15=0x0000000000000000
RIP=0x00007f2e1ee10d24, EFLAGS=0x0000000000010202, CSGSFS=0x0000000000000033, ERR=0x0000000000000004
  TRAPNO=0x000000000000000e

Top of Stack: (sp=0x00007f2ddd30a910)
0x00007f2ddd30a910:   00000000000002c8 00007f2de8000b40
0x00007f2ddd30a920:   0000000000000000 00007f2ddd30a998
0x00007f2ddd30a930:   00000000bc8b46fd 0000000002f22d1b
0x00007f2ddd30a940:   00007f2e0000003d 00007f2ddd30aa70
0x00007f2ddd30a950:   00007f2e1e417ff8 00007f2e1e40ad80
0x00007f2ddd30a960:   00007f2ddd30a994 00007f2ddd30aa60
0x00007f2ddd30a970:   00007f2dd4005a86 00007f2ddd30b266
0x00007f2ddd30a980:   00007f2ddd30b240 00007f2e1dd4680b
0x00007f2ddd30a990:   0000000000000000 0000000000000000
0x00007f2ddd30a9a0:   000000009f32d4c1 00007f2dd40519b8
0x00007f2ddd30a9b0:   00007f2ddd30ab00 0000000000000000
0x00007f2ddd30a9c0:   0000000000000000 00007f2dd4051630
0x00007f2ddd30a9d0:   00007f2ddd30ab48 00007f2e1ee1194f
0x00007f2ddd30a9e0:   0000000000000000 0000000000000000
0x00007f2ddd30a9f0:   0000000000000002 0000000000000000
0x00007f2ddd30aa00:   0000000000000000 00007f2dd4051630
0x00007f2ddd30aa10:   0000000000000034 00007f2e18016028
0x00007f2ddd30aa20:   00007f2ddd30ab70 0000000000000000
0x00007f2ddd30aa30:   00007f2dd40519b8 00007f2ddd30aa70
0x00007f2ddd30aa40:   00000000dd30abb8 00007f2ddd30aa60
0x00007f2ddd30aa50:   00000000bc8b46fd 00007f2de8000b40
0x00007f2ddd30aa60:   00000000ffffffff 0000000000000000
0x00007f2ddd30aa70:   0000000000000000 0000000000000000
0x00007f2ddd30aa80:   00007f2ddd30b340 00007f2e1dd4680b
0x00007f2ddd30aa90:   00000066ec04d8b0 0000000000000000
0x00007f2ddd30aaa0:   00007f2e18016028 00007f2ddd30aae0
0x00007f2ddd30aab0:   0000000000000330 00007f2ddd30aad0
0x00007f2ddd30aac0:   000000009f32d4c1 00007f2de8000b10
0x00007f2ddd30aad0:   00000000ffffffff 00007f2de8000b40
0x00007f2ddd30aae0:   0000000001798180 00007f2e1f02cca0
0x00007f2ddd30aaf0:   0000000000000000 00007f2dd4051630
0x00007f2ddd30ab00:   00007f2ddd30abc0 00007f2e1e549cc3 

Instructions: (pc=0x00007f2e1ee10d24)
0x00007f2e1ee10d04:   24 50 48 8d 84 24 88 00 00 00 48 89 44 24 18 89
0x00007f2e1ee10d14:   f0 83 e0 3f 89 44 24 30 0f 1f 40 00 49 8b 04 ee
0x00007f2e1ee10d24:   48 8b 58 28 4c 39 eb 0f 84 ef 00 00 00 45 85 ff
0x00007f2e1ee10d34:   74 0d f6 83 14 03 00 00 03 0f 84 dd 00 00 00 f6 

Register to memory mapping:

RAX=0x0000000000000040 is an unknown value
RBX=0x00007f2e1f0109f0 is an unknown value
RCX=0x000000000000003d is an unknown value
RDX=0x00000000000003f3 is an unknown value
RSP=0x00007f2ddd30a910 is pointing into the stack for thread: 0x00007f2dc409e000
RBP=0x0000000000000002 is an unknown value
RSI=0x0000000000041204 is an unknown value
RDI=0x00007f2de8000b40 is an unknown value
R8 =0x00007f2ddd30aa70 is pointing into the stack for thread: 0x00007f2dc409e000
R9 =0x00007f2dd40518e8 is an unknown value
R10=0x00007f2e1f02d040: _rtld_global+0 in /lib64/ld-linux-x86-64.so.2 at 0x00007f2e1ee07000
R11=0x0000000000000001 is an unknown value
R12=0x0000000000000003 is an unknown value
R13=0x0000000000000000 is an unknown value
R14=0x00007f2dd4040a90 is an unknown value
R15=0x0000000000000000 is an unknown value


Stack: [0x00007f2ddd20c000,0x00007f2ddd30d000],  sp=0x00007f2ddd30a910,  free space=1018k
Native frames: (J=compiled Java code, j=interpreted, Vv=VM code, C=native code)
C  [ld-linux-x86-64.so.2+0x9d24]

Java frames: (J=compiled Java code, j=interpreted, Vv=VM code)
J 290  java.lang.ClassLoader$NativeLibrary.find(Ljava/lang/String;)J (0 bytes) @ 0x00007f2e091b0a0c [0x00007f2e091b09c0+0x4c]
j  java.lang.ClassLoader.findNative(Ljava/lang/ClassLoader;Ljava/lang/String;)J+49
v  ~StubRoutines::call_stub
j  org.sqlite.core.NativeDB.free_functions()V+0
j  org.sqlite.core.DB.close()V+102
j  org.sqlite.core.CoreConnection.close()V+26
j  org.sqlite.core.CoreConnection.finalize()V+1
j  java.lang.System$2.invokeFinalize(Ljava/lang/Object;)V+1
j  java.lang.ref.Finalizer.runFinalizer(Lsun/misc/JavaLangAccess;)V+46
j  java.lang.ref.Finalizer.access$100(Ljava/lang/ref/Finalizer;Lsun/misc/JavaLangAccess;)V+2
j  java.lang.ref.Finalizer$3.run()V+58
j  java.lang.Thread.run()V+11
v  ~StubRoutines::call_stub

---------------  P R O C E S S  ---------------

Java Threads: ( => current thread )
=>0x00007f2dc409e000 JavaThread "Secondary finalizer" [_thread_in_native, id=12222, stack(0x00007f2ddd20c000,0x00007f2ddd30d000)]
  0x00007f2dc41c6800 JavaThread "TC Event Thread" daemon [_thread_blocked, id=12216, stack(0x00007f2ddce08000,0x00007f2ddcf09000)]
  0x00007f2e18009800 JavaThread "DestroyJavaVM" [_thread_blocked, id=12195, stack(0x00007f2e1ef0c000,0x00007f2e1f00d000)]
  0x00007f2e182af000 JavaThread "AWT-EventQueue-0" [_thread_blocked, id=12209, stack(0x00007f2dde2d8000,0x00007f2dde3d9000)]
  0x00007f2e18265000 JavaThread "AWT-Shutdown" [_thread_blocked, id=12208, stack(0x00007f2dde5d9000,0x00007f2dde6da000)]
  0x00007f2e18249800 JavaThread "AWT-XAWT" daemon [_thread_in_native, id=12207, stack(0x00007f2dde6da000,0x00007f2dde7db000)]
  0x00007f2e1822a000 JavaThread "Java2D Disposer" daemon [_thread_blocked, id=12206, stack(0x00007f2e040cc000,0x00007f2e041cd000)]
  0x00007f2e180cb800 JavaThread "Service Thread" daemon [_thread_blocked, id=12204, stack(0x00007f2e04a62000,0x00007f2e04b63000)]
  0x00007f2e180b6800 JavaThread "C1 CompilerThread1" daemon [_thread_blocked, id=12203, stack(0x00007f2e04b63000,0x00007f2e04c64000)]
  0x00007f2e180b4000 JavaThread "C2 CompilerThread0" daemon [_thread_blocked, id=12202, stack(0x00007f2e04c64000,0x00007f2e04d65000)]
  0x00007f2e180b2800 JavaThread "Signal Dispatcher" daemon [_thread_blocked, id=12201, stack(0x00007f2e04d65000,0x00007f2e04e66000)]
  0x00007f2e1807f800 JavaThread "Finalizer" daemon [_thread_blocked, id=12200, stack(0x00007f2e05140000,0x00007f2e05241000)]
  0x00007f2e1807b000 JavaThread "Reference Handler" daemon [_thread_blocked, id=12199, stack(0x00007f2e05241000,0x00007f2e05342000)]

Other Threads:
  0x00007f2e18073000 VMThread [stack: 0x00007f2e05342000,0x00007f2e05443000] [id=12198]
  0x00007f2e180ce800 WatcherThread [stack: 0x00007f2e04961000,0x00007f2e04a62000] [id=12205]

VM state:not at safepoint (normal execution)

VM Mutex/Monitor currently owned by a thread: None

Heap:
 PSYoungGen      total 17920K, used 12025K [0x00000000ec380000, 0x00000000ee680000, 0x0000000100000000)
  eden space 15360K, 61% used [0x00000000ec380000,0x00000000eccbe8f8,0x00000000ed280000)
  from space 2560K, 99% used [0x00000000ed280000,0x00000000ed4ffd80,0x00000000ed500000)
  to   space 2560K, 0% used [0x00000000ee400000,0x00000000ee400000,0x00000000ee680000)
 ParOldGen       total 40960K, used 4412K [0x00000000c4a00000, 0x00000000c7200000, 0x00000000ec380000)
  object space 40960K, 10% used [0x00000000c4a00000,0x00000000c4e4f2b8,0x00000000c7200000)
 Metaspace       used 14441K, capacity 14720K, committed 14848K, reserved 1062912K
  class space    used 1679K, capacity 1772K, committed 1792K, reserved 1048576K

Card table byte_map: [0x00007f2e08a64000,0x00007f2e08c40000] byte_map_base: 0x00007f2e0843f000

Marking Bits: (ParMarkBitMap*) 0x00007f2e1e3da220
 Begin Bits: [0x00007f2e06975000, 0x00007f2e0784d000)
 End Bits:   [0x00007f2e0784d000, 0x00007f2e08725000)

Polling page: 0x00007f2e1f029000

CodeCache: size=245760Kb used=3179Kb max_used=3179Kb free=242580Kb
 bounds [0x00007f2e09000000, 0x00007f2e09320000, 0x00007f2e18000000]
 total_blobs=1274 nmethods=713 adapters=477
 compilation: enabled

Compilation events (10 events):
Event: 22,616 Thread 0x00007f2e180b6800  709       3       sun.awt.X11.XAnyEvent::<init> (30 bytes)
Event: 22,617 Thread 0x00007f2e180b6800 nmethod 709 0x00007f2e093190d0 code [0x00007f2e09319260, 0x00007f2e09319608]
Event: 22,647 Thread 0x00007f2e180b6800  710       3       java.util.TreeMap::getEntry (84 bytes)
Event: 22,648 Thread 0x00007f2e180b6800 nmethod 710 0x00007f2e093197d0 code [0x00007f2e093199a0, 0x00007f2e0931a028]
Event: 22,655 Thread 0x00007f2e180b6800  711  s    3       java.awt.Toolkit::getDefaultToolkit (24 bytes)
Event: 22,656 Thread 0x00007f2e180b6800 nmethod 711 0x00007f2e0931a210 code [0x00007f2e0931a3a0, 0x00007f2e0931a7f8]
Event: 22,679 Thread 0x00007f2e180b6800  712       3       sun.awt.X11.XlibUtil::getButtonMask (18 bytes)
Event: 22,679 Thread 0x00007f2e180b6800 nmethod 712 0x00007f2e0931a950 code [0x00007f2e0931aac0, 0x00007f2e0931ac90]
Event: 23,790 Thread 0x00007f2e180b6800  714       3       java.util.LinkedHashMap$LinkedHashIterator::hasNext (13 bytes)
Event: 23,790 Thread 0x00007f2e180b6800 nmethod 714 0x00007f2e0931b090 code [0x00007f2e0931b200, 0x00007f2e0931b3b0]

GC Heap History (2 events):
Event: 1,215 GC heap before
{Heap before GC invocations=1 (full 0):
 PSYoungGen      total 17920K, used 15360K [0x00000000ec380000, 0x00000000ed780000, 0x0000000100000000)
  eden space 15360K, 100% used [0x00000000ec380000,0x00000000ed280000,0x00000000ed280000)
  from space 2560K, 0% used [0x00000000ed500000,0x00000000ed500000,0x00000000ed780000)
  to   space 2560K, 0% used [0x00000000ed280000,0x00000000ed280000,0x00000000ed500000)
 ParOldGen       total 40960K, used 0K [0x00000000c4a00000, 0x00000000c7200000, 0x00000000ec380000)
  object space 40960K, 0% used [0x00000000c4a00000,0x00000000c4a00000,0x00000000c7200000)
 Metaspace       used 12336K, capacity 12536K, committed 12800K, reserved 1060864K
  class space    used 1452K, capacity 1514K, committed 1536K, reserved 1048576K
Event: 1,242 GC heap after
Heap after GC invocations=1 (full 0):
 PSYoungGen      total 17920K, used 2559K [0x00000000ec380000, 0x00000000ee680000, 0x0000000100000000)
  eden space 15360K, 0% used [0x00000000ec380000,0x00000000ec380000,0x00000000ed280000)
  from space 2560K, 99% used [0x00000000ed280000,0x00000000ed4ffd80,0x00000000ed500000)
  to   space 2560K, 0% used [0x00000000ee400000,0x00000000ee400000,0x00000000ee680000)
 ParOldGen       total 40960K, used 4412K [0x00000000c4a00000, 0x00000000c7200000, 0x00000000ec380000)
  object space 40960K, 10% used [0x00000000c4a00000,0x00000000c4e4f2b8,0x00000000c7200000)
 Metaspace       used 12336K, capacity 12536K, committed 12800K, reserved 1060864K
  class space    used 1452K, capacity 1514K, committed 1536K, reserved 1048576K
}

Deoptimization events (2 events):
Event: 0,957 Thread 0x00007f2e18009800 Uncommon trap: reason=unstable_if action=reinterpret pc=0x00007f2e091fcb94 method=java.lang.String.<init>([CII)V @ 18
Event: 1,598 Thread 0x00007f2dc41c6800 Uncommon trap: reason=unstable_if action=reinterpret pc=0x00007f2e092162a8 method=java.lang.String.indexOf([CII[CIII)I @ 3

Internal exceptions (10 events):
Event: 22,290 Thread 0x00007f2e184ab800 Exception <a 'java/lang/InterruptedException': sleep interrupted> (0x00000000ec841468) thrown at [/HUDSON3/workspace/8-2-build-linux-amd64/jdk8u111/7883/hotspot/src/share/vm/prims/jvm.cpp, line 3224]
Event: 22,774 Thread 0x00007f2e184ab800 Exception <a 'java/lang/InterruptedException': sleep interrupted> (0x00000000ec841718) thrown at [/HUDSON3/workspace/8-2-build-linux-amd64/jdk8u111/7883/hotspot/src/share/vm/prims/jvm.cpp, line 3224]
Event: 22,790 Thread 0x00007f2e184ab800 Exception <a 'java/lang/InterruptedException': sleep interrupted> (0x00000000ec8419c8) thrown at [/HUDSON3/workspace/8-2-build-linux-amd64/jdk8u111/7883/hotspot/src/share/vm/prims/jvm.cpp, line 3224]
Event: 23,283 Thread 0x00007f2e184ab800 Exception <a 'java/lang/InterruptedException': sleep interrupted> (0x00000000ec841c78) thrown at [/HUDSON3/workspace/8-2-build-linux-amd64/jdk8u111/7883/hotspot/src/share/vm/prims/jvm.cpp, line 3224]
Event: 23,294 Thread 0x00007f2e184ab800 Exception <a 'java/lang/InterruptedException': sleep interrupted> (0x00000000ec841f28) thrown at [/HUDSON3/workspace/8-2-build-linux-amd64/jdk8u111/7883/hotspot/src/share/vm/prims/jvm.cpp, line 3224]
Event: 23,783 Thread 0x00007f2e184ab800 Exception <a 'java/lang/InterruptedException': sleep interrupted> (0x00000000ec8421d8) thrown at [/HUDSON3/workspace/8-2-build-linux-amd64/jdk8u111/7883/hotspot/src/share/vm/prims/jvm.cpp, line 3224]
Event: 23,786 Thread 0x00007f2dc41c6800 Exception <a 'java/io/FileNotFoundException'> (0x00000000ecbd76a8) thrown at [/HUDSON3/workspace/8-2-build-linux-amd64/jdk8u111/7883/hotspot/src/share/vm/prims/jni.cpp, line 709]
Event: 23,786 Thread 0x00007f2dc41c6800 Exception <a 'java/io/FileNotFoundException'> (0x00000000ecbd8190) thrown at [/HUDSON3/workspace/8-2-build-linux-amd64/jdk8u111/7883/hotspot/src/share/vm/prims/jni.cpp, line 709]
Event: 23,786 Thread 0x00007f2dc41c6800 Exception <a 'java/io/FileNotFoundException'> (0x00000000ecbd8fd8) thrown at [/HUDSON3/workspace/8-2-build-linux-amd64/jdk8u111/7883/hotspot/src/share/vm/prims/jni.cpp, line 709]
Event: 23,787 Thread 0x00007f2e184ab800 Exception <a 'java/lang/InterruptedException': sleep interrupted> (0x00000000ec842430) thrown at [/HUDSON3/workspace/8-2-build-linux-amd64/jdk8u111/7883/hotspot/src/share/vm/prims/jvm.cpp, line 3224]

Events (10 events):
Event: 23,789 Thread 0x00007f2dc409e000 Thread exited: 0x00007f2dc409e000
Event: 23,790 loading class java/lang/ref/Finalizer$3
Event: 23,790 loading class java/lang/ref/Finalizer$3 done
Event: 23,790 Thread 0x00007f2dc409e000 Thread added: 0x00007f2dc409e000
Event: 23,790 Executing VM operation: RevokeBias
Event: 23,790 Executing VM operation: RevokeBias done
Event: 23,790 Executing VM operation: RevokeBias
Event: 23,790 Executing VM operation: RevokeBias done
Event: 23,790 Executing VM operation: RevokeBias
Event: 23,790 Executing VM operation: RevokeBias done


Dynamic libraries:
00400000-00401000 r-xp 00000000 08:06 1839400                            /usr/lib/jvm/java-8-oracle/bin/java
00600000-00601000 rw-p 00000000 08:06 1839400                            /usr/lib/jvm/java-8-oracle/bin/java
01798000-01a47000 rw-p 00000000 00:00 0                                  [heap]
c4a00000-c7200000 rw-p 00000000 00:00 0 
c7200000-ec380000 ---p 00000000 00:00 0 
ec380000-ee680000 rw-p 00000000 00:00 0 
ee680000-100000000 ---p 00000000 00:00 0 
100000000-1001c0000 rw-p 00000000 00:00 0 
1001c0000-140000000 ---p 00000000 00:00 0 
7f2dc4000000-7f2dc4296000 rw-p 00000000 00:00 0 
7f2dc4296000-7f2dc8000000 ---p 00000000 00:00 0 
7f2dcc000000-7f2dcc05d000 rw-p 00000000 00:00 0 
7f2dcc05d000-7f2dd0000000 ---p 00000000 00:00 0 
7f2dd0000000-7f2dd00ac000 rw-p 00000000 00:00 0 
7f2dd00ac000-7f2dd4000000 ---p 00000000 00:00 0 
7f2dd4000000-7f2dd40b3000 rw-p 00000000 00:00 0 
7f2dd40b3000-7f2dd8000000 ---p 00000000 00:00 0 
7f2dd8000000-7f2dd8027000 rw-p 00000000 00:00 0 
7f2dd8027000-7f2ddc000000 ---p 00000000 00:00 0 
7f2ddc74d000-7f2ddc750000 ---p 00000000 00:00 0 
7f2ddc750000-7f2ddc84e000 rw-p 00000000 00:00 0 
7f2ddcb07000-7f2ddcbc7000 rw-p 00000000 00:00 0 
7f2ddcbc7000-7f2ddcd0a000 ---p 00000000 00:00 0 
7f2ddcd0a000-7f2ddce08000 rw-p 00000000 00:00 0 
7f2ddce08000-7f2ddce0b000 ---p 00000000 00:00 0 
7f2ddce0b000-7f2ddcf09000 rw-p 00000000 00:00 0 
7f2ddcf09000-7f2ddcf0c000 ---p 00000000 00:00 0 
7f2ddcf0c000-7f2ddd00a000 rw-p 00000000 00:00 0 
7f2ddd00a000-7f2ddd00d000 ---p 00000000 00:00 0 
7f2ddd00d000-7f2ddd10b000 rw-p 00000000 00:00 0 
7f2ddd10b000-7f2ddd10e000 ---p 00000000 00:00 0 
7f2ddd10e000-7f2ddd20c000 rw-p 00000000 00:00 0 
7f2ddd20c000-7f2ddd20f000 ---p 00000000 00:00 0 
7f2ddd20f000-7f2ddd50d000 rw-p 00000000 00:00 0 
7f2ddd50d000-7f2ddd576000 r-xp 00000000 08:06 1839539                    /usr/lib/jvm/java-8-oracle/jre/lib/amd64/libt2k.so
7f2ddd576000-7f2ddd776000 ---p 00069000 08:06 1839539                    /usr/lib/jvm/java-8-oracle/jre/lib/amd64/libt2k.so
7f2ddd776000-7f2ddd77d000 rw-p 00069000 08:06 1839539                    /usr/lib/jvm/java-8-oracle/jre/lib/amd64/libt2k.so
7f2ddd77d000-7f2ddd78d000 rw-p 00000000 00:00 0 
7f2ddd78d000-7f2ddd79e000 r-xp 00000000 08:06 1839507                    /usr/lib/jvm/java-8-oracle/jre/lib/amd64/libnio.so
7f2ddd79e000-7f2ddd99d000 ---p 00011000 08:06 1839507                    /usr/lib/jvm/java-8-oracle/jre/lib/amd64/libnio.so
7f2ddd99d000-7f2ddd99e000 rw-p 00010000 08:06 1839507                    /usr/lib/jvm/java-8-oracle/jre/lib/amd64/libnio.so
7f2ddd99e000-7f2ddd9b5000 r-xp 00000000 08:06 1584375                    /lib/x86_64-linux-gnu/libresolv-2.23.so
7f2ddd9b5000-7f2dddbb5000 ---p 00017000 08:06 1584375                    /lib/x86_64-linux-gnu/libresolv-2.23.so
7f2dddbb5000-7f2dddbb6000 r--p 00017000 08:06 1584375                    /lib/x86_64-linux-gnu/libresolv-2.23.so
7f2dddbb6000-7f2dddbb7000 rw-p 00018000 08:06 1584375                    /lib/x86_64-linux-gnu/libresolv-2.23.so
7f2dddbb7000-7f2dddbb9000 rw-p 00000000 00:00 0 
7f2dddbb9000-7f2dddbbe000 r-xp 00000000 08:06 1584382                    /lib/x86_64-linux-gnu/libnss_dns-2.23.so
7f2dddbbe000-7f2ddddbe000 ---p 00005000 08:06 1584382                    /lib/x86_64-linux-gnu/libnss_dns-2.23.so
7f2ddddbe000-7f2ddddbf000 r--p 00005000 08:06 1584382                    /lib/x86_64-linux-gnu/libnss_dns-2.23.so
7f2ddddbf000-7f2ddddc0000 rw-p 00006000 08:06 1584382                    /lib/x86_64-linux-gnu/libnss_dns-2.23.so
7f2ddddc0000-7f2dde0c1000 rw-p 00000000 00:00 0 
7f2dde0c1000-7f2dde0d7000 r-xp 00000000 08:06 1839482                    /usr/lib/jvm/java-8-oracle/jre/lib/amd64/libnet.so
7f2dde0d7000-7f2dde2d7000 ---p 00016000 08:06 1839482                    /usr/lib/jvm/java-8-oracle/jre/lib/amd64/libnet.so
7f2dde2d7000-7f2dde2d8000 rw-p 00016000 08:06 1839482                    /usr/lib/jvm/java-8-oracle/jre/lib/amd64/libnet.so
7f2dde2d8000-7f2dde2db000 ---p 00000000 00:00 0 
7f2dde2db000-7f2dde5d9000 rw-p 00000000 00:00 0 
7f2dde5d9000-7f2dde5dc000 ---p 00000000 00:00 0 
7f2dde5dc000-7f2dde6da000 rw-p 00000000 00:00 0 
7f2dde6da000-7f2dde6dd000 ---p 00000000 00:00 0 
7f2dde6dd000-7f2dde7db000 rw-p 00000000 00:00 0 
7f2dde7db000-7f2dde7e0000 r-xp 00000000 08:06 1836467                    /usr/lib/x86_64-linux-gnu/libXfixes.so.3.1.0
7f2dde7e0000-7f2dde9df000 ---p 00005000 08:06 1836467                    /usr/lib/x86_64-linux-gnu/libXfixes.so.3.1.0
7f2dde9df000-7f2dde9e0000 r--p 00004000 08:06 1836467                    /usr/lib/x86_64-linux-gnu/libXfixes.so.3.1.0
7f2dde9e0000-7f2dde9e1000 rw-p 00005000 08:06 1836467                    /usr/lib/x86_64-linux-gnu/libXfixes.so.3.1.0
7f2dde9e1000-7f2dde9ea000 r-xp 00000000 08:06 1836459                    /usr/lib/x86_64-linux-gnu/libXcursor.so.1.0.2
7f2dde9ea000-7f2ddebe9000 ---p 00009000 08:06 1836459                    /usr/lib/x86_64-linux-gnu/libXcursor.so.1.0.2
7f2ddebe9000-7f2ddebea000 r--p 00008000 08:06 1836459                    /usr/lib/x86_64-linux-gnu/libXcursor.so.1.0.2
7f2ddebea000-7f2ddebeb000 rw-p 00009000 08:06 1836459                    /usr/lib/x86_64-linux-gnu/libXcursor.so.1.0.2
7f2ddebeb000-7f2ddec01000 r-xp 00000000 08:06 1574880                    /lib/x86_64-linux-gnu/libgcc_s.so.1
7f2ddec01000-7f2ddee00000 ---p 00016000 08:06 1574880                    /lib/x86_64-linux-gnu/libgcc_s.so.1
7f2ddee00000-7f2ddee01000 rw-p 00015000 08:06 1574880                    /lib/x86_64-linux-gnu/libgcc_s.so.1
7f2ddee01000-7f2ddee66000 r-xp 00000000 08:06 1839501                    /usr/lib/jvm/java-8-oracle/jre/lib/amd64/libfontmanager.so
7f2ddee66000-7f2ddf065000 ---p 00065000 08:06 1839501                    /usr/lib/jvm/java-8-oracle/jre/lib/amd64/libfontmanager.so
7f2ddf065000-7f2ddf06a000 rw-p 00064000 08:06 1839501                    /usr/lib/jvm/java-8-oracle/jre/lib/amd64/libfontmanager.so
7f2ddf06a000-7f2ddf07a000 rw-p 00000000 00:00 0 
7f2ddf07a000-7f2ddf07f000 r-xp 00000000 08:06 1836463                    /usr/lib/x86_64-linux-gnu/libXdmcp.so.6.0.0
7f2ddf07f000-7f2ddf27e000 ---p 00005000 08:06 1836463                    /usr/lib/x86_64-linux-gnu/libXdmcp.so.6.0.0
7f2ddf27e000-7f2ddf27f000 r--p 00004000 08:06 1836463                    /usr/lib/x86_64-linux-gnu/libXdmcp.so.6.0.0
7f2ddf27f000-7f2ddf280000 rw-p 00005000 08:06 1836463                    /usr/lib/x86_64-linux-gnu/libXdmcp.so.6.0.0
7f2ddf280000-7f2ddf282000 r-xp 00000000 08:06 1836452                    /usr/lib/x86_64-linux-gnu/libXau.so.6.0.0
7f2ddf282000-7f2ddf482000 ---p 00002000 08:06 1836452                    /usr/lib/x86_64-linux-gnu/libXau.so.6.0.0
7f2ddf482000-7f2ddf483000 r--p 00002000 08:06 1836452                    /usr/lib/x86_64-linux-gnu/libXau.so.6.0.0
7f2ddf483000-7f2ddf484000 rw-p 00003000 08:06 1836452                    /usr/lib/x86_64-linux-gnu/libXau.so.6.0.0
7f2ddf484000-7f2ddf4a5000 r-xp 00000000 08:06 1837502                    /usr/lib/x86_64-linux-gnu/libxcb.so.1.1.0
7f2ddf4a5000-7f2ddf6a4000 ---p 00021000 08:06 1837502                    /usr/lib/x86_64-linux-gnu/libxcb.so.1.1.0
7f2ddf6a4000-7f2ddf6a5000 r--p 00020000 08:06 1837502                    /usr/lib/x86_64-linux-gnu/libxcb.so.1.1.0
7f2ddf6a5000-7f2ddf6a6000 rw-p 00021000 08:06 1837502                    /usr/lib/x86_64-linux-gnu/libxcb.so.1.1.0
7f2ddf6a6000-7f2ddf6b5000 r-xp 00000000 08:06 1836473                    /usr/lib/x86_64-linux-gnu/libXi.so.6.1.0
7f2ddf6b5000-7f2ddf8b4000 ---p 0000f000 08:06 1836473                    /usr/lib/x86_64-linux-gnu/libXi.so.6.1.0
7f2ddf8b4000-7f2ddf8b5000 r--p 0000e000 08:06 1836473                    /usr/lib/x86_64-linux-gnu/libXi.so.6.1.0
7f2ddf8b5000-7f2ddf8b6000 rw-p 0000f000 08:06 1836473                    /usr/lib/x86_64-linux-gnu/libXi.so.6.1.0
7f2ddf8b6000-7f2ddf8bb000 r-xp 00000000 08:06 1836491                    /usr/lib/x86_64-linux-gnu/libXtst.so.6.1.0
7f2ddf8bb000-7f2ddfaba000 ---p 00005000 08:06 1836491                    /usr/lib/x86_64-linux-gnu/libXtst.so.6.1.0
7f2ddfaba000-7f2ddfabb000 r--p 00004000 08:06 1836491                    /usr/lib/x86_64-linux-gnu/libXtst.so.6.1.0
7f2ddfabb000-7f2ddfabc000 rw-p 00005000 08:06 1836491                    /usr/lib/x86_64-linux-gnu/libXtst.so.6.1.0
7f2ddfabc000-7f2ddfac5000 r-xp 00000000 08:06 1836485                    /usr/lib/x86_64-linux-gnu/libXrender.so.1.3.0
7f2ddfac5000-7f2ddfcc4000 ---p 00009000 08:06 1836485                    /usr/lib/x86_64-linux-gnu/libXrender.so.1.3.0
7f2ddfcc4000-7f2ddfcc5000 r--p 00008000 08:06 1836485                    /usr/lib/x86_64-linux-gnu/libXrender.so.1.3.0
7f2ddfcc5000-7f2ddfcc6000 rw-p 00009000 08:06 1836485                    /usr/lib/x86_64-linux-gnu/libXrender.so.1.3.0
7f2ddfcc6000-7f2ddfdfb000 r-xp 00000000 08:06 1836448                    /usr/lib/x86_64-linux-gnu/libX11.so.6.3.0
7f2ddfdfb000-7f2ddfffb000 ---p 00135000 08:06 1836448                    /usr/lib/x86_64-linux-gnu/libX11.so.6.3.0
7f2ddfffb000-7f2ddfffc000 r--p 00135000 08:06 1836448                    /usr/lib/x86_64-linux-gnu/libX11.so.6.3.0
7f2ddfffc000-7f2de0000000 rw-p 00136000 08:06 1836448                    /usr/lib/x86_64-linux-gnu/libX11.so.6.3.0
7f2de0000000-7f2de04b1000 rw-p 00000000 00:00 0 
7f2de04b1000-7f2de4000000 ---p 00000000 00:00 0 
7f2de4000000-7f2de4021000 rw-p 00000000 00:00 0 
7f2de4021000-7f2de8000000 ---p 00000000 00:00 0 
7f2de8000000-7f2de8021000 rw-p 00000000 00:00 0 
7f2de8021000-7f2dec000000 ---p 00000000 00:00 0 
7f2dec000000-7f2dec76a000 rw-p 00000000 00:00 0 
7f2dec76a000-7f2df0000000 ---p 00000000 00:00 0 
7f2df0000000-7f2df0021000 rw-p 00000000 00:00 0 
7f2df0021000-7f2df4000000 ---p 00000000 00:00 0 
7f2df4000000-7f2df4021000 rw-p 00000000 00:00 0 
7f2df4021000-7f2df8000000 ---p 00000000 00:00 0 
7f2df8000000-7f2df8021000 rw-p 00000000 00:00 0 
7f2df8021000-7f2dfc000000 ---p 00000000 00:00 0 
7f2dfc000000-7f2dfc021000 rw-p 00000000 00:00 0 
7f2dfc021000-7f2e00000000 ---p 00000000 00:00 0 
7f2e00000000-7f2e00021000 rw-p 00000000 00:00 0 
7f2e00021000-7f2e04000000 ---p 00000000 00:00 0 
7f2e0402c000-7f2e040c2000 rw-s 00000000 00:05 10453031                   /SYSV00000000 (deleted)
7f2e040c2000-7f2e040cc000 r--s 00116000 08:06 1839562                    /usr/lib/jvm/java-8-oracle/jre/lib/ext/localedata.jar
7f2e040cc000-7f2e040cf000 ---p 00000000 00:00 0 
7f2e040cf000-7f2e041cd000 rw-p 00000000 00:00 0 
7f2e041cd000-7f2e041ee000 r--p 00000000 08:06 2111345                    /usr/share/locale-langpack/pt_BR/LC_MESSAGES/libc.mo
7f2e041ee000-7f2e041ff000 r-xp 00000000 08:06 1836465                    /usr/lib/x86_64-linux-gnu/libXext.so.6.4.0
7f2e041ff000-7f2e043fe000 ---p 00011000 08:06 1836465                    /usr/lib/x86_64-linux-gnu/libXext.so.6.4.0
7f2e043fe000-7f2e043ff000 r--p 00010000 08:06 1836465                    /usr/lib/x86_64-linux-gnu/libXext.so.6.4.0
7f2e043ff000-7f2e04400000 rw-p 00011000 08:06 1836465                    /usr/lib/x86_64-linux-gnu/libXext.so.6.4.0
7f2e04406000-7f2e04419000 r--s 00345000 08:06 1849281                    /usr/lib/jvm/java-8-oracle/jre/lib/resources.jar
7f2e04419000-7f2e0446d000 r-xp 00000000 08:06 1839509                    /usr/lib/jvm/java-8-oracle/jre/lib/amd64/libawt_xawt.so
7f2e0446d000-7f2e0466d000 ---p 00054000 08:06 1839509                    /usr/lib/jvm/java-8-oracle/jre/lib/amd64/libawt_xawt.so
7f2e0466d000-7f2e04671000 rw-p 00054000 08:06 1839509                    /usr/lib/jvm/java-8-oracle/jre/lib/amd64/libawt_xawt.so
7f2e04671000-7f2e04672000 rw-p 00000000 00:00 0 
7f2e04672000-7f2e04714000 r-xp 00000000 08:06 1839542                    /usr/lib/jvm/java-8-oracle/jre/lib/amd64/libawt.so
7f2e04714000-7f2e04914000 ---p 000a2000 08:06 1839542                    /usr/lib/jvm/java-8-oracle/jre/lib/amd64/libawt.so
7f2e04914000-7f2e04920000 rw-p 000a2000 08:06 1839542                    /usr/lib/jvm/java-8-oracle/jre/lib/amd64/libawt.so
7f2e04920000-7f2e04944000 rw-p 00000000 00:00 0 
7f2e04944000-7f2e04961000 r--s 00653000 08:06 2376266                    /usr/lib/jvm/TotalCross3/dist/tc.jar
7f2e04961000-7f2e04962000 ---p 00000000 00:00 0 
7f2e04962000-7f2e04a62000 rw-p 00000000 00:00 0 
7f2e04a62000-7f2e04a65000 ---p 00000000 00:00 0 
7f2e04a65000-7f2e04b63000 rw-p 00000000 00:00 0 
7f2e04b63000-7f2e04b66000 ---p 00000000 00:00 0 
7f2e04b66000-7f2e04c64000 rw-p 00000000 00:00 0 
7f2e04c64000-7f2e04c67000 ---p 00000000 00:00 0 
7f2e04c67000-7f2e04d65000 rw-p 00000000 00:00 0 
7f2e04d65000-7f2e04d68000 ---p 00000000 00:00 0 
7f2e04d68000-7f2e04e66000 rw-p 00000000 00:00 0 
7f2e04e66000-7f2e05140000 r--p 00000000 08:06 1831582                    /usr/lib/locale/locale-archive
7f2e05140000-7f2e05143000 ---p 00000000 00:00 0 
7f2e05143000-7f2e05241000 rw-p 00000000 00:00 0 
7f2e05241000-7f2e05244000 ---p 00000000 00:00 0 
7f2e05244000-7f2e05342000 rw-p 00000000 00:00 0 
7f2e05342000-7f2e05343000 ---p 00000000 00:00 0 
7f2e05343000-7f2e05d4c000 rw-p 00000000 00:00 0 
7f2e05d4c000-7f2e05f24000 r--s 03d2a000 08:06 1839474                    /usr/lib/jvm/java-8-oracle/jre/lib/rt.jar
7f2e05f24000-7f2e08725000 rw-p 00000000 00:00 0 
7f2e08725000-7f2e08726000 ---p 00000000 00:00 0 
7f2e08726000-7f2e08826000 rw-p 00000000 00:00 0 
7f2e08826000-7f2e08827000 ---p 00000000 00:00 0 
7f2e08827000-7f2e0893b000 rw-p 00000000 00:00 0 
7f2e0893b000-7f2e08a64000 ---p 00000000 00:00 0 
7f2e08a64000-7f2e08a78000 rw-p 00000000 00:00 0 
7f2e08a78000-7f2e08ba0000 ---p 00000000 00:00 0 
7f2e08ba0000-7f2e08bb3000 rw-p 00000000 00:00 0 
7f2e08bb3000-7f2e08c3f000 ---p 00000000 00:00 0 
7f2e08c3f000-7f2e08c4d000 rw-p 00000000 00:00 0 
7f2e08c4d000-7f2e09000000 ---p 00000000 00:00 0 
7f2e09000000-7f2e09320000 rwxp 00000000 00:00 0 
7f2e09320000-7f2e18000000 ---p 00000000 00:00 0 
7f2e18000000-7f2e18759000 rw-p 00000000 00:00 0 
7f2e18759000-7f2e1c000000 ---p 00000000 00:00 0 
7f2e1c001000-7f2e1c071000 rw-p 00000000 00:00 0 
7f2e1c071000-7f2e1c08b000 r-xp 00000000 08:06 1839505                    /usr/lib/jvm/java-8-oracle/jre/lib/amd64/libzip.so
7f2e1c08b000-7f2e1c28b000 ---p 0001a000 08:06 1839505                    /usr/lib/jvm/java-8-oracle/jre/lib/amd64/libzip.so
7f2e1c28b000-7f2e1c28c000 rw-p 0001a000 08:06 1839505                    /usr/lib/jvm/java-8-oracle/jre/lib/amd64/libzip.so
7f2e1c28c000-7f2e1c297000 r-xp 00000000 08:06 1584364                    /lib/x86_64-linux-gnu/libnss_files-2.23.so
7f2e1c297000-7f2e1c496000 ---p 0000b000 08:06 1584364                    /lib/x86_64-linux-gnu/libnss_files-2.23.so
7f2e1c496000-7f2e1c497000 r--p 0000a000 08:06 1584364                    /lib/x86_64-linux-gnu/libnss_files-2.23.so
7f2e1c497000-7f2e1c498000 rw-p 0000b000 08:06 1584364                    /lib/x86_64-linux-gnu/libnss_files-2.23.so
7f2e1c498000-7f2e1c49e000 rw-p 00000000 00:00 0 
7f2e1c49e000-7f2e1c4a9000 r-xp 00000000 08:06 1584361                    /lib/x86_64-linux-gnu/libnss_nis-2.23.so
7f2e1c4a9000-7f2e1c6a8000 ---p 0000b000 08:06 1584361                    /lib/x86_64-linux-gnu/libnss_nis-2.23.so
7f2e1c6a8000-7f2e1c6a9000 r--p 0000a000 08:06 1584361                    /lib/x86_64-linux-gnu/libnss_nis-2.23.so
7f2e1c6a9000-7f2e1c6aa000 rw-p 0000b000 08:06 1584361                    /lib/x86_64-linux-gnu/libnss_nis-2.23.so
7f2e1c6aa000-7f2e1c6c0000 r-xp 00000000 08:06 1584358                    /lib/x86_64-linux-gnu/libnsl-2.23.so
7f2e1c6c0000-7f2e1c8bf000 ---p 00016000 08:06 1584358                    /lib/x86_64-linux-gnu/libnsl-2.23.so
7f2e1c8bf000-7f2e1c8c0000 r--p 00015000 08:06 1584358                    /lib/x86_64-linux-gnu/libnsl-2.23.so
7f2e1c8c0000-7f2e1c8c1000 rw-p 00016000 08:06 1584358                    /lib/x86_64-linux-gnu/libnsl-2.23.so
7f2e1c8c1000-7f2e1c8c3000 rw-p 00000000 00:00 0 
7f2e1c8c3000-7f2e1c8cb000 r-xp 00000000 08:06 1584254                    /lib/x86_64-linux-gnu/libnss_compat-2.23.so
7f2e1c8cb000-7f2e1caca000 ---p 00008000 08:06 1584254                    /lib/x86_64-linux-gnu/libnss_compat-2.23.so
7f2e1caca000-7f2e1cacb000 r--p 00007000 08:06 1584254                    /lib/x86_64-linux-gnu/libnss_compat-2.23.so
7f2e1cacb000-7f2e1cacc000 rw-p 00008000 08:06 1584254                    /lib/x86_64-linux-gnu/libnss_compat-2.23.so
7f2e1cacc000-7f2e1caf7000 r-xp 00000000 08:06 1839532                    /usr/lib/jvm/java-8-oracle/jre/lib/amd64/libjava.so
7f2e1caf7000-7f2e1ccf6000 ---p 0002b000 08:06 1839532                    /usr/lib/jvm/java-8-oracle/jre/lib/amd64/libjava.so
7f2e1ccf6000-7f2e1ccf8000 rw-p 0002a000 08:06 1839532                    /usr/lib/jvm/java-8-oracle/jre/lib/amd64/libjava.so
7f2e1ccf8000-7f2e1cd05000 r-xp 00000000 08:06 1839483                    /usr/lib/jvm/java-8-oracle/jre/lib/amd64/libverify.so
7f2e1cd05000-7f2e1cf04000 ---p 0000d000 08:06 1839483                    /usr/lib/jvm/java-8-oracle/jre/lib/amd64/libverify.so
7f2e1cf04000-7f2e1cf06000 rw-p 0000c000 08:06 1839483                    /usr/lib/jvm/java-8-oracle/jre/lib/amd64/libverify.so
7f2e1cf06000-7f2e1cf0d000 r-xp 00000000 08:06 1584379                    /lib/x86_64-linux-gnu/librt-2.23.so
7f2e1cf0d000-7f2e1d10c000 ---p 00007000 08:06 1584379                    /lib/x86_64-linux-gnu/librt-2.23.so
7f2e1d10c000-7f2e1d10d000 r--p 00006000 08:06 1584379                    /lib/x86_64-linux-gnu/librt-2.23.so
7f2e1d10d000-7f2e1d10e000 rw-p 00007000 08:06 1584379                    /lib/x86_64-linux-gnu/librt-2.23.so
7f2e1d10e000-7f2e1d216000 r-xp 00000000 08:06 1584376                    /lib/x86_64-linux-gnu/libm-2.23.so
7f2e1d216000-7f2e1d415000 ---p 00108000 08:06 1584376                    /lib/x86_64-linux-gnu/libm-2.23.so
7f2e1d415000-7f2e1d416000 r--p 00107000 08:06 1584376                    /lib/x86_64-linux-gnu/libm-2.23.so
7f2e1d416000-7f2e1d417000 rw-p 00108000 08:06 1584376                    /lib/x86_64-linux-gnu/libm-2.23.so
7f2e1d417000-7f2e1e0e4000 r-xp 00000000 08:06 1839536                    /usr/lib/jvm/java-8-oracle/jre/lib/amd64/server/libjvm.so
7f2e1e0e4000-7f2e1e2e3000 ---p 00ccd000 08:06 1839536                    /usr/lib/jvm/java-8-oracle/jre/lib/amd64/server/libjvm.so
7f2e1e2e3000-7f2e1e3bc000 rw-p 00ccc000 08:06 1839536                    /usr/lib/jvm/java-8-oracle/jre/lib/amd64/server/libjvm.so
7f2e1e3bc000-7f2e1e407000 rw-p 00000000 00:00 0 
7f2e1e407000-7f2e1e5c6000 r-xp 00000000 08:06 1584384                    /lib/x86_64-linux-gnu/libc-2.23.so
7f2e1e5c6000-7f2e1e7c6000 ---p 001bf000 08:06 1584384                    /lib/x86_64-linux-gnu/libc-2.23.so
7f2e1e7c6000-7f2e1e7ca000 r--p 001bf000 08:06 1584384                    /lib/x86_64-linux-gnu/libc-2.23.so
7f2e1e7ca000-7f2e1e7cc000 rw-p 001c3000 08:06 1584384                    /lib/x86_64-linux-gnu/libc-2.23.so
7f2e1e7cc000-7f2e1e7d0000 rw-p 00000000 00:00 0 
7f2e1e7d0000-7f2e1e7d3000 r-xp 00000000 08:06 1584385                    /lib/x86_64-linux-gnu/libdl-2.23.so
7f2e1e7d3000-7f2e1e9d2000 ---p 00003000 08:06 1584385                    /lib/x86_64-linux-gnu/libdl-2.23.so
7f2e1e9d2000-7f2e1e9d3000 r--p 00002000 08:06 1584385                    /lib/x86_64-linux-gnu/libdl-2.23.so
7f2e1e9d3000-7f2e1e9d4000 rw-p 00003000 08:06 1584385                    /lib/x86_64-linux-gnu/libdl-2.23.so
7f2e1e9d4000-7f2e1e9e9000 r-xp 00000000 08:06 1838510                    /usr/lib/jvm/java-8-oracle/lib/amd64/jli/libjli.so
7f2e1e9e9000-7f2e1ebe9000 ---p 00015000 08:06 1838510                    /usr/lib/jvm/java-8-oracle/lib/amd64/jli/libjli.so
7f2e1ebe9000-7f2e1ebea000 rw-p 00015000 08:06 1838510                    /usr/lib/jvm/java-8-oracle/lib/amd64/jli/libjli.so
7f2e1ebea000-7f2e1ec02000 r-xp 00000000 08:06 1584383                    /lib/x86_64-linux-gnu/libpthread-2.23.so
7f2e1ec02000-7f2e1ee01000 ---p 00018000 08:06 1584383                    /lib/x86_64-linux-gnu/libpthread-2.23.so
7f2e1ee01000-7f2e1ee02000 r--p 00017000 08:06 1584383                    /lib/x86_64-linux-gnu/libpthread-2.23.so
7f2e1ee02000-7f2e1ee03000 rw-p 00018000 08:06 1584383                    /lib/x86_64-linux-gnu/libpthread-2.23.so
7f2e1ee03000-7f2e1ee07000 rw-p 00000000 00:00 0 
7f2e1ee07000-7f2e1ee2d000 r-xp 00000000 08:06 1584380                    /lib/x86_64-linux-gnu/ld-2.23.so
7f2e1ee30000-7f2e1ee34000 r--s 00097000 08:06 1839426                    /usr/lib/jvm/java-8-oracle/jre/lib/jsse.jar
7f2e1ee34000-7f2e1ef0c000 rw-p 00000000 00:00 0 
7f2e1ef0c000-7f2e1ef0f000 ---p 00000000 00:00 0 
7f2e1ef0f000-7f2e1f011000 rw-p 00000000 00:00 0 
7f2e1f011000-7f2e1f014000 r--s 0001a000 08:06 1849311                    /usr/lib/jvm/java-8-oracle/jre/lib/jce.jar
7f2e1f014000-7f2e1f01b000 r--s 00000000 08:06 1982217                    /usr/lib/x86_64-linux-gnu/gconv/gconv-modules.cache
7f2e1f01b000-7f2e1f020000 r--s 002f9000 08:06 1839427                    /usr/lib/jvm/java-8-oracle/jre/lib/charsets.jar
7f2e1f020000-7f2e1f028000 rw-s 00000000 08:06 1574501                    /tmp/hsperfdata_root/12189
7f2e1f028000-7f2e1f029000 rw-p 00000000 00:00 0 
7f2e1f029000-7f2e1f02a000 r--p 00000000 00:00 0 
7f2e1f02a000-7f2e1f02c000 rw-p 00000000 00:00 0 
7f2e1f02c000-7f2e1f02d000 r--p 00025000 08:06 1584380                    /lib/x86_64-linux-gnu/ld-2.23.so
7f2e1f02d000-7f2e1f02e000 rw-p 00026000 08:06 1584380                    /lib/x86_64-linux-gnu/ld-2.23.so
7f2e1f02e000-7f2e1f02f000 rw-p 00000000 00:00 0 
7ffee9fca000-7ffee9feb000 rw-p 00000000 00:00 0                          [stack]
7ffee9fed000-7ffee9fef000 r--p 00000000 00:00 0                          [vvar]
7ffee9fef000-7ffee9ff1000 r-xp 00000000 00:00 0                          [vdso]
ffffffffff600000-ffffffffff601000 r-xp 00000000 00:00 0                  [vsyscall]

VM Arguments:
jvm_args: -Dfile.encoding=UTF-8 
java_command: totalcross.Launcher /scr android /r 54435354004303E26A1D9E0F com.softsite.view.Main
java_class_path (initial): /root/workspace/TCCRUDRenanAdam/bin:/usr/lib/jvm/TotalCross3/dist/tc.jar
Launcher Type: SUN_STANDARD

Environment Variables:
JAVA_HOME=/usr/lib/jvm/java-8-oracle
PATH=/usr/local/sbin:/usr/local/bin:/usr/sbin:/usr/bin:/sbin:/bin:/snap/bin
USERNAME=root
SHELL=/bin/bash
DISPLAY=:0.0

Signal Handlers:
SIGSEGV: [libjvm.so+0xac64b0], sa_mask[0]=11111111011111111101111111111110, sa_flags=SA_RESTART|SA_SIGINFO
SIGBUS: [libjvm.so+0xac64b0], sa_mask[0]=11111111011111111101111111111110, sa_flags=SA_RESTART|SA_SIGINFO
SIGFPE: [libjvm.so+0x91f950], sa_mask[0]=11111111011111111101111111111110, sa_flags=SA_RESTART|SA_SIGINFO
SIGPIPE: [libjvm.so+0x91f950], sa_mask[0]=11111111011111111101111111111110, sa_flags=SA_RESTART|SA_SIGINFO
SIGXFSZ: [libjvm.so+0x91f950], sa_mask[0]=11111111011111111101111111111110, sa_flags=SA_RESTART|SA_SIGINFO
SIGILL: [libjvm.so+0x91f950], sa_mask[0]=11111111011111111101111111111110, sa_flags=SA_RESTART|SA_SIGINFO
SIGUSR1: SIG_DFL, sa_mask[0]=00000000000000000000000000000000, sa_flags=none
SIGUSR2: [libjvm.so+0x920f80], sa_mask[0]=00100000000000000000000000000000, sa_flags=SA_RESTART|SA_SIGINFO
SIGHUP: [libjvm.so+0x922380], sa_mask[0]=11111111011111111101111111111110, sa_flags=SA_RESTART|SA_SIGINFO
SIGINT: [libjvm.so+0x922380], sa_mask[0]=11111111011111111101111111111110, sa_flags=SA_RESTART|SA_SIGINFO
SIGTERM: [libjvm.so+0x922380], sa_mask[0]=11111111011111111101111111111110, sa_flags=SA_RESTART|SA_SIGINFO
SIGQUIT: [libjvm.so+0x922380], sa_mask[0]=11111111011111111101111111111110, sa_flags=SA_RESTART|SA_SIGINFO


---------------  S Y S T E M  ---------------

OS:DISTRIB_ID=Ubuntu
DISTRIB_RELEASE=16.04
DISTRIB_CODENAME=xenial
DISTRIB_DESCRIPTION="Ubuntu 16.04.1 LTS"

uname:Linux 4.4.0-47-generic #68-Ubuntu SMP Wed Oct 26 19:39:52 UTC 2016 x86_64
libc:glibc 2.23 NPTL 2.23 
rlimit: STACK 8192k, CORE 0k, NPROC 15014, NOFILE 65536, AS infinity
load average:0,62 0,50 0,41

/proc/meminfo:
MemTotal:        3884020 kB
MemFree:          293196 kB
MemAvailable:     972728 kB
Buffers:           59300 kB
Cached:           932060 kB
SwapCached:        25016 kB
Active:          2350048 kB
Inactive:        1096148 kB
Active(anon):    1770644 kB
Inactive(anon):   818900 kB
Active(file):     579404 kB
Inactive(file):   277248 kB
Unevictable:          32 kB
Mlocked:              32 kB
SwapTotal:       1429500 kB
SwapFree:        1346768 kB
Dirty:               224 kB
Writeback:             0 kB
AnonPages:       2429856 kB
Mapped:           317556 kB
Shmem:            134728 kB
Slab:              80536 kB
SReclaimable:      55000 kB
SUnreclaim:        25536 kB
KernelStack:        7744 kB
PageTables:        27788 kB
NFS_Unstable:          0 kB
Bounce:                0 kB
WritebackTmp:          0 kB
CommitLimit:     3371508 kB
Committed_AS:    5114208 kB
VmallocTotal:   34359738367 kB
VmallocUsed:           0 kB
VmallocChunk:          0 kB
HardwareCorrupted:     0 kB
AnonHugePages:   1458176 kB
CmaTotal:              0 kB
CmaFree:               0 kB
HugePages_Total:       0
HugePages_Free:        0
HugePages_Rsvd:        0
HugePages_Surp:        0
Hugepagesize:       2048 kB
DirectMap4k:       91564 kB
DirectMap2M:     3938304 kB


CPU:total 2 (2 cores per cpu, 1 threads per core) family 6 model 23 stepping 10, cmov, cx8, fxsr, mmx, sse, sse2, sse3, ssse3, sse4.1, tsc

/proc/cpuinfo:
processor	: 0
vendor_id	: GenuineIntel
cpu family	: 6
model		: 23
model name	: Intel(R) Core(TM)2 Duo CPU     T6600  @ 2.20GHz
stepping	: 10
microcode	: 0xa07
cpu MHz		: 1600.000
cache size	: 2048 KB
physical id	: 0
siblings	: 2
core id		: 0
cpu cores	: 2
apicid		: 0
initial apicid	: 0
fpu		: yes
fpu_exception	: yes
cpuid level	: 13
wp		: yes
flags		: fpu vme de pse tsc msr pae mce cx8 apic sep mtrr pge mca cmov pat pse36 clflush dts acpi mmx fxsr sse sse2 ss ht tm pbe syscall nx lm constant_tsc arch_perfmon pebs bts rep_good nopl aperfmperf pni dtes64 monitor ds_cpl est tm2 ssse3 cx16 xtpr pdcm sse4_1 xsave lahf_lm dtherm
bugs		:
bogomips	: 4385.98
clflush size	: 64
cache_alignment	: 64
address sizes	: 36 bits physical, 48 bits virtual
power management:

processor	: 1
vendor_id	: GenuineIntel
cpu family	: 6
model		: 23
model name	: Intel(R) Core(TM)2 Duo CPU     T6600  @ 2.20GHz
stepping	: 10
microcode	: 0xa07
cpu MHz		: 1200.000
cache size	: 2048 KB
physical id	: 0
siblings	: 2
core id		: 1
cpu cores	: 2
apicid		: 1
initial apicid	: 1
fpu		: yes
fpu_exception	: yes
cpuid level	: 13
wp		: yes
flags		: fpu vme de pse tsc msr pae mce cx8 apic sep mtrr pge mca cmov pat pse36 clflush dts acpi mmx fxsr sse sse2 ss ht tm pbe syscall nx lm constant_tsc arch_perfmon pebs bts rep_good nopl aperfmperf pni dtes64 monitor ds_cpl est tm2 ssse3 cx16 xtpr pdcm sse4_1 xsave lahf_lm dtherm
bugs		:
bogomips	: 4385.98
clflush size	: 64
cache_alignment	: 64
address sizes	: 36 bits physical, 48 bits virtual
power management:



Memory: 4k page, physical 3884020k(293196k free), swap 1429500k(1346768k free)

vm_info: Java HotSpot(TM) 64-Bit Server VM (25.111-b14) for linux-amd64 JRE (1.8.0_111-b14), built on Sep 22 2016 16:14:03 by "java_re" with gcc 4.3.0 20080428 (Red Hat 4.3.0-8)

time: Mon Nov 28 02:11:51 2016
elapsed time: 23 seconds (0d 0h 0m 23s)

