#
# A fatal error has been detected by the Java Runtime Environment:
#
#  SIGSEGV (0xb) at pc=0x00007fab57d10d24, pid=20243, tid=0x00007fab16292700
#
# JRE version: Java(TM) SE Runtime Environment (8.0_111-b14) (build 1.8.0_111-b14)
# Java VM: Java HotSpot(TM) 64-Bit Server VM (25.111-b14 mixed mode linux-amd64 compressed oops)
# Problematic frame:
# C  [ld-linux-x86-64.so.2+0x9d24]
#
# Failed to write core dump. Core dumps have been disabled. To enable core dumping, try "ulimit -c unlimited" before starting Java again
#
# If you would like to submit a bug report, please visit:
#   http://bugreport.java.com/bugreport/crash.jsp
# The crash happened outside the Java Virtual Machine in native code.
# See problematic frame for where to report the bug.
#

---------------  T H R E A D  ---------------

Current thread (0x00007fab0c00d800):  JavaThread "Secondary finalizer" daemon [_thread_in_native, id=20278, stack(0x00007fab16192000,0x00007fab16293000)]

siginfo: si_signo: 11 (SIGSEGV), si_code: 1 (SEGV_MAPERR), si_addr: 0x0000000000000068

Registers:
RAX=0x0000000000000040, RBX=0x00007fab57f109f0, RCX=0x000000000000003d, RDX=0x00000000000003f3
RSP=0x00007fab16290810, RBP=0x0000000000000002, RSI=0x0000000000041204, RDI=0x00007fab20000c00
R8 =0x00007fab16290970, R9 =0x00007fab5062a918, R10=0x00007fab57f2d040, R11=0x0000000000000001
R12=0x0000000000000003, R13=0x0000000000000000, R14=0x00007fab50315680, R15=0x0000000000000000
RIP=0x00007fab57d10d24, EFLAGS=0x0000000000010202, CSGSFS=0x0000000000000033, ERR=0x0000000000000004
  TRAPNO=0x000000000000000e

Top of Stack: (sp=0x00007fab16290810)
0x00007fab16290810:   00000000000002c8 00007fab20000c00
0x00007fab16290820:   0000000000000000 00007fab16290898
0x00007fab16290830:   00000000bc8b46fd 0000000002f22d1b
0x00007fab16290840:   ffffffff0000003d 00007fab16290970
0x00007fab16290850:   00007fab57317ff8 00007fab5730ad80
0x00007fab16290860:   00007fab16290894 00007fab16290960
0x00007fab16290870:   00007fab505ad806 00007fab16291166
0x00007fab16290880:   00007fab16291140 00007fab56c4680b
0x00007fab16290890:   0000000016291070 0000000000000000
0x00007fab162908a0:   000000119f32d4c1 00007fab5062a9e8
0x00007fab162908b0:   00007fab16290a00 0000000000000000
0x00007fab162908c0:   0000000000000000 00007fab5062a660
0x00007fab162908d0:   00007fab16290a48 00007fab57d1194f
0x00007fab162908e0:   0000000000000000 0000000000000000
0x00007fab162908f0:   0000000000000002 0000000000000000
0x00007fab16290900:   0000000000000000 00007fab5062a660
0x00007fab16290910:   00007fab57d761de 00007fab16291250
0x00007fab16290920:   00007fab57d761eb 0000000000000000
0x00007fab16290930:   00007fab5062a9e8 00007fab16290970
0x00007fab16290940:   000000003030305f 00007fab16290960
0x00007fab16290950:   00000000bc8b46fd 00007fab20000c00
0x00007fab16290960:   00000000ffffffff 00007fab162913d0
0x00007fab16290970:   0000000000000000 0000000000000000
0x00007fab16290980:   00007fab16291240 00007fab56c4680b
0x00007fab16290990:   0000000001754180 0000000000000000
0x00007fab162909a0:   00007fab50016048 00007fab162909e0
0x00007fab162909b0:   0000000016290a70 00007fab162909d0
0x00007fab162909c0:   000000009f32d4c1 00007fab20000af0
0x00007fab162909d0:   00000000ffffffff 00007fab20000c00
0x00007fab162909e0:   0000000001754180 00007fab57f2cca0
0x00007fab162909f0:   0000000000000000 00007fab5062a660
0x00007fab16290a00:   00007fab16290ac0 00007fab57449cc3 

Instructions: (pc=0x00007fab57d10d24)
0x00007fab57d10d04:   24 50 48 8d 84 24 88 00 00 00 48 89 44 24 18 89
0x00007fab57d10d14:   f0 83 e0 3f 89 44 24 30 0f 1f 40 00 49 8b 04 ee
0x00007fab57d10d24:   48 8b 58 28 4c 39 eb 0f 84 ef 00 00 00 45 85 ff
0x00007fab57d10d34:   74 0d f6 83 14 03 00 00 03 0f 84 dd 00 00 00 f6 

Register to memory mapping:

RAX=0x0000000000000040 is an unknown value
RBX=0x00007fab57f109f0 is an unknown value
RCX=0x000000000000003d is an unknown value
RDX=0x00000000000003f3 is an unknown value
RSP=0x00007fab16290810 is pointing into the stack for thread: 0x00007fab0c00d800
RBP=0x0000000000000002 is an unknown value
RSI=0x0000000000041204 is an unknown value
RDI=0x00007fab20000c00 is an unknown value
R8 =0x00007fab16290970 is pointing into the stack for thread: 0x00007fab0c00d800
R9 =0x00007fab5062a918 is an unknown value
R10=0x00007fab57f2d040: _rtld_global+0 in /lib64/ld-linux-x86-64.so.2 at 0x00007fab57d07000
R11=0x0000000000000001 is an unknown value
R12=0x0000000000000003 is an unknown value
R13=0x0000000000000000 is an unknown value
R14=0x00007fab50315680 is an unknown value
R15=0x0000000000000000 is an unknown value


Stack: [0x00007fab16192000,0x00007fab16293000],  sp=0x00007fab16290810,  free space=1018k
Native frames: (J=compiled Java code, j=interpreted, Vv=VM code, C=native code)
C  [ld-linux-x86-64.so.2+0x9d24]

Java frames: (J=compiled Java code, j=interpreted, Vv=VM code)
J 264  java.lang.ClassLoader$NativeLibrary.find(Ljava/lang/String;)J (0 bytes) @ 0x00007fab41195c8c [0x00007fab41195c40+0x4c]
j  java.lang.ClassLoader.findNative(Ljava/lang/ClassLoader;Ljava/lang/String;)J+49
v  ~StubRoutines::call_stub
j  org.sqlite.core.NativeDB.free_functions()V+0
j  org.sqlite.core.DB.close()V+102
j  org.sqlite.core.CoreConnection.close()V+26
j  org.sqlite.core.CoreConnection.finalize()V+1
j  java.lang.System$2.invokeFinalize(Ljava/lang/Object;)V+1
j  java.lang.ref.Finalizer.runFinalizer(Lsun/misc/JavaLangAccess;)V+46
j  java.lang.ref.Finalizer.access$100(Ljava/lang/ref/Finalizer;Lsun/misc/JavaLangAccess;)V+2
j  java.lang.ref.Finalizer$3.run()V+58
j  java.lang.Thread.run()V+11
v  ~StubRoutines::call_stub

---------------  P R O C E S S  ---------------

Java Threads: ( => current thread )
=>0x00007fab0c00d800 JavaThread "Secondary finalizer" daemon [_thread_in_native, id=20278, stack(0x00007fab16192000,0x00007fab16293000)]
  0x00007faafc144000 JavaThread "TC Event Thread" daemon [_thread_blocked, id=20270, stack(0x00007fab158d5000,0x00007fab159d6000)]
  0x00007fab50009800 JavaThread "DestroyJavaVM" [_thread_blocked, id=20248, stack(0x00007fab57e0c000,0x00007fab57f0d000)]
  0x00007fab5029d000 JavaThread "AWT-EventQueue-0" [_thread_blocked, id=20262, stack(0x00007fab1725e000,0x00007fab1735f000)]
  0x00007fab50253000 JavaThread "AWT-Shutdown" [_thread_blocked, id=20261, stack(0x00007fab1755f000,0x00007fab17660000)]
  0x00007fab50239800 JavaThread "AWT-XAWT" daemon [_thread_in_native, id=20260, stack(0x00007fab17660000,0x00007fab17761000)]
  0x00007fab5021a800 JavaThread "Java2D Disposer" daemon [_thread_blocked, id=20259, stack(0x00007fab3c044000,0x00007fab3c145000)]
  0x00007fab500cb800 JavaThread "Service Thread" daemon [_thread_blocked, id=20257, stack(0x00007fab3d947000,0x00007fab3da48000)]
  0x00007fab500b6800 JavaThread "C1 CompilerThread1" daemon [_thread_blocked, id=20256, stack(0x00007fab3da48000,0x00007fab3db49000)]
  0x00007fab500b4000 JavaThread "C2 CompilerThread0" daemon [_thread_blocked, id=20255, stack(0x00007fab3db49000,0x00007fab3dc4a000)]
  0x00007fab500b2800 JavaThread "Signal Dispatcher" daemon [_thread_blocked, id=20254, stack(0x00007fab3dc4a000,0x00007fab3dd4b000)]
  0x00007fab5007f800 JavaThread "Finalizer" daemon [_thread_blocked, id=20253, stack(0x00007fab3e025000,0x00007fab3e126000)]
  0x00007fab5007b000 JavaThread "Reference Handler" daemon [_thread_blocked, id=20252, stack(0x00007fab3e126000,0x00007fab3e227000)]

Other Threads:
  0x00007fab50073000 VMThread [stack: 0x00007fab3e227000,0x00007fab3e328000] [id=20251]
  0x00007fab500ce800 WatcherThread [stack: 0x00007fab3d846000,0x00007fab3d947000] [id=20258]

VM state:not at safepoint (normal execution)

VM Mutex/Monitor currently owned by a thread: None

Heap:
 PSYoungGen      total 17920K, used 13571K [0x00000000ec380000, 0x00000000ee680000, 0x0000000100000000)
  eden space 15360K, 71% used [0x00000000ec380000,0x00000000ece42bf0,0x00000000ed280000)
  from space 2560K, 99% used [0x00000000ed280000,0x00000000ed4fe168,0x00000000ed500000)
  to   space 2560K, 0% used [0x00000000ee400000,0x00000000ee400000,0x00000000ee680000)
 ParOldGen       total 40960K, used 4300K [0x00000000c4a00000, 0x00000000c7200000, 0x00000000ec380000)
  object space 40960K, 10% used [0x00000000c4a00000,0x00000000c4e33040,0x00000000c7200000)
 Metaspace       used 14951K, capacity 15220K, committed 15360K, reserved 1062912K
  class space    used 1697K, capacity 1772K, committed 1792K, reserved 1048576K

Card table byte_map: [0x00007fab549d5000,0x00007fab54bb1000] byte_map_base: 0x00007fab543b0000

Marking Bits: (ParMarkBitMap*) 0x00007fab572da220
 Begin Bits: [0x00007fab3f250000, 0x00007fab40128000)
 End Bits:   [0x00007fab40128000, 0x00007fab41000000)

Polling page: 0x00007fab57f29000

CodeCache: size=245760Kb used=4308Kb max_used=4308Kb free=241451Kb
 bounds [0x00007fab41000000, 0x00007fab41440000, 0x00007fab50000000]
 total_blobs=1597 nmethods=1036 adapters=477
 compilation: enabled

Compilation events (10 events):
Event: 14,878 Thread 0x00007fab500b6800 1033   !   3       com.softsite.tccrud.view.Main::onEvent (352 bytes)
Event: 14,883 Thread 0x00007fab500b6800 nmethod 1033 0x00007fab41434c10 code [0x00007fab414350a0, 0x00007fab41437388]
Event: 14,918 Thread 0x00007fab500b6800 1034       3       totalcross.ui.Control::onEvent (1 bytes)
Event: 14,918 Thread 0x00007fab500b6800 nmethod 1034 0x00007fab41434390 code [0x00007fab414344e0, 0x00007fab41434630]
Event: 15,198 Thread 0x00007fab500b6800 1035       3       sun.awt.X11.XWindow::postEvent (12 bytes)
Event: 15,199 Thread 0x00007fab500b6800 nmethod 1035 0x00007fab414337d0 code [0x00007fab41433980, 0x00007fab41434088]
Event: 15,202 Thread 0x00007fab500b6800 1036       3       java.util.LinkedHashMap$LinkedHashIterator::hasNext (13 bytes)
Event: 15,203 Thread 0x00007fab500b6800 nmethod 1036 0x00007fab41433450 code [0x00007fab414335c0, 0x00007fab41433770]
Event: 15,204 Thread 0x00007fab500b6800 1037       1       java.lang.ref.Finalizer::access$400 (5 bytes)
Event: 15,205 Thread 0x00007fab500b6800 nmethod 1037 0x00007fab41433190 code [0x00007fab414332e0, 0x00007fab414333d0]

GC Heap History (2 events):
Event: 1,024 GC heap before
{Heap before GC invocations=1 (full 0):
 PSYoungGen      total 17920K, used 15360K [0x00000000ec380000, 0x00000000ed780000, 0x0000000100000000)
  eden space 15360K, 100% used [0x00000000ec380000,0x00000000ed280000,0x00000000ed280000)
  from space 2560K, 0% used [0x00000000ed500000,0x00000000ed500000,0x00000000ed780000)
  to   space 2560K, 0% used [0x00000000ed280000,0x00000000ed280000,0x00000000ed500000)
 ParOldGen       total 40960K, used 0K [0x00000000c4a00000, 0x00000000c7200000, 0x00000000ec380000)
  object space 40960K, 0% used [0x00000000c4a00000,0x00000000c4a00000,0x00000000c7200000)
 Metaspace       used 12314K, capacity 12520K, committed 12800K, reserved 1060864K
  class space    used 1451K, capacity 1514K, committed 1536K, reserved 1048576K
Event: 1,047 GC heap after
Heap after GC invocations=1 (full 0):
 PSYoungGen      total 17920K, used 2552K [0x00000000ec380000, 0x00000000ee680000, 0x0000000100000000)
  eden space 15360K, 0% used [0x00000000ec380000,0x00000000ec380000,0x00000000ed280000)
  from space 2560K, 99% used [0x00000000ed280000,0x00000000ed4fe168,0x00000000ed500000)
  to   space 2560K, 0% used [0x00000000ee400000,0x00000000ee400000,0x00000000ee680000)
 ParOldGen       total 40960K, used 4300K [0x00000000c4a00000, 0x00000000c7200000, 0x00000000ec380000)
  object space 40960K, 10% used [0x00000000c4a00000,0x00000000c4e33040,0x00000000c7200000)
 Metaspace       used 12314K, capacity 12520K, committed 12800K, reserved 1060864K
  class space    used 1451K, capacity 1514K, committed 1536K, reserved 1048576K
}

Deoptimization events (4 events):
Event: 0,820 Thread 0x00007fab50009800 Uncommon trap: reason=unstable_if action=reinterpret pc=0x00007fab411ec894 method=java.lang.String.<init>([CII)V @ 18
Event: 1,214 Thread 0x00007fab50009800 Uncommon trap: reason=unstable_if action=reinterpret pc=0x00007fab4120a2e8 method=java.lang.String.indexOf([CII[CIII)I @ 3
Event: 5,844 Thread 0x00007faafc144000 Uncommon trap: reason=unstable_if action=reinterpret pc=0x00007fab41312a70 method=totalcross.ui.gfx.Graphics.getSurfacePixels(Ltotalcross/ui/gfx/GfxSurface;)[I @ 4
Event: 5,844 Thread 0x00007faafc144000 Uncommon trap: reason=unstable_if action=reinterpret pc=0x00007fab4132708c method=totalcross.ui.gfx.Graphics.getSurfacePixels(Ltotalcross/ui/gfx/GfxSurface;)[I @ 4

Internal exceptions (10 events):
Event: 14,562 Thread 0x00007fab5049a000 Exception <a 'java/lang/InterruptedException': sleep interrupted> (0x00000000eca633f8) thrown at [/HUDSON3/workspace/8-2-build-linux-amd64/jdk8u111/7883/hotspot/src/share/vm/prims/jvm.cpp, line 3224]
Event: 14,800 Thread 0x00007fab5049a000 Exception <a 'java/lang/InterruptedException': sleep interrupted> (0x00000000eca636a8) thrown at [/HUDSON3/workspace/8-2-build-linux-amd64/jdk8u111/7883/hotspot/src/share/vm/prims/jvm.cpp, line 3224]
Event: 15,040 Thread 0x00007fab5049a000 Exception <a 'java/lang/InterruptedException': sleep interrupted> (0x00000000eca63958) thrown at [/HUDSON3/workspace/8-2-build-linux-amd64/jdk8u111/7883/hotspot/src/share/vm/prims/jvm.cpp, line 3224]
Event: 15,062 Thread 0x00007fab5049a000 Exception <a 'java/lang/InterruptedException': sleep interrupted> (0x00000000eca63c08) thrown at [/HUDSON3/workspace/8-2-build-linux-amd64/jdk8u111/7883/hotspot/src/share/vm/prims/jvm.cpp, line 3224]
Event: 15,080 Thread 0x00007fab5049a000 Exception <a 'java/lang/InterruptedException': sleep interrupted> (0x00000000eca63e60) thrown at [/HUDSON3/workspace/8-2-build-linux-amd64/jdk8u111/7883/hotspot/src/share/vm/prims/jvm.cpp, line 3224]
Event: 15,091 Thread 0x00007fab5049a000 Exception <a 'java/lang/InterruptedException': sleep interrupted> (0x00000000eca64110) thrown at [/HUDSON3/workspace/8-2-build-linux-amd64/jdk8u111/7883/hotspot/src/share/vm/prims/jvm.cpp, line 3224]
Event: 15,200 Thread 0x00007faafc144000 Exception <a 'java/io/FileNotFoundException'> (0x00000000ece0b570) thrown at [/HUDSON3/workspace/8-2-build-linux-amd64/jdk8u111/7883/hotspot/src/share/vm/prims/jni.cpp, line 709]
Event: 15,200 Thread 0x00007faafc144000 Exception <a 'java/io/FileNotFoundException'> (0x00000000ece0c058) thrown at [/HUDSON3/workspace/8-2-build-linux-amd64/jdk8u111/7883/hotspot/src/share/vm/prims/jni.cpp, line 709]
Event: 15,200 Thread 0x00007faafc144000 Exception <a 'java/io/FileNotFoundException'> (0x00000000ece0ced8) thrown at [/HUDSON3/workspace/8-2-build-linux-amd64/jdk8u111/7883/hotspot/src/share/vm/prims/jni.cpp, line 709]
Event: 15,201 Thread 0x00007fab5049a000 Exception <a 'java/lang/InterruptedException': sleep interrupted> (0x00000000eca64368) thrown at [/HUDSON3/workspace/8-2-build-linux-amd64/jdk8u111/7883/hotspot/src/share/vm/prims/jvm.cpp, line 3224]

Events (10 events):
Event: 15,202 Thread 0x00007fab0c00d800 Thread exited: 0x00007fab0c00d800
Event: 15,203 loading class java/lang/ref/Finalizer$3
Event: 15,203 loading class java/lang/ref/Finalizer$3 done
Event: 15,203 Thread 0x00007fab0c00d800 Thread added: 0x00007fab0c00d800
Event: 15,203 Executing VM operation: RevokeBias
Event: 15,203 Executing VM operation: RevokeBias done
Event: 15,203 Executing VM operation: RevokeBias
Event: 15,203 Executing VM operation: RevokeBias done
Event: 15,203 Executing VM operation: RevokeBias
Event: 15,204 Executing VM operation: RevokeBias done


Dynamic libraries:
00400000-00401000 r-xp 00000000 08:06 1839400                            /usr/lib/jvm/java-8-oracle/bin/java
00600000-00601000 rw-p 00000000 08:06 1839400                            /usr/lib/jvm/java-8-oracle/bin/java
01754000-01a03000 rw-p 00000000 00:00 0                                  [heap]
c4a00000-c7200000 rw-p 00000000 00:00 0 
c7200000-ec380000 ---p 00000000 00:00 0 
ec380000-ee680000 rw-p 00000000 00:00 0 
ee680000-100000000 ---p 00000000 00:00 0 
100000000-1001c0000 rw-p 00000000 00:00 0 
1001c0000-140000000 ---p 00000000 00:00 0 
7faafc000000-7faafc2b0000 rw-p 00000000 00:00 0 
7faafc2b0000-7fab00000000 ---p 00000000 00:00 0 
7fab04000000-7fab040d0000 rw-p 00000000 00:00 0 
7fab040d0000-7fab08000000 ---p 00000000 00:00 0 
7fab08000000-7fab080d0000 rw-p 00000000 00:00 0 
7fab080d0000-7fab0c000000 ---p 00000000 00:00 0 
7fab0c000000-7fab0c042000 rw-p 00000000 00:00 0 
7fab0c042000-7fab10000000 ---p 00000000 00:00 0 
7fab10000000-7fab10021000 rw-p 00000000 00:00 0 
7fab10021000-7fab14000000 ---p 00000000 00:00 0 
7fab1563d000-7fab15640000 ---p 00000000 00:00 0 
7fab15640000-7fab1573e000 rw-p 00000000 00:00 0 
7fab1573e000-7fab157d4000 rw-s 00000000 00:05 22642718                   /SYSV00000000 (deleted)
7fab157d4000-7fab157d7000 ---p 00000000 00:00 0 
7fab157d7000-7fab158d5000 rw-p 00000000 00:00 0 
7fab158d5000-7fab158d8000 ---p 00000000 00:00 0 
7fab158d8000-7fab15b16000 rw-p 00000000 00:00 0 
7fab15b16000-7fab15bd6000 ---p 00000000 00:00 0 
7fab15e8f000-7fab15e92000 ---p 00000000 00:00 0 
7fab15e92000-7fab15f90000 rw-p 00000000 00:00 0 
7fab15f90000-7fab15f93000 ---p 00000000 00:00 0 
7fab15f93000-7fab16091000 rw-p 00000000 00:00 0 
7fab16091000-7fab16094000 ---p 00000000 00:00 0 
7fab16094000-7fab16192000 rw-p 00000000 00:00 0 
7fab16192000-7fab16195000 ---p 00000000 00:00 0 
7fab16195000-7fab16493000 rw-p 00000000 00:00 0 
7fab16493000-7fab164fc000 r-xp 00000000 08:06 1839539                    /usr/lib/jvm/java-8-oracle/jre/lib/amd64/libt2k.so
7fab164fc000-7fab166fc000 ---p 00069000 08:06 1839539                    /usr/lib/jvm/java-8-oracle/jre/lib/amd64/libt2k.so
7fab166fc000-7fab16703000 rw-p 00069000 08:06 1839539                    /usr/lib/jvm/java-8-oracle/jre/lib/amd64/libt2k.so
7fab16703000-7fab16713000 rw-p 00000000 00:00 0 
7fab16713000-7fab16724000 r-xp 00000000 08:06 1839507                    /usr/lib/jvm/java-8-oracle/jre/lib/amd64/libnio.so
7fab16724000-7fab16923000 ---p 00011000 08:06 1839507                    /usr/lib/jvm/java-8-oracle/jre/lib/amd64/libnio.so
7fab16923000-7fab16924000 rw-p 00010000 08:06 1839507                    /usr/lib/jvm/java-8-oracle/jre/lib/amd64/libnio.so
7fab16924000-7fab1693b000 r-xp 00000000 08:06 1584375                    /lib/x86_64-linux-gnu/libresolv-2.23.so
7fab1693b000-7fab16b3b000 ---p 00017000 08:06 1584375                    /lib/x86_64-linux-gnu/libresolv-2.23.so
7fab16b3b000-7fab16b3c000 r--p 00017000 08:06 1584375                    /lib/x86_64-linux-gnu/libresolv-2.23.so
7fab16b3c000-7fab16b3d000 rw-p 00018000 08:06 1584375                    /lib/x86_64-linux-gnu/libresolv-2.23.so
7fab16b3d000-7fab16b3f000 rw-p 00000000 00:00 0 
7fab16b3f000-7fab16b44000 r-xp 00000000 08:06 1584382                    /lib/x86_64-linux-gnu/libnss_dns-2.23.so
7fab16b44000-7fab16d44000 ---p 00005000 08:06 1584382                    /lib/x86_64-linux-gnu/libnss_dns-2.23.so
7fab16d44000-7fab16d45000 r--p 00005000 08:06 1584382                    /lib/x86_64-linux-gnu/libnss_dns-2.23.so
7fab16d45000-7fab16d46000 rw-p 00006000 08:06 1584382                    /lib/x86_64-linux-gnu/libnss_dns-2.23.so
7fab16d46000-7fab17047000 rw-p 00000000 00:00 0 
7fab17047000-7fab1705d000 r-xp 00000000 08:06 1839482                    /usr/lib/jvm/java-8-oracle/jre/lib/amd64/libnet.so
7fab1705d000-7fab1725d000 ---p 00016000 08:06 1839482                    /usr/lib/jvm/java-8-oracle/jre/lib/amd64/libnet.so
7fab1725d000-7fab1725e000 rw-p 00016000 08:06 1839482                    /usr/lib/jvm/java-8-oracle/jre/lib/amd64/libnet.so
7fab1725e000-7fab17261000 ---p 00000000 00:00 0 
7fab17261000-7fab1755f000 rw-p 00000000 00:00 0 
7fab1755f000-7fab17562000 ---p 00000000 00:00 0 
7fab17562000-7fab17660000 rw-p 00000000 00:00 0 
7fab17660000-7fab17663000 ---p 00000000 00:00 0 
7fab17663000-7fab17761000 rw-p 00000000 00:00 0 
7fab17761000-7fab17766000 r-xp 00000000 08:06 1836467                    /usr/lib/x86_64-linux-gnu/libXfixes.so.3.1.0
7fab17766000-7fab17965000 ---p 00005000 08:06 1836467                    /usr/lib/x86_64-linux-gnu/libXfixes.so.3.1.0
7fab17965000-7fab17966000 r--p 00004000 08:06 1836467                    /usr/lib/x86_64-linux-gnu/libXfixes.so.3.1.0
7fab17966000-7fab17967000 rw-p 00005000 08:06 1836467                    /usr/lib/x86_64-linux-gnu/libXfixes.so.3.1.0
7fab17967000-7fab17970000 r-xp 00000000 08:06 1836459                    /usr/lib/x86_64-linux-gnu/libXcursor.so.1.0.2
7fab17970000-7fab17b6f000 ---p 00009000 08:06 1836459                    /usr/lib/x86_64-linux-gnu/libXcursor.so.1.0.2
7fab17b6f000-7fab17b70000 r--p 00008000 08:06 1836459                    /usr/lib/x86_64-linux-gnu/libXcursor.so.1.0.2
7fab17b70000-7fab17b71000 rw-p 00009000 08:06 1836459                    /usr/lib/x86_64-linux-gnu/libXcursor.so.1.0.2
7fab17b71000-7fab17b87000 r-xp 00000000 08:06 1574880                    /lib/x86_64-linux-gnu/libgcc_s.so.1
7fab17b87000-7fab17d86000 ---p 00016000 08:06 1574880                    /lib/x86_64-linux-gnu/libgcc_s.so.1
7fab17d86000-7fab17d87000 rw-p 00015000 08:06 1574880                    /lib/x86_64-linux-gnu/libgcc_s.so.1
7fab17d87000-7fab17dec000 r-xp 00000000 08:06 1839501                    /usr/lib/jvm/java-8-oracle/jre/lib/amd64/libfontmanager.so
7fab17dec000-7fab17feb000 ---p 00065000 08:06 1839501                    /usr/lib/jvm/java-8-oracle/jre/lib/amd64/libfontmanager.so
7fab17feb000-7fab17ff0000 rw-p 00064000 08:06 1839501                    /usr/lib/jvm/java-8-oracle/jre/lib/amd64/libfontmanager.so
7fab17ff0000-7fab18000000 rw-p 00000000 00:00 0 
7fab18000000-7fab186a1000 rw-p 00000000 00:00 0 
7fab186a1000-7fab1c000000 ---p 00000000 00:00 0 
7fab1c000000-7fab1c021000 rw-p 00000000 00:00 0 
7fab1c021000-7fab20000000 ---p 00000000 00:00 0 
7fab20000000-7fab20021000 rw-p 00000000 00:00 0 
7fab20021000-7fab24000000 ---p 00000000 00:00 0 
7fab24000000-7fab24874000 rw-p 00000000 00:00 0 
7fab24874000-7fab28000000 ---p 00000000 00:00 0 
7fab28000000-7fab28021000 rw-p 00000000 00:00 0 
7fab28021000-7fab2c000000 ---p 00000000 00:00 0 
7fab2c000000-7fab2c021000 rw-p 00000000 00:00 0 
7fab2c021000-7fab30000000 ---p 00000000 00:00 0 
7fab30000000-7fab30021000 rw-p 00000000 00:00 0 
7fab30021000-7fab34000000 ---p 00000000 00:00 0 
7fab34000000-7fab34021000 rw-p 00000000 00:00 0 
7fab34021000-7fab38000000 ---p 00000000 00:00 0 
7fab38000000-7fab38021000 rw-p 00000000 00:00 0 
7fab38021000-7fab3c000000 ---p 00000000 00:00 0 
7fab3c03a000-7fab3c044000 r--s 00116000 08:06 1839562                    /usr/lib/jvm/java-8-oracle/jre/lib/ext/localedata.jar
7fab3c044000-7fab3c047000 ---p 00000000 00:00 0 
7fab3c047000-7fab3c145000 rw-p 00000000 00:00 0 
7fab3c145000-7fab3c166000 r--p 00000000 08:06 2111345                    /usr/share/locale-langpack/pt_BR/LC_MESSAGES/libc.mo
7fab3c166000-7fab3c16b000 r-xp 00000000 08:06 1836463                    /usr/lib/x86_64-linux-gnu/libXdmcp.so.6.0.0
7fab3c16b000-7fab3c36a000 ---p 00005000 08:06 1836463                    /usr/lib/x86_64-linux-gnu/libXdmcp.so.6.0.0
7fab3c36a000-7fab3c36b000 r--p 00004000 08:06 1836463                    /usr/lib/x86_64-linux-gnu/libXdmcp.so.6.0.0
7fab3c36b000-7fab3c36c000 rw-p 00005000 08:06 1836463                    /usr/lib/x86_64-linux-gnu/libXdmcp.so.6.0.0
7fab3c36c000-7fab3c36e000 r-xp 00000000 08:06 1836452                    /usr/lib/x86_64-linux-gnu/libXau.so.6.0.0
7fab3c36e000-7fab3c56e000 ---p 00002000 08:06 1836452                    /usr/lib/x86_64-linux-gnu/libXau.so.6.0.0
7fab3c56e000-7fab3c56f000 r--p 00002000 08:06 1836452                    /usr/lib/x86_64-linux-gnu/libXau.so.6.0.0
7fab3c56f000-7fab3c570000 rw-p 00003000 08:06 1836452                    /usr/lib/x86_64-linux-gnu/libXau.so.6.0.0
7fab3c570000-7fab3c591000 r-xp 00000000 08:06 1837502                    /usr/lib/x86_64-linux-gnu/libxcb.so.1.1.0
7fab3c591000-7fab3c790000 ---p 00021000 08:06 1837502                    /usr/lib/x86_64-linux-gnu/libxcb.so.1.1.0
7fab3c790000-7fab3c791000 r--p 00020000 08:06 1837502                    /usr/lib/x86_64-linux-gnu/libxcb.so.1.1.0
7fab3c791000-7fab3c792000 rw-p 00021000 08:06 1837502                    /usr/lib/x86_64-linux-gnu/libxcb.so.1.1.0
7fab3c792000-7fab3c7a1000 r-xp 00000000 08:06 1836473                    /usr/lib/x86_64-linux-gnu/libXi.so.6.1.0
7fab3c7a1000-7fab3c9a0000 ---p 0000f000 08:06 1836473                    /usr/lib/x86_64-linux-gnu/libXi.so.6.1.0
7fab3c9a0000-7fab3c9a1000 r--p 0000e000 08:06 1836473                    /usr/lib/x86_64-linux-gnu/libXi.so.6.1.0
7fab3c9a1000-7fab3c9a2000 rw-p 0000f000 08:06 1836473                    /usr/lib/x86_64-linux-gnu/libXi.so.6.1.0
7fab3c9a2000-7fab3c9a7000 r-xp 00000000 08:06 1836491                    /usr/lib/x86_64-linux-gnu/libXtst.so.6.1.0
7fab3c9a7000-7fab3cba6000 ---p 00005000 08:06 1836491                    /usr/lib/x86_64-linux-gnu/libXtst.so.6.1.0
7fab3cba6000-7fab3cba7000 r--p 00004000 08:06 1836491                    /usr/lib/x86_64-linux-gnu/libXtst.so.6.1.0
7fab3cba7000-7fab3cba8000 rw-p 00005000 08:06 1836491                    /usr/lib/x86_64-linux-gnu/libXtst.so.6.1.0
7fab3cba8000-7fab3cbb1000 r-xp 00000000 08:06 1836485                    /usr/lib/x86_64-linux-gnu/libXrender.so.1.3.0
7fab3cbb1000-7fab3cdb0000 ---p 00009000 08:06 1836485                    /usr/lib/x86_64-linux-gnu/libXrender.so.1.3.0
7fab3cdb0000-7fab3cdb1000 r--p 00008000 08:06 1836485                    /usr/lib/x86_64-linux-gnu/libXrender.so.1.3.0
7fab3cdb1000-7fab3cdb2000 rw-p 00009000 08:06 1836485                    /usr/lib/x86_64-linux-gnu/libXrender.so.1.3.0
7fab3cdb2000-7fab3cee7000 r-xp 00000000 08:06 1836448                    /usr/lib/x86_64-linux-gnu/libX11.so.6.3.0
7fab3cee7000-7fab3d0e7000 ---p 00135000 08:06 1836448                    /usr/lib/x86_64-linux-gnu/libX11.so.6.3.0
7fab3d0e7000-7fab3d0e8000 r--p 00135000 08:06 1836448                    /usr/lib/x86_64-linux-gnu/libX11.so.6.3.0
7fab3d0e8000-7fab3d0ec000 rw-p 00136000 08:06 1836448                    /usr/lib/x86_64-linux-gnu/libX11.so.6.3.0
7fab3d0ec000-7fab3d0fd000 r-xp 00000000 08:06 1836465                    /usr/lib/x86_64-linux-gnu/libXext.so.6.4.0
7fab3d0fd000-7fab3d2fc000 ---p 00011000 08:06 1836465                    /usr/lib/x86_64-linux-gnu/libXext.so.6.4.0
7fab3d2fc000-7fab3d2fd000 r--p 00010000 08:06 1836465                    /usr/lib/x86_64-linux-gnu/libXext.so.6.4.0
7fab3d2fd000-7fab3d2fe000 rw-p 00011000 08:06 1836465                    /usr/lib/x86_64-linux-gnu/libXext.so.6.4.0
7fab3d2fe000-7fab3d352000 r-xp 00000000 08:06 1839509                    /usr/lib/jvm/java-8-oracle/jre/lib/amd64/libawt_xawt.so
7fab3d352000-7fab3d552000 ---p 00054000 08:06 1839509                    /usr/lib/jvm/java-8-oracle/jre/lib/amd64/libawt_xawt.so
7fab3d552000-7fab3d556000 rw-p 00054000 08:06 1839509                    /usr/lib/jvm/java-8-oracle/jre/lib/amd64/libawt_xawt.so
7fab3d556000-7fab3d557000 rw-p 00000000 00:00 0 
7fab3d557000-7fab3d5f9000 r-xp 00000000 08:06 1839542                    /usr/lib/jvm/java-8-oracle/jre/lib/amd64/libawt.so
7fab3d5f9000-7fab3d7f9000 ---p 000a2000 08:06 1839542                    /usr/lib/jvm/java-8-oracle/jre/lib/amd64/libawt.so
7fab3d7f9000-7fab3d805000 rw-p 000a2000 08:06 1839542                    /usr/lib/jvm/java-8-oracle/jre/lib/amd64/libawt.so
7fab3d805000-7fab3d829000 rw-p 00000000 00:00 0 
7fab3d829000-7fab3d846000 r--s 00653000 08:06 2376266                    /usr/lib/jvm/TotalCross3/dist/tc.jar
7fab3d846000-7fab3d847000 ---p 00000000 00:00 0 
7fab3d847000-7fab3d947000 rw-p 00000000 00:00 0 
7fab3d947000-7fab3d94a000 ---p 00000000 00:00 0 
7fab3d94a000-7fab3da48000 rw-p 00000000 00:00 0 
7fab3da48000-7fab3da4b000 ---p 00000000 00:00 0 
7fab3da4b000-7fab3db49000 rw-p 00000000 00:00 0 
7fab3db49000-7fab3db4c000 ---p 00000000 00:00 0 
7fab3db4c000-7fab3dc4a000 rw-p 00000000 00:00 0 
7fab3dc4a000-7fab3dc4d000 ---p 00000000 00:00 0 
7fab3dc4d000-7fab3dd4b000 rw-p 00000000 00:00 0 
7fab3dd4b000-7fab3e025000 r--p 00000000 08:06 1831582                    /usr/lib/locale/locale-archive
7fab3e025000-7fab3e028000 ---p 00000000 00:00 0 
7fab3e028000-7fab3e126000 rw-p 00000000 00:00 0 
7fab3e126000-7fab3e129000 ---p 00000000 00:00 0 
7fab3e129000-7fab3e227000 rw-p 00000000 00:00 0 
7fab3e227000-7fab3e228000 ---p 00000000 00:00 0 
7fab3e228000-7fab41000000 rw-p 00000000 00:00 0 
7fab41000000-7fab41440000 rwxp 00000000 00:00 0 
7fab41440000-7fab50000000 ---p 00000000 00:00 0 
7fab50000000-7fab50683000 rw-p 00000000 00:00 0 
7fab50683000-7fab54000000 ---p 00000000 00:00 0 
7fab54009000-7fab5401c000 r--s 00345000 08:06 1849281                    /usr/lib/jvm/java-8-oracle/jre/lib/resources.jar
7fab5401c000-7fab5426d000 rw-p 00000000 00:00 0 
7fab5426d000-7fab54445000 r--s 03d2a000 08:06 1839474                    /usr/lib/jvm/java-8-oracle/jre/lib/rt.jar
7fab54445000-7fab54696000 rw-p 00000000 00:00 0 
7fab54696000-7fab54697000 ---p 00000000 00:00 0 
7fab54697000-7fab54797000 rw-p 00000000 00:00 0 
7fab54797000-7fab54798000 ---p 00000000 00:00 0 
7fab54798000-7fab548ac000 rw-p 00000000 00:00 0 
7fab548ac000-7fab549d5000 ---p 00000000 00:00 0 
7fab549d5000-7fab549e9000 rw-p 00000000 00:00 0 
7fab549e9000-7fab54b11000 ---p 00000000 00:00 0 
7fab54b11000-7fab54b24000 rw-p 00000000 00:00 0 
7fab54b24000-7fab54bb0000 ---p 00000000 00:00 0 
7fab54bb0000-7fab54bc2000 rw-p 00000000 00:00 0 
7fab54bc2000-7fab54f71000 ---p 00000000 00:00 0 
7fab54f71000-7fab54f8b000 r-xp 00000000 08:06 1839505                    /usr/lib/jvm/java-8-oracle/jre/lib/amd64/libzip.so
7fab54f8b000-7fab5518b000 ---p 0001a000 08:06 1839505                    /usr/lib/jvm/java-8-oracle/jre/lib/amd64/libzip.so
7fab5518b000-7fab5518c000 rw-p 0001a000 08:06 1839505                    /usr/lib/jvm/java-8-oracle/jre/lib/amd64/libzip.so
7fab5518c000-7fab55197000 r-xp 00000000 08:06 1584364                    /lib/x86_64-linux-gnu/libnss_files-2.23.so
7fab55197000-7fab55396000 ---p 0000b000 08:06 1584364                    /lib/x86_64-linux-gnu/libnss_files-2.23.so
7fab55396000-7fab55397000 r--p 0000a000 08:06 1584364                    /lib/x86_64-linux-gnu/libnss_files-2.23.so
7fab55397000-7fab55398000 rw-p 0000b000 08:06 1584364                    /lib/x86_64-linux-gnu/libnss_files-2.23.so
7fab55398000-7fab5539e000 rw-p 00000000 00:00 0 
7fab5539e000-7fab553a9000 r-xp 00000000 08:06 1584361                    /lib/x86_64-linux-gnu/libnss_nis-2.23.so
7fab553a9000-7fab555a8000 ---p 0000b000 08:06 1584361                    /lib/x86_64-linux-gnu/libnss_nis-2.23.so
7fab555a8000-7fab555a9000 r--p 0000a000 08:06 1584361                    /lib/x86_64-linux-gnu/libnss_nis-2.23.so
7fab555a9000-7fab555aa000 rw-p 0000b000 08:06 1584361                    /lib/x86_64-linux-gnu/libnss_nis-2.23.so
7fab555aa000-7fab555c0000 r-xp 00000000 08:06 1584358                    /lib/x86_64-linux-gnu/libnsl-2.23.so
7fab555c0000-7fab557bf000 ---p 00016000 08:06 1584358                    /lib/x86_64-linux-gnu/libnsl-2.23.so
7fab557bf000-7fab557c0000 r--p 00015000 08:06 1584358                    /lib/x86_64-linux-gnu/libnsl-2.23.so
7fab557c0000-7fab557c1000 rw-p 00016000 08:06 1584358                    /lib/x86_64-linux-gnu/libnsl-2.23.so
7fab557c1000-7fab557c3000 rw-p 00000000 00:00 0 
7fab557c3000-7fab557cb000 r-xp 00000000 08:06 1584254                    /lib/x86_64-linux-gnu/libnss_compat-2.23.so
7fab557cb000-7fab559ca000 ---p 00008000 08:06 1584254                    /lib/x86_64-linux-gnu/libnss_compat-2.23.so
7fab559ca000-7fab559cb000 r--p 00007000 08:06 1584254                    /lib/x86_64-linux-gnu/libnss_compat-2.23.so
7fab559cb000-7fab559cc000 rw-p 00008000 08:06 1584254                    /lib/x86_64-linux-gnu/libnss_compat-2.23.so
7fab559cc000-7fab559f7000 r-xp 00000000 08:06 1839532                    /usr/lib/jvm/java-8-oracle/jre/lib/amd64/libjava.so
7fab559f7000-7fab55bf6000 ---p 0002b000 08:06 1839532                    /usr/lib/jvm/java-8-oracle/jre/lib/amd64/libjava.so
7fab55bf6000-7fab55bf8000 rw-p 0002a000 08:06 1839532                    /usr/lib/jvm/java-8-oracle/jre/lib/amd64/libjava.so
7fab55bf8000-7fab55c05000 r-xp 00000000 08:06 1839483                    /usr/lib/jvm/java-8-oracle/jre/lib/amd64/libverify.so
7fab55c05000-7fab55e04000 ---p 0000d000 08:06 1839483                    /usr/lib/jvm/java-8-oracle/jre/lib/amd64/libverify.so
7fab55e04000-7fab55e06000 rw-p 0000c000 08:06 1839483                    /usr/lib/jvm/java-8-oracle/jre/lib/amd64/libverify.so
7fab55e06000-7fab55e0d000 r-xp 00000000 08:06 1584379                    /lib/x86_64-linux-gnu/librt-2.23.so
7fab55e0d000-7fab5600c000 ---p 00007000 08:06 1584379                    /lib/x86_64-linux-gnu/librt-2.23.so
7fab5600c000-7fab5600d000 r--p 00006000 08:06 1584379                    /lib/x86_64-linux-gnu/librt-2.23.so
7fab5600d000-7fab5600e000 rw-p 00007000 08:06 1584379                    /lib/x86_64-linux-gnu/librt-2.23.so
7fab5600e000-7fab56116000 r-xp 00000000 08:06 1584376                    /lib/x86_64-linux-gnu/libm-2.23.so
7fab56116000-7fab56315000 ---p 00108000 08:06 1584376                    /lib/x86_64-linux-gnu/libm-2.23.so
7fab56315000-7fab56316000 r--p 00107000 08:06 1584376                    /lib/x86_64-linux-gnu/libm-2.23.so
7fab56316000-7fab56317000 rw-p 00108000 08:06 1584376                    /lib/x86_64-linux-gnu/libm-2.23.so
7fab56317000-7fab56fe4000 r-xp 00000000 08:06 1839536                    /usr/lib/jvm/java-8-oracle/jre/lib/amd64/server/libjvm.so
7fab56fe4000-7fab571e3000 ---p 00ccd000 08:06 1839536                    /usr/lib/jvm/java-8-oracle/jre/lib/amd64/server/libjvm.so
7fab571e3000-7fab572bc000 rw-p 00ccc000 08:06 1839536                    /usr/lib/jvm/java-8-oracle/jre/lib/amd64/server/libjvm.so
7fab572bc000-7fab57307000 rw-p 00000000 00:00 0 
7fab57307000-7fab574c6000 r-xp 00000000 08:06 1584384                    /lib/x86_64-linux-gnu/libc-2.23.so
7fab574c6000-7fab576c6000 ---p 001bf000 08:06 1584384                    /lib/x86_64-linux-gnu/libc-2.23.so
7fab576c6000-7fab576ca000 r--p 001bf000 08:06 1584384                    /lib/x86_64-linux-gnu/libc-2.23.so
7fab576ca000-7fab576cc000 rw-p 001c3000 08:06 1584384                    /lib/x86_64-linux-gnu/libc-2.23.so
7fab576cc000-7fab576d0000 rw-p 00000000 00:00 0 
7fab576d0000-7fab576d3000 r-xp 00000000 08:06 1584385                    /lib/x86_64-linux-gnu/libdl-2.23.so
7fab576d3000-7fab578d2000 ---p 00003000 08:06 1584385                    /lib/x86_64-linux-gnu/libdl-2.23.so
7fab578d2000-7fab578d3000 r--p 00002000 08:06 1584385                    /lib/x86_64-linux-gnu/libdl-2.23.so
7fab578d3000-7fab578d4000 rw-p 00003000 08:06 1584385                    /lib/x86_64-linux-gnu/libdl-2.23.so
7fab578d4000-7fab578e9000 r-xp 00000000 08:06 1838510                    /usr/lib/jvm/java-8-oracle/lib/amd64/jli/libjli.so
7fab578e9000-7fab57ae9000 ---p 00015000 08:06 1838510                    /usr/lib/jvm/java-8-oracle/lib/amd64/jli/libjli.so
7fab57ae9000-7fab57aea000 rw-p 00015000 08:06 1838510                    /usr/lib/jvm/java-8-oracle/lib/amd64/jli/libjli.so
7fab57aea000-7fab57b02000 r-xp 00000000 08:06 1584383                    /lib/x86_64-linux-gnu/libpthread-2.23.so
7fab57b02000-7fab57d01000 ---p 00018000 08:06 1584383                    /lib/x86_64-linux-gnu/libpthread-2.23.so
7fab57d01000-7fab57d02000 r--p 00017000 08:06 1584383                    /lib/x86_64-linux-gnu/libpthread-2.23.so
7fab57d02000-7fab57d03000 rw-p 00018000 08:06 1584383                    /lib/x86_64-linux-gnu/libpthread-2.23.so
7fab57d03000-7fab57d07000 rw-p 00000000 00:00 0 
7fab57d07000-7fab57d2d000 r-xp 00000000 08:06 1584380                    /lib/x86_64-linux-gnu/ld-2.23.so
7fab57d30000-7fab57d34000 r--s 00097000 08:06 1839426                    /usr/lib/jvm/java-8-oracle/jre/lib/jsse.jar
7fab57d34000-7fab57e0c000 rw-p 00000000 00:00 0 
7fab57e0c000-7fab57e0f000 ---p 00000000 00:00 0 
7fab57e0f000-7fab57f11000 rw-p 00000000 00:00 0 
7fab57f11000-7fab57f14000 r--s 0001a000 08:06 1849311                    /usr/lib/jvm/java-8-oracle/jre/lib/jce.jar
7fab57f14000-7fab57f1b000 r--s 00000000 08:06 1982217                    /usr/lib/x86_64-linux-gnu/gconv/gconv-modules.cache
7fab57f1b000-7fab57f20000 r--s 002f9000 08:06 1839427                    /usr/lib/jvm/java-8-oracle/jre/lib/charsets.jar
7fab57f20000-7fab57f28000 rw-s 00000000 08:06 1574604                    /tmp/hsperfdata_root/20243
7fab57f28000-7fab57f29000 rw-p 00000000 00:00 0 
7fab57f29000-7fab57f2a000 r--p 00000000 00:00 0 
7fab57f2a000-7fab57f2c000 rw-p 00000000 00:00 0 
7fab57f2c000-7fab57f2d000 r--p 00025000 08:06 1584380                    /lib/x86_64-linux-gnu/ld-2.23.so
7fab57f2d000-7fab57f2e000 rw-p 00026000 08:06 1584380                    /lib/x86_64-linux-gnu/ld-2.23.so
7fab57f2e000-7fab57f2f000 rw-p 00000000 00:00 0 
7ffc1fe4f000-7ffc1fe70000 rw-p 00000000 00:00 0                          [stack]
7ffc1fee7000-7ffc1fee9000 r--p 00000000 00:00 0                          [vvar]
7ffc1fee9000-7ffc1feeb000 r-xp 00000000 00:00 0                          [vdso]
ffffffffff600000-ffffffffff601000 r-xp 00000000 00:00 0                  [vsyscall]

VM Arguments:
jvm_args: -Dfile.encoding=UTF-8 
java_command: totalcross.Launcher /scr android /r 54435354004303E26A1D9E0F com.softsite.tccrud.view.Main
java_class_path (initial): /root/workspace/TCCRUDRenanAdam/bin:/usr/lib/jvm/TotalCross3/dist/tc.jar
Launcher Type: SUN_STANDARD

Environment Variables:
JAVA_HOME=/usr/lib/jvm/java-8-oracle
PATH=/usr/local/sbin:/usr/local/bin:/usr/sbin:/usr/bin:/sbin:/bin:/snap/bin
USERNAME=root
SHELL=/bin/bash
DISPLAY=:0.0

Signal Handlers:
SIGSEGV: [libjvm.so+0xac64b0], sa_mask[0]=11111111011111111101111111111110, sa_flags=SA_RESTART|SA_SIGINFO
SIGBUS: [libjvm.so+0xac64b0], sa_mask[0]=11111111011111111101111111111110, sa_flags=SA_RESTART|SA_SIGINFO
SIGFPE: [libjvm.so+0x91f950], sa_mask[0]=11111111011111111101111111111110, sa_flags=SA_RESTART|SA_SIGINFO
SIGPIPE: [libjvm.so+0x91f950], sa_mask[0]=11111111011111111101111111111110, sa_flags=SA_RESTART|SA_SIGINFO
SIGXFSZ: [libjvm.so+0x91f950], sa_mask[0]=11111111011111111101111111111110, sa_flags=SA_RESTART|SA_SIGINFO
SIGILL: [libjvm.so+0x91f950], sa_mask[0]=11111111011111111101111111111110, sa_flags=SA_RESTART|SA_SIGINFO
SIGUSR1: SIG_DFL, sa_mask[0]=00000000000000000000000000000000, sa_flags=none
SIGUSR2: [libjvm.so+0x920f80], sa_mask[0]=00100000000000000000000000000000, sa_flags=SA_RESTART|SA_SIGINFO
SIGHUP: [libjvm.so+0x922380], sa_mask[0]=11111111011111111101111111111110, sa_flags=SA_RESTART|SA_SIGINFO
SIGINT: [libjvm.so+0x922380], sa_mask[0]=11111111011111111101111111111110, sa_flags=SA_RESTART|SA_SIGINFO
SIGTERM: [libjvm.so+0x922380], sa_mask[0]=11111111011111111101111111111110, sa_flags=SA_RESTART|SA_SIGINFO
SIGQUIT: [libjvm.so+0x922380], sa_mask[0]=11111111011111111101111111111110, sa_flags=SA_RESTART|SA_SIGINFO


---------------  S Y S T E M  ---------------

OS:DISTRIB_ID=Ubuntu
DISTRIB_RELEASE=16.04
DISTRIB_CODENAME=xenial
DISTRIB_DESCRIPTION="Ubuntu 16.04.1 LTS"

uname:Linux 4.4.0-47-generic #68-Ubuntu SMP Wed Oct 26 19:39:52 UTC 2016 x86_64
libc:glibc 2.23 NPTL 2.23 
rlimit: STACK 8192k, CORE 0k, NPROC 15014, NOFILE 65536, AS infinity
load average:0,28 0,38 0,55

/proc/meminfo:
MemTotal:        3884020 kB
MemFree:          225620 kB
MemAvailable:     631024 kB
Buffers:           48644 kB
Cached:           670368 kB
SwapCached:        18272 kB
Active:          2300140 kB
Inactive:        1214492 kB
Active(anon):    1990076 kB
Inactive(anon):   940464 kB
Active(file):     310064 kB
Inactive(file):   274028 kB
Unevictable:          32 kB
Mlocked:              32 kB
SwapTotal:       1429500 kB
SwapFree:        1281052 kB
Dirty:               160 kB
Writeback:             0 kB
AnonPages:       2778924 kB
Mapped:           261496 kB
Shmem:            134960 kB
Slab:              77544 kB
SReclaimable:      51864 kB
SUnreclaim:        25680 kB
KernelStack:        8176 kB
PageTables:        29064 kB
NFS_Unstable:          0 kB
Bounce:                0 kB
WritebackTmp:          0 kB
CommitLimit:     3371508 kB
Committed_AS:    5380304 kB
VmallocTotal:   34359738367 kB
VmallocUsed:           0 kB
VmallocChunk:          0 kB
HardwareCorrupted:     0 kB
AnonHugePages:   1859584 kB
CmaTotal:              0 kB
CmaFree:               0 kB
HugePages_Total:       0
HugePages_Free:        0
HugePages_Rsvd:        0
HugePages_Surp:        0
Hugepagesize:       2048 kB
DirectMap4k:       93612 kB
DirectMap2M:     3936256 kB


CPU:total 2 (2 cores per cpu, 1 threads per core) family 6 model 23 stepping 10, cmov, cx8, fxsr, mmx, sse, sse2, sse3, ssse3, sse4.1, tsc

/proc/cpuinfo:
processor	: 0
vendor_id	: GenuineIntel
cpu family	: 6
model		: 23
model name	: Intel(R) Core(TM)2 Duo CPU     T6600  @ 2.20GHz
stepping	: 10
microcode	: 0xa07
cpu MHz		: 2200.000
cache size	: 2048 KB
physical id	: 0
siblings	: 2
core id		: 0
cpu cores	: 2
apicid		: 0
initial apicid	: 0
fpu		: yes
fpu_exception	: yes
cpuid level	: 13
wp		: yes
flags		: fpu vme de pse tsc msr pae mce cx8 apic sep mtrr pge mca cmov pat pse36 clflush dts acpi mmx fxsr sse sse2 ss ht tm pbe syscall nx lm constant_tsc arch_perfmon pebs bts rep_good nopl aperfmperf pni dtes64 monitor ds_cpl est tm2 ssse3 cx16 xtpr pdcm sse4_1 xsave lahf_lm dtherm
bugs		:
bogomips	: 4385.98
clflush size	: 64
cache_alignment	: 64
address sizes	: 36 bits physical, 48 bits virtual
power management:

processor	: 1
vendor_id	: GenuineIntel
cpu family	: 6
model		: 23
model name	: Intel(R) Core(TM)2 Duo CPU     T6600  @ 2.20GHz
stepping	: 10
microcode	: 0xa07
cpu MHz		: 1600.000
cache size	: 2048 KB
physical id	: 0
siblings	: 2
core id		: 1
cpu cores	: 2
apicid		: 1
initial apicid	: 1
fpu		: yes
fpu_exception	: yes
cpuid level	: 13
wp		: yes
flags		: fpu vme de pse tsc msr pae mce cx8 apic sep mtrr pge mca cmov pat pse36 clflush dts acpi mmx fxsr sse sse2 ss ht tm pbe syscall nx lm constant_tsc arch_perfmon pebs bts rep_good nopl aperfmperf pni dtes64 monitor ds_cpl est tm2 ssse3 cx16 xtpr pdcm sse4_1 xsave lahf_lm dtherm
bugs		:
bogomips	: 4385.98
clflush size	: 64
cache_alignment	: 64
address sizes	: 36 bits physical, 48 bits virtual
power management:



Memory: 4k page, physical 3884020k(225620k free), swap 1429500k(1281052k free)

vm_info: Java HotSpot(TM) 64-Bit Server VM (25.111-b14) for linux-amd64 JRE (1.8.0_111-b14), built on Sep 22 2016 16:14:03 by "java_re" with gcc 4.3.0 20080428 (Red Hat 4.3.0-8)

time: Mon Nov 28 06:17:46 2016
elapsed time: 15 seconds (0d 0h 0m 15s)

