#
# A fatal error has been detected by the Java Runtime Environment:
#
#  SIGSEGV (0xb) at pc=0x00007fbf42774d24, pid=18274, tid=0x00007fbf00d0e700
#
# JRE version: Java(TM) SE Runtime Environment (8.0_111-b14) (build 1.8.0_111-b14)
# Java VM: Java HotSpot(TM) 64-Bit Server VM (25.111-b14 mixed mode linux-amd64 compressed oops)
# Problematic frame:
# C  [ld-linux-x86-64.so.2+0x9d24]
#
# Failed to write core dump. Core dumps have been disabled. To enable core dumping, try "ulimit -c unlimited" before starting Java again
#
# If you would like to submit a bug report, please visit:
#   http://bugreport.java.com/bugreport/crash.jsp
# The crash happened outside the Java Virtual Machine in native code.
# See problematic frame for where to report the bug.
#

---------------  T H R E A D  ---------------

Current thread (0x00007fbefc001800):  JavaThread "Secondary finalizer" daemon [_thread_in_native, id=18307, stack(0x00007fbf00c0e000,0x00007fbf00d0f000)]

siginfo: si_signo: 11 (SIGSEGV), si_code: 1 (SEGV_MAPERR), si_addr: 0x0000000000000068

Registers:
RAX=0x0000000000000040, RBX=0x00007fbf429749f0, RCX=0x000000000000003d, RDX=0x00000000000003f3
RSP=0x00007fbf00d0c910, RBP=0x0000000000000002, RSI=0x0000000000041204, RDI=0x00007fbf18000d00
R8 =0x00007fbf00d0ca70, R9 =0x00007fbf3c60c538, R10=0x00007fbf42991040, R11=0x0000000000000001
R12=0x0000000000000003, R13=0x0000000000000000, R14=0x00007fbf3c32caf0, R15=0x0000000000000000
RIP=0x00007fbf42774d24, EFLAGS=0x0000000000010202, CSGSFS=0x0000000000000033, ERR=0x0000000000000004
  TRAPNO=0x000000000000000e

Top of Stack: (sp=0x00007fbf00d0c910)
0x00007fbf00d0c910:   00000000000002c8 00007fbf18000d00
0x00007fbf00d0c920:   0000000000000000 00007fbf00d0c998
0x00007fbf00d0c930:   00000000bc8b46fd 0000000002f22d1b
0x00007fbf00d0c940:   ffffffff0000003d 00007fbf00d0ca70
0x00007fbf00d0c950:   00007fbf41d7bff8 00007fbf41d6ed80
0x00007fbf00d0c960:   00007fbf00d0c994 00007fbf00d0ca60
0x00007fbf00d0c970:   00007fbf3c5c7076 00007fbf00d0d266
0x00007fbf00d0c980:   00007fbf00d0d240 00007fbf416aa80b
0x00007fbf00d0c990:   0000000000d0d170 0000000000000000
0x00007fbf00d0c9a0:   0000001129b89260 00007fbf3c60c608
0x00007fbf00d0c9b0:   00007fbf00d0cb00 0000000000000000
0x00007fbf00d0c9c0:   0000000000000000 00007fbf3c60c280
0x00007fbf00d0c9d0:   00007fbf00d0cb48 00007fbf4277594f
0x00007fbf00d0c9e0:   0000000000000000 0000000000000000
0x00007fbf00d0c9f0:   0000000000000002 0000000000000000
0x00007fbf00d0ca00:   0000000000000000 00007fbf3c60c280
0x00007fbf00d0ca10:   00007fbf427da1de 00007fbf00d0d350
0x00007fbf00d0ca20:   00007fbf427da1eb 0000000000000000
0x00007fbf00d0ca30:   00007fbf3c60c608 00007fbf00d0ca70
0x00007fbf00d0ca40:   000000003030305f 00007fbf00d0ca60
0x00007fbf00d0ca50:   00000000bc8b46fd 00007fbf18000d00
0x00007fbf00d0ca60:   00000000ffffffff 00007fbf00d0d4d0
0x00007fbf00d0ca70:   0000000000000000 0000000000000000
0x00007fbf00d0ca80:   00007fbf00d0d340 00007fbf416aa80b
0x00007fbf00d0ca90:   00003503ffffffff 00000158aa1319a7
0x00007fbf00d0caa0:   00007fbf29b89260 00007fbefc001800
0x00007fbf00d0cab0:   00007fbf29b89260 00007fbefc001800
0x00007fbf00d0cac0:   000000009f32d4c1 00007fbf00d0cb20
0x00007fbf00d0cad0:   00007fbf41053e90 00007fbf18000d00
0x00007fbf00d0cae0:   0000000001f00180 00007fbf42990ca0
0x00007fbf00d0caf0:   0000000000000000 00007fbf3c60c280
0x00007fbf00d0cb00:   00007fbf00d0cbc0 00007fbf41eadcc3 

Instructions: (pc=0x00007fbf42774d24)
0x00007fbf42774d04:   24 50 48 8d 84 24 88 00 00 00 48 89 44 24 18 89
0x00007fbf42774d14:   f0 83 e0 3f 89 44 24 30 0f 1f 40 00 49 8b 04 ee
0x00007fbf42774d24:   48 8b 58 28 4c 39 eb 0f 84 ef 00 00 00 45 85 ff
0x00007fbf42774d34:   74 0d f6 83 14 03 00 00 03 0f 84 dd 00 00 00 f6 

Register to memory mapping:

RAX=0x0000000000000040 is an unknown value
RBX=0x00007fbf429749f0 is an unknown value
RCX=0x000000000000003d is an unknown value
RDX=0x00000000000003f3 is an unknown value
RSP=0x00007fbf00d0c910 is pointing into the stack for thread: 0x00007fbefc001800
RBP=0x0000000000000002 is an unknown value
RSI=0x0000000000041204 is an unknown value
RDI=0x00007fbf18000d00 is an unknown value
R8 =0x00007fbf00d0ca70 is pointing into the stack for thread: 0x00007fbefc001800
R9 =0x00007fbf3c60c538 is an unknown value
R10=0x00007fbf42991040: _rtld_global+0 in /lib64/ld-linux-x86-64.so.2 at 0x00007fbf4276b000
R11=0x0000000000000001 is an unknown value
R12=0x0000000000000003 is an unknown value
R13=0x0000000000000000 is an unknown value
R14=0x00007fbf3c32caf0 is an unknown value
R15=0x0000000000000000 is an unknown value


Stack: [0x00007fbf00c0e000,0x00007fbf00d0f000],  sp=0x00007fbf00d0c910,  free space=1018k
Native frames: (J=compiled Java code, j=interpreted, Vv=VM code, C=native code)
C  [ld-linux-x86-64.so.2+0x9d24]

Java frames: (J=compiled Java code, j=interpreted, Vv=VM code)
J 699  java.lang.ClassLoader$NativeLibrary.find(Ljava/lang/String;)J (0 bytes) @ 0x00007fbf2ccc470c [0x00007fbf2ccc46c0+0x4c]
j  java.lang.ClassLoader.findNative(Ljava/lang/ClassLoader;Ljava/lang/String;)J+49
v  ~StubRoutines::call_stub
j  org.sqlite.core.NativeDB.free_functions()V+0
j  org.sqlite.core.DB.close()V+102
j  org.sqlite.core.CoreConnection.close()V+26
j  org.sqlite.core.CoreConnection.finalize()V+1
j  java.lang.System$2.invokeFinalize(Ljava/lang/Object;)V+1
j  java.lang.ref.Finalizer.runFinalizer(Lsun/misc/JavaLangAccess;)V+46
j  java.lang.ref.Finalizer.access$100(Ljava/lang/ref/Finalizer;Lsun/misc/JavaLangAccess;)V+2
j  java.lang.ref.Finalizer$3.run()V+58
j  java.lang.Thread.run()V+11
v  ~StubRoutines::call_stub

---------------  P R O C E S S  ---------------

Java Threads: ( => current thread )
=>0x00007fbefc001800 JavaThread "Secondary finalizer" daemon [_thread_in_native, id=18307, stack(0x00007fbf00c0e000,0x00007fbf00d0f000)]
  0x00007fbee8172800 JavaThread "TC Event Thread" daemon [_thread_blocked, id=18301, stack(0x00007fbf00250000,0x00007fbf00351000)]
  0x00007fbf3c009800 JavaThread "DestroyJavaVM" [_thread_blocked, id=18276, stack(0x00007fbf42870000,0x00007fbf42971000)]
  0x00007fbf3c2b5000 JavaThread "AWT-EventQueue-0" [_thread_blocked, id=18293, stack(0x00007fbf01cf3000,0x00007fbf01df4000)]
  0x00007fbf3c26b000 JavaThread "AWT-Shutdown" [_thread_blocked, id=18292, stack(0x00007fbf01ff4000,0x00007fbf020f5000)]
  0x00007fbf3c251000 JavaThread "AWT-XAWT" daemon [_thread_in_native, id=18291, stack(0x00007fbf020f5000,0x00007fbf021f6000)]
  0x00007fbf3c232000 JavaThread "Java2D Disposer" daemon [_thread_blocked, id=18290, stack(0x00007fbf02606000,0x00007fbf02707000)]
  0x00007fbf3c0b9800 JavaThread "Service Thread" daemon [_thread_blocked, id=18288, stack(0x00007fbf283b9000,0x00007fbf284ba000)]
  0x00007fbf3c0b6800 JavaThread "C1 CompilerThread1" daemon [_thread_blocked, id=18287, stack(0x00007fbf284ba000,0x00007fbf285bb000)]
  0x00007fbf3c0b4000 JavaThread "C2 CompilerThread0" daemon [_thread_blocked, id=18286, stack(0x00007fbf285bb000,0x00007fbf286bc000)]
  0x00007fbf3c0b2800 JavaThread "Signal Dispatcher" daemon [_thread_blocked, id=18285, stack(0x00007fbf286bc000,0x00007fbf287bd000)]
  0x00007fbf3c07f800 JavaThread "Finalizer" daemon [_thread_blocked, id=18284, stack(0x00007fbf28a97000,0x00007fbf28b98000)]
  0x00007fbf3c07b000 JavaThread "Reference Handler" daemon [_thread_blocked, id=18283, stack(0x00007fbf28b98000,0x00007fbf28c99000)]

Other Threads:
  0x00007fbf3c073000 VMThread [stack: 0x00007fbf28c99000,0x00007fbf28d9a000] [id=18282]
  0x00007fbf3c0bc800 WatcherThread [stack: 0x00007fbf282b8000,0x00007fbf283b9000] [id=18289]

VM state:not at safepoint (normal execution)

VM Mutex/Monitor currently owned by a thread: None

Heap:
 PSYoungGen      total 17920K, used 12907K [0x00000000ec380000, 0x00000000ee680000, 0x0000000100000000)
  eden space 15360K, 67% used [0x00000000ec380000,0x00000000ecd9acc8,0x00000000ed280000)
  from space 2560K, 99% used [0x00000000ed280000,0x00000000ed4fffe0,0x00000000ed500000)
  to   space 2560K, 0% used [0x00000000ee400000,0x00000000ee400000,0x00000000ee680000)
 ParOldGen       total 40960K, used 4262K [0x00000000c4a00000, 0x00000000c7200000, 0x00000000ec380000)
  object space 40960K, 10% used [0x00000000c4a00000,0x00000000c4e29970,0x00000000c7200000)
 Metaspace       used 14516K, capacity 14780K, committed 14848K, reserved 1062912K
  class space    used 1682K, capacity 1772K, committed 1792K, reserved 1048576K

Card table byte_map: [0x00007fbf2c42b000,0x00007fbf2c607000] byte_map_base: 0x00007fbf2be06000

Marking Bits: (ParMarkBitMap*) 0x00007fbf41d3e220
 Begin Bits: [0x00007fbf2a33c000, 0x00007fbf2b214000)
 End Bits:   [0x00007fbf2b214000, 0x00007fbf2c0ec000)

Polling page: 0x00007fbf4298d000

CodeCache: size=245760Kb used=3298Kb max_used=3298Kb free=242461Kb
 bounds [0x00007fbf2c9c7000, 0x00007fbf2cd07000, 0x00007fbf3b9c7000]
 total_blobs=1352 nmethods=791 adapters=477
 compilation: enabled

Compilation events (10 events):
Event: 13,758 Thread 0x00007fbf3c0b6800  788       1       java.awt.Component::isCoalescingEnabled (5 bytes)
Event: 13,758 Thread 0x00007fbf3c0b6800 nmethod 788 0x00007fbf2ccf8c50 code [0x00007fbf2ccf8da0, 0x00007fbf2ccf8eb0]
Event: 13,759 Thread 0x00007fbf3c0b6800  789 %     3       totalcross.ui.gfx.Graphics::drawText @ 1066 (1288 bytes)
Event: 13,770 Thread 0x00007fbf3c0b6800 nmethod 789% 0x00007fbf2ccf8f10 code [0x00007fbf2ccf92c0, 0x00007fbf2ccfd688]
Event: 13,865 Thread 0x00007fbf3c0b6800  790       3       java.util.LinkedHashMap$LinkedHashIterator::hasNext (13 bytes)
Event: 13,866 Thread 0x00007fbf3c0b6800 nmethod 790 0x00007fbf2cd00890 code [0x00007fbf2cd00a00, 0x00007fbf2cd00bb0]
Event: 13,867 Thread 0x00007fbf3c0b6800  791       1       java.util.zip.ZStreamRef::address (5 bytes)
Event: 13,868 Thread 0x00007fbf3c0b6800 nmethod 791 0x00007fbf2cd00c10 code [0x00007fbf2cd00d60, 0x00007fbf2cd00e70]
Event: 13,868 Thread 0x00007fbf3c0b6800  792       1       java.lang.ref.Finalizer::access$400 (5 bytes)
Event: 13,868 Thread 0x00007fbf3c0b6800 nmethod 792 0x00007fbf2cd00ed0 code [0x00007fbf2cd01020, 0x00007fbf2cd01110]

GC Heap History (2 events):
Event: 1,237 GC heap before
{Heap before GC invocations=1 (full 0):
 PSYoungGen      total 17920K, used 15360K [0x00000000ec380000, 0x00000000ed780000, 0x0000000100000000)
  eden space 15360K, 100% used [0x00000000ec380000,0x00000000ed280000,0x00000000ed280000)
  from space 2560K, 0% used [0x00000000ed500000,0x00000000ed500000,0x00000000ed780000)
  to   space 2560K, 0% used [0x00000000ed280000,0x00000000ed280000,0x00000000ed500000)
 ParOldGen       total 40960K, used 0K [0x00000000c4a00000, 0x00000000c7200000, 0x00000000ec380000)
  object space 40960K, 0% used [0x00000000c4a00000,0x00000000c4a00000,0x00000000c7200000)
 Metaspace       used 12326K, capacity 12528K, committed 12800K, reserved 1060864K
  class space    used 1452K, capacity 1514K, committed 1536K, reserved 1048576K
Event: 1,262 GC heap after
Heap after GC invocations=1 (full 0):
 PSYoungGen      total 17920K, used 2559K [0x00000000ec380000, 0x00000000ee680000, 0x0000000100000000)
  eden space 15360K, 0% used [0x00000000ec380000,0x00000000ec380000,0x00000000ed280000)
  from space 2560K, 99% used [0x00000000ed280000,0x00000000ed4fffe0,0x00000000ed500000)
  to   space 2560K, 0% used [0x00000000ee400000,0x00000000ee400000,0x00000000ee680000)
 ParOldGen       total 40960K, used 4262K [0x00000000c4a00000, 0x00000000c7200000, 0x00000000ec380000)
  object space 40960K, 10% used [0x00000000c4a00000,0x00000000c4e29970,0x00000000c7200000)
 Metaspace       used 12326K, capacity 12528K, committed 12800K, reserved 1060864K
  class space    used 1452K, capacity 1514K, committed 1536K, reserved 1048576K
}

Deoptimization events (2 events):
Event: 0,960 Thread 0x00007fbf3c009800 Uncommon trap: reason=unstable_if action=reinterpret pc=0x00007fbf2cbbb214 method=java.lang.String.<init>([CII)V @ 18
Event: 1,391 Thread 0x00007fbf3c009800 Uncommon trap: reason=unstable_if action=reinterpret pc=0x00007fbf2cbd2528 method=java.lang.String.indexOf([CII[CIII)I @ 3

Internal exceptions (10 events):
Event: 11,177 Thread 0x00007fbf3c4b1800 Exception <a 'java/lang/InterruptedException': sleep interrupted> (0x00000000eca90c90) thrown at [/HUDSON3/workspace/8-2-build-linux-amd64/jdk8u111/7883/hotspot/src/share/vm/prims/jvm.cpp, line 3224]
Event: 11,677 Thread 0x00007fbf3c4b1800 Exception <a 'java/lang/InterruptedException': sleep interrupted> (0x00000000eca90f40) thrown at [/HUDSON3/workspace/8-2-build-linux-amd64/jdk8u111/7883/hotspot/src/share/vm/prims/jvm.cpp, line 3224]
Event: 12,177 Thread 0x00007fbf3c4b1800 Exception <a 'java/lang/InterruptedException': sleep interrupted> (0x00000000eca911f0) thrown at [/HUDSON3/workspace/8-2-build-linux-amd64/jdk8u111/7883/hotspot/src/share/vm/prims/jvm.cpp, line 3224]
Event: 12,678 Thread 0x00007fbf3c4b1800 Exception <a 'java/lang/InterruptedException': sleep interrupted> (0x00000000eca914a0) thrown at [/HUDSON3/workspace/8-2-build-linux-amd64/jdk8u111/7883/hotspot/src/share/vm/prims/jvm.cpp, line 3224]
Event: 13,178 Thread 0x00007fbf3c4b1800 Exception <a 'java/lang/InterruptedException': sleep interrupted> (0x00000000eca91750) thrown at [/HUDSON3/workspace/8-2-build-linux-amd64/jdk8u111/7883/hotspot/src/share/vm/prims/jvm.cpp, line 3224]
Event: 13,679 Thread 0x00007fbf3c4b1800 Exception <a 'java/lang/InterruptedException': sleep interrupted> (0x00000000eca91a00) thrown at [/HUDSON3/workspace/8-2-build-linux-amd64/jdk8u111/7883/hotspot/src/share/vm/prims/jvm.cpp, line 3224]
Event: 13,863 Thread 0x00007fbee8172800 Exception <a 'java/io/FileNotFoundException'> (0x00000000ecd6d6f8) thrown at [/HUDSON3/workspace/8-2-build-linux-amd64/jdk8u111/7883/hotspot/src/share/vm/prims/jni.cpp, line 709]
Event: 13,863 Thread 0x00007fbee8172800 Exception <a 'java/io/FileNotFoundException'> (0x00000000ecd6e1e0) thrown at [/HUDSON3/workspace/8-2-build-linux-amd64/jdk8u111/7883/hotspot/src/share/vm/prims/jni.cpp, line 709]
Event: 13,863 Thread 0x00007fbee8172800 Exception <a 'java/io/FileNotFoundException'> (0x00000000ecd6f060) thrown at [/HUDSON3/workspace/8-2-build-linux-amd64/jdk8u111/7883/hotspot/src/share/vm/prims/jni.cpp, line 709]
Event: 13,864 Thread 0x00007fbf3c4b1800 Exception <a 'java/lang/InterruptedException': sleep interrupted> (0x00000000eca91c58) thrown at [/HUDSON3/workspace/8-2-build-linux-amd64/jdk8u111/7883/hotspot/src/share/vm/prims/jvm.cpp, line 3224]

Events (10 events):
Event: 13,865 Thread 0x00007fbefc001800 Thread exited: 0x00007fbefc001800
Event: 13,866 loading class java/lang/ref/Finalizer$3
Event: 13,866 loading class java/lang/ref/Finalizer$3 done
Event: 13,866 Thread 0x00007fbefc001800 Thread added: 0x00007fbefc001800
Event: 13,866 Executing VM operation: RevokeBias
Event: 13,867 Executing VM operation: RevokeBias done
Event: 13,867 Executing VM operation: RevokeBias
Event: 13,867 Executing VM operation: RevokeBias done
Event: 13,867 Executing VM operation: RevokeBias
Event: 13,867 Executing VM operation: RevokeBias done


Dynamic libraries:
00400000-00401000 r-xp 00000000 08:06 1839400                            /usr/lib/jvm/java-8-oracle/bin/java
00600000-00601000 rw-p 00000000 08:06 1839400                            /usr/lib/jvm/java-8-oracle/bin/java
01f00000-01f21000 rw-p 00000000 00:00 0                                  [heap]
c4a00000-c7200000 rw-p 00000000 00:00 0 
c7200000-ec380000 ---p 00000000 00:00 0 
ec380000-ee680000 rw-p 00000000 00:00 0 
ee680000-100000000 ---p 00000000 00:00 0 
100000000-1001c0000 rw-p 00000000 00:00 0 
1001c0000-140000000 ---p 00000000 00:00 0 
7fbee8000000-7fbee824b000 rw-p 00000000 00:00 0 
7fbee824b000-7fbeec000000 ---p 00000000 00:00 0 
7fbeefeff000-7fbeeff02000 ---p 00000000 00:00 0 
7fbeeff02000-7fbef0000000 rw-p 00000000 00:00 0 
7fbef0000000-7fbef008e000 rw-p 00000000 00:00 0 
7fbef008e000-7fbef4000000 ---p 00000000 00:00 0 
7fbef4000000-7fbef4066000 rw-p 00000000 00:00 0 
7fbef4066000-7fbef8000000 ---p 00000000 00:00 0 
7fbef8000000-7fbef8067000 rw-p 00000000 00:00 0 
7fbef8067000-7fbefc000000 ---p 00000000 00:00 0 
7fbefc000000-7fbefc021000 rw-p 00000000 00:00 0 
7fbefc021000-7fbf00000000 ---p 00000000 00:00 0 
7fbf000b9000-7fbf0014f000 rw-s 00000000 00:05 18645022                   /SYSV00000000 (deleted)
7fbf0014f000-7fbf00152000 ---p 00000000 00:00 0 
7fbf00152000-7fbf00250000 rw-p 00000000 00:00 0 
7fbf00250000-7fbf00253000 ---p 00000000 00:00 0 
7fbf00253000-7fbf00411000 rw-p 00000000 00:00 0 
7fbf00411000-7fbf00551000 ---p 00000000 00:00 0 
7fbf0080a000-7fbf0080d000 ---p 00000000 00:00 0 
7fbf0080d000-7fbf0090b000 rw-p 00000000 00:00 0 
7fbf0090b000-7fbf0090e000 ---p 00000000 00:00 0 
7fbf0090e000-7fbf00a0c000 rw-p 00000000 00:00 0 
7fbf00a0c000-7fbf00a0f000 ---p 00000000 00:00 0 
7fbf00a0f000-7fbf00b0d000 rw-p 00000000 00:00 0 
7fbf00b0d000-7fbf00b10000 ---p 00000000 00:00 0 
7fbf00b10000-7fbf00c0e000 rw-p 00000000 00:00 0 
7fbf00c0e000-7fbf00c11000 ---p 00000000 00:00 0 
7fbf00c11000-7fbf00f0f000 rw-p 00000000 00:00 0 
7fbf00f0f000-7fbf00f78000 r-xp 00000000 08:06 1839539                    /usr/lib/jvm/java-8-oracle/jre/lib/amd64/libt2k.so
7fbf00f78000-7fbf01178000 ---p 00069000 08:06 1839539                    /usr/lib/jvm/java-8-oracle/jre/lib/amd64/libt2k.so
7fbf01178000-7fbf0117f000 rw-p 00069000 08:06 1839539                    /usr/lib/jvm/java-8-oracle/jre/lib/amd64/libt2k.so
7fbf0117f000-7fbf0118f000 rw-p 00000000 00:00 0 
7fbf0118f000-7fbf011a0000 r-xp 00000000 08:06 1839507                    /usr/lib/jvm/java-8-oracle/jre/lib/amd64/libnio.so
7fbf011a0000-7fbf0139f000 ---p 00011000 08:06 1839507                    /usr/lib/jvm/java-8-oracle/jre/lib/amd64/libnio.so
7fbf0139f000-7fbf013a0000 rw-p 00010000 08:06 1839507                    /usr/lib/jvm/java-8-oracle/jre/lib/amd64/libnio.so
7fbf013a0000-7fbf013b7000 r-xp 00000000 08:06 1584375                    /lib/x86_64-linux-gnu/libresolv-2.23.so
7fbf013b7000-7fbf015b7000 ---p 00017000 08:06 1584375                    /lib/x86_64-linux-gnu/libresolv-2.23.so
7fbf015b7000-7fbf015b8000 r--p 00017000 08:06 1584375                    /lib/x86_64-linux-gnu/libresolv-2.23.so
7fbf015b8000-7fbf015b9000 rw-p 00018000 08:06 1584375                    /lib/x86_64-linux-gnu/libresolv-2.23.so
7fbf015b9000-7fbf015bb000 rw-p 00000000 00:00 0 
7fbf015bb000-7fbf015c0000 r-xp 00000000 08:06 1584382                    /lib/x86_64-linux-gnu/libnss_dns-2.23.so
7fbf015c0000-7fbf017c0000 ---p 00005000 08:06 1584382                    /lib/x86_64-linux-gnu/libnss_dns-2.23.so
7fbf017c0000-7fbf017c1000 r--p 00005000 08:06 1584382                    /lib/x86_64-linux-gnu/libnss_dns-2.23.so
7fbf017c1000-7fbf017c2000 rw-p 00006000 08:06 1584382                    /lib/x86_64-linux-gnu/libnss_dns-2.23.so
7fbf017db000-7fbf01adc000 rw-p 00000000 00:00 0 
7fbf01adc000-7fbf01af2000 r-xp 00000000 08:06 1839482                    /usr/lib/jvm/java-8-oracle/jre/lib/amd64/libnet.so
7fbf01af2000-7fbf01cf2000 ---p 00016000 08:06 1839482                    /usr/lib/jvm/java-8-oracle/jre/lib/amd64/libnet.so
7fbf01cf2000-7fbf01cf3000 rw-p 00016000 08:06 1839482                    /usr/lib/jvm/java-8-oracle/jre/lib/amd64/libnet.so
7fbf01cf3000-7fbf01cf6000 ---p 00000000 00:00 0 
7fbf01cf6000-7fbf01ff4000 rw-p 00000000 00:00 0 
7fbf01ff4000-7fbf01ff7000 ---p 00000000 00:00 0 
7fbf01ff7000-7fbf020f5000 rw-p 00000000 00:00 0 
7fbf020f5000-7fbf020f8000 ---p 00000000 00:00 0 
7fbf020f8000-7fbf021f6000 rw-p 00000000 00:00 0 
7fbf021f6000-7fbf021fb000 r-xp 00000000 08:06 1836467                    /usr/lib/x86_64-linux-gnu/libXfixes.so.3.1.0
7fbf021fb000-7fbf023fa000 ---p 00005000 08:06 1836467                    /usr/lib/x86_64-linux-gnu/libXfixes.so.3.1.0
7fbf023fa000-7fbf023fb000 r--p 00004000 08:06 1836467                    /usr/lib/x86_64-linux-gnu/libXfixes.so.3.1.0
7fbf023fb000-7fbf023fc000 rw-p 00005000 08:06 1836467                    /usr/lib/x86_64-linux-gnu/libXfixes.so.3.1.0
7fbf023fc000-7fbf02405000 r-xp 00000000 08:06 1836459                    /usr/lib/x86_64-linux-gnu/libXcursor.so.1.0.2
7fbf02405000-7fbf02604000 ---p 00009000 08:06 1836459                    /usr/lib/x86_64-linux-gnu/libXcursor.so.1.0.2
7fbf02604000-7fbf02605000 r--p 00008000 08:06 1836459                    /usr/lib/x86_64-linux-gnu/libXcursor.so.1.0.2
7fbf02605000-7fbf02606000 rw-p 00009000 08:06 1836459                    /usr/lib/x86_64-linux-gnu/libXcursor.so.1.0.2
7fbf02606000-7fbf02609000 ---p 00000000 00:00 0 
7fbf02609000-7fbf02707000 rw-p 00000000 00:00 0 
7fbf02707000-7fbf0271d000 r-xp 00000000 08:06 1574880                    /lib/x86_64-linux-gnu/libgcc_s.so.1
7fbf0271d000-7fbf0291c000 ---p 00016000 08:06 1574880                    /lib/x86_64-linux-gnu/libgcc_s.so.1
7fbf0291c000-7fbf0291d000 rw-p 00015000 08:06 1574880                    /lib/x86_64-linux-gnu/libgcc_s.so.1
7fbf0291d000-7fbf02982000 r-xp 00000000 08:06 1839501                    /usr/lib/jvm/java-8-oracle/jre/lib/amd64/libfontmanager.so
7fbf02982000-7fbf02b81000 ---p 00065000 08:06 1839501                    /usr/lib/jvm/java-8-oracle/jre/lib/amd64/libfontmanager.so
7fbf02b81000-7fbf02b86000 rw-p 00064000 08:06 1839501                    /usr/lib/jvm/java-8-oracle/jre/lib/amd64/libfontmanager.so
7fbf02b86000-7fbf02b96000 rw-p 00000000 00:00 0 
7fbf02b96000-7fbf02b9b000 r-xp 00000000 08:06 1836463                    /usr/lib/x86_64-linux-gnu/libXdmcp.so.6.0.0
7fbf02b9b000-7fbf02d9a000 ---p 00005000 08:06 1836463                    /usr/lib/x86_64-linux-gnu/libXdmcp.so.6.0.0
7fbf02d9a000-7fbf02d9b000 r--p 00004000 08:06 1836463                    /usr/lib/x86_64-linux-gnu/libXdmcp.so.6.0.0
7fbf02d9b000-7fbf02d9c000 rw-p 00005000 08:06 1836463                    /usr/lib/x86_64-linux-gnu/libXdmcp.so.6.0.0
7fbf02d9c000-7fbf02d9e000 r-xp 00000000 08:06 1836452                    /usr/lib/x86_64-linux-gnu/libXau.so.6.0.0
7fbf02d9e000-7fbf02f9e000 ---p 00002000 08:06 1836452                    /usr/lib/x86_64-linux-gnu/libXau.so.6.0.0
7fbf02f9e000-7fbf02f9f000 r--p 00002000 08:06 1836452                    /usr/lib/x86_64-linux-gnu/libXau.so.6.0.0
7fbf02f9f000-7fbf02fa0000 rw-p 00003000 08:06 1836452                    /usr/lib/x86_64-linux-gnu/libXau.so.6.0.0
7fbf02fa0000-7fbf02fc1000 r-xp 00000000 08:06 1837502                    /usr/lib/x86_64-linux-gnu/libxcb.so.1.1.0
7fbf02fc1000-7fbf031c0000 ---p 00021000 08:06 1837502                    /usr/lib/x86_64-linux-gnu/libxcb.so.1.1.0
7fbf031c0000-7fbf031c1000 r--p 00020000 08:06 1837502                    /usr/lib/x86_64-linux-gnu/libxcb.so.1.1.0
7fbf031c1000-7fbf031c2000 rw-p 00021000 08:06 1837502                    /usr/lib/x86_64-linux-gnu/libxcb.so.1.1.0
7fbf031c2000-7fbf031d1000 r-xp 00000000 08:06 1836473                    /usr/lib/x86_64-linux-gnu/libXi.so.6.1.0
7fbf031d1000-7fbf033d0000 ---p 0000f000 08:06 1836473                    /usr/lib/x86_64-linux-gnu/libXi.so.6.1.0
7fbf033d0000-7fbf033d1000 r--p 0000e000 08:06 1836473                    /usr/lib/x86_64-linux-gnu/libXi.so.6.1.0
7fbf033d1000-7fbf033d2000 rw-p 0000f000 08:06 1836473                    /usr/lib/x86_64-linux-gnu/libXi.so.6.1.0
7fbf033d2000-7fbf033d7000 r-xp 00000000 08:06 1836491                    /usr/lib/x86_64-linux-gnu/libXtst.so.6.1.0
7fbf033d7000-7fbf035d6000 ---p 00005000 08:06 1836491                    /usr/lib/x86_64-linux-gnu/libXtst.so.6.1.0
7fbf035d6000-7fbf035d7000 r--p 00004000 08:06 1836491                    /usr/lib/x86_64-linux-gnu/libXtst.so.6.1.0
7fbf035d7000-7fbf035d8000 rw-p 00005000 08:06 1836491                    /usr/lib/x86_64-linux-gnu/libXtst.so.6.1.0
7fbf035d8000-7fbf035e1000 r-xp 00000000 08:06 1836485                    /usr/lib/x86_64-linux-gnu/libXrender.so.1.3.0
7fbf035e1000-7fbf037e0000 ---p 00009000 08:06 1836485                    /usr/lib/x86_64-linux-gnu/libXrender.so.1.3.0
7fbf037e0000-7fbf037e1000 r--p 00008000 08:06 1836485                    /usr/lib/x86_64-linux-gnu/libXrender.so.1.3.0
7fbf037e1000-7fbf037e2000 rw-p 00009000 08:06 1836485                    /usr/lib/x86_64-linux-gnu/libXrender.so.1.3.0
7fbf037e2000-7fbf03917000 r-xp 00000000 08:06 1836448                    /usr/lib/x86_64-linux-gnu/libX11.so.6.3.0
7fbf03917000-7fbf03b17000 ---p 00135000 08:06 1836448                    /usr/lib/x86_64-linux-gnu/libX11.so.6.3.0
7fbf03b17000-7fbf03b18000 r--p 00135000 08:06 1836448                    /usr/lib/x86_64-linux-gnu/libX11.so.6.3.0
7fbf03b18000-7fbf03b1c000 rw-p 00136000 08:06 1836448                    /usr/lib/x86_64-linux-gnu/libX11.so.6.3.0
7fbf03b1c000-7fbf03b2d000 r-xp 00000000 08:06 1836465                    /usr/lib/x86_64-linux-gnu/libXext.so.6.4.0
7fbf03b2d000-7fbf03d2c000 ---p 00011000 08:06 1836465                    /usr/lib/x86_64-linux-gnu/libXext.so.6.4.0
7fbf03d2c000-7fbf03d2d000 r--p 00010000 08:06 1836465                    /usr/lib/x86_64-linux-gnu/libXext.so.6.4.0
7fbf03d2d000-7fbf03d2e000 rw-p 00011000 08:06 1836465                    /usr/lib/x86_64-linux-gnu/libXext.so.6.4.0
7fbf03d2e000-7fbf03dd0000 r-xp 00000000 08:06 1839542                    /usr/lib/jvm/java-8-oracle/jre/lib/amd64/libawt.so
7fbf03dd0000-7fbf03fd0000 ---p 000a2000 08:06 1839542                    /usr/lib/jvm/java-8-oracle/jre/lib/amd64/libawt.so
7fbf03fd0000-7fbf03fdc000 rw-p 000a2000 08:06 1839542                    /usr/lib/jvm/java-8-oracle/jre/lib/amd64/libawt.so
7fbf03fdc000-7fbf04000000 rw-p 00000000 00:00 0 
7fbf04000000-7fbf043a3000 rw-p 00000000 00:00 0 
7fbf043a3000-7fbf08000000 ---p 00000000 00:00 0 
7fbf08000000-7fbf08021000 rw-p 00000000 00:00 0 
7fbf08021000-7fbf0c000000 ---p 00000000 00:00 0 
7fbf0c000000-7fbf0c021000 rw-p 00000000 00:00 0 
7fbf0c021000-7fbf10000000 ---p 00000000 00:00 0 
7fbf10000000-7fbf1095f000 rw-p 00000000 00:00 0 
7fbf1095f000-7fbf14000000 ---p 00000000 00:00 0 
7fbf14000000-7fbf14021000 rw-p 00000000 00:00 0 
7fbf14021000-7fbf18000000 ---p 00000000 00:00 0 
7fbf18000000-7fbf18021000 rw-p 00000000 00:00 0 
7fbf18021000-7fbf1c000000 ---p 00000000 00:00 0 
7fbf1c000000-7fbf1c021000 rw-p 00000000 00:00 0 
7fbf1c021000-7fbf20000000 ---p 00000000 00:00 0 
7fbf20000000-7fbf20021000 rw-p 00000000 00:00 0 
7fbf20021000-7fbf24000000 ---p 00000000 00:00 0 
7fbf24000000-7fbf24021000 rw-p 00000000 00:00 0 
7fbf24021000-7fbf28000000 ---p 00000000 00:00 0 
7fbf2800e000-7fbf28021000 r--s 00345000 08:06 1849281                    /usr/lib/jvm/java-8-oracle/jre/lib/resources.jar
7fbf28021000-7fbf28042000 r--p 00000000 08:06 2111345                    /usr/share/locale-langpack/pt_BR/LC_MESSAGES/libc.mo
7fbf28042000-7fbf28096000 r-xp 00000000 08:06 1839509                    /usr/lib/jvm/java-8-oracle/jre/lib/amd64/libawt_xawt.so
7fbf28096000-7fbf28296000 ---p 00054000 08:06 1839509                    /usr/lib/jvm/java-8-oracle/jre/lib/amd64/libawt_xawt.so
7fbf28296000-7fbf2829a000 rw-p 00054000 08:06 1839509                    /usr/lib/jvm/java-8-oracle/jre/lib/amd64/libawt_xawt.so
7fbf2829a000-7fbf2829b000 rw-p 00000000 00:00 0 
7fbf2829b000-7fbf282b8000 r--s 00653000 08:06 2376266                    /usr/lib/jvm/TotalCross3/dist/tc.jar
7fbf282b8000-7fbf282b9000 ---p 00000000 00:00 0 
7fbf282b9000-7fbf283b9000 rw-p 00000000 00:00 0 
7fbf283b9000-7fbf283bc000 ---p 00000000 00:00 0 
7fbf283bc000-7fbf284ba000 rw-p 00000000 00:00 0 
7fbf284ba000-7fbf284bd000 ---p 00000000 00:00 0 
7fbf284bd000-7fbf285bb000 rw-p 00000000 00:00 0 
7fbf285bb000-7fbf285be000 ---p 00000000 00:00 0 
7fbf285be000-7fbf286bc000 rw-p 00000000 00:00 0 
7fbf286bc000-7fbf286bf000 ---p 00000000 00:00 0 
7fbf286bf000-7fbf287bd000 rw-p 00000000 00:00 0 
7fbf287bd000-7fbf28a97000 r--p 00000000 08:06 1831582                    /usr/lib/locale/locale-archive
7fbf28a97000-7fbf28a9a000 ---p 00000000 00:00 0 
7fbf28a9a000-7fbf28b98000 rw-p 00000000 00:00 0 
7fbf28b98000-7fbf28b9b000 ---p 00000000 00:00 0 
7fbf28b9b000-7fbf28c99000 rw-p 00000000 00:00 0 
7fbf28c99000-7fbf28c9a000 ---p 00000000 00:00 0 
7fbf28c9a000-7fbf29713000 rw-p 00000000 00:00 0 
7fbf29713000-7fbf298eb000 r--s 03d2a000 08:06 1839474                    /usr/lib/jvm/java-8-oracle/jre/lib/rt.jar
7fbf298eb000-7fbf2c0ec000 rw-p 00000000 00:00 0 
7fbf2c0ec000-7fbf2c0ed000 ---p 00000000 00:00 0 
7fbf2c0ed000-7fbf2c1ed000 rw-p 00000000 00:00 0 
7fbf2c1ed000-7fbf2c1ee000 ---p 00000000 00:00 0 
7fbf2c1ee000-7fbf2c302000 rw-p 00000000 00:00 0 
7fbf2c302000-7fbf2c42b000 ---p 00000000 00:00 0 
7fbf2c42b000-7fbf2c43f000 rw-p 00000000 00:00 0 
7fbf2c43f000-7fbf2c567000 ---p 00000000 00:00 0 
7fbf2c567000-7fbf2c57a000 rw-p 00000000 00:00 0 
7fbf2c57a000-7fbf2c606000 ---p 00000000 00:00 0 
7fbf2c606000-7fbf2c614000 rw-p 00000000 00:00 0 
7fbf2c614000-7fbf2c9c7000 ---p 00000000 00:00 0 
7fbf2c9c7000-7fbf2cd07000 rwxp 00000000 00:00 0 
7fbf2cd07000-7fbf3b9c7000 ---p 00000000 00:00 0 
7fbf3b9c7000-7fbf3b9e1000 r-xp 00000000 08:06 1839505                    /usr/lib/jvm/java-8-oracle/jre/lib/amd64/libzip.so
7fbf3b9e1000-7fbf3bbe1000 ---p 0001a000 08:06 1839505                    /usr/lib/jvm/java-8-oracle/jre/lib/amd64/libzip.so
7fbf3bbe1000-7fbf3bbe2000 rw-p 0001a000 08:06 1839505                    /usr/lib/jvm/java-8-oracle/jre/lib/amd64/libzip.so
7fbf3bbe2000-7fbf3bbed000 r-xp 00000000 08:06 1584364                    /lib/x86_64-linux-gnu/libnss_files-2.23.so
7fbf3bbed000-7fbf3bdec000 ---p 0000b000 08:06 1584364                    /lib/x86_64-linux-gnu/libnss_files-2.23.so
7fbf3bdec000-7fbf3bded000 r--p 0000a000 08:06 1584364                    /lib/x86_64-linux-gnu/libnss_files-2.23.so
7fbf3bded000-7fbf3bdee000 rw-p 0000b000 08:06 1584364                    /lib/x86_64-linux-gnu/libnss_files-2.23.so
7fbf3bdee000-7fbf3bdf4000 rw-p 00000000 00:00 0 
7fbf3bdf4000-7fbf3bdff000 r-xp 00000000 08:06 1584361                    /lib/x86_64-linux-gnu/libnss_nis-2.23.so
7fbf3bdff000-7fbf3bffe000 ---p 0000b000 08:06 1584361                    /lib/x86_64-linux-gnu/libnss_nis-2.23.so
7fbf3bffe000-7fbf3bfff000 r--p 0000a000 08:06 1584361                    /lib/x86_64-linux-gnu/libnss_nis-2.23.so
7fbf3bfff000-7fbf3c000000 rw-p 0000b000 08:06 1584361                    /lib/x86_64-linux-gnu/libnss_nis-2.23.so
7fbf3c000000-7fbf3c75f000 rw-p 00000000 00:00 0 
7fbf3c75f000-7fbf40000000 ---p 00000000 00:00 0 
7fbf40004000-7fbf4000e000 r--s 00116000 08:06 1839562                    /usr/lib/jvm/java-8-oracle/jre/lib/ext/localedata.jar
7fbf4000e000-7fbf40024000 r-xp 00000000 08:06 1584358                    /lib/x86_64-linux-gnu/libnsl-2.23.so
7fbf40024000-7fbf40223000 ---p 00016000 08:06 1584358                    /lib/x86_64-linux-gnu/libnsl-2.23.so
7fbf40223000-7fbf40224000 r--p 00015000 08:06 1584358                    /lib/x86_64-linux-gnu/libnsl-2.23.so
7fbf40224000-7fbf40225000 rw-p 00016000 08:06 1584358                    /lib/x86_64-linux-gnu/libnsl-2.23.so
7fbf40225000-7fbf40227000 rw-p 00000000 00:00 0 
7fbf40227000-7fbf4022f000 r-xp 00000000 08:06 1584254                    /lib/x86_64-linux-gnu/libnss_compat-2.23.so
7fbf4022f000-7fbf4042e000 ---p 00008000 08:06 1584254                    /lib/x86_64-linux-gnu/libnss_compat-2.23.so
7fbf4042e000-7fbf4042f000 r--p 00007000 08:06 1584254                    /lib/x86_64-linux-gnu/libnss_compat-2.23.so
7fbf4042f000-7fbf40430000 rw-p 00008000 08:06 1584254                    /lib/x86_64-linux-gnu/libnss_compat-2.23.so
7fbf40430000-7fbf4045b000 r-xp 00000000 08:06 1839532                    /usr/lib/jvm/java-8-oracle/jre/lib/amd64/libjava.so
7fbf4045b000-7fbf4065a000 ---p 0002b000 08:06 1839532                    /usr/lib/jvm/java-8-oracle/jre/lib/amd64/libjava.so
7fbf4065a000-7fbf4065c000 rw-p 0002a000 08:06 1839532                    /usr/lib/jvm/java-8-oracle/jre/lib/amd64/libjava.so
7fbf4065c000-7fbf40669000 r-xp 00000000 08:06 1839483                    /usr/lib/jvm/java-8-oracle/jre/lib/amd64/libverify.so
7fbf40669000-7fbf40868000 ---p 0000d000 08:06 1839483                    /usr/lib/jvm/java-8-oracle/jre/lib/amd64/libverify.so
7fbf40868000-7fbf4086a000 rw-p 0000c000 08:06 1839483                    /usr/lib/jvm/java-8-oracle/jre/lib/amd64/libverify.so
7fbf4086a000-7fbf40871000 r-xp 00000000 08:06 1584379                    /lib/x86_64-linux-gnu/librt-2.23.so
7fbf40871000-7fbf40a70000 ---p 00007000 08:06 1584379                    /lib/x86_64-linux-gnu/librt-2.23.so
7fbf40a70000-7fbf40a71000 r--p 00006000 08:06 1584379                    /lib/x86_64-linux-gnu/librt-2.23.so
7fbf40a71000-7fbf40a72000 rw-p 00007000 08:06 1584379                    /lib/x86_64-linux-gnu/librt-2.23.so
7fbf40a72000-7fbf40b7a000 r-xp 00000000 08:06 1584376                    /lib/x86_64-linux-gnu/libm-2.23.so
7fbf40b7a000-7fbf40d79000 ---p 00108000 08:06 1584376                    /lib/x86_64-linux-gnu/libm-2.23.so
7fbf40d79000-7fbf40d7a000 r--p 00107000 08:06 1584376                    /lib/x86_64-linux-gnu/libm-2.23.so
7fbf40d7a000-7fbf40d7b000 rw-p 00108000 08:06 1584376                    /lib/x86_64-linux-gnu/libm-2.23.so
7fbf40d7b000-7fbf41a48000 r-xp 00000000 08:06 1839536                    /usr/lib/jvm/java-8-oracle/jre/lib/amd64/server/libjvm.so
7fbf41a48000-7fbf41c47000 ---p 00ccd000 08:06 1839536                    /usr/lib/jvm/java-8-oracle/jre/lib/amd64/server/libjvm.so
7fbf41c47000-7fbf41d20000 rw-p 00ccc000 08:06 1839536                    /usr/lib/jvm/java-8-oracle/jre/lib/amd64/server/libjvm.so
7fbf41d20000-7fbf41d6b000 rw-p 00000000 00:00 0 
7fbf41d6b000-7fbf41f2a000 r-xp 00000000 08:06 1584384                    /lib/x86_64-linux-gnu/libc-2.23.so
7fbf41f2a000-7fbf4212a000 ---p 001bf000 08:06 1584384                    /lib/x86_64-linux-gnu/libc-2.23.so
7fbf4212a000-7fbf4212e000 r--p 001bf000 08:06 1584384                    /lib/x86_64-linux-gnu/libc-2.23.so
7fbf4212e000-7fbf42130000 rw-p 001c3000 08:06 1584384                    /lib/x86_64-linux-gnu/libc-2.23.so
7fbf42130000-7fbf42134000 rw-p 00000000 00:00 0 
7fbf42134000-7fbf42137000 r-xp 00000000 08:06 1584385                    /lib/x86_64-linux-gnu/libdl-2.23.so
7fbf42137000-7fbf42336000 ---p 00003000 08:06 1584385                    /lib/x86_64-linux-gnu/libdl-2.23.so
7fbf42336000-7fbf42337000 r--p 00002000 08:06 1584385                    /lib/x86_64-linux-gnu/libdl-2.23.so
7fbf42337000-7fbf42338000 rw-p 00003000 08:06 1584385                    /lib/x86_64-linux-gnu/libdl-2.23.so
7fbf42338000-7fbf4234d000 r-xp 00000000 08:06 1838510                    /usr/lib/jvm/java-8-oracle/lib/amd64/jli/libjli.so
7fbf4234d000-7fbf4254d000 ---p 00015000 08:06 1838510                    /usr/lib/jvm/java-8-oracle/lib/amd64/jli/libjli.so
7fbf4254d000-7fbf4254e000 rw-p 00015000 08:06 1838510                    /usr/lib/jvm/java-8-oracle/lib/amd64/jli/libjli.so
7fbf4254e000-7fbf42566000 r-xp 00000000 08:06 1584383                    /lib/x86_64-linux-gnu/libpthread-2.23.so
7fbf42566000-7fbf42765000 ---p 00018000 08:06 1584383                    /lib/x86_64-linux-gnu/libpthread-2.23.so
7fbf42765000-7fbf42766000 r--p 00017000 08:06 1584383                    /lib/x86_64-linux-gnu/libpthread-2.23.so
7fbf42766000-7fbf42767000 rw-p 00018000 08:06 1584383                    /lib/x86_64-linux-gnu/libpthread-2.23.so
7fbf42767000-7fbf4276b000 rw-p 00000000 00:00 0 
7fbf4276b000-7fbf42791000 r-xp 00000000 08:06 1584380                    /lib/x86_64-linux-gnu/ld-2.23.so
7fbf42794000-7fbf42798000 r--s 00097000 08:06 1839426                    /usr/lib/jvm/java-8-oracle/jre/lib/jsse.jar
7fbf42798000-7fbf42870000 rw-p 00000000 00:00 0 
7fbf42870000-7fbf42873000 ---p 00000000 00:00 0 
7fbf42873000-7fbf42975000 rw-p 00000000 00:00 0 
7fbf42975000-7fbf42978000 r--s 0001a000 08:06 1849311                    /usr/lib/jvm/java-8-oracle/jre/lib/jce.jar
7fbf42978000-7fbf4297f000 r--s 00000000 08:06 1982217                    /usr/lib/x86_64-linux-gnu/gconv/gconv-modules.cache
7fbf4297f000-7fbf42984000 r--s 002f9000 08:06 1839427                    /usr/lib/jvm/java-8-oracle/jre/lib/charsets.jar
7fbf42984000-7fbf4298c000 rw-s 00000000 08:06 1574530                    /tmp/hsperfdata_root/18274
7fbf4298c000-7fbf4298d000 rw-p 00000000 00:00 0 
7fbf4298d000-7fbf4298e000 r--p 00000000 00:00 0 
7fbf4298e000-7fbf42990000 rw-p 00000000 00:00 0 
7fbf42990000-7fbf42991000 r--p 00025000 08:06 1584380                    /lib/x86_64-linux-gnu/ld-2.23.so
7fbf42991000-7fbf42992000 rw-p 00026000 08:06 1584380                    /lib/x86_64-linux-gnu/ld-2.23.so
7fbf42992000-7fbf42993000 rw-p 00000000 00:00 0 
7fff0ca50000-7fff0ca71000 rw-p 00000000 00:00 0                          [stack]
7fff0cb3f000-7fff0cb41000 r--p 00000000 00:00 0                          [vvar]
7fff0cb41000-7fff0cb43000 r-xp 00000000 00:00 0                          [vdso]
ffffffffff600000-ffffffffff601000 r-xp 00000000 00:00 0                  [vsyscall]

VM Arguments:
jvm_args: -Dfile.encoding=UTF-8 
java_command: totalcross.Launcher /scr android /r 54435354004303E26A1D9E0F com.softsite.tccrud.view.Main
java_class_path (initial): /root/workspace/TCCRUDRenanAdam/bin:/usr/lib/jvm/TotalCross3/dist/tc.jar
Launcher Type: SUN_STANDARD

Environment Variables:
JAVA_HOME=/usr/lib/jvm/java-8-oracle
PATH=/usr/local/sbin:/usr/local/bin:/usr/sbin:/usr/bin:/sbin:/bin:/snap/bin
USERNAME=root
SHELL=/bin/bash
DISPLAY=:0.0

Signal Handlers:
SIGSEGV: [libjvm.so+0xac64b0], sa_mask[0]=11111111011111111101111111111110, sa_flags=SA_RESTART|SA_SIGINFO
SIGBUS: [libjvm.so+0xac64b0], sa_mask[0]=11111111011111111101111111111110, sa_flags=SA_RESTART|SA_SIGINFO
SIGFPE: [libjvm.so+0x91f950], sa_mask[0]=11111111011111111101111111111110, sa_flags=SA_RESTART|SA_SIGINFO
SIGPIPE: [libjvm.so+0x91f950], sa_mask[0]=11111111011111111101111111111110, sa_flags=SA_RESTART|SA_SIGINFO
SIGXFSZ: [libjvm.so+0x91f950], sa_mask[0]=11111111011111111101111111111110, sa_flags=SA_RESTART|SA_SIGINFO
SIGILL: [libjvm.so+0x91f950], sa_mask[0]=11111111011111111101111111111110, sa_flags=SA_RESTART|SA_SIGINFO
SIGUSR1: SIG_DFL, sa_mask[0]=00000000000000000000000000000000, sa_flags=none
SIGUSR2: [libjvm.so+0x920f80], sa_mask[0]=00100000000000000000000000000000, sa_flags=SA_RESTART|SA_SIGINFO
SIGHUP: [libjvm.so+0x922380], sa_mask[0]=11111111011111111101111111111110, sa_flags=SA_RESTART|SA_SIGINFO
SIGINT: [libjvm.so+0x922380], sa_mask[0]=11111111011111111101111111111110, sa_flags=SA_RESTART|SA_SIGINFO
SIGTERM: [libjvm.so+0x922380], sa_mask[0]=11111111011111111101111111111110, sa_flags=SA_RESTART|SA_SIGINFO
SIGQUIT: [libjvm.so+0x922380], sa_mask[0]=11111111011111111101111111111110, sa_flags=SA_RESTART|SA_SIGINFO


---------------  S Y S T E M  ---------------

OS:DISTRIB_ID=Ubuntu
DISTRIB_RELEASE=16.04
DISTRIB_CODENAME=xenial
DISTRIB_DESCRIPTION="Ubuntu 16.04.1 LTS"

uname:Linux 4.4.0-47-generic #68-Ubuntu SMP Wed Oct 26 19:39:52 UTC 2016 x86_64
libc:glibc 2.23 NPTL 2.23 
rlimit: STACK 8192k, CORE 0k, NPROC 15014, NOFILE 65536, AS infinity
load average:1,10 0,84 0,67

/proc/meminfo:
MemTotal:        3884020 kB
MemFree:          185188 kB
MemAvailable:     710576 kB
Buffers:           59000 kB
Cached:           771060 kB
SwapCached:        38504 kB
Active:          2341992 kB
Inactive:        1213100 kB
Active(anon):    1916700 kB
Inactive(anon):   935160 kB
Active(file):     425292 kB
Inactive(file):   277940 kB
Unevictable:          32 kB
Mlocked:              32 kB
SwapTotal:       1429500 kB
SwapFree:        1288960 kB
Dirty:                20 kB
Writeback:             0 kB
AnonPages:       2688048 kB
Mapped:           308572 kB
Shmem:            126868 kB
Slab:              79188 kB
SReclaimable:      53548 kB
SUnreclaim:        25640 kB
KernelStack:        7808 kB
PageTables:        28388 kB
NFS_Unstable:          0 kB
Bounce:                0 kB
WritebackTmp:          0 kB
CommitLimit:     3371508 kB
Committed_AS:    5187404 kB
VmallocTotal:   34359738367 kB
VmallocUsed:           0 kB
VmallocChunk:          0 kB
HardwareCorrupted:     0 kB
AnonHugePages:   1757184 kB
CmaTotal:              0 kB
CmaFree:               0 kB
HugePages_Total:       0
HugePages_Free:        0
HugePages_Rsvd:        0
HugePages_Surp:        0
Hugepagesize:       2048 kB
DirectMap4k:       93612 kB
DirectMap2M:     3936256 kB


CPU:total 2 (2 cores per cpu, 1 threads per core) family 6 model 23 stepping 10, cmov, cx8, fxsr, mmx, sse, sse2, sse3, ssse3, sse4.1, tsc

/proc/cpuinfo:
processor	: 0
vendor_id	: GenuineIntel
cpu family	: 6
model		: 23
model name	: Intel(R) Core(TM)2 Duo CPU     T6600  @ 2.20GHz
stepping	: 10
microcode	: 0xa07
cpu MHz		: 2200.000
cache size	: 2048 KB
physical id	: 0
siblings	: 2
core id		: 0
cpu cores	: 2
apicid		: 0
initial apicid	: 0
fpu		: yes
fpu_exception	: yes
cpuid level	: 13
wp		: yes
flags		: fpu vme de pse tsc msr pae mce cx8 apic sep mtrr pge mca cmov pat pse36 clflush dts acpi mmx fxsr sse sse2 ss ht tm pbe syscall nx lm constant_tsc arch_perfmon pebs bts rep_good nopl aperfmperf pni dtes64 monitor ds_cpl est tm2 ssse3 cx16 xtpr pdcm sse4_1 xsave lahf_lm dtherm
bugs		:
bogomips	: 4385.98
clflush size	: 64
cache_alignment	: 64
address sizes	: 36 bits physical, 48 bits virtual
power management:

processor	: 1
vendor_id	: GenuineIntel
cpu family	: 6
model		: 23
model name	: Intel(R) Core(TM)2 Duo CPU     T6600  @ 2.20GHz
stepping	: 10
microcode	: 0xa07
cpu MHz		: 1600.000
cache size	: 2048 KB
physical id	: 0
siblings	: 2
core id		: 1
cpu cores	: 2
apicid		: 1
initial apicid	: 1
fpu		: yes
fpu_exception	: yes
cpuid level	: 13
wp		: yes
flags		: fpu vme de pse tsc msr pae mce cx8 apic sep mtrr pge mca cmov pat pse36 clflush dts acpi mmx fxsr sse sse2 ss ht tm pbe syscall nx lm constant_tsc arch_perfmon pebs bts rep_good nopl aperfmperf pni dtes64 monitor ds_cpl est tm2 ssse3 cx16 xtpr pdcm sse4_1 xsave lahf_lm dtherm
bugs		:
bogomips	: 4385.98
clflush size	: 64
cache_alignment	: 64
address sizes	: 36 bits physical, 48 bits virtual
power management:



Memory: 4k page, physical 3884020k(185188k free), swap 1429500k(1288960k free)

vm_info: Java HotSpot(TM) 64-Bit Server VM (25.111-b14) for linux-amd64 JRE (1.8.0_111-b14), built on Sep 22 2016 16:14:03 by "java_re" with gcc 4.3.0 20080428 (Red Hat 4.3.0-8)

time: Mon Nov 28 05:35:28 2016
elapsed time: 13 seconds (0d 0h 0m 13s)

