#
# A fatal error has been detected by the Java Runtime Environment:
#
#  SIGSEGV (0xb) at pc=0x00007f50cabecd24, pid=19127, tid=0x00007f50890fa700
#
# JRE version: Java(TM) SE Runtime Environment (8.0_111-b14) (build 1.8.0_111-b14)
# Java VM: Java HotSpot(TM) 64-Bit Server VM (25.111-b14 mixed mode linux-amd64 compressed oops)
# Problematic frame:
# C  [ld-linux-x86-64.so.2+0x9d24]
#
# Failed to write core dump. Core dumps have been disabled. To enable core dumping, try "ulimit -c unlimited" before starting Java again
#
# If you would like to submit a bug report, please visit:
#   http://bugreport.java.com/bugreport/crash.jsp
# The crash happened outside the Java Virtual Machine in native code.
# See problematic frame for where to report the bug.
#

---------------  T H R E A D  ---------------

Current thread (0x00007f508400a800):  JavaThread "Secondary finalizer" daemon [_thread_in_native, id=19159, stack(0x00007f5088ffa000,0x00007f50890fb000)]

siginfo: si_signo: 11 (SIGSEGV), si_code: 1 (SEGV_MAPERR), si_addr: 0x0000000000000068

Registers:
RAX=0x0000000000000040, RBX=0x00007f50cadec9f0, RCX=0x000000000000003d, RDX=0x00000000000003f3
RSP=0x00007f50890f8690, RBP=0x0000000000000002, RSI=0x0000000000041204, RDI=0x00007f50a0000bf0
R8 =0x00007f50890f87f0, R9 =0x00007f50c46809c8, R10=0x00007f50cae09040, R11=0x0000000000000001
R12=0x0000000000000003, R13=0x0000000000000000, R14=0x00007f50c4308e10, R15=0x0000000000000000
RIP=0x00007f50cabecd24, EFLAGS=0x0000000000010202, CSGSFS=0x0000000000000033, ERR=0x0000000000000004
  TRAPNO=0x000000000000000e

Top of Stack: (sp=0x00007f50890f8690)
0x00007f50890f8690:   00000000000002c8 00007f50a0000bf0
0x00007f50890f86a0:   0000000000000000 00007f50890f8718
0x00007f50890f86b0:   00000000bc8b46fd 0000000002f22d1b
0x00007f50890f86c0:   ffffffff0000003d 00007f50890f87f0
0x00007f50890f86d0:   00007f50ca1f3ff8 00007f50ca1e6d80
0x00007f50890f86e0:   00007f50890f8714 00007f50890f87e0
0x00007f50890f86f0:   00007f50c45d3606 00007f50890f8fe6
0x00007f50890f8700:   00007f50890f8fc0 00007f50c9b2280b
0x00007f50890f8710:   00000000890f8ef0 0000000000000000
0x00007f50890f8720:   000000119f32d4c1 00007f50c4680a98
0x00007f50890f8730:   00007f50890f8880 0000000000000000
0x00007f50890f8740:   0000000000000000 00007f50c4680710
0x00007f50890f8750:   00007f50890f88c8 00007f50cabed94f
0x00007f50890f8760:   0000000000000000 0000000000000000
0x00007f50890f8770:   0000000000000002 0000000000000000
0x00007f50890f8780:   0000000000000000 00007f50c4680710
0x00007f50890f8790:   00007f50cac521de 00007f50890f90d0
0x00007f50890f87a0:   00007f50cac521eb 0000000000000000
0x00007f50890f87b0:   00007f50c4680a98 00007f50890f87f0
0x00007f50890f87c0:   000000003030305f 00007f50890f87e0
0x00007f50890f87d0:   00000000bc8b46fd 00007f50a0000bf0
0x00007f50890f87e0:   00000000ffffffff 00007f50890f9250
0x00007f50890f87f0:   0000000000000000 0000000000000000
0x00007f50890f8800:   00007f50890f90c0 00007f50c9b2280b
0x00007f50890f8810:   0000000002283180 0000000000000000
0x00007f50890f8820:   00007f50c4016048 00007f50890f8860
0x00007f50890f8830:   00000000890f88f0 00007f50890f8850
0x00007f50890f8840:   000000009f32d4c1 00007f50a0000c30
0x00007f50890f8850:   00000000ffffffff 00007f50a0000bf0
0x00007f50890f8860:   0000000002283180 00007f50cae08ca0
0x00007f50890f8870:   0000000000000000 00007f50c4680710
0x00007f50890f8880:   00007f50890f8940 00007f50ca325cc3 

Instructions: (pc=0x00007f50cabecd24)
0x00007f50cabecd04:   24 50 48 8d 84 24 88 00 00 00 48 89 44 24 18 89
0x00007f50cabecd14:   f0 83 e0 3f 89 44 24 30 0f 1f 40 00 49 8b 04 ee
0x00007f50cabecd24:   48 8b 58 28 4c 39 eb 0f 84 ef 00 00 00 45 85 ff
0x00007f50cabecd34:   74 0d f6 83 14 03 00 00 03 0f 84 dd 00 00 00 f6 

Register to memory mapping:

RAX=0x0000000000000040 is an unknown value
RBX=0x00007f50cadec9f0 is an unknown value
RCX=0x000000000000003d is an unknown value
RDX=0x00000000000003f3 is an unknown value
RSP=0x00007f50890f8690 is pointing into the stack for thread: 0x00007f508400a800
RBP=0x0000000000000002 is an unknown value
RSI=0x0000000000041204 is an unknown value
RDI=0x00007f50a0000bf0 is an unknown value
R8 =0x00007f50890f87f0 is pointing into the stack for thread: 0x00007f508400a800
R9 =0x00007f50c46809c8 is an unknown value
R10=0x00007f50cae09040: _rtld_global+0 in /lib64/ld-linux-x86-64.so.2 at 0x00007f50cabe3000
R11=0x0000000000000001 is an unknown value
R12=0x0000000000000003 is an unknown value
R13=0x0000000000000000 is an unknown value
R14=0x00007f50c4308e10 is an unknown value
R15=0x0000000000000000 is an unknown value


Stack: [0x00007f5088ffa000,0x00007f50890fb000],  sp=0x00007f50890f8690,  free space=1017k
Native frames: (J=compiled Java code, j=interpreted, Vv=VM code, C=native code)
C  [ld-linux-x86-64.so.2+0x9d24]

Java frames: (J=compiled Java code, j=interpreted, Vv=VM code)
J 312  java.lang.ClassLoader$NativeLibrary.find(Ljava/lang/String;)J (0 bytes) @ 0x00007f50b4fa354c [0x00007f50b4fa3500+0x4c]
j  java.lang.ClassLoader.findNative(Ljava/lang/ClassLoader;Ljava/lang/String;)J+49
v  ~StubRoutines::call_stub
j  org.sqlite.core.NativeDB.free_functions()V+0
j  org.sqlite.core.DB.close()V+102
j  org.sqlite.core.CoreConnection.close()V+26
j  org.sqlite.core.CoreConnection.finalize()V+1
j  java.lang.System$2.invokeFinalize(Ljava/lang/Object;)V+1
j  java.lang.ref.Finalizer.runFinalizer(Lsun/misc/JavaLangAccess;)V+46
j  java.lang.ref.Finalizer.access$100(Ljava/lang/ref/Finalizer;Lsun/misc/JavaLangAccess;)V+2
j  java.lang.ref.Finalizer$3.run()V+58
j  java.lang.Thread.run()V+11
v  ~StubRoutines::call_stub

---------------  P R O C E S S  ---------------

Java Threads: ( => current thread )
=>0x00007f508400a800 JavaThread "Secondary finalizer" daemon [_thread_in_native, id=19159, stack(0x00007f5088ffa000,0x00007f50890fb000)]
  0x00007f5090008000 JavaThread "Keep-Alive-Timer" daemon [_thread_blocked, id=19156, stack(0x00007f508843a000,0x00007f508853b000)]
  0x00007f5070195800 JavaThread "TC Event Thread" daemon [_thread_blocked, id=19154, stack(0x00007f508863c000,0x00007f508873d000)]
  0x00007f50c4009800 JavaThread "DestroyJavaVM" [_thread_blocked, id=19129, stack(0x00007f50cace8000,0x00007f50cade9000)]
  0x00007f50c428e800 JavaThread "AWT-EventQueue-0" [_thread_blocked, id=19146, stack(0x00007f508a0c6000,0x00007f508a1c7000)]
  0x00007f50c4234800 JavaThread "AWT-Shutdown" [_thread_blocked, id=19145, stack(0x00007f508a3c7000,0x00007f508a4c8000)]
  0x00007f50c4219000 JavaThread "AWT-XAWT" daemon [_thread_in_native, id=19144, stack(0x00007f508a4c8000,0x00007f508a5c9000)]
  0x00007f50c41f9800 JavaThread "Java2D Disposer" daemon [_thread_blocked, id=19143, stack(0x00007f50b00bb000,0x00007f50b01bc000)]
  0x00007f50c40c3800 JavaThread "Service Thread" daemon [_thread_blocked, id=19141, stack(0x00007f50b0826000,0x00007f50b0927000)]
  0x00007f50c40b6800 JavaThread "C1 CompilerThread1" daemon [_thread_blocked, id=19140, stack(0x00007f50b0927000,0x00007f50b0a28000)]
  0x00007f50c40b4000 JavaThread "C2 CompilerThread0" daemon [_thread_blocked, id=19139, stack(0x00007f50b0a28000,0x00007f50b0b29000)]
  0x00007f50c40b2800 JavaThread "Signal Dispatcher" daemon [_thread_blocked, id=19138, stack(0x00007f50b0b29000,0x00007f50b0c2a000)]
  0x00007f50c407f800 JavaThread "Finalizer" daemon [_thread_blocked, id=19137, stack(0x00007f50b0f04000,0x00007f50b1005000)]
  0x00007f50c407b000 JavaThread "Reference Handler" daemon [_thread_blocked, id=19136, stack(0x00007f50b1005000,0x00007f50b1106000)]

Other Threads:
  0x00007f50c4073000 VMThread [stack: 0x00007f50b1106000,0x00007f50b1207000] [id=19135]
  0x00007f50c40c6800 WatcherThread [stack: 0x00007f50b0725000,0x00007f50b0826000] [id=19142]

VM state:not at safepoint (normal execution)

VM Mutex/Monitor currently owned by a thread: None

Heap:
 PSYoungGen      total 17920K, used 14981K [0x00000000ec380000, 0x00000000ee680000, 0x0000000100000000)
  eden space 15360K, 80% used [0x00000000ec380000,0x00000000ecfa1c50,0x00000000ed280000)
  from space 2560K, 99% used [0x00000000ed280000,0x00000000ed4ffa28,0x00000000ed500000)
  to   space 2560K, 0% used [0x00000000ee400000,0x00000000ee400000,0x00000000ee680000)
 ParOldGen       total 40960K, used 4303K [0x00000000c4a00000, 0x00000000c7200000, 0x00000000ec380000)
  object space 40960K, 10% used [0x00000000c4a00000,0x00000000c4e33de8,0x00000000c7200000)
 Metaspace       used 14634K, capacity 14848K, committed 15104K, reserved 1062912K
  class space    used 1698K, capacity 1772K, committed 1792K, reserved 1048576K

Card table byte_map: [0x00007f50b4849000,0x00007f50b4a25000] byte_map_base: 0x00007f50b4224000

Marking Bits: (ParMarkBitMap*) 0x00007f50ca1b6220
 Begin Bits: [0x00007f50b275a000, 0x00007f50b3632000)
 End Bits:   [0x00007f50b3632000, 0x00007f50b450a000)

Polling page: 0x00007f50cae05000

CodeCache: size=245760Kb used=3411Kb max_used=3421Kb free=242348Kb
 bounds [0x00007f50b4de5000, 0x00007f50b5145000, 0x00007f50c3de5000]
 total_blobs=1351 nmethods=790 adapters=477
 compilation: enabled

Compilation events (10 events):
Event: 8,394 Thread 0x00007f50c40b6800 nmethod 788 0x00007f50b5131850 code [0x00007f50b51319e0, 0x00007f50b5131ed8]
Event: 8,402 Thread 0x00007f50c40b6800  790  s!   3       sun.misc.URLClassPath::getLoader (197 bytes)
Event: 8,413 Thread 0x00007f50c40b6800 nmethod 790 0x00007f50b513ab90 code [0x00007f50b513afa0, 0x00007f50b513dbe8]
Event: 8,413 Thread 0x00007f50c40b6800  791       3       java.util.LinkedHashMap$LinkedHashIterator::hasNext (13 bytes)
Event: 8,414 Thread 0x00007f50c40b6800 nmethod 791 0x00007f50b5136710 code [0x00007f50b5136880, 0x00007f50b5136a30]
Event: 8,414 Thread 0x00007f50c40b4000 nmethod 785% 0x00007f50b5136a90 code [0x00007f50b5136d00, 0x00007f50b51386a8]
Event: 8,414 Thread 0x00007f50c40b4000  784       4       totalcross.ui.gfx.Color::interpolate (116 bytes)
Event: 8,415 Thread 0x00007f50c40b4000 nmethod 784 0x00007f50b5123710 code [0x00007f50b5123840, 0x00007f50b5123938]
Event: 8,417 Thread 0x00007f50c40b6800  792       1       java.lang.ref.Finalizer::access$400 (5 bytes)
Event: 8,417 Thread 0x00007f50c40b6800 nmethod 792 0x00007f50b5136450 code [0x00007f50b51365a0, 0x00007f50b5136690]

GC Heap History (2 events):
Event: 1,375 GC heap before
{Heap before GC invocations=1 (full 0):
 PSYoungGen      total 17920K, used 15360K [0x00000000ec380000, 0x00000000ed780000, 0x0000000100000000)
  eden space 15360K, 100% used [0x00000000ec380000,0x00000000ed280000,0x00000000ed280000)
  from space 2560K, 0% used [0x00000000ed500000,0x00000000ed500000,0x00000000ed780000)
  to   space 2560K, 0% used [0x00000000ed280000,0x00000000ed280000,0x00000000ed500000)
 ParOldGen       total 40960K, used 0K [0x00000000c4a00000, 0x00000000c7200000, 0x00000000ec380000)
  object space 40960K, 0% used [0x00000000c4a00000,0x00000000c4a00000,0x00000000c7200000)
 Metaspace       used 12324K, capacity 12536K, committed 12800K, reserved 1060864K
  class space    used 1452K, capacity 1514K, committed 1536K, reserved 1048576K
Event: 1,394 GC heap after
Heap after GC invocations=1 (full 0):
 PSYoungGen      total 17920K, used 2558K [0x00000000ec380000, 0x00000000ee680000, 0x0000000100000000)
  eden space 15360K, 0% used [0x00000000ec380000,0x00000000ec380000,0x00000000ed280000)
  from space 2560K, 99% used [0x00000000ed280000,0x00000000ed4ffa28,0x00000000ed500000)
  to   space 2560K, 0% used [0x00000000ee400000,0x00000000ee400000,0x00000000ee680000)
 ParOldGen       total 40960K, used 4303K [0x00000000c4a00000, 0x00000000c7200000, 0x00000000ec380000)
  object space 40960K, 10% used [0x00000000c4a00000,0x00000000c4e33de8,0x00000000c7200000)
 Metaspace       used 12324K, capacity 12536K, committed 12800K, reserved 1060864K
  class space    used 1452K, capacity 1514K, committed 1536K, reserved 1048576K
}

Deoptimization events (2 events):
Event: 1,176 Thread 0x00007f50c4009800 Uncommon trap: reason=unstable_if action=reinterpret pc=0x00007f50b4ffb454 method=java.lang.String.<init>([CII)V @ 18
Event: 1,612 Thread 0x00007f50c4009800 Uncommon trap: reason=unstable_if action=reinterpret pc=0x00007f50b5018968 method=java.lang.String.indexOf([CII[CIII)I @ 3

Internal exceptions (10 events):
Event: 5,489 Thread 0x00007f50c448d800 Exception <a 'java/lang/InterruptedException': sleep interrupted> (0x00000000eca1a738) thrown at [/HUDSON3/workspace/8-2-build-linux-amd64/jdk8u111/7883/hotspot/src/share/vm/prims/jvm.cpp, line 3224]
Event: 5,989 Thread 0x00007f50c448d800 Exception <a 'java/lang/InterruptedException': sleep interrupted> (0x00000000eca1a9e8) thrown at [/HUDSON3/workspace/8-2-build-linux-amd64/jdk8u111/7883/hotspot/src/share/vm/prims/jvm.cpp, line 3224]
Event: 6,490 Thread 0x00007f50c448d800 Exception <a 'java/lang/InterruptedException': sleep interrupted> (0x00000000eca1ac98) thrown at [/HUDSON3/workspace/8-2-build-linux-amd64/jdk8u111/7883/hotspot/src/share/vm/prims/jvm.cpp, line 3224]
Event: 6,990 Thread 0x00007f50c448d800 Exception <a 'java/lang/InterruptedException': sleep interrupted> (0x00000000eca1af48) thrown at [/HUDSON3/workspace/8-2-build-linux-amd64/jdk8u111/7883/hotspot/src/share/vm/prims/jvm.cpp, line 3224]
Event: 7,491 Thread 0x00007f50c448d800 Exception <a 'java/lang/InterruptedException': sleep interrupted> (0x00000000eca1b1f8) thrown at [/HUDSON3/workspace/8-2-build-linux-amd64/jdk8u111/7883/hotspot/src/share/vm/prims/jvm.cpp, line 3224]
Event: 7,991 Thread 0x00007f50c448d800 Exception <a 'java/lang/InterruptedException': sleep interrupted> (0x00000000eca1b4a8) thrown at [/HUDSON3/workspace/8-2-build-linux-amd64/jdk8u111/7883/hotspot/src/share/vm/prims/jvm.cpp, line 3224]
Event: 8,401 Thread 0x00007f5070195800 Exception <a 'java/io/FileNotFoundException'> (0x00000000ecf69f18) thrown at [/HUDSON3/workspace/8-2-build-linux-amd64/jdk8u111/7883/hotspot/src/share/vm/prims/jni.cpp, line 709]
Event: 8,401 Thread 0x00007f5070195800 Exception <a 'java/io/FileNotFoundException'> (0x00000000ecf6aa00) thrown at [/HUDSON3/workspace/8-2-build-linux-amd64/jdk8u111/7883/hotspot/src/share/vm/prims/jni.cpp, line 709]
Event: 8,401 Thread 0x00007f5070195800 Exception <a 'java/io/FileNotFoundException'> (0x00000000ecf6b880) thrown at [/HUDSON3/workspace/8-2-build-linux-amd64/jdk8u111/7883/hotspot/src/share/vm/prims/jni.cpp, line 709]
Event: 8,408 Thread 0x00007f50c448d800 Exception <a 'java/lang/InterruptedException': sleep interrupted> (0x00000000eca1b700) thrown at [/HUDSON3/workspace/8-2-build-linux-amd64/jdk8u111/7883/hotspot/src/share/vm/prims/jvm.cpp, line 3224]

Events (10 events):
Event: 8,410 loading class java/lang/ref/Finalizer$3
Event: 8,410 loading class java/lang/ref/Finalizer$3 done
Event: 8,415 Thread 0x00007f508400a800 Thread added: 0x00007f508400a800
Event: 8,415 Thread 0x00007f508400b000 Thread exited: 0x00007f508400b000
Event: 8,415 Executing VM operation: RevokeBias
Event: 8,415 Executing VM operation: RevokeBias done
Event: 8,415 Executing VM operation: RevokeBias
Event: 8,415 Executing VM operation: RevokeBias done
Event: 8,415 Executing VM operation: RevokeBias
Event: 8,415 Executing VM operation: RevokeBias done


Dynamic libraries:
00400000-00401000 r-xp 00000000 08:06 1839400                            /usr/lib/jvm/java-8-oracle/bin/java
00600000-00601000 rw-p 00000000 08:06 1839400                            /usr/lib/jvm/java-8-oracle/bin/java
02283000-022a4000 rw-p 00000000 00:00 0                                  [heap]
c4a00000-c7200000 rw-p 00000000 00:00 0 
c7200000-ec380000 ---p 00000000 00:00 0 
ec380000-ee680000 rw-p 00000000 00:00 0 
ee680000-100000000 ---p 00000000 00:00 0 
100000000-1001c0000 rw-p 00000000 00:00 0 
1001c0000-140000000 ---p 00000000 00:00 0 
7f5070000000-7f50702ae000 rw-p 00000000 00:00 0 
7f50702ae000-7f5074000000 ---p 00000000 00:00 0 
7f5078000000-7f50780ab000 rw-p 00000000 00:00 0 
7f50780ab000-7f507c000000 ---p 00000000 00:00 0 
7f507c000000-7f507c0a1000 rw-p 00000000 00:00 0 
7f507c0a1000-7f5080000000 ---p 00000000 00:00 0 
7f5080000000-7f5080021000 rw-p 00000000 00:00 0 
7f5080021000-7f5084000000 ---p 00000000 00:00 0 
7f5084000000-7f5084021000 rw-p 00000000 00:00 0 
7f5084021000-7f5088000000 ---p 00000000 00:00 0 
7f508843a000-7f508843d000 ---p 00000000 00:00 0 
7f508843d000-7f508853b000 rw-p 00000000 00:00 0 
7f508853b000-7f508853e000 ---p 00000000 00:00 0 
7f508853e000-7f508863c000 rw-p 00000000 00:00 0 
7f508863c000-7f508863f000 ---p 00000000 00:00 0 
7f508863f000-7f508883d000 rw-p 00000000 00:00 0 
7f508883d000-7f508893d000 ---p 00000000 00:00 0 
7f5088bf6000-7f5088bf9000 ---p 00000000 00:00 0 
7f5088bf9000-7f5088cf7000 rw-p 00000000 00:00 0 
7f5088cf7000-7f5088cfa000 ---p 00000000 00:00 0 
7f5088cfa000-7f5088df8000 rw-p 00000000 00:00 0 
7f5088df8000-7f5088dfb000 ---p 00000000 00:00 0 
7f5088dfb000-7f5088ef9000 rw-p 00000000 00:00 0 
7f5088ef9000-7f5088efc000 ---p 00000000 00:00 0 
7f5088efc000-7f5088ffa000 rw-p 00000000 00:00 0 
7f5088ffa000-7f5088ffd000 ---p 00000000 00:00 0 
7f5088ffd000-7f50892fb000 rw-p 00000000 00:00 0 
7f50892fb000-7f5089364000 r-xp 00000000 08:06 1839539                    /usr/lib/jvm/java-8-oracle/jre/lib/amd64/libt2k.so
7f5089364000-7f5089564000 ---p 00069000 08:06 1839539                    /usr/lib/jvm/java-8-oracle/jre/lib/amd64/libt2k.so
7f5089564000-7f508956b000 rw-p 00069000 08:06 1839539                    /usr/lib/jvm/java-8-oracle/jre/lib/amd64/libt2k.so
7f508956b000-7f508957b000 rw-p 00000000 00:00 0 
7f508957b000-7f508958c000 r-xp 00000000 08:06 1839507                    /usr/lib/jvm/java-8-oracle/jre/lib/amd64/libnio.so
7f508958c000-7f508978b000 ---p 00011000 08:06 1839507                    /usr/lib/jvm/java-8-oracle/jre/lib/amd64/libnio.so
7f508978b000-7f508978c000 rw-p 00010000 08:06 1839507                    /usr/lib/jvm/java-8-oracle/jre/lib/amd64/libnio.so
7f508978c000-7f50897a3000 r-xp 00000000 08:06 1584375                    /lib/x86_64-linux-gnu/libresolv-2.23.so
7f50897a3000-7f50899a3000 ---p 00017000 08:06 1584375                    /lib/x86_64-linux-gnu/libresolv-2.23.so
7f50899a3000-7f50899a4000 r--p 00017000 08:06 1584375                    /lib/x86_64-linux-gnu/libresolv-2.23.so
7f50899a4000-7f50899a5000 rw-p 00018000 08:06 1584375                    /lib/x86_64-linux-gnu/libresolv-2.23.so
7f50899a5000-7f50899a7000 rw-p 00000000 00:00 0 
7f50899a7000-7f50899ac000 r-xp 00000000 08:06 1584382                    /lib/x86_64-linux-gnu/libnss_dns-2.23.so
7f50899ac000-7f5089bac000 ---p 00005000 08:06 1584382                    /lib/x86_64-linux-gnu/libnss_dns-2.23.so
7f5089bac000-7f5089bad000 r--p 00005000 08:06 1584382                    /lib/x86_64-linux-gnu/libnss_dns-2.23.so
7f5089bad000-7f5089bae000 rw-p 00006000 08:06 1584382                    /lib/x86_64-linux-gnu/libnss_dns-2.23.so
7f5089bae000-7f5089eaf000 rw-p 00000000 00:00 0 
7f5089eaf000-7f5089ec5000 r-xp 00000000 08:06 1839482                    /usr/lib/jvm/java-8-oracle/jre/lib/amd64/libnet.so
7f5089ec5000-7f508a0c5000 ---p 00016000 08:06 1839482                    /usr/lib/jvm/java-8-oracle/jre/lib/amd64/libnet.so
7f508a0c5000-7f508a0c6000 rw-p 00016000 08:06 1839482                    /usr/lib/jvm/java-8-oracle/jre/lib/amd64/libnet.so
7f508a0c6000-7f508a0c9000 ---p 00000000 00:00 0 
7f508a0c9000-7f508a3c7000 rw-p 00000000 00:00 0 
7f508a3c7000-7f508a3ca000 ---p 00000000 00:00 0 
7f508a3ca000-7f508a4c8000 rw-p 00000000 00:00 0 
7f508a4c8000-7f508a4cb000 ---p 00000000 00:00 0 
7f508a4cb000-7f508a5c9000 rw-p 00000000 00:00 0 
7f508a5c9000-7f508a5ce000 r-xp 00000000 08:06 1836467                    /usr/lib/x86_64-linux-gnu/libXfixes.so.3.1.0
7f508a5ce000-7f508a7cd000 ---p 00005000 08:06 1836467                    /usr/lib/x86_64-linux-gnu/libXfixes.so.3.1.0
7f508a7cd000-7f508a7ce000 r--p 00004000 08:06 1836467                    /usr/lib/x86_64-linux-gnu/libXfixes.so.3.1.0
7f508a7ce000-7f508a7cf000 rw-p 00005000 08:06 1836467                    /usr/lib/x86_64-linux-gnu/libXfixes.so.3.1.0
7f508a7cf000-7f508a7d8000 r-xp 00000000 08:06 1836459                    /usr/lib/x86_64-linux-gnu/libXcursor.so.1.0.2
7f508a7d8000-7f508a9d7000 ---p 00009000 08:06 1836459                    /usr/lib/x86_64-linux-gnu/libXcursor.so.1.0.2
7f508a9d7000-7f508a9d8000 r--p 00008000 08:06 1836459                    /usr/lib/x86_64-linux-gnu/libXcursor.so.1.0.2
7f508a9d8000-7f508a9d9000 rw-p 00009000 08:06 1836459                    /usr/lib/x86_64-linux-gnu/libXcursor.so.1.0.2
7f508a9d9000-7f508a9ef000 r-xp 00000000 08:06 1574880                    /lib/x86_64-linux-gnu/libgcc_s.so.1
7f508a9ef000-7f508abee000 ---p 00016000 08:06 1574880                    /lib/x86_64-linux-gnu/libgcc_s.so.1
7f508abee000-7f508abef000 rw-p 00015000 08:06 1574880                    /lib/x86_64-linux-gnu/libgcc_s.so.1
7f508abef000-7f508ac54000 r-xp 00000000 08:06 1839501                    /usr/lib/jvm/java-8-oracle/jre/lib/amd64/libfontmanager.so
7f508ac54000-7f508ae53000 ---p 00065000 08:06 1839501                    /usr/lib/jvm/java-8-oracle/jre/lib/amd64/libfontmanager.so
7f508ae53000-7f508ae58000 rw-p 00064000 08:06 1839501                    /usr/lib/jvm/java-8-oracle/jre/lib/amd64/libfontmanager.so
7f508ae58000-7f508ae68000 rw-p 00000000 00:00 0 
7f508ae68000-7f508ae6d000 r-xp 00000000 08:06 1836463                    /usr/lib/x86_64-linux-gnu/libXdmcp.so.6.0.0
7f508ae6d000-7f508b06c000 ---p 00005000 08:06 1836463                    /usr/lib/x86_64-linux-gnu/libXdmcp.so.6.0.0
7f508b06c000-7f508b06d000 r--p 00004000 08:06 1836463                    /usr/lib/x86_64-linux-gnu/libXdmcp.so.6.0.0
7f508b06d000-7f508b06e000 rw-p 00005000 08:06 1836463                    /usr/lib/x86_64-linux-gnu/libXdmcp.so.6.0.0
7f508b06e000-7f508b070000 r-xp 00000000 08:06 1836452                    /usr/lib/x86_64-linux-gnu/libXau.so.6.0.0
7f508b070000-7f508b270000 ---p 00002000 08:06 1836452                    /usr/lib/x86_64-linux-gnu/libXau.so.6.0.0
7f508b270000-7f508b271000 r--p 00002000 08:06 1836452                    /usr/lib/x86_64-linux-gnu/libXau.so.6.0.0
7f508b271000-7f508b272000 rw-p 00003000 08:06 1836452                    /usr/lib/x86_64-linux-gnu/libXau.so.6.0.0
7f508b272000-7f508b293000 r-xp 00000000 08:06 1837502                    /usr/lib/x86_64-linux-gnu/libxcb.so.1.1.0
7f508b293000-7f508b492000 ---p 00021000 08:06 1837502                    /usr/lib/x86_64-linux-gnu/libxcb.so.1.1.0
7f508b492000-7f508b493000 r--p 00020000 08:06 1837502                    /usr/lib/x86_64-linux-gnu/libxcb.so.1.1.0
7f508b493000-7f508b494000 rw-p 00021000 08:06 1837502                    /usr/lib/x86_64-linux-gnu/libxcb.so.1.1.0
7f508b494000-7f508b4a3000 r-xp 00000000 08:06 1836473                    /usr/lib/x86_64-linux-gnu/libXi.so.6.1.0
7f508b4a3000-7f508b6a2000 ---p 0000f000 08:06 1836473                    /usr/lib/x86_64-linux-gnu/libXi.so.6.1.0
7f508b6a2000-7f508b6a3000 r--p 0000e000 08:06 1836473                    /usr/lib/x86_64-linux-gnu/libXi.so.6.1.0
7f508b6a3000-7f508b6a4000 rw-p 0000f000 08:06 1836473                    /usr/lib/x86_64-linux-gnu/libXi.so.6.1.0
7f508b6a4000-7f508b6a9000 r-xp 00000000 08:06 1836491                    /usr/lib/x86_64-linux-gnu/libXtst.so.6.1.0
7f508b6a9000-7f508b8a8000 ---p 00005000 08:06 1836491                    /usr/lib/x86_64-linux-gnu/libXtst.so.6.1.0
7f508b8a8000-7f508b8a9000 r--p 00004000 08:06 1836491                    /usr/lib/x86_64-linux-gnu/libXtst.so.6.1.0
7f508b8a9000-7f508b8aa000 rw-p 00005000 08:06 1836491                    /usr/lib/x86_64-linux-gnu/libXtst.so.6.1.0
7f508b8aa000-7f508b8b3000 r-xp 00000000 08:06 1836485                    /usr/lib/x86_64-linux-gnu/libXrender.so.1.3.0
7f508b8b3000-7f508bab2000 ---p 00009000 08:06 1836485                    /usr/lib/x86_64-linux-gnu/libXrender.so.1.3.0
7f508bab2000-7f508bab3000 r--p 00008000 08:06 1836485                    /usr/lib/x86_64-linux-gnu/libXrender.so.1.3.0
7f508bab3000-7f508bab4000 rw-p 00009000 08:06 1836485                    /usr/lib/x86_64-linux-gnu/libXrender.so.1.3.0
7f508bab4000-7f508bbe9000 r-xp 00000000 08:06 1836448                    /usr/lib/x86_64-linux-gnu/libX11.so.6.3.0
7f508bbe9000-7f508bde9000 ---p 00135000 08:06 1836448                    /usr/lib/x86_64-linux-gnu/libX11.so.6.3.0
7f508bde9000-7f508bdea000 r--p 00135000 08:06 1836448                    /usr/lib/x86_64-linux-gnu/libX11.so.6.3.0
7f508bdea000-7f508bdee000 rw-p 00136000 08:06 1836448                    /usr/lib/x86_64-linux-gnu/libX11.so.6.3.0
7f508bdee000-7f508bdff000 r-xp 00000000 08:06 1836465                    /usr/lib/x86_64-linux-gnu/libXext.so.6.4.0
7f508bdff000-7f508bffe000 ---p 00011000 08:06 1836465                    /usr/lib/x86_64-linux-gnu/libXext.so.6.4.0
7f508bffe000-7f508bfff000 r--p 00010000 08:06 1836465                    /usr/lib/x86_64-linux-gnu/libXext.so.6.4.0
7f508bfff000-7f508c000000 rw-p 00011000 08:06 1836465                    /usr/lib/x86_64-linux-gnu/libXext.so.6.4.0
7f508c000000-7f508c4f0000 rw-p 00000000 00:00 0 
7f508c4f0000-7f5090000000 ---p 00000000 00:00 0 
7f5090000000-7f5090021000 rw-p 00000000 00:00 0 
7f5090021000-7f5094000000 ---p 00000000 00:00 0 
7f5094000000-7f5094021000 rw-p 00000000 00:00 0 
7f5094021000-7f5098000000 ---p 00000000 00:00 0 
7f5098000000-7f50986fc000 rw-p 00000000 00:00 0 
7f50986fc000-7f509c000000 ---p 00000000 00:00 0 
7f509c000000-7f509c021000 rw-p 00000000 00:00 0 
7f509c021000-7f50a0000000 ---p 00000000 00:00 0 
7f50a0000000-7f50a0021000 rw-p 00000000 00:00 0 
7f50a0021000-7f50a4000000 ---p 00000000 00:00 0 
7f50a4000000-7f50a4021000 rw-p 00000000 00:00 0 
7f50a4021000-7f50a8000000 ---p 00000000 00:00 0 
7f50a8000000-7f50a8021000 rw-p 00000000 00:00 0 
7f50a8021000-7f50ac000000 ---p 00000000 00:00 0 
7f50ac000000-7f50ac021000 rw-p 00000000 00:00 0 
7f50ac021000-7f50b0000000 ---p 00000000 00:00 0 
7f50b001b000-7f50b00b1000 rw-s 00000000 00:05 20316190                   /SYSV00000000 (deleted)
7f50b00b1000-7f50b00bb000 r--s 00116000 08:06 1839562                    /usr/lib/jvm/java-8-oracle/jre/lib/ext/localedata.jar
7f50b00bb000-7f50b00be000 ---p 00000000 00:00 0 
7f50b00be000-7f50b01bc000 rw-p 00000000 00:00 0 
7f50b01bc000-7f50b01dd000 r--p 00000000 08:06 2111345                    /usr/share/locale-langpack/pt_BR/LC_MESSAGES/libc.mo
7f50b01dd000-7f50b0231000 r-xp 00000000 08:06 1839509                    /usr/lib/jvm/java-8-oracle/jre/lib/amd64/libawt_xawt.so
7f50b0231000-7f50b0431000 ---p 00054000 08:06 1839509                    /usr/lib/jvm/java-8-oracle/jre/lib/amd64/libawt_xawt.so
7f50b0431000-7f50b0435000 rw-p 00054000 08:06 1839509                    /usr/lib/jvm/java-8-oracle/jre/lib/amd64/libawt_xawt.so
7f50b0435000-7f50b0436000 rw-p 00000000 00:00 0 
7f50b0436000-7f50b04d8000 r-xp 00000000 08:06 1839542                    /usr/lib/jvm/java-8-oracle/jre/lib/amd64/libawt.so
7f50b04d8000-7f50b06d8000 ---p 000a2000 08:06 1839542                    /usr/lib/jvm/java-8-oracle/jre/lib/amd64/libawt.so
7f50b06d8000-7f50b06e4000 rw-p 000a2000 08:06 1839542                    /usr/lib/jvm/java-8-oracle/jre/lib/amd64/libawt.so
7f50b06e4000-7f50b0708000 rw-p 00000000 00:00 0 
7f50b0708000-7f50b0725000 r--s 00653000 08:06 2376266                    /usr/lib/jvm/TotalCross3/dist/tc.jar
7f50b0725000-7f50b0726000 ---p 00000000 00:00 0 
7f50b0726000-7f50b0826000 rw-p 00000000 00:00 0 
7f50b0826000-7f50b0829000 ---p 00000000 00:00 0 
7f50b0829000-7f50b0927000 rw-p 00000000 00:00 0 
7f50b0927000-7f50b092a000 ---p 00000000 00:00 0 
7f50b092a000-7f50b0a28000 rw-p 00000000 00:00 0 
7f50b0a28000-7f50b0a2b000 ---p 00000000 00:00 0 
7f50b0a2b000-7f50b0b29000 rw-p 00000000 00:00 0 
7f50b0b29000-7f50b0b2c000 ---p 00000000 00:00 0 
7f50b0b2c000-7f50b0c2a000 rw-p 00000000 00:00 0 
7f50b0c2a000-7f50b0f04000 r--p 00000000 08:06 1831582                    /usr/lib/locale/locale-archive
7f50b0f04000-7f50b0f07000 ---p 00000000 00:00 0 
7f50b0f07000-7f50b1005000 rw-p 00000000 00:00 0 
7f50b1005000-7f50b1008000 ---p 00000000 00:00 0 
7f50b1008000-7f50b1106000 rw-p 00000000 00:00 0 
7f50b1106000-7f50b1107000 ---p 00000000 00:00 0 
7f50b1107000-7f50b1b31000 rw-p 00000000 00:00 0 
7f50b1b31000-7f50b1d09000 r--s 03d2a000 08:06 1839474                    /usr/lib/jvm/java-8-oracle/jre/lib/rt.jar
7f50b1d09000-7f50b450a000 rw-p 00000000 00:00 0 
7f50b450a000-7f50b450b000 ---p 00000000 00:00 0 
7f50b450b000-7f50b460b000 rw-p 00000000 00:00 0 
7f50b460b000-7f50b460c000 ---p 00000000 00:00 0 
7f50b460c000-7f50b4720000 rw-p 00000000 00:00 0 
7f50b4720000-7f50b4849000 ---p 00000000 00:00 0 
7f50b4849000-7f50b485d000 rw-p 00000000 00:00 0 
7f50b485d000-7f50b4985000 ---p 00000000 00:00 0 
7f50b4985000-7f50b4998000 rw-p 00000000 00:00 0 
7f50b4998000-7f50b4a24000 ---p 00000000 00:00 0 
7f50b4a24000-7f50b4a33000 rw-p 00000000 00:00 0 
7f50b4a33000-7f50b4de5000 ---p 00000000 00:00 0 
7f50b4de5000-7f50b5145000 rwxp 00000000 00:00 0 
7f50b5145000-7f50c3de5000 ---p 00000000 00:00 0 
7f50c3de5000-7f50c3dff000 r-xp 00000000 08:06 1839505                    /usr/lib/jvm/java-8-oracle/jre/lib/amd64/libzip.so
7f50c3dff000-7f50c3fff000 ---p 0001a000 08:06 1839505                    /usr/lib/jvm/java-8-oracle/jre/lib/amd64/libzip.so
7f50c3fff000-7f50c4000000 rw-p 0001a000 08:06 1839505                    /usr/lib/jvm/java-8-oracle/jre/lib/amd64/libzip.so
7f50c4000000-7f50c46e1000 rw-p 00000000 00:00 0 
7f50c46e1000-7f50c8000000 ---p 00000000 00:00 0 
7f50c8006000-7f50c8019000 r--s 00345000 08:06 1849281                    /usr/lib/jvm/java-8-oracle/jre/lib/resources.jar
7f50c8019000-7f50c8068000 rw-p 00000000 00:00 0 
7f50c8068000-7f50c8073000 r-xp 00000000 08:06 1584364                    /lib/x86_64-linux-gnu/libnss_files-2.23.so
7f50c8073000-7f50c8272000 ---p 0000b000 08:06 1584364                    /lib/x86_64-linux-gnu/libnss_files-2.23.so
7f50c8272000-7f50c8273000 r--p 0000a000 08:06 1584364                    /lib/x86_64-linux-gnu/libnss_files-2.23.so
7f50c8273000-7f50c8274000 rw-p 0000b000 08:06 1584364                    /lib/x86_64-linux-gnu/libnss_files-2.23.so
7f50c8274000-7f50c827a000 rw-p 00000000 00:00 0 
7f50c827a000-7f50c8285000 r-xp 00000000 08:06 1584361                    /lib/x86_64-linux-gnu/libnss_nis-2.23.so
7f50c8285000-7f50c8484000 ---p 0000b000 08:06 1584361                    /lib/x86_64-linux-gnu/libnss_nis-2.23.so
7f50c8484000-7f50c8485000 r--p 0000a000 08:06 1584361                    /lib/x86_64-linux-gnu/libnss_nis-2.23.so
7f50c8485000-7f50c8486000 rw-p 0000b000 08:06 1584361                    /lib/x86_64-linux-gnu/libnss_nis-2.23.so
7f50c8486000-7f50c849c000 r-xp 00000000 08:06 1584358                    /lib/x86_64-linux-gnu/libnsl-2.23.so
7f50c849c000-7f50c869b000 ---p 00016000 08:06 1584358                    /lib/x86_64-linux-gnu/libnsl-2.23.so
7f50c869b000-7f50c869c000 r--p 00015000 08:06 1584358                    /lib/x86_64-linux-gnu/libnsl-2.23.so
7f50c869c000-7f50c869d000 rw-p 00016000 08:06 1584358                    /lib/x86_64-linux-gnu/libnsl-2.23.so
7f50c869d000-7f50c869f000 rw-p 00000000 00:00 0 
7f50c869f000-7f50c86a7000 r-xp 00000000 08:06 1584254                    /lib/x86_64-linux-gnu/libnss_compat-2.23.so
7f50c86a7000-7f50c88a6000 ---p 00008000 08:06 1584254                    /lib/x86_64-linux-gnu/libnss_compat-2.23.so
7f50c88a6000-7f50c88a7000 r--p 00007000 08:06 1584254                    /lib/x86_64-linux-gnu/libnss_compat-2.23.so
7f50c88a7000-7f50c88a8000 rw-p 00008000 08:06 1584254                    /lib/x86_64-linux-gnu/libnss_compat-2.23.so
7f50c88a8000-7f50c88d3000 r-xp 00000000 08:06 1839532                    /usr/lib/jvm/java-8-oracle/jre/lib/amd64/libjava.so
7f50c88d3000-7f50c8ad2000 ---p 0002b000 08:06 1839532                    /usr/lib/jvm/java-8-oracle/jre/lib/amd64/libjava.so
7f50c8ad2000-7f50c8ad4000 rw-p 0002a000 08:06 1839532                    /usr/lib/jvm/java-8-oracle/jre/lib/amd64/libjava.so
7f50c8ad4000-7f50c8ae1000 r-xp 00000000 08:06 1839483                    /usr/lib/jvm/java-8-oracle/jre/lib/amd64/libverify.so
7f50c8ae1000-7f50c8ce0000 ---p 0000d000 08:06 1839483                    /usr/lib/jvm/java-8-oracle/jre/lib/amd64/libverify.so
7f50c8ce0000-7f50c8ce2000 rw-p 0000c000 08:06 1839483                    /usr/lib/jvm/java-8-oracle/jre/lib/amd64/libverify.so
7f50c8ce2000-7f50c8ce9000 r-xp 00000000 08:06 1584379                    /lib/x86_64-linux-gnu/librt-2.23.so
7f50c8ce9000-7f50c8ee8000 ---p 00007000 08:06 1584379                    /lib/x86_64-linux-gnu/librt-2.23.so
7f50c8ee8000-7f50c8ee9000 r--p 00006000 08:06 1584379                    /lib/x86_64-linux-gnu/librt-2.23.so
7f50c8ee9000-7f50c8eea000 rw-p 00007000 08:06 1584379                    /lib/x86_64-linux-gnu/librt-2.23.so
7f50c8eea000-7f50c8ff2000 r-xp 00000000 08:06 1584376                    /lib/x86_64-linux-gnu/libm-2.23.so
7f50c8ff2000-7f50c91f1000 ---p 00108000 08:06 1584376                    /lib/x86_64-linux-gnu/libm-2.23.so
7f50c91f1000-7f50c91f2000 r--p 00107000 08:06 1584376                    /lib/x86_64-linux-gnu/libm-2.23.so
7f50c91f2000-7f50c91f3000 rw-p 00108000 08:06 1584376                    /lib/x86_64-linux-gnu/libm-2.23.so
7f50c91f3000-7f50c9ec0000 r-xp 00000000 08:06 1839536                    /usr/lib/jvm/java-8-oracle/jre/lib/amd64/server/libjvm.so
7f50c9ec0000-7f50ca0bf000 ---p 00ccd000 08:06 1839536                    /usr/lib/jvm/java-8-oracle/jre/lib/amd64/server/libjvm.so
7f50ca0bf000-7f50ca198000 rw-p 00ccc000 08:06 1839536                    /usr/lib/jvm/java-8-oracle/jre/lib/amd64/server/libjvm.so
7f50ca198000-7f50ca1e3000 rw-p 00000000 00:00 0 
7f50ca1e3000-7f50ca3a2000 r-xp 00000000 08:06 1584384                    /lib/x86_64-linux-gnu/libc-2.23.so
7f50ca3a2000-7f50ca5a2000 ---p 001bf000 08:06 1584384                    /lib/x86_64-linux-gnu/libc-2.23.so
7f50ca5a2000-7f50ca5a6000 r--p 001bf000 08:06 1584384                    /lib/x86_64-linux-gnu/libc-2.23.so
7f50ca5a6000-7f50ca5a8000 rw-p 001c3000 08:06 1584384                    /lib/x86_64-linux-gnu/libc-2.23.so
7f50ca5a8000-7f50ca5ac000 rw-p 00000000 00:00 0 
7f50ca5ac000-7f50ca5af000 r-xp 00000000 08:06 1584385                    /lib/x86_64-linux-gnu/libdl-2.23.so
7f50ca5af000-7f50ca7ae000 ---p 00003000 08:06 1584385                    /lib/x86_64-linux-gnu/libdl-2.23.so
7f50ca7ae000-7f50ca7af000 r--p 00002000 08:06 1584385                    /lib/x86_64-linux-gnu/libdl-2.23.so
7f50ca7af000-7f50ca7b0000 rw-p 00003000 08:06 1584385                    /lib/x86_64-linux-gnu/libdl-2.23.so
7f50ca7b0000-7f50ca7c5000 r-xp 00000000 08:06 1838510                    /usr/lib/jvm/java-8-oracle/lib/amd64/jli/libjli.so
7f50ca7c5000-7f50ca9c5000 ---p 00015000 08:06 1838510                    /usr/lib/jvm/java-8-oracle/lib/amd64/jli/libjli.so
7f50ca9c5000-7f50ca9c6000 rw-p 00015000 08:06 1838510                    /usr/lib/jvm/java-8-oracle/lib/amd64/jli/libjli.so
7f50ca9c6000-7f50ca9de000 r-xp 00000000 08:06 1584383                    /lib/x86_64-linux-gnu/libpthread-2.23.so
7f50ca9de000-7f50cabdd000 ---p 00018000 08:06 1584383                    /lib/x86_64-linux-gnu/libpthread-2.23.so
7f50cabdd000-7f50cabde000 r--p 00017000 08:06 1584383                    /lib/x86_64-linux-gnu/libpthread-2.23.so
7f50cabde000-7f50cabdf000 rw-p 00018000 08:06 1584383                    /lib/x86_64-linux-gnu/libpthread-2.23.so
7f50cabdf000-7f50cabe3000 rw-p 00000000 00:00 0 
7f50cabe3000-7f50cac09000 r-xp 00000000 08:06 1584380                    /lib/x86_64-linux-gnu/ld-2.23.so
7f50cac0c000-7f50cac10000 r--s 00097000 08:06 1839426                    /usr/lib/jvm/java-8-oracle/jre/lib/jsse.jar
7f50cac10000-7f50cace8000 rw-p 00000000 00:00 0 
7f50cace8000-7f50caceb000 ---p 00000000 00:00 0 
7f50caceb000-7f50caded000 rw-p 00000000 00:00 0 
7f50caded000-7f50cadf0000 r--s 0001a000 08:06 1849311                    /usr/lib/jvm/java-8-oracle/jre/lib/jce.jar
7f50cadf0000-7f50cadf7000 r--s 00000000 08:06 1982217                    /usr/lib/x86_64-linux-gnu/gconv/gconv-modules.cache
7f50cadf7000-7f50cadfc000 r--s 002f9000 08:06 1839427                    /usr/lib/jvm/java-8-oracle/jre/lib/charsets.jar
7f50cadfc000-7f50cae04000 rw-s 00000000 08:06 1574604                    /tmp/hsperfdata_root/19127
7f50cae04000-7f50cae05000 rw-p 00000000 00:00 0 
7f50cae05000-7f50cae06000 r--p 00000000 00:00 0 
7f50cae06000-7f50cae08000 rw-p 00000000 00:00 0 
7f50cae08000-7f50cae09000 r--p 00025000 08:06 1584380                    /lib/x86_64-linux-gnu/ld-2.23.so
7f50cae09000-7f50cae0a000 rw-p 00026000 08:06 1584380                    /lib/x86_64-linux-gnu/ld-2.23.so
7f50cae0a000-7f50cae0b000 rw-p 00000000 00:00 0 
7fff4c3a1000-7fff4c3c2000 rw-p 00000000 00:00 0                          [stack]
7fff4c3e6000-7fff4c3e8000 r--p 00000000 00:00 0                          [vvar]
7fff4c3e8000-7fff4c3ea000 r-xp 00000000 00:00 0                          [vdso]
ffffffffff600000-ffffffffff601000 r-xp 00000000 00:00 0                  [vsyscall]

VM Arguments:
jvm_args: -Dfile.encoding=UTF-8 
java_command: totalcross.Launcher /scr android /r 54435354004303E26A1D9E0F com.softsite.tccrud.view.Main
java_class_path (initial): /root/workspace/TCCRUDRenanAdam/bin:/usr/lib/jvm/TotalCross3/dist/tc.jar
Launcher Type: SUN_STANDARD

Environment Variables:
JAVA_HOME=/usr/lib/jvm/java-8-oracle
PATH=/usr/local/sbin:/usr/local/bin:/usr/sbin:/usr/bin:/sbin:/bin:/snap/bin
USERNAME=root
SHELL=/bin/bash
DISPLAY=:0.0

Signal Handlers:
SIGSEGV: [libjvm.so+0xac64b0], sa_mask[0]=11111111011111111101111111111110, sa_flags=SA_RESTART|SA_SIGINFO
SIGBUS: [libjvm.so+0xac64b0], sa_mask[0]=11111111011111111101111111111110, sa_flags=SA_RESTART|SA_SIGINFO
SIGFPE: [libjvm.so+0x91f950], sa_mask[0]=11111111011111111101111111111110, sa_flags=SA_RESTART|SA_SIGINFO
SIGPIPE: [libjvm.so+0x91f950], sa_mask[0]=11111111011111111101111111111110, sa_flags=SA_RESTART|SA_SIGINFO
SIGXFSZ: [libjvm.so+0x91f950], sa_mask[0]=11111111011111111101111111111110, sa_flags=SA_RESTART|SA_SIGINFO
SIGILL: [libjvm.so+0x91f950], sa_mask[0]=11111111011111111101111111111110, sa_flags=SA_RESTART|SA_SIGINFO
SIGUSR1: SIG_DFL, sa_mask[0]=00000000000000000000000000000000, sa_flags=none
SIGUSR2: [libjvm.so+0x920f80], sa_mask[0]=00100000000000000000000000000000, sa_flags=SA_RESTART|SA_SIGINFO
SIGHUP: [libjvm.so+0x922380], sa_mask[0]=11111111011111111101111111111110, sa_flags=SA_RESTART|SA_SIGINFO
SIGINT: [libjvm.so+0x922380], sa_mask[0]=11111111011111111101111111111110, sa_flags=SA_RESTART|SA_SIGINFO
SIGTERM: [libjvm.so+0x922380], sa_mask[0]=11111111011111111101111111111110, sa_flags=SA_RESTART|SA_SIGINFO
SIGQUIT: [libjvm.so+0x922380], sa_mask[0]=11111111011111111101111111111110, sa_flags=SA_RESTART|SA_SIGINFO


---------------  S Y S T E M  ---------------

OS:DISTRIB_ID=Ubuntu
DISTRIB_RELEASE=16.04
DISTRIB_CODENAME=xenial
DISTRIB_DESCRIPTION="Ubuntu 16.04.1 LTS"

uname:Linux 4.4.0-47-generic #68-Ubuntu SMP Wed Oct 26 19:39:52 UTC 2016 x86_64
libc:glibc 2.23 NPTL 2.23 
rlimit: STACK 8192k, CORE 0k, NPROC 15014, NOFILE 65536, AS infinity
load average:1,53 1,28 0,97

/proc/meminfo:
MemTotal:        3884020 kB
MemFree:          106400 kB
MemAvailable:     603388 kB
Buffers:           56676 kB
Cached:           757216 kB
SwapCached:        31860 kB
Active:          2391884 kB
Inactive:        1240160 kB
Active(anon):    2007920 kB
Inactive(anon):   949288 kB
Active(file):     383964 kB
Inactive(file):   290872 kB
Unevictable:          32 kB
Mlocked:              32 kB
SwapTotal:       1429500 kB
SwapFree:        1288376 kB
Dirty:               208 kB
Writeback:             0 kB
AnonPages:       2787716 kB
Mapped:           296284 kB
Shmem:            139096 kB
Slab:              79192 kB
SReclaimable:      53544 kB
SUnreclaim:        25648 kB
KernelStack:        8208 kB
PageTables:        28900 kB
NFS_Unstable:          0 kB
Bounce:                0 kB
WritebackTmp:          0 kB
CommitLimit:     3371508 kB
Committed_AS:    5364108 kB
VmallocTotal:   34359738367 kB
VmallocUsed:           0 kB
VmallocChunk:          0 kB
HardwareCorrupted:     0 kB
AnonHugePages:   1863680 kB
CmaTotal:              0 kB
CmaFree:               0 kB
HugePages_Total:       0
HugePages_Free:        0
HugePages_Rsvd:        0
HugePages_Surp:        0
Hugepagesize:       2048 kB
DirectMap4k:       93612 kB
DirectMap2M:     3936256 kB


CPU:total 2 (2 cores per cpu, 1 threads per core) family 6 model 23 stepping 10, cmov, cx8, fxsr, mmx, sse, sse2, sse3, ssse3, sse4.1, tsc

/proc/cpuinfo:
processor	: 0
vendor_id	: GenuineIntel
cpu family	: 6
model		: 23
model name	: Intel(R) Core(TM)2 Duo CPU     T6600  @ 2.20GHz
stepping	: 10
microcode	: 0xa07
cpu MHz		: 2200.000
cache size	: 2048 KB
physical id	: 0
siblings	: 2
core id		: 0
cpu cores	: 2
apicid		: 0
initial apicid	: 0
fpu		: yes
fpu_exception	: yes
cpuid level	: 13
wp		: yes
flags		: fpu vme de pse tsc msr pae mce cx8 apic sep mtrr pge mca cmov pat pse36 clflush dts acpi mmx fxsr sse sse2 ss ht tm pbe syscall nx lm constant_tsc arch_perfmon pebs bts rep_good nopl aperfmperf pni dtes64 monitor ds_cpl est tm2 ssse3 cx16 xtpr pdcm sse4_1 xsave lahf_lm dtherm
bugs		:
bogomips	: 4385.98
clflush size	: 64
cache_alignment	: 64
address sizes	: 36 bits physical, 48 bits virtual
power management:

processor	: 1
vendor_id	: GenuineIntel
cpu family	: 6
model		: 23
model name	: Intel(R) Core(TM)2 Duo CPU     T6600  @ 2.20GHz
stepping	: 10
microcode	: 0xa07
cpu MHz		: 2200.000
cache size	: 2048 KB
physical id	: 0
siblings	: 2
core id		: 1
cpu cores	: 2
apicid		: 1
initial apicid	: 1
fpu		: yes
fpu_exception	: yes
cpuid level	: 13
wp		: yes
flags		: fpu vme de pse tsc msr pae mce cx8 apic sep mtrr pge mca cmov pat pse36 clflush dts acpi mmx fxsr sse sse2 ss ht tm pbe syscall nx lm constant_tsc arch_perfmon pebs bts rep_good nopl aperfmperf pni dtes64 monitor ds_cpl est tm2 ssse3 cx16 xtpr pdcm sse4_1 xsave lahf_lm dtherm
bugs		:
bogomips	: 4385.98
clflush size	: 64
cache_alignment	: 64
address sizes	: 36 bits physical, 48 bits virtual
power management:



Memory: 4k page, physical 3884020k(106400k free), swap 1429500k(1288376k free)

vm_info: Java HotSpot(TM) 64-Bit Server VM (25.111-b14) for linux-amd64 JRE (1.8.0_111-b14), built on Sep 22 2016 16:14:03 by "java_re" with gcc 4.3.0 20080428 (Red Hat 4.3.0-8)

time: Mon Nov 28 05:47:30 2016
elapsed time: 8 seconds (0d 0h 0m 8s)

