#
# A fatal error has been detected by the Java Runtime Environment:
#
#  SIGSEGV (0xb) at pc=0x00007f3d5c870d24, pid=18069, tid=0x00007f3d0ae1b700
#
# JRE version: Java(TM) SE Runtime Environment (8.0_111-b14) (build 1.8.0_111-b14)
# Java VM: Java HotSpot(TM) 64-Bit Server VM (25.111-b14 mixed mode linux-amd64 compressed oops)
# Problematic frame:
# C  [ld-linux-x86-64.so.2+0x9d24]
#
# Failed to write core dump. Core dumps have been disabled. To enable core dumping, try "ulimit -c unlimited" before starting Java again
#
# If you would like to submit a bug report, please visit:
#   http://bugreport.java.com/bugreport/crash.jsp
# The crash happened outside the Java Virtual Machine in native code.
# See problematic frame for where to report the bug.
#

---------------  T H R E A D  ---------------

Current thread (0x00007f3d14023000):  JavaThread "Secondary finalizer" daemon [_thread_in_native, id=18112, stack(0x00007f3d0ad1b000,0x00007f3d0ae1c000)]

siginfo: si_signo: 11 (SIGSEGV), si_code: 1 (SEGV_MAPERR), si_addr: 0x0000000000000068

Registers:
RAX=0x0000000000000040, RBX=0x00007f3d5ca709f0, RCX=0x000000000000003d, RDX=0x00000000000003f3
RSP=0x00007f3d0ae19790, RBP=0x0000000000000002, RSI=0x0000000000041204, RDI=0x00007f3d30000d20
R8 =0x00007f3d0ae198f0, R9 =0x00007f3d54666bd8, R10=0x00007f3d5ca8d040, R11=0x0000000000000001
R12=0x0000000000000003, R13=0x0000000000000000, R14=0x00007f3d54632350, R15=0x0000000000000000
RIP=0x00007f3d5c870d24, EFLAGS=0x0000000000010202, CSGSFS=0x0000000000000033, ERR=0x0000000000000004
  TRAPNO=0x000000000000000e

Top of Stack: (sp=0x00007f3d0ae19790)
0x00007f3d0ae19790:   00000000000002c8 00007f3d30000d20
0x00007f3d0ae197a0:   0000000000000000 00007f3d0ae19818
0x00007f3d0ae197b0:   00000000bc8b46fd 0000000002f22d1b
0x00007f3d0ae197c0:   ffffffff0000003d 00007f3d0ae198f0
0x00007f3d0ae197d0:   00007f3d5be77ff8 00007f3d5be6ad80
0x00007f3d0ae197e0:   00007f3d0ae19814 00007f3d0ae198e0
0x00007f3d0ae197f0:   00007f3d545b19b6 00007f3d0ae1a0e6
0x00007f3d0ae19800:   00007f3d0ae1a0c0 00007f3d5b7a680b
0x00007f3d0ae19810:   000000000ae19ff0 0000000000000000
0x00007f3d0ae19820:   000000119f32d4c1 00007f3d54666ca8
0x00007f3d0ae19830:   00007f3d0ae19980 0000000000000000
0x00007f3d0ae19840:   0000000000000000 00007f3d54666920
0x00007f3d0ae19850:   00007f3d0ae199c8 00007f3d5c87194f
0x00007f3d0ae19860:   0000000000000000 0000000000000000
0x00007f3d0ae19870:   0000000000000002 0000000000000000
0x00007f3d0ae19880:   0000000000000000 00007f3d54666920
0x00007f3d0ae19890:   00007f3d5c8d61de 00007f3d0ae1a1d0
0x00007f3d0ae198a0:   00007f3d5c8d61eb 0000000000000000
0x00007f3d0ae198b0:   00007f3d54666ca8 00007f3d0ae198f0
0x00007f3d0ae198c0:   000000003030305f 00007f3d0ae198e0
0x00007f3d0ae198d0:   00000000bc8b46fd 00007f3d30000d20
0x00007f3d0ae198e0:   00000000ffffffff 00007f3d0ae1a350
0x00007f3d0ae198f0:   0000000000000000 0000000000000000
0x00007f3d0ae19900:   00007f3d0ae1a1c0 00007f3d5b7a680b
0x00007f3d0ae19910:   00000000009bb180 0000000000000000
0x00007f3d0ae19920:   00007f3d54016048 00007f3d0ae19960
0x00007f3d0ae19930:   000000000ae199f0 00007f3d0ae19950
0x00007f3d0ae19940:   000000009f32d4c1 00007f3d30000c10
0x00007f3d0ae19950:   00000000ffffffff 00007f3d30000d20
0x00007f3d0ae19960:   00000000009bb180 00007f3d5ca8cca0
0x00007f3d0ae19970:   0000000000000000 00007f3d54666920
0x00007f3d0ae19980:   00007f3d0ae19a40 00007f3d5bfa9cc3 

Instructions: (pc=0x00007f3d5c870d24)
0x00007f3d5c870d04:   24 50 48 8d 84 24 88 00 00 00 48 89 44 24 18 89
0x00007f3d5c870d14:   f0 83 e0 3f 89 44 24 30 0f 1f 40 00 49 8b 04 ee
0x00007f3d5c870d24:   48 8b 58 28 4c 39 eb 0f 84 ef 00 00 00 45 85 ff
0x00007f3d5c870d34:   74 0d f6 83 14 03 00 00 03 0f 84 dd 00 00 00 f6 

Register to memory mapping:

RAX=0x0000000000000040 is an unknown value
RBX=0x00007f3d5ca709f0 is an unknown value
RCX=0x000000000000003d is an unknown value
RDX=0x00000000000003f3 is an unknown value
RSP=0x00007f3d0ae19790 is pointing into the stack for thread: 0x00007f3d14023000
RBP=0x0000000000000002 is an unknown value
RSI=0x0000000000041204 is an unknown value
RDI=0x00007f3d30000d20 is an unknown value
R8 =0x00007f3d0ae198f0 is pointing into the stack for thread: 0x00007f3d14023000
R9 =0x00007f3d54666bd8 is an unknown value
R10=0x00007f3d5ca8d040: _rtld_global+0 in /lib64/ld-linux-x86-64.so.2 at 0x00007f3d5c867000
R11=0x0000000000000001 is an unknown value
R12=0x0000000000000003 is an unknown value
R13=0x0000000000000000 is an unknown value
R14=0x00007f3d54632350 is an unknown value
R15=0x0000000000000000 is an unknown value


Stack: [0x00007f3d0ad1b000,0x00007f3d0ae1c000],  sp=0x00007f3d0ae19790,  free space=1017k
Native frames: (J=compiled Java code, j=interpreted, Vv=VM code, C=native code)
C  [ld-linux-x86-64.so.2+0x9d24]

Java frames: (J=compiled Java code, j=interpreted, Vv=VM code)
J 312  java.lang.ClassLoader$NativeLibrary.find(Ljava/lang/String;)J (0 bytes) @ 0x00007f3d451c0ccc [0x00007f3d451c0c80+0x4c]
j  java.lang.ClassLoader.findNative(Ljava/lang/ClassLoader;Ljava/lang/String;)J+49
v  ~StubRoutines::call_stub
j  org.sqlite.core.NativeDB.free_functions()V+0
j  org.sqlite.core.DB.close()V+102
j  org.sqlite.core.CoreConnection.close()V+26
j  org.sqlite.core.CoreConnection.finalize()V+1
j  java.lang.System$2.invokeFinalize(Ljava/lang/Object;)V+1
j  java.lang.ref.Finalizer.runFinalizer(Lsun/misc/JavaLangAccess;)V+46
j  java.lang.ref.Finalizer.access$100(Ljava/lang/ref/Finalizer;Lsun/misc/JavaLangAccess;)V+2
j  java.lang.ref.Finalizer$3.run()V+58
j  java.lang.Thread.run()V+11
v  ~StubRoutines::call_stub

---------------  P R O C E S S  ---------------

Java Threads: ( => current thread )
=>0x00007f3d14023000 JavaThread "Secondary finalizer" daemon [_thread_in_native, id=18112, stack(0x00007f3d0ad1b000,0x00007f3d0ae1c000)]
  0x00007f3d040e5000 JavaThread "TC Event Thread" daemon [_thread_blocked, id=18096, stack(0x00007f3d0a55d000,0x00007f3d0a65e000)]
  0x00007f3d54009800 JavaThread "DestroyJavaVM" [_thread_blocked, id=18074, stack(0x00007f3d5c96c000,0x00007f3d5ca6d000)]
  0x00007f3d5429e800 JavaThread "AWT-EventQueue-0" [_thread_blocked, id=18088, stack(0x00007f3d40004000,0x00007f3d40105000)]
  0x00007f3d5424c800 JavaThread "AWT-Shutdown" [_thread_blocked, id=18087, stack(0x00007f3d40105000,0x00007f3d40206000)]
  0x00007f3d54231000 JavaThread "AWT-XAWT" daemon [_thread_in_native, id=18086, stack(0x00007f3d40206000,0x00007f3d40307000)]
  0x00007f3d54212000 JavaThread "Java2D Disposer" daemon [_thread_blocked, id=18085, stack(0x00007f3d40717000,0x00007f3d40818000)]
  0x00007f3d540cb800 JavaThread "Service Thread" daemon [_thread_blocked, id=18083, stack(0x00007f3d4246b000,0x00007f3d4256c000)]
  0x00007f3d540b6800 JavaThread "C1 CompilerThread1" daemon [_thread_blocked, id=18082, stack(0x00007f3d4256c000,0x00007f3d4266d000)]
  0x00007f3d540b4000 JavaThread "C2 CompilerThread0" daemon [_thread_blocked, id=18081, stack(0x00007f3d4266d000,0x00007f3d4276e000)]
  0x00007f3d540b2800 JavaThread "Signal Dispatcher" daemon [_thread_blocked, id=18080, stack(0x00007f3d4276e000,0x00007f3d4286f000)]
  0x00007f3d5407f800 JavaThread "Finalizer" daemon [_thread_blocked, id=18079, stack(0x00007f3d42b49000,0x00007f3d42c4a000)]
  0x00007f3d5407b000 JavaThread "Reference Handler" daemon [_thread_blocked, id=18078, stack(0x00007f3d42c4a000,0x00007f3d42d4b000)]

Other Threads:
  0x00007f3d54073000 VMThread [stack: 0x00007f3d42d4b000,0x00007f3d42e4c000] [id=18077]
  0x00007f3d540ce800 WatcherThread [stack: 0x00007f3d4236a000,0x00007f3d4246b000] [id=18084]

VM state:not at safepoint (normal execution)

VM Mutex/Monitor currently owned by a thread: None

Heap:
 PSYoungGen      total 17920K, used 13346K [0x00000000ec380000, 0x00000000ee680000, 0x0000000100000000)
  eden space 15360K, 70% used [0x00000000ec380000,0x00000000ece09cd0,0x00000000ed280000)
  from space 2560K, 99% used [0x00000000ed280000,0x00000000ed4fed08,0x00000000ed500000)
  to   space 2560K, 0% used [0x00000000ee400000,0x00000000ee400000,0x00000000ee680000)
 ParOldGen       total 40960K, used 4329K [0x00000000c4a00000, 0x00000000c7200000, 0x00000000ec380000)
  object space 40960K, 10% used [0x00000000c4a00000,0x00000000c4e3a680,0x00000000c7200000)
 Metaspace       used 14829K, capacity 15044K, committed 15104K, reserved 1062912K
  class space    used 1688K, capacity 1772K, committed 1792K, reserved 1048576K

Card table byte_map: [0x00007f3d59535000,0x00007f3d59711000] byte_map_base: 0x00007f3d58f10000

Marking Bits: (ParMarkBitMap*) 0x00007f3d5be3a220
 Begin Bits: [0x00007f3d43250000, 0x00007f3d44128000)
 End Bits:   [0x00007f3d44128000, 0x00007f3d45000000)

Polling page: 0x00007f3d5ca89000

CodeCache: size=245760Kb used=4233Kb max_used=4241Kb free=241526Kb
 bounds [0x00007f3d45000000, 0x00007f3d45430000, 0x00007f3d54000000]
 total_blobs=1589 nmethods=1028 adapters=477
 compilation: enabled

Compilation events (10 events):
Event: 20,817 Thread 0x00007f3d540b4000 1027       4       java.lang.Long::compareTo (9 bytes)
Event: 20,818 Thread 0x00007f3d540b4000 nmethod 1027 0x00007f3d45425c90 code [0x00007f3d45425de0, 0x00007f3d45425e98]
Event: 20,881 Thread 0x00007f3d540b4000 1028       4       sun.util.logging.PlatformLogger::isLoggable (38 bytes)
Event: 20,883 Thread 0x00007f3d540b4000 nmethod 1028 0x00007f3d45425f50 code [0x00007f3d454260c0, 0x00007f3d45426238]
Event: 21,329 Thread 0x00007f3d540b6800 1029       3       java.util.concurrent.locks.AbstractQueuedSynchronizer::shouldParkAfterFailedAcquire (50 bytes)
Event: 21,330 Thread 0x00007f3d540b6800 nmethod 1029 0x00007f3d454251d0 code [0x00007f3d45425360, 0x00007f3d45425690]
Event: 21,413 Thread 0x00007f3d540b6800 1030       3       java.util.LinkedHashMap$LinkedHashIterator::hasNext (13 bytes)
Event: 21,414 Thread 0x00007f3d540b6800 nmethod 1030 0x00007f3d45424e50 code [0x00007f3d45424fc0, 0x00007f3d45425170]
Event: 21,416 Thread 0x00007f3d540b6800 1031       1       java.lang.ref.Finalizer::access$400 (5 bytes)
Event: 21,416 Thread 0x00007f3d540b6800 nmethod 1031 0x00007f3d45424b90 code [0x00007f3d45424ce0, 0x00007f3d45424dd0]

GC Heap History (2 events):
Event: 1,560 GC heap before
{Heap before GC invocations=1 (full 0):
 PSYoungGen      total 17920K, used 15360K [0x00000000ec380000, 0x00000000ed780000, 0x0000000100000000)
  eden space 15360K, 100% used [0x00000000ec380000,0x00000000ed280000,0x00000000ed280000)
  from space 2560K, 0% used [0x00000000ed500000,0x00000000ed500000,0x00000000ed780000)
  to   space 2560K, 0% used [0x00000000ed280000,0x00000000ed280000,0x00000000ed500000)
 ParOldGen       total 40960K, used 0K [0x00000000c4a00000, 0x00000000c7200000, 0x00000000ec380000)
  object space 40960K, 0% used [0x00000000c4a00000,0x00000000c4a00000,0x00000000c7200000)
 Metaspace       used 12343K, capacity 12536K, committed 12800K, reserved 1060864K
  class space    used 1452K, capacity 1514K, committed 1536K, reserved 1048576K
Event: 1,604 GC heap after
Heap after GC invocations=1 (full 0):
 PSYoungGen      total 17920K, used 2555K [0x00000000ec380000, 0x00000000ee680000, 0x0000000100000000)
  eden space 15360K, 0% used [0x00000000ec380000,0x00000000ec380000,0x00000000ed280000)
  from space 2560K, 99% used [0x00000000ed280000,0x00000000ed4fed08,0x00000000ed500000)
  to   space 2560K, 0% used [0x00000000ee400000,0x00000000ee400000,0x00000000ee680000)
 ParOldGen       total 40960K, used 4329K [0x00000000c4a00000, 0x00000000c7200000, 0x00000000ec380000)
  object space 40960K, 10% used [0x00000000c4a00000,0x00000000c4e3a680,0x00000000c7200000)
 Metaspace       used 12343K, capacity 12536K, committed 12800K, reserved 1060864K
  class space    used 1452K, capacity 1514K, committed 1536K, reserved 1048576K
}

Deoptimization events (2 events):
Event: 1,288 Thread 0x00007f3d54009800 Uncommon trap: reason=unstable_if action=reinterpret pc=0x00007f3d45214214 method=java.lang.String.<init>([CII)V @ 18
Event: 1,877 Thread 0x00007f3d54009800 Uncommon trap: reason=unstable_if action=reinterpret pc=0x00007f3d45229928 method=java.lang.String.indexOf([CII[CIII)I @ 3

Internal exceptions (10 events):
Event: 20,225 Thread 0x00007f3d544a0800 Exception <a 'java/lang/InterruptedException': sleep interrupted> (0x00000000eca8f750) thrown at [/HUDSON3/workspace/8-2-build-linux-amd64/jdk8u111/7883/hotspot/src/share/vm/prims/jvm.cpp, line 3224]
Event: 20,248 Thread 0x00007f3d544a0800 Exception <a 'java/lang/InterruptedException': sleep interrupted> (0x00000000eca8fa00) thrown at [/HUDSON3/workspace/8-2-build-linux-amd64/jdk8u111/7883/hotspot/src/share/vm/prims/jvm.cpp, line 3224]
Event: 20,726 Thread 0x00007f3d544a0800 Exception <a 'java/lang/InterruptedException': sleep interrupted> (0x00000000eca8fcb0) thrown at [/HUDSON3/workspace/8-2-build-linux-amd64/jdk8u111/7883/hotspot/src/share/vm/prims/jvm.cpp, line 3224]
Event: 20,749 Thread 0x00007f3d544a0800 Exception <a 'java/lang/InterruptedException': sleep interrupted> (0x00000000eca8ff60) thrown at [/HUDSON3/workspace/8-2-build-linux-amd64/jdk8u111/7883/hotspot/src/share/vm/prims/jvm.cpp, line 3224]
Event: 21,226 Thread 0x00007f3d544a0800 Exception <a 'java/lang/InterruptedException': sleep interrupted> (0x00000000eca90210) thrown at [/HUDSON3/workspace/8-2-build-linux-amd64/jdk8u111/7883/hotspot/src/share/vm/prims/jvm.cpp, line 3224]
Event: 21,249 Thread 0x00007f3d544a0800 Exception <a 'java/lang/InterruptedException': sleep interrupted> (0x00000000eca904c0) thrown at [/HUDSON3/workspace/8-2-build-linux-amd64/jdk8u111/7883/hotspot/src/share/vm/prims/jvm.cpp, line 3224]
Event: 21,411 Thread 0x00007f3d040e5000 Exception <a 'java/io/FileNotFoundException'> (0x00000000ecdb63f0) thrown at [/HUDSON3/workspace/8-2-build-linux-amd64/jdk8u111/7883/hotspot/src/share/vm/prims/jni.cpp, line 709]
Event: 21,411 Thread 0x00007f3d040e5000 Exception <a 'java/io/FileNotFoundException'> (0x00000000ecdb6ed8) thrown at [/HUDSON3/workspace/8-2-build-linux-amd64/jdk8u111/7883/hotspot/src/share/vm/prims/jni.cpp, line 709]
Event: 21,411 Thread 0x00007f3d040e5000 Exception <a 'java/io/FileNotFoundException'> (0x00000000ecdb7d58) thrown at [/HUDSON3/workspace/8-2-build-linux-amd64/jdk8u111/7883/hotspot/src/share/vm/prims/jni.cpp, line 709]
Event: 21,411 Thread 0x00007f3d544a0800 Exception <a 'java/lang/InterruptedException': sleep interrupted> (0x00000000eca90718) thrown at [/HUDSON3/workspace/8-2-build-linux-amd64/jdk8u111/7883/hotspot/src/share/vm/prims/jvm.cpp, line 3224]

Events (10 events):
Event: 21,414 loading class java/lang/ref/Finalizer$3
Event: 21,414 loading class java/lang/ref/Finalizer$3 done
Event: 21,414 Thread 0x00007f3d14023000 Thread exited: 0x00007f3d14023000
Event: 21,414 Thread 0x00007f3d14023000 Thread added: 0x00007f3d14023000
Event: 21,414 Executing VM operation: RevokeBias
Event: 21,414 Executing VM operation: RevokeBias done
Event: 21,414 Executing VM operation: RevokeBias
Event: 21,415 Executing VM operation: RevokeBias done
Event: 21,415 Executing VM operation: RevokeBias
Event: 21,415 Executing VM operation: RevokeBias done


Dynamic libraries:
00400000-00401000 r-xp 00000000 08:06 1839400                            /usr/lib/jvm/java-8-oracle/bin/java
00600000-00601000 rw-p 00000000 08:06 1839400                            /usr/lib/jvm/java-8-oracle/bin/java
009bb000-00c6a000 rw-p 00000000 00:00 0                                  [heap]
c4a00000-c7200000 rw-p 00000000 00:00 0 
c7200000-ec380000 ---p 00000000 00:00 0 
ec380000-ee680000 rw-p 00000000 00:00 0 
ee680000-100000000 ---p 00000000 00:00 0 
100000000-1001c0000 rw-p 00000000 00:00 0 
1001c0000-140000000 ---p 00000000 00:00 0 
7f3d04000000-7f3d0434a000 rw-p 00000000 00:00 0 
7f3d0434a000-7f3d08000000 ---p 00000000 00:00 0 
7f3d0a0c5000-7f3d0a0c8000 ---p 00000000 00:00 0 
7f3d0a0c8000-7f3d0a1c6000 rw-p 00000000 00:00 0 
7f3d0a1c6000-7f3d0a25c000 rw-s 00000000 00:05 17956894                   /SYSV00000000 (deleted)
7f3d0a25c000-7f3d0a35c000 rw-p 00000000 00:00 0 
7f3d0a35c000-7f3d0a45f000 ---p 00000000 00:00 0 
7f3d0a45f000-7f3d0a55d000 rw-p 00000000 00:00 0 
7f3d0a55d000-7f3d0a560000 ---p 00000000 00:00 0 
7f3d0a560000-7f3d0a65e000 rw-p 00000000 00:00 0 
7f3d0a917000-7f3d0a91a000 ---p 00000000 00:00 0 
7f3d0a91a000-7f3d0aa18000 rw-p 00000000 00:00 0 
7f3d0aa18000-7f3d0aa1b000 ---p 00000000 00:00 0 
7f3d0aa1b000-7f3d0ab19000 rw-p 00000000 00:00 0 
7f3d0ab19000-7f3d0ab1c000 ---p 00000000 00:00 0 
7f3d0ab1c000-7f3d0ac1a000 rw-p 00000000 00:00 0 
7f3d0ac1a000-7f3d0ac1d000 ---p 00000000 00:00 0 
7f3d0ac1d000-7f3d0ad1b000 rw-p 00000000 00:00 0 
7f3d0ad1b000-7f3d0ad1e000 ---p 00000000 00:00 0 
7f3d0ad1e000-7f3d0b01c000 rw-p 00000000 00:00 0 
7f3d0b01c000-7f3d0b085000 r-xp 00000000 08:06 1839539                    /usr/lib/jvm/java-8-oracle/jre/lib/amd64/libt2k.so
7f3d0b085000-7f3d0b285000 ---p 00069000 08:06 1839539                    /usr/lib/jvm/java-8-oracle/jre/lib/amd64/libt2k.so
7f3d0b285000-7f3d0b28c000 rw-p 00069000 08:06 1839539                    /usr/lib/jvm/java-8-oracle/jre/lib/amd64/libt2k.so
7f3d0b28c000-7f3d0b29c000 rw-p 00000000 00:00 0 
7f3d0b29c000-7f3d0b2ad000 r-xp 00000000 08:06 1839507                    /usr/lib/jvm/java-8-oracle/jre/lib/amd64/libnio.so
7f3d0b2ad000-7f3d0b4ac000 ---p 00011000 08:06 1839507                    /usr/lib/jvm/java-8-oracle/jre/lib/amd64/libnio.so
7f3d0b4ac000-7f3d0b4ad000 rw-p 00010000 08:06 1839507                    /usr/lib/jvm/java-8-oracle/jre/lib/amd64/libnio.so
7f3d0b4ad000-7f3d0b4c4000 r-xp 00000000 08:06 1584375                    /lib/x86_64-linux-gnu/libresolv-2.23.so
7f3d0b4c4000-7f3d0b6c4000 ---p 00017000 08:06 1584375                    /lib/x86_64-linux-gnu/libresolv-2.23.so
7f3d0b6c4000-7f3d0b6c5000 r--p 00017000 08:06 1584375                    /lib/x86_64-linux-gnu/libresolv-2.23.so
7f3d0b6c5000-7f3d0b6c6000 rw-p 00018000 08:06 1584375                    /lib/x86_64-linux-gnu/libresolv-2.23.so
7f3d0b6c6000-7f3d0b6c8000 rw-p 00000000 00:00 0 
7f3d0b6c8000-7f3d0b6cd000 r-xp 00000000 08:06 1584382                    /lib/x86_64-linux-gnu/libnss_dns-2.23.so
7f3d0b6cd000-7f3d0b8cd000 ---p 00005000 08:06 1584382                    /lib/x86_64-linux-gnu/libnss_dns-2.23.so
7f3d0b8cd000-7f3d0b8ce000 r--p 00005000 08:06 1584382                    /lib/x86_64-linux-gnu/libnss_dns-2.23.so
7f3d0b8ce000-7f3d0b8cf000 rw-p 00006000 08:06 1584382                    /lib/x86_64-linux-gnu/libnss_dns-2.23.so
7f3d0b8de000-7f3d0b8e8000 r--s 00116000 08:06 1839562                    /usr/lib/jvm/java-8-oracle/jre/lib/ext/localedata.jar
7f3d0b8e8000-7f3d0bbe9000 rw-p 00000000 00:00 0 
7f3d0bbe9000-7f3d0bbff000 r-xp 00000000 08:06 1839482                    /usr/lib/jvm/java-8-oracle/jre/lib/amd64/libnet.so
7f3d0bbff000-7f3d0bdff000 ---p 00016000 08:06 1839482                    /usr/lib/jvm/java-8-oracle/jre/lib/amd64/libnet.so
7f3d0bdff000-7f3d0be00000 rw-p 00016000 08:06 1839482                    /usr/lib/jvm/java-8-oracle/jre/lib/amd64/libnet.so
7f3d0be00000-7f3d0c000000 rw-p 00000000 00:00 0 
7f3d0c000000-7f3d0c082000 rw-p 00000000 00:00 0 
7f3d0c082000-7f3d10000000 ---p 00000000 00:00 0 
7f3d10000000-7f3d10092000 rw-p 00000000 00:00 0 
7f3d10092000-7f3d14000000 ---p 00000000 00:00 0 
7f3d14000000-7f3d1402a000 rw-p 00000000 00:00 0 
7f3d1402a000-7f3d18000000 ---p 00000000 00:00 0 
7f3d18000000-7f3d18076000 rw-p 00000000 00:00 0 
7f3d18076000-7f3d1c000000 ---p 00000000 00:00 0 
7f3d1c000000-7f3d1c7e0000 rw-p 00000000 00:00 0 
7f3d1c7e0000-7f3d20000000 ---p 00000000 00:00 0 
7f3d20000000-7f3d20021000 rw-p 00000000 00:00 0 
7f3d20021000-7f3d24000000 ---p 00000000 00:00 0 
7f3d24000000-7f3d24021000 rw-p 00000000 00:00 0 
7f3d24021000-7f3d28000000 ---p 00000000 00:00 0 
7f3d28000000-7f3d28681000 rw-p 00000000 00:00 0 
7f3d28681000-7f3d2c000000 ---p 00000000 00:00 0 
7f3d2c000000-7f3d2c021000 rw-p 00000000 00:00 0 
7f3d2c021000-7f3d30000000 ---p 00000000 00:00 0 
7f3d30000000-7f3d30021000 rw-p 00000000 00:00 0 
7f3d30021000-7f3d34000000 ---p 00000000 00:00 0 
7f3d34000000-7f3d34021000 rw-p 00000000 00:00 0 
7f3d34021000-7f3d38000000 ---p 00000000 00:00 0 
7f3d38000000-7f3d38021000 rw-p 00000000 00:00 0 
7f3d38021000-7f3d3c000000 ---p 00000000 00:00 0 
7f3d3c000000-7f3d3c021000 rw-p 00000000 00:00 0 
7f3d3c021000-7f3d40000000 ---p 00000000 00:00 0 
7f3d40004000-7f3d40007000 ---p 00000000 00:00 0 
7f3d40007000-7f3d40105000 rw-p 00000000 00:00 0 
7f3d40105000-7f3d40108000 ---p 00000000 00:00 0 
7f3d40108000-7f3d40206000 rw-p 00000000 00:00 0 
7f3d40206000-7f3d40209000 ---p 00000000 00:00 0 
7f3d40209000-7f3d40307000 rw-p 00000000 00:00 0 
7f3d40307000-7f3d4030c000 r-xp 00000000 08:06 1836467                    /usr/lib/x86_64-linux-gnu/libXfixes.so.3.1.0
7f3d4030c000-7f3d4050b000 ---p 00005000 08:06 1836467                    /usr/lib/x86_64-linux-gnu/libXfixes.so.3.1.0
7f3d4050b000-7f3d4050c000 r--p 00004000 08:06 1836467                    /usr/lib/x86_64-linux-gnu/libXfixes.so.3.1.0
7f3d4050c000-7f3d4050d000 rw-p 00005000 08:06 1836467                    /usr/lib/x86_64-linux-gnu/libXfixes.so.3.1.0
7f3d4050d000-7f3d40516000 r-xp 00000000 08:06 1836459                    /usr/lib/x86_64-linux-gnu/libXcursor.so.1.0.2
7f3d40516000-7f3d40715000 ---p 00009000 08:06 1836459                    /usr/lib/x86_64-linux-gnu/libXcursor.so.1.0.2
7f3d40715000-7f3d40716000 r--p 00008000 08:06 1836459                    /usr/lib/x86_64-linux-gnu/libXcursor.so.1.0.2
7f3d40716000-7f3d40717000 rw-p 00009000 08:06 1836459                    /usr/lib/x86_64-linux-gnu/libXcursor.so.1.0.2
7f3d40717000-7f3d4071a000 ---p 00000000 00:00 0 
7f3d4071a000-7f3d40818000 rw-p 00000000 00:00 0 
7f3d40818000-7f3d4082e000 r-xp 00000000 08:06 1574880                    /lib/x86_64-linux-gnu/libgcc_s.so.1
7f3d4082e000-7f3d40a2d000 ---p 00016000 08:06 1574880                    /lib/x86_64-linux-gnu/libgcc_s.so.1
7f3d40a2d000-7f3d40a2e000 rw-p 00015000 08:06 1574880                    /lib/x86_64-linux-gnu/libgcc_s.so.1
7f3d40a2e000-7f3d40a93000 r-xp 00000000 08:06 1839501                    /usr/lib/jvm/java-8-oracle/jre/lib/amd64/libfontmanager.so
7f3d40a93000-7f3d40c92000 ---p 00065000 08:06 1839501                    /usr/lib/jvm/java-8-oracle/jre/lib/amd64/libfontmanager.so
7f3d40c92000-7f3d40c97000 rw-p 00064000 08:06 1839501                    /usr/lib/jvm/java-8-oracle/jre/lib/amd64/libfontmanager.so
7f3d40c97000-7f3d40ca7000 rw-p 00000000 00:00 0 
7f3d40ca7000-7f3d40cac000 r-xp 00000000 08:06 1836463                    /usr/lib/x86_64-linux-gnu/libXdmcp.so.6.0.0
7f3d40cac000-7f3d40eab000 ---p 00005000 08:06 1836463                    /usr/lib/x86_64-linux-gnu/libXdmcp.so.6.0.0
7f3d40eab000-7f3d40eac000 r--p 00004000 08:06 1836463                    /usr/lib/x86_64-linux-gnu/libXdmcp.so.6.0.0
7f3d40eac000-7f3d40ead000 rw-p 00005000 08:06 1836463                    /usr/lib/x86_64-linux-gnu/libXdmcp.so.6.0.0
7f3d40ead000-7f3d40eaf000 r-xp 00000000 08:06 1836452                    /usr/lib/x86_64-linux-gnu/libXau.so.6.0.0
7f3d40eaf000-7f3d410af000 ---p 00002000 08:06 1836452                    /usr/lib/x86_64-linux-gnu/libXau.so.6.0.0
7f3d410af000-7f3d410b0000 r--p 00002000 08:06 1836452                    /usr/lib/x86_64-linux-gnu/libXau.so.6.0.0
7f3d410b0000-7f3d410b1000 rw-p 00003000 08:06 1836452                    /usr/lib/x86_64-linux-gnu/libXau.so.6.0.0
7f3d410b1000-7f3d410d2000 r-xp 00000000 08:06 1837502                    /usr/lib/x86_64-linux-gnu/libxcb.so.1.1.0
7f3d410d2000-7f3d412d1000 ---p 00021000 08:06 1837502                    /usr/lib/x86_64-linux-gnu/libxcb.so.1.1.0
7f3d412d1000-7f3d412d2000 r--p 00020000 08:06 1837502                    /usr/lib/x86_64-linux-gnu/libxcb.so.1.1.0
7f3d412d2000-7f3d412d3000 rw-p 00021000 08:06 1837502                    /usr/lib/x86_64-linux-gnu/libxcb.so.1.1.0
7f3d412d3000-7f3d412e2000 r-xp 00000000 08:06 1836473                    /usr/lib/x86_64-linux-gnu/libXi.so.6.1.0
7f3d412e2000-7f3d414e1000 ---p 0000f000 08:06 1836473                    /usr/lib/x86_64-linux-gnu/libXi.so.6.1.0
7f3d414e1000-7f3d414e2000 r--p 0000e000 08:06 1836473                    /usr/lib/x86_64-linux-gnu/libXi.so.6.1.0
7f3d414e2000-7f3d414e3000 rw-p 0000f000 08:06 1836473                    /usr/lib/x86_64-linux-gnu/libXi.so.6.1.0
7f3d414e3000-7f3d414e8000 r-xp 00000000 08:06 1836491                    /usr/lib/x86_64-linux-gnu/libXtst.so.6.1.0
7f3d414e8000-7f3d416e7000 ---p 00005000 08:06 1836491                    /usr/lib/x86_64-linux-gnu/libXtst.so.6.1.0
7f3d416e7000-7f3d416e8000 r--p 00004000 08:06 1836491                    /usr/lib/x86_64-linux-gnu/libXtst.so.6.1.0
7f3d416e8000-7f3d416e9000 rw-p 00005000 08:06 1836491                    /usr/lib/x86_64-linux-gnu/libXtst.so.6.1.0
7f3d416e9000-7f3d416f2000 r-xp 00000000 08:06 1836485                    /usr/lib/x86_64-linux-gnu/libXrender.so.1.3.0
7f3d416f2000-7f3d418f1000 ---p 00009000 08:06 1836485                    /usr/lib/x86_64-linux-gnu/libXrender.so.1.3.0
7f3d418f1000-7f3d418f2000 r--p 00008000 08:06 1836485                    /usr/lib/x86_64-linux-gnu/libXrender.so.1.3.0
7f3d418f2000-7f3d418f3000 rw-p 00009000 08:06 1836485                    /usr/lib/x86_64-linux-gnu/libXrender.so.1.3.0
7f3d418f3000-7f3d41a28000 r-xp 00000000 08:06 1836448                    /usr/lib/x86_64-linux-gnu/libX11.so.6.3.0
7f3d41a28000-7f3d41c28000 ---p 00135000 08:06 1836448                    /usr/lib/x86_64-linux-gnu/libX11.so.6.3.0
7f3d41c28000-7f3d41c29000 r--p 00135000 08:06 1836448                    /usr/lib/x86_64-linux-gnu/libX11.so.6.3.0
7f3d41c29000-7f3d41c2d000 rw-p 00136000 08:06 1836448                    /usr/lib/x86_64-linux-gnu/libX11.so.6.3.0
7f3d41c2d000-7f3d41c3e000 r-xp 00000000 08:06 1836465                    /usr/lib/x86_64-linux-gnu/libXext.so.6.4.0
7f3d41c3e000-7f3d41e3d000 ---p 00011000 08:06 1836465                    /usr/lib/x86_64-linux-gnu/libXext.so.6.4.0
7f3d41e3d000-7f3d41e3e000 r--p 00010000 08:06 1836465                    /usr/lib/x86_64-linux-gnu/libXext.so.6.4.0
7f3d41e3e000-7f3d41e3f000 rw-p 00011000 08:06 1836465                    /usr/lib/x86_64-linux-gnu/libXext.so.6.4.0
7f3d41e3f000-7f3d41e93000 r-xp 00000000 08:06 1839509                    /usr/lib/jvm/java-8-oracle/jre/lib/amd64/libawt_xawt.so
7f3d41e93000-7f3d42093000 ---p 00054000 08:06 1839509                    /usr/lib/jvm/java-8-oracle/jre/lib/amd64/libawt_xawt.so
7f3d42093000-7f3d42097000 rw-p 00054000 08:06 1839509                    /usr/lib/jvm/java-8-oracle/jre/lib/amd64/libawt_xawt.so
7f3d42097000-7f3d42098000 rw-p 00000000 00:00 0 
7f3d42098000-7f3d4213a000 r-xp 00000000 08:06 1839542                    /usr/lib/jvm/java-8-oracle/jre/lib/amd64/libawt.so
7f3d4213a000-7f3d4233a000 ---p 000a2000 08:06 1839542                    /usr/lib/jvm/java-8-oracle/jre/lib/amd64/libawt.so
7f3d4233a000-7f3d42346000 rw-p 000a2000 08:06 1839542                    /usr/lib/jvm/java-8-oracle/jre/lib/amd64/libawt.so
7f3d42346000-7f3d4236a000 rw-p 00000000 00:00 0 
7f3d4236a000-7f3d4236b000 ---p 00000000 00:00 0 
7f3d4236b000-7f3d4246b000 rw-p 00000000 00:00 0 
7f3d4246b000-7f3d4246e000 ---p 00000000 00:00 0 
7f3d4246e000-7f3d4256c000 rw-p 00000000 00:00 0 
7f3d4256c000-7f3d4256f000 ---p 00000000 00:00 0 
7f3d4256f000-7f3d4266d000 rw-p 00000000 00:00 0 
7f3d4266d000-7f3d42670000 ---p 00000000 00:00 0 
7f3d42670000-7f3d4276e000 rw-p 00000000 00:00 0 
7f3d4276e000-7f3d42771000 ---p 00000000 00:00 0 
7f3d42771000-7f3d4286f000 rw-p 00000000 00:00 0 
7f3d4286f000-7f3d42b49000 r--p 00000000 08:06 1831582                    /usr/lib/locale/locale-archive
7f3d42b49000-7f3d42b4c000 ---p 00000000 00:00 0 
7f3d42b4c000-7f3d42c4a000 rw-p 00000000 00:00 0 
7f3d42c4a000-7f3d42c4d000 ---p 00000000 00:00 0 
7f3d42c4d000-7f3d42d4b000 rw-p 00000000 00:00 0 
7f3d42d4b000-7f3d42d4c000 ---p 00000000 00:00 0 
7f3d42d4c000-7f3d45000000 rw-p 00000000 00:00 0 
7f3d45000000-7f3d45430000 rwxp 00000000 00:00 0 
7f3d45430000-7f3d54000000 ---p 00000000 00:00 0 
7f3d54000000-7f3d546b9000 rw-p 00000000 00:00 0 
7f3d546b9000-7f3d58000000 ---p 00000000 00:00 0 
7f3d58007000-7f3d5801a000 r--s 00345000 08:06 1849281                    /usr/lib/jvm/java-8-oracle/jre/lib/resources.jar
7f3d5801a000-7f3d5803b000 r--p 00000000 08:06 2111345                    /usr/share/locale-langpack/pt_BR/LC_MESSAGES/libc.mo
7f3d5803b000-7f3d58058000 r--s 00653000 08:06 2376266                    /usr/lib/jvm/TotalCross3/dist/tc.jar
7f3d58058000-7f3d585cd000 rw-p 00000000 00:00 0 
7f3d585cd000-7f3d587a5000 r--s 03d2a000 08:06 1839474                    /usr/lib/jvm/java-8-oracle/jre/lib/rt.jar
7f3d587a5000-7f3d591f6000 rw-p 00000000 00:00 0 
7f3d591f6000-7f3d591f7000 ---p 00000000 00:00 0 
7f3d591f7000-7f3d592f7000 rw-p 00000000 00:00 0 
7f3d592f7000-7f3d592f8000 ---p 00000000 00:00 0 
7f3d592f8000-7f3d5940c000 rw-p 00000000 00:00 0 
7f3d5940c000-7f3d59535000 ---p 00000000 00:00 0 
7f3d59535000-7f3d59549000 rw-p 00000000 00:00 0 
7f3d59549000-7f3d59671000 ---p 00000000 00:00 0 
7f3d59671000-7f3d59684000 rw-p 00000000 00:00 0 
7f3d59684000-7f3d59710000 ---p 00000000 00:00 0 
7f3d59710000-7f3d59722000 rw-p 00000000 00:00 0 
7f3d59722000-7f3d59ad1000 ---p 00000000 00:00 0 
7f3d59ad1000-7f3d59aeb000 r-xp 00000000 08:06 1839505                    /usr/lib/jvm/java-8-oracle/jre/lib/amd64/libzip.so
7f3d59aeb000-7f3d59ceb000 ---p 0001a000 08:06 1839505                    /usr/lib/jvm/java-8-oracle/jre/lib/amd64/libzip.so
7f3d59ceb000-7f3d59cec000 rw-p 0001a000 08:06 1839505                    /usr/lib/jvm/java-8-oracle/jre/lib/amd64/libzip.so
7f3d59cec000-7f3d59cf7000 r-xp 00000000 08:06 1584364                    /lib/x86_64-linux-gnu/libnss_files-2.23.so
7f3d59cf7000-7f3d59ef6000 ---p 0000b000 08:06 1584364                    /lib/x86_64-linux-gnu/libnss_files-2.23.so
7f3d59ef6000-7f3d59ef7000 r--p 0000a000 08:06 1584364                    /lib/x86_64-linux-gnu/libnss_files-2.23.so
7f3d59ef7000-7f3d59ef8000 rw-p 0000b000 08:06 1584364                    /lib/x86_64-linux-gnu/libnss_files-2.23.so
7f3d59ef8000-7f3d59efe000 rw-p 00000000 00:00 0 
7f3d59efe000-7f3d59f09000 r-xp 00000000 08:06 1584361                    /lib/x86_64-linux-gnu/libnss_nis-2.23.so
7f3d59f09000-7f3d5a108000 ---p 0000b000 08:06 1584361                    /lib/x86_64-linux-gnu/libnss_nis-2.23.so
7f3d5a108000-7f3d5a109000 r--p 0000a000 08:06 1584361                    /lib/x86_64-linux-gnu/libnss_nis-2.23.so
7f3d5a109000-7f3d5a10a000 rw-p 0000b000 08:06 1584361                    /lib/x86_64-linux-gnu/libnss_nis-2.23.so
7f3d5a10a000-7f3d5a120000 r-xp 00000000 08:06 1584358                    /lib/x86_64-linux-gnu/libnsl-2.23.so
7f3d5a120000-7f3d5a31f000 ---p 00016000 08:06 1584358                    /lib/x86_64-linux-gnu/libnsl-2.23.so
7f3d5a31f000-7f3d5a320000 r--p 00015000 08:06 1584358                    /lib/x86_64-linux-gnu/libnsl-2.23.so
7f3d5a320000-7f3d5a321000 rw-p 00016000 08:06 1584358                    /lib/x86_64-linux-gnu/libnsl-2.23.so
7f3d5a321000-7f3d5a323000 rw-p 00000000 00:00 0 
7f3d5a323000-7f3d5a32b000 r-xp 00000000 08:06 1584254                    /lib/x86_64-linux-gnu/libnss_compat-2.23.so
7f3d5a32b000-7f3d5a52a000 ---p 00008000 08:06 1584254                    /lib/x86_64-linux-gnu/libnss_compat-2.23.so
7f3d5a52a000-7f3d5a52b000 r--p 00007000 08:06 1584254                    /lib/x86_64-linux-gnu/libnss_compat-2.23.so
7f3d5a52b000-7f3d5a52c000 rw-p 00008000 08:06 1584254                    /lib/x86_64-linux-gnu/libnss_compat-2.23.so
7f3d5a52c000-7f3d5a557000 r-xp 00000000 08:06 1839532                    /usr/lib/jvm/java-8-oracle/jre/lib/amd64/libjava.so
7f3d5a557000-7f3d5a756000 ---p 0002b000 08:06 1839532                    /usr/lib/jvm/java-8-oracle/jre/lib/amd64/libjava.so
7f3d5a756000-7f3d5a758000 rw-p 0002a000 08:06 1839532                    /usr/lib/jvm/java-8-oracle/jre/lib/amd64/libjava.so
7f3d5a758000-7f3d5a765000 r-xp 00000000 08:06 1839483                    /usr/lib/jvm/java-8-oracle/jre/lib/amd64/libverify.so
7f3d5a765000-7f3d5a964000 ---p 0000d000 08:06 1839483                    /usr/lib/jvm/java-8-oracle/jre/lib/amd64/libverify.so
7f3d5a964000-7f3d5a966000 rw-p 0000c000 08:06 1839483                    /usr/lib/jvm/java-8-oracle/jre/lib/amd64/libverify.so
7f3d5a966000-7f3d5a96d000 r-xp 00000000 08:06 1584379                    /lib/x86_64-linux-gnu/librt-2.23.so
7f3d5a96d000-7f3d5ab6c000 ---p 00007000 08:06 1584379                    /lib/x86_64-linux-gnu/librt-2.23.so
7f3d5ab6c000-7f3d5ab6d000 r--p 00006000 08:06 1584379                    /lib/x86_64-linux-gnu/librt-2.23.so
7f3d5ab6d000-7f3d5ab6e000 rw-p 00007000 08:06 1584379                    /lib/x86_64-linux-gnu/librt-2.23.so
7f3d5ab6e000-7f3d5ac76000 r-xp 00000000 08:06 1584376                    /lib/x86_64-linux-gnu/libm-2.23.so
7f3d5ac76000-7f3d5ae75000 ---p 00108000 08:06 1584376                    /lib/x86_64-linux-gnu/libm-2.23.so
7f3d5ae75000-7f3d5ae76000 r--p 00107000 08:06 1584376                    /lib/x86_64-linux-gnu/libm-2.23.so
7f3d5ae76000-7f3d5ae77000 rw-p 00108000 08:06 1584376                    /lib/x86_64-linux-gnu/libm-2.23.so
7f3d5ae77000-7f3d5bb44000 r-xp 00000000 08:06 1839536                    /usr/lib/jvm/java-8-oracle/jre/lib/amd64/server/libjvm.so
7f3d5bb44000-7f3d5bd43000 ---p 00ccd000 08:06 1839536                    /usr/lib/jvm/java-8-oracle/jre/lib/amd64/server/libjvm.so
7f3d5bd43000-7f3d5be1c000 rw-p 00ccc000 08:06 1839536                    /usr/lib/jvm/java-8-oracle/jre/lib/amd64/server/libjvm.so
7f3d5be1c000-7f3d5be67000 rw-p 00000000 00:00 0 
7f3d5be67000-7f3d5c026000 r-xp 00000000 08:06 1584384                    /lib/x86_64-linux-gnu/libc-2.23.so
7f3d5c026000-7f3d5c226000 ---p 001bf000 08:06 1584384                    /lib/x86_64-linux-gnu/libc-2.23.so
7f3d5c226000-7f3d5c22a000 r--p 001bf000 08:06 1584384                    /lib/x86_64-linux-gnu/libc-2.23.so
7f3d5c22a000-7f3d5c22c000 rw-p 001c3000 08:06 1584384                    /lib/x86_64-linux-gnu/libc-2.23.so
7f3d5c22c000-7f3d5c230000 rw-p 00000000 00:00 0 
7f3d5c230000-7f3d5c233000 r-xp 00000000 08:06 1584385                    /lib/x86_64-linux-gnu/libdl-2.23.so
7f3d5c233000-7f3d5c432000 ---p 00003000 08:06 1584385                    /lib/x86_64-linux-gnu/libdl-2.23.so
7f3d5c432000-7f3d5c433000 r--p 00002000 08:06 1584385                    /lib/x86_64-linux-gnu/libdl-2.23.so
7f3d5c433000-7f3d5c434000 rw-p 00003000 08:06 1584385                    /lib/x86_64-linux-gnu/libdl-2.23.so
7f3d5c434000-7f3d5c449000 r-xp 00000000 08:06 1838510                    /usr/lib/jvm/java-8-oracle/lib/amd64/jli/libjli.so
7f3d5c449000-7f3d5c649000 ---p 00015000 08:06 1838510                    /usr/lib/jvm/java-8-oracle/lib/amd64/jli/libjli.so
7f3d5c649000-7f3d5c64a000 rw-p 00015000 08:06 1838510                    /usr/lib/jvm/java-8-oracle/lib/amd64/jli/libjli.so
7f3d5c64a000-7f3d5c662000 r-xp 00000000 08:06 1584383                    /lib/x86_64-linux-gnu/libpthread-2.23.so
7f3d5c662000-7f3d5c861000 ---p 00018000 08:06 1584383                    /lib/x86_64-linux-gnu/libpthread-2.23.so
7f3d5c861000-7f3d5c862000 r--p 00017000 08:06 1584383                    /lib/x86_64-linux-gnu/libpthread-2.23.so
7f3d5c862000-7f3d5c863000 rw-p 00018000 08:06 1584383                    /lib/x86_64-linux-gnu/libpthread-2.23.so
7f3d5c863000-7f3d5c867000 rw-p 00000000 00:00 0 
7f3d5c867000-7f3d5c88d000 r-xp 00000000 08:06 1584380                    /lib/x86_64-linux-gnu/ld-2.23.so
7f3d5c890000-7f3d5c894000 r--s 00097000 08:06 1839426                    /usr/lib/jvm/java-8-oracle/jre/lib/jsse.jar
7f3d5c894000-7f3d5c96c000 rw-p 00000000 00:00 0 
7f3d5c96c000-7f3d5c96f000 ---p 00000000 00:00 0 
7f3d5c96f000-7f3d5ca71000 rw-p 00000000 00:00 0 
7f3d5ca71000-7f3d5ca74000 r--s 0001a000 08:06 1849311                    /usr/lib/jvm/java-8-oracle/jre/lib/jce.jar
7f3d5ca74000-7f3d5ca7b000 r--s 00000000 08:06 1982217                    /usr/lib/x86_64-linux-gnu/gconv/gconv-modules.cache
7f3d5ca7b000-7f3d5ca80000 r--s 002f9000 08:06 1839427                    /usr/lib/jvm/java-8-oracle/jre/lib/charsets.jar
7f3d5ca80000-7f3d5ca88000 rw-s 00000000 08:06 1574530                    /tmp/hsperfdata_root/18069
7f3d5ca88000-7f3d5ca89000 rw-p 00000000 00:00 0 
7f3d5ca89000-7f3d5ca8a000 r--p 00000000 00:00 0 
7f3d5ca8a000-7f3d5ca8c000 rw-p 00000000 00:00 0 
7f3d5ca8c000-7f3d5ca8d000 r--p 00025000 08:06 1584380                    /lib/x86_64-linux-gnu/ld-2.23.so
7f3d5ca8d000-7f3d5ca8e000 rw-p 00026000 08:06 1584380                    /lib/x86_64-linux-gnu/ld-2.23.so
7f3d5ca8e000-7f3d5ca8f000 rw-p 00000000 00:00 0 
7ffe45550000-7ffe45571000 rw-p 00000000 00:00 0                          [stack]
7ffe455ee000-7ffe455f0000 r--p 00000000 00:00 0                          [vvar]
7ffe455f0000-7ffe455f2000 r-xp 00000000 00:00 0                          [vdso]
ffffffffff600000-ffffffffff601000 r-xp 00000000 00:00 0                  [vsyscall]

VM Arguments:
jvm_args: -Dfile.encoding=UTF-8 
java_command: totalcross.Launcher /scr android /r 54435354004303E26A1D9E0F com.softsite.tccrud.view.Main
java_class_path (initial): /root/workspace/TCCRUDRenanAdam/bin:/usr/lib/jvm/TotalCross3/dist/tc.jar
Launcher Type: SUN_STANDARD

Environment Variables:
JAVA_HOME=/usr/lib/jvm/java-8-oracle
PATH=/usr/local/sbin:/usr/local/bin:/usr/sbin:/usr/bin:/sbin:/bin:/snap/bin
USERNAME=root
SHELL=/bin/bash
DISPLAY=:0.0

Signal Handlers:
SIGSEGV: [libjvm.so+0xac64b0], sa_mask[0]=11111111011111111101111111111110, sa_flags=SA_RESTART|SA_SIGINFO
SIGBUS: [libjvm.so+0xac64b0], sa_mask[0]=11111111011111111101111111111110, sa_flags=SA_RESTART|SA_SIGINFO
SIGFPE: [libjvm.so+0x91f950], sa_mask[0]=11111111011111111101111111111110, sa_flags=SA_RESTART|SA_SIGINFO
SIGPIPE: [libjvm.so+0x91f950], sa_mask[0]=11111111011111111101111111111110, sa_flags=SA_RESTART|SA_SIGINFO
SIGXFSZ: [libjvm.so+0x91f950], sa_mask[0]=11111111011111111101111111111110, sa_flags=SA_RESTART|SA_SIGINFO
SIGILL: [libjvm.so+0x91f950], sa_mask[0]=11111111011111111101111111111110, sa_flags=SA_RESTART|SA_SIGINFO
SIGUSR1: SIG_DFL, sa_mask[0]=00000000000000000000000000000000, sa_flags=none
SIGUSR2: [libjvm.so+0x920f80], sa_mask[0]=00100000000000000000000000000000, sa_flags=SA_RESTART|SA_SIGINFO
SIGHUP: [libjvm.so+0x922380], sa_mask[0]=11111111011111111101111111111110, sa_flags=SA_RESTART|SA_SIGINFO
SIGINT: [libjvm.so+0x922380], sa_mask[0]=11111111011111111101111111111110, sa_flags=SA_RESTART|SA_SIGINFO
SIGTERM: [libjvm.so+0x922380], sa_mask[0]=11111111011111111101111111111110, sa_flags=SA_RESTART|SA_SIGINFO
SIGQUIT: [libjvm.so+0x922380], sa_mask[0]=11111111011111111101111111111110, sa_flags=SA_RESTART|SA_SIGINFO


---------------  S Y S T E M  ---------------

OS:DISTRIB_ID=Ubuntu
DISTRIB_RELEASE=16.04
DISTRIB_CODENAME=xenial
DISTRIB_DESCRIPTION="Ubuntu 16.04.1 LTS"

uname:Linux 4.4.0-47-generic #68-Ubuntu SMP Wed Oct 26 19:39:52 UTC 2016 x86_64
libc:glibc 2.23 NPTL 2.23 
rlimit: STACK 8192k, CORE 0k, NPROC 15014, NOFILE 65536, AS infinity
load average:0,87 0,77 0,62

/proc/meminfo:
MemTotal:        3884020 kB
MemFree:          184596 kB
MemAvailable:     709740 kB
Buffers:           58848 kB
Cached:           776440 kB
SwapCached:        38504 kB
Active:          2349612 kB
Inactive:        1205008 kB
Active(anon):    1924632 kB
Inactive(anon):   927000 kB
Active(file):     424980 kB
Inactive(file):   278008 kB
Unevictable:          32 kB
Mlocked:              32 kB
SwapTotal:       1429500 kB
SwapFree:        1288960 kB
Dirty:               140 kB
Writeback:             0 kB
AnonPages:       2682308 kB
Mapped:           312844 kB
Shmem:            132336 kB
Slab:              79164 kB
SReclaimable:      53548 kB
SUnreclaim:        25616 kB
KernelStack:        7888 kB
PageTables:        28384 kB
NFS_Unstable:          0 kB
Bounce:                0 kB
WritebackTmp:          0 kB
CommitLimit:     3371508 kB
Committed_AS:    5192808 kB
VmallocTotal:   34359738367 kB
VmallocUsed:           0 kB
VmallocChunk:          0 kB
HardwareCorrupted:     0 kB
AnonHugePages:   1767424 kB
CmaTotal:              0 kB
CmaFree:               0 kB
HugePages_Total:       0
HugePages_Free:        0
HugePages_Rsvd:        0
HugePages_Surp:        0
Hugepagesize:       2048 kB
DirectMap4k:       93612 kB
DirectMap2M:     3936256 kB


CPU:total 2 (2 cores per cpu, 1 threads per core) family 6 model 23 stepping 10, cmov, cx8, fxsr, mmx, sse, sse2, sse3, ssse3, sse4.1, tsc

/proc/cpuinfo:
processor	: 0
vendor_id	: GenuineIntel
cpu family	: 6
model		: 23
model name	: Intel(R) Core(TM)2 Duo CPU     T6600  @ 2.20GHz
stepping	: 10
microcode	: 0xa07
cpu MHz		: 1600.000
cache size	: 2048 KB
physical id	: 0
siblings	: 2
core id		: 0
cpu cores	: 2
apicid		: 0
initial apicid	: 0
fpu		: yes
fpu_exception	: yes
cpuid level	: 13
wp		: yes
flags		: fpu vme de pse tsc msr pae mce cx8 apic sep mtrr pge mca cmov pat pse36 clflush dts acpi mmx fxsr sse sse2 ss ht tm pbe syscall nx lm constant_tsc arch_perfmon pebs bts rep_good nopl aperfmperf pni dtes64 monitor ds_cpl est tm2 ssse3 cx16 xtpr pdcm sse4_1 xsave lahf_lm dtherm
bugs		:
bogomips	: 4385.98
clflush size	: 64
cache_alignment	: 64
address sizes	: 36 bits physical, 48 bits virtual
power management:

processor	: 1
vendor_id	: GenuineIntel
cpu family	: 6
model		: 23
model name	: Intel(R) Core(TM)2 Duo CPU     T6600  @ 2.20GHz
stepping	: 10
microcode	: 0xa07
cpu MHz		: 1600.000
cache size	: 2048 KB
physical id	: 0
siblings	: 2
core id		: 1
cpu cores	: 2
apicid		: 1
initial apicid	: 1
fpu		: yes
fpu_exception	: yes
cpuid level	: 13
wp		: yes
flags		: fpu vme de pse tsc msr pae mce cx8 apic sep mtrr pge mca cmov pat pse36 clflush dts acpi mmx fxsr sse sse2 ss ht tm pbe syscall nx lm constant_tsc arch_perfmon pebs bts rep_good nopl aperfmperf pni dtes64 monitor ds_cpl est tm2 ssse3 cx16 xtpr pdcm sse4_1 xsave lahf_lm dtherm
bugs		:
bogomips	: 4385.98
clflush size	: 64
cache_alignment	: 64
address sizes	: 36 bits physical, 48 bits virtual
power management:



Memory: 4k page, physical 3884020k(184596k free), swap 1429500k(1288960k free)

vm_info: Java HotSpot(TM) 64-Bit Server VM (25.111-b14) for linux-amd64 JRE (1.8.0_111-b14), built on Sep 22 2016 16:14:03 by "java_re" with gcc 4.3.0 20080428 (Red Hat 4.3.0-8)

time: Mon Nov 28 05:32:10 2016
elapsed time: 21 seconds (0d 0h 0m 21s)

